<?xml version="1.0" encoding="UTF-8"?><TestSessionContainer xmlns="http://www.codecover.org/xml/testsession-container" Date="1687623771740" TestSessionContainerId="29ee5515-6326-41b5-a1ce-59c7e6fab807" version="1.0">
<SrcFileList>
<SrcFile Content="&#13;&#10;public class SecretCode {&#13;&#10;&#9;private /*@spec_public@*/ String code[] = new String[5];&#13;&#10;&#9;private /*@spec_public@*/ int points;&#13;&#10;&#9;private /*@spec_public@*/ int turn;&#13;&#10;&#9;private /*@spec_public@*/ boolean previous[]; &#13;&#10;&#9;private /*@spec_public@*/ int results[] = new int[5]; //-1 miss, 0 close, 1 hit &#13;&#10;&#9;public boolean EndGame = false;&#13;&#10;&#9;&#13;&#10;&#9;//i turni devono essere compresi tra 0 e 10&#13;&#10;&#9;//@ public invariant turn &gt;=0 &amp;&amp; turn &lt;=10;&#13;&#10;&#9;&#13;&#10;&#9;//ogni pezzo di codice è composto da una e una sola lettera&#13;&#10;&#9;//@ public invariant (\forall int x; x&lt;5 &amp;&amp; x&gt;=0; (code[x].length())== 1); &#13;&#10;&#9;&#13;&#10;&#9;&#13;&#10;&#9;&#13;&#10;&#9;//il codice non può essere vuoto&#13;&#10;&#9;//@ requires c!=null;&#13;&#10;&#9;// il codice deve essere lungo 5&#13;&#10;&#9;//@ requires c.length == 5;&#13;&#10;&#9;// inizialmente i controlli sono settati a falso&#13;&#10;&#9;//@ ensures (\forall int x; x&lt;5 &amp;&amp; x&gt;=0; previous[x]==false);&#13;&#10;&#9;//il codice segreto viene impostato uguale all'input&#13;&#10;&#9;//@ ensures code == c;&#13;&#10;&#9;public SecretCode(String c[]) {&#13;&#10;&#9;&#9;previous = new boolean[]{false,false,false,false,false};&#13;&#10;&#9;&#9;code = c;&#13;&#10;&#9;&#9;points = 0;&#13;&#10;&#9;&#9;turn = 1;&#13;&#10;&#9;}&#13;&#10;&#9;&#13;&#10;&#9;&#13;&#10;&#9;// la lunghezza del tentativo deve essere 5&#13;&#10;&#9;//@ requires c.length == 5;&#13;&#10;&#9;// ogni parte di codice non deve essere nulla e lunga 1&#13;&#10;&#9;//@ requires (\forall int x; x&lt;5 &amp;&amp; x&gt;=0; (c[x].length())== 1 &amp;&amp; c[x]!=null);&#13;&#10;&#9;// se al turno precedente ho indovinato un pezzo, devo mantenere quel risultato&#13;&#10;&#9;//@ requires isCodeValid(c);&#13;&#10;&#9;// se ho indovinato il codice, ritorna vero, altrimenti, ritorna falso&#13;&#10;&#9;//@ ensures (code==c) &lt;==&gt; \result;&#13;&#10;&#9;//@ ensures (code!=c) &lt;==&gt; !\result;&#13;&#10;&#9;// se il turno è maggiore o uguale a 10 torna falso, ma se è falso non vuol dire che il turno sia &gt;=10&#13;&#10;&#9;//@ ensures (turn&gt;=10) ==&gt; !\result;&#13;&#10;&#9;// i punti vengono assegnati correttamente&#13;&#10;&#9;//@ ensures (turn&lt;10 &amp;&amp; isCodeValid(c)) ==&gt; (points == \old(points) + guessPoints(c));&#13;&#10;&#9;//@ diverges true;&#13;&#10;&#9;public boolean guessCode(String c[]) {&#13;&#10;&#9;&#9;&#13;&#10;&#9;&#9;boolean end = false;&#13;&#10;&#9;&#9;if(turn &lt; 10 &amp;&amp; isCodeValid(c)) {&#13;&#10;&#9;&#9;&#9;&#13;&#10;&#9;&#9;&#9;//@ loop_invariant code[i]!=null;&#13;&#10;&#9;&#9;&#9;for(int i=0; i&lt; code.length ;i++) {&#13;&#10;&#9;&#9;&#9;&#9;if(code[i].equals(c[i])==false) {&#13;&#10;&#9;&#9;&#9;&#9;&#9;end = false;&#13;&#10;&#9;&#9;&#9;&#9;&#9;break;&#13;&#10;&#9;&#9;&#9;&#9;}else {&#13;&#10;&#9;&#9;&#9;&#9;&#9;end= true;&#13;&#10;&#9;&#9;&#9;&#9;&#9;EndGame = true;&#13;&#10;&#9;&#9;&#9;&#9;}&#9;&#13;&#10;&#9;&#9;&#9;}&#13;&#10;&#9;&#9;&#9;points += guessPoints(c);&#13;&#10;&#9;&#9;&#9;turn++;&#13;&#10;&#9;&#9;&#9;//@ assert turn &lt;= 10;&#13;&#10;&#9;&#9;}&#13;&#10;&#9;&#9;return end;&#13;&#10;&#9;&#9;&#13;&#10;&#9;}&#13;&#10;&#9;&#13;&#10;&#9;// la lunghezza del tentativo deve essere 5&#13;&#10;&#9;//@ requires c.length == 5;&#13;&#10;&#9;// ogni parte di codice non deve essere nulla e lunga 1&#13;&#10;&#9;//@ requires (\forall int x; x&lt;5 &amp;&amp; x&gt;=0; (c[x].length())== 1 &amp;&amp; c[x]!=null);&#13;&#10;&#9;// controllo che il risultato rispecchi la regola di correttezza&#13;&#10;&#9;//@ ensures \result &lt;==&gt; (\forall int x; x&lt;5 &amp;&amp; x&gt;=0; code[x].equals(c[x]) || !previous[x]);&#13;&#10;&#9;//@ ensures !\result &lt;==&gt; (\exists int x; x&lt;5 &amp;&amp; x&gt;=0; !(code[x].equals(c[x])) || previous[x]);&#13;&#10;&#9;//@ diverges true;&#13;&#10;&#9;private /*@ pure spec_public @*/boolean isCodeValid(String c[]) {&#13;&#10;&#9;&#9;&#13;&#10;&#9;&#9;boolean flag = false;&#13;&#10;&#9;&#9;&#13;&#10;&#9;&#9;//@ loop_invariant code[i]!=null;&#13;&#10;&#9;&#9;for(int i=0; i&lt; code.length ;i++) {&#13;&#10;&#9;&#9;&#9;if(code[i].equals(c[i])==false &amp;&amp; previous[i]==true) {&#13;&#10;&#9;&#9;&#9;&#9;flag = false;&#13;&#10;&#9;&#9;&#9;&#9;break;&#13;&#10;&#9;&#9;&#9;}else {&#13;&#10;&#9;&#9;&#9;&#9;flag= true;&#13;&#10;&#9;&#9;&#9;}&#9;&#13;&#10;&#9;&#9;}&#9;&#9;&#13;&#10;&#9;&#9;&#13;&#10;&#9;&#9;return flag;&#13;&#10;&#9;}&#13;&#10;&#9;&#13;&#10;&#9;// la lunghezza del tentativo deve essere 5&#13;&#10;&#9;//@ requires c.length == 5;&#13;&#10;&#9;// ogni parte di codice non deve essere nulla e lunga 1&#13;&#10;&#9;//@ requires (\forall int x; x&lt;5 &amp;&amp; x&gt;=0; (c[x].length())== 1 &amp;&amp; c[x]!=null);&#13;&#10;&#9;// se ho fatto tutto giusto, devo aver guadagnato 10*turn punti&#13;&#10;&#9;//@ ensures  (\forall int x; x&lt;5 &amp;&amp; x&gt;=0; code[x].equals(c[x])) &lt;==&gt; \result==10*turn;&#13;&#10;&#9;// se ho fatto qualcosa di sbagliato, devo aver guadagnato meno di 10*turn punti&#13;&#10;&#9;//@ ensures  (\exists int x; x&lt;5 &amp;&amp; x&gt;=0; !(code[x].equals(c[x]))) &lt;==&gt; \result&lt;=10*turn;&#13;&#10;&#9;//@ diverges true;&#13;&#10;&#9;private /*@ pure spec_public @*/ int guessPoints(String c[]) {&#13;&#10;&#9;&#9;&#13;&#10;&#9;&#9;int p = 0;&#13;&#10;&#9;&#9;&#13;&#10;&#9;&#9;//@ loop_invariant code[i]!=null;&#13;&#10;&#9;&#9;for(int i=0; i&lt; code.length ;i++) {&#13;&#10;&#9;&#9;&#9;if(code[i].equals(c[i])) {&#13;&#10;&#9;&#9;&#9;&#9;previous[i] = true;&#13;&#10;&#9;&#9;&#9;&#9;p += 2*turn;&#13;&#10;&#9;&#9;&#9;&#9;results[i] = 1;&#13;&#10;&#9;&#9;&#9;}else if( isLetterinCode(c[i])){&#13;&#10;&#9;&#9;&#9;&#9;previous[i] = false;&#13;&#10;&#9;&#9;&#9;&#9;p += 1*turn;&#13;&#10;&#9;&#9;&#9;&#9;results[i] = 0;&#13;&#10;&#9;&#9;&#9;}else {&#13;&#10;&#9;&#9;&#9;&#9;previous[i] = false;&#13;&#10;&#9;&#9;&#9;&#9;p -= 2*turn;&#13;&#10;&#9;&#9;&#9;&#9;results[i] = -1;&#13;&#10;&#9;&#9;&#9;}&#13;&#10;&#9;&#9;}&#13;&#10;&#9;&#9;return p;&#13;&#10;&#9;}&#13;&#10;&#9;&#13;&#10;&#9;//puoi prendere solo una lettera come input&#13;&#10;&#9;//@ requires l!=null &amp;&amp; l.length() == 1 ;&#13;&#10;&#9;// se esiste una pezzo di codice uguale alla lettera, ritorna vero&#13;&#10;&#9;//@ ensures  (\exists int x; x&lt;5 &amp;&amp; x&gt;=0; code[x].equals(l)) &lt;==&gt; \result;&#13;&#10;&#9;// se non esiste una pezzo di codice uguale alla lettera, ritorna falso&#13;&#10;&#9;//@ ensures  (\forall int x; x&lt;5 &amp;&amp; x&gt;=0; !(code[x].equals(l))) &lt;==&gt; !\result;&#13;&#10;&#9;//@ diverges true;&#13;&#10;&#9;private boolean isLetterinCode(String l) {&#13;&#10;&#9;&#9;&#13;&#10;&#9;&#9;boolean flag = false;&#13;&#10;&#9;&#9;&#13;&#10;&#9;&#9;//@ loop_invariant code[i]!=null;&#13;&#10;&#9;&#9;for(int i=0; i&lt; code.length ;i++) {&#13;&#10;&#9;&#9;&#9;if(code[i]==l) {&#13;&#10;&#9;&#9;&#9;&#9;flag = true;&#13;&#10;&#9;&#9;&#9;&#9;break;&#13;&#10;&#9;&#9;&#9;}else {&#13;&#10;&#9;&#9;&#9;&#9;flag= false;&#13;&#10;&#9;&#9;&#9;}&#9;&#13;&#10;&#9;&#9;}&#13;&#10;&#9;&#9;return flag;&#13;&#10;&#9;}&#13;&#10;&#9;&#13;&#10;&#9;//@ requires true;&#13;&#10;&#9;//@ ensures  \result == points ;&#13;&#10;&#9;public int getPoints() {&#13;&#10;&#9;&#9;return points;&#13;&#10;&#9;}&#13;&#10;&#9;&#13;&#10;&#9;// non lo posso lanciare prima del primo turno perchè non avrei nessuna risposta&#13;&#10;&#9;//@ requires turn&gt;=2;&#13;&#10;&#9;//@ ensures \result.length == 5;&#13;&#10;&#9;public String[] getResults() {&#13;&#10;&#9;&#9;String[] s = new String[5];&#13;&#10;&#9;&#9;// @ loop_writes i, a[*];&#13;&#10;&#9;&#9;for(int i=0;i&lt;5;i++) {&#13;&#10;&#9;&#9;&#9;if(results[i]==1) s[i]=&quot;Hit&quot;;&#13;&#10;&#9;&#9;&#9;else if(results[i]==0) s[i]=&quot;Close&quot;;&#13;&#10;&#9;&#9;&#9;else s[i]=&quot;Miss&quot;;&#13;&#10;&#9;&#9;}&#13;&#10;&#9;&#9;return s;&#13;&#10;&#9;}&#13;&#10;&#9;&#13;&#10;}&#13;&#10;" Filename="SecretCode.java" Intrnl_Id="1"/>
</SrcFileList>
<CritList>
<CritListEntry Name="org.codecover.model.utils.criteria.ConditionCoverage" PluginName="org.codecover"/>
<CritListEntry Name="org.codecover.model.utils.criteria.BranchCoverage" PluginName="org.codecover"/>
<CritListEntry Name="org.codecover.model.utils.criteria.StatementCoverage" PluginName="org.codecover"/>
</CritList>
<BoolOpList>
<BoolOp Arity="2" Intrnl_Id="2" Name="conditional and (&amp;&amp;)">
<BoolAssgnmntBoolMapList>
<MapEntry BoolAssgnmnt="02" Value="false"/>
<MapEntry BoolAssgnmnt="10" Value="false"/>
<MapEntry BoolAssgnmnt="11" Value="true"/>
</BoolAssgnmntBoolMapList>
</BoolOp>
</BoolOpList>
<HierarchyLvlTypeList>
<HierarchyLvlType EnglishName="method" IntrnlName="method" Intrnl_Id="3"/>
<HierarchyLvlType EnglishName="class" IntrnlName="class" Intrnl_Id="4"/>
<HierarchyLvlType EnglishName="default package" IntrnlName="default package" Intrnl_Id="5"/>
</HierarchyLvlTypeList>
<MASTRoot>
<HierarchyLvl HierarchyLvlId="621" HierarchyLvlTypeId="5" Intrnl_Id="6" Name="default package">
<Header/>
<LocList/>
<HierarchyLvl HierarchyLvlId="620" HierarchyLvlTypeId="4" Intrnl_Id="7" Name="SecretCode">
<Header>
<Loc EndOffset="25" SrcFileId="1" StartOffset="2"/>
</Header>
<LocList>
<Loc EndOffset="5285" SrcFileId="1" StartOffset="2"/>
</LocList>
<StmntSeq Intrnl_Id="8">
<LocList>
<Loc EndOffset="86" SrcFileId="1" StartOffset="30"/>
<Loc EndOffset="269" SrcFileId="1" StartOffset="216"/>
<Loc EndOffset="330" SrcFileId="1" StartOffset="299"/>
</LocList>
<BasicStmnt CovItemId="S1" CovItemPrefix="SecretCode.java" Intrnl_Id="9">
<LocList>
<Loc EndOffset="86" SrcFileId="1" StartOffset="30"/>
</LocList>
</BasicStmnt>
<BasicStmnt CovItemId="S2" CovItemPrefix="SecretCode.java" Intrnl_Id="10">
<LocList>
<Loc EndOffset="269" SrcFileId="1" StartOffset="216"/>
</LocList>
</BasicStmnt>
<BasicStmnt CovItemId="S3" CovItemPrefix="SecretCode.java" Intrnl_Id="11">
<LocList>
<Loc EndOffset="330" SrcFileId="1" StartOffset="299"/>
</LocList>
</BasicStmnt>
</StmntSeq>
<HierarchyLvl HierarchyLvlId="613" HierarchyLvlTypeId="3" Intrnl_Id="12" Name="SecretCode">
<Header>
<Loc EndOffset="928" SrcFileId="1" StartOffset="899"/>
</Header>
<LocList>
<Loc EndOffset="1035" SrcFileId="1" StartOffset="899"/>
</LocList>
<StmntSeq Intrnl_Id="13">
<LocList>
<Loc EndOffset="990" SrcFileId="1" StartOffset="934"/>
<Loc EndOffset="1003" SrcFileId="1" StartOffset="994"/>
<Loc EndOffset="1018" SrcFileId="1" StartOffset="1007"/>
<Loc EndOffset="1031" SrcFileId="1" StartOffset="1022"/>
</LocList>
<BasicStmnt CovItemId="S4" CovItemPrefix="SecretCode.java" Intrnl_Id="14">
<LocList>
<Loc EndOffset="990" SrcFileId="1" StartOffset="934"/>
</LocList>
</BasicStmnt>
<BasicStmnt CovItemId="S5" CovItemPrefix="SecretCode.java" Intrnl_Id="15">
<LocList>
<Loc EndOffset="1003" SrcFileId="1" StartOffset="994"/>
</LocList>
</BasicStmnt>
<BasicStmnt CovItemId="S6" CovItemPrefix="SecretCode.java" Intrnl_Id="16">
<LocList>
<Loc EndOffset="1018" SrcFileId="1" StartOffset="1007"/>
</LocList>
</BasicStmnt>
<BasicStmnt CovItemId="S7" CovItemPrefix="SecretCode.java" Intrnl_Id="17">
<LocList>
<Loc EndOffset="1031" SrcFileId="1" StartOffset="1022"/>
</LocList>
</BasicStmnt>
</StmntSeq>
</HierarchyLvl>
<HierarchyLvl HierarchyLvlId="614" HierarchyLvlTypeId="3" Intrnl_Id="18" Name="guessCode">
<Header>
<Loc EndOffset="1856" SrcFileId="1" StartOffset="1820"/>
</Header>
<LocList>
<Loc EndOffset="2240" SrcFileId="1" StartOffset="1820"/>
</LocList>
<StmntSeq Intrnl_Id="19">
<LocList>
<Loc EndOffset="1886" SrcFileId="1" StartOffset="1866"/>
<Loc EndOffset="2217" SrcFileId="1" StartOffset="1890"/>
<Loc EndOffset="2232" SrcFileId="1" StartOffset="2221"/>
</LocList>
<BasicStmnt CovItemId="S8" CovItemPrefix="SecretCode.java" Intrnl_Id="20">
<LocList>
<Loc EndOffset="1886" SrcFileId="1" StartOffset="1866"/>
</LocList>
</BasicStmnt>
<CondStmnt CovItemId="S9" CovItemPrefix="SecretCode.java" Intrnl_Id="21">
<Branch CovItemId="B1" CovItemPrefix="SecretCode.java" Implct="false" Intrnl_Id="22">
<Cond/>
<LocList>
<Loc EndOffset="2217" SrcFileId="1" StartOffset="1922"/>
</LocList>
<StmntSeq Intrnl_Id="23">
<LocList>
<Loc EndOffset="2143" SrcFileId="1" StartOffset="1971"/>
<Loc EndOffset="2173" SrcFileId="1" StartOffset="2148"/>
<Loc EndOffset="2185" SrcFileId="1" StartOffset="2178"/>
</LocList>
<LoopStmnt CovItemId="S10" CovItemPrefix="SecretCode.java" Intrnl_Id="24" MltplExecId="L1-2" MltplExecPrefix="SecretCode.java" NvrExecId="L1-0" NvrExecPrefix="SecretCode.java" OnceExecutedId="L1-1" OnceExecutedPrefix="SecretCode.java" OptBodyExec="true">
<StmntSeq Intrnl_Id="25">
<LocList>
<Loc EndOffset="2136" SrcFileId="1" StartOffset="2012"/>
</LocList>
<CondStmnt CovItemId="S11" CovItemPrefix="SecretCode.java" Intrnl_Id="26">
<Branch CovItemId="B3" CovItemPrefix="SecretCode.java" Implct="false" Intrnl_Id="27">
<Cond/>
<LocList>
<Loc EndOffset="2084" SrcFileId="1" StartOffset="2044"/>
</LocList>
<StmntSeq Intrnl_Id="28">
<LocList>
<Loc EndOffset="2064" SrcFileId="1" StartOffset="2052"/>
<Loc EndOffset="2077" SrcFileId="1" StartOffset="2071"/>
</LocList>
<BasicStmnt CovItemId="S12" CovItemPrefix="SecretCode.java" Intrnl_Id="29">
<LocList>
<Loc EndOffset="2064" SrcFileId="1" StartOffset="2052"/>
</LocList>
</BasicStmnt>
<BasicStmnt CovItemId="S13" CovItemPrefix="SecretCode.java" Intrnl_Id="30">
<LocList>
<Loc EndOffset="2077" SrcFileId="1" StartOffset="2071"/>
</LocList>
</BasicStmnt>
</StmntSeq>
</Branch>
<Branch CovItemId="B4" CovItemPrefix="SecretCode.java" Implct="false" Intrnl_Id="31">
<Cond>
<Loc EndOffset="2088" SrcFileId="1" StartOffset="2084"/>
</Cond>
<LocList>
<Loc EndOffset="2136" SrcFileId="1" StartOffset="2089"/>
</LocList>
<StmntSeq Intrnl_Id="32">
<LocList>
<Loc EndOffset="2107" SrcFileId="1" StartOffset="2097"/>
<Loc EndOffset="2129" SrcFileId="1" StartOffset="2114"/>
</LocList>
<BasicStmnt CovItemId="S14" CovItemPrefix="SecretCode.java" Intrnl_Id="33">
<LocList>
<Loc EndOffset="2107" SrcFileId="1" StartOffset="2097"/>
</LocList>
</BasicStmnt>
<BasicStmnt CovItemId="S15" CovItemPrefix="SecretCode.java" Intrnl_Id="34">
<LocList>
<Loc EndOffset="2129" SrcFileId="1" StartOffset="2114"/>
</LocList>
</BasicStmnt>
</StmntSeq>
</Branch>
<Keyword EndOffset="2014" SrcFileId="1" StartOffset="2012"/>
<LocList>
<Loc EndOffset="2136" SrcFileId="1" StartOffset="2012"/>
</LocList>
<RootTerm CovItemId="C3" CovItemPrefix="SecretCode.java" Intrnl_Id="35">
<BasicBoolTerm Intrnl_Id="36">
<LocList>
<Loc EndOffset="2042" SrcFileId="1" StartOffset="2015"/>
</LocList>
</BasicBoolTerm>
</RootTerm>
</CondStmnt>
</StmntSeq>
<Keyword EndOffset="1974" SrcFileId="1" StartOffset="1971"/>
<LocList>
<Loc EndOffset="2143" SrcFileId="1" StartOffset="1971"/>
</LocList>
<RootTerm CovItemId="C2" CovItemPrefix="SecretCode.java" Intrnl_Id="37">
<BasicBoolTerm Intrnl_Id="38">
<LocList>
<Loc EndOffset="1998" SrcFileId="1" StartOffset="1984"/>
</LocList>
</BasicBoolTerm>
</RootTerm>
</LoopStmnt>
<BasicStmnt CovItemId="S16" CovItemPrefix="SecretCode.java" Intrnl_Id="39">
<LocList>
<Loc EndOffset="2173" SrcFileId="1" StartOffset="2148"/>
</LocList>
</BasicStmnt>
<BasicStmnt CovItemId="S17" CovItemPrefix="SecretCode.java" Intrnl_Id="40">
<LocList>
<Loc EndOffset="2185" SrcFileId="1" StartOffset="2178"/>
</LocList>
</BasicStmnt>
</StmntSeq>
</Branch>
<Branch CovItemId="B2" CovItemPrefix="SecretCode.java" Implct="true" Intrnl_Id="41">
<Cond/>
<LocList/>
<StmntSeq Intrnl_Id="42">
<LocList/>
</StmntSeq>
</Branch>
<Keyword EndOffset="1892" SrcFileId="1" StartOffset="1890"/>
<LocList>
<Loc EndOffset="2217" SrcFileId="1" StartOffset="1890"/>
</LocList>
<RootTerm CovItemId="C1" CovItemPrefix="SecretCode.java" Intrnl_Id="43">
<OpTerm BooleanOpId="2" Intrnl_Id="44">
<BasicBoolTerm Intrnl_Id="45">
<LocList>
<Loc EndOffset="1902" SrcFileId="1" StartOffset="1893"/>
</LocList>
</BasicBoolTerm>
<BasicBoolTerm Intrnl_Id="46">
<LocList>
<Loc EndOffset="1920" SrcFileId="1" StartOffset="1906"/>
</LocList>
</BasicBoolTerm>
<LocList>
<Loc EndOffset="1905" SrcFileId="1" StartOffset="1903"/>
</LocList>
</OpTerm>
</RootTerm>
</CondStmnt>
<BasicStmnt CovItemId="S18" CovItemPrefix="SecretCode.java" Intrnl_Id="47">
<LocList>
<Loc EndOffset="2232" SrcFileId="1" StartOffset="2221"/>
</LocList>
</BasicStmnt>
</StmntSeq>
</HierarchyLvl>
<HierarchyLvl HierarchyLvlId="615" HierarchyLvlTypeId="3" Intrnl_Id="48" Name="isCodeValid">
<Header>
<Loc EndOffset="2804" SrcFileId="1" StartOffset="2741"/>
</Header>
<LocList>
<Loc EndOffset="3072" SrcFileId="1" StartOffset="2741"/>
</LocList>
<StmntSeq Intrnl_Id="49">
<LocList>
<Loc EndOffset="2835" SrcFileId="1" StartOffset="2814"/>
<Loc EndOffset="3046" SrcFileId="1" StartOffset="2880"/>
<Loc EndOffset="3068" SrcFileId="1" StartOffset="3056"/>
</LocList>
<BasicStmnt CovItemId="S19" CovItemPrefix="SecretCode.java" Intrnl_Id="50">
<LocList>
<Loc EndOffset="2835" SrcFileId="1" StartOffset="2814"/>
</LocList>
</BasicStmnt>
<LoopStmnt CovItemId="S20" CovItemPrefix="SecretCode.java" Intrnl_Id="51" MltplExecId="L2-2" MltplExecPrefix="SecretCode.java" NvrExecId="L2-0" NvrExecPrefix="SecretCode.java" OnceExecutedId="L2-1" OnceExecutedPrefix="SecretCode.java" OptBodyExec="true">
<StmntSeq Intrnl_Id="52">
<LocList>
<Loc EndOffset="3040" SrcFileId="1" StartOffset="2920"/>
</LocList>
<CondStmnt CovItemId="S21" CovItemPrefix="SecretCode.java" Intrnl_Id="53">
<Branch CovItemId="B5" CovItemPrefix="SecretCode.java" Implct="false" Intrnl_Id="54">
<Cond/>
<LocList>
<Loc EndOffset="3011" SrcFileId="1" StartOffset="2973"/>
</LocList>
<StmntSeq Intrnl_Id="55">
<LocList>
<Loc EndOffset="2993" SrcFileId="1" StartOffset="2980"/>
<Loc EndOffset="3005" SrcFileId="1" StartOffset="2999"/>
</LocList>
<BasicStmnt CovItemId="S22" CovItemPrefix="SecretCode.java" Intrnl_Id="56">
<LocList>
<Loc EndOffset="2993" SrcFileId="1" StartOffset="2980"/>
</LocList>
</BasicStmnt>
<BasicStmnt CovItemId="S23" CovItemPrefix="SecretCode.java" Intrnl_Id="57">
<LocList>
<Loc EndOffset="3005" SrcFileId="1" StartOffset="2999"/>
</LocList>
</BasicStmnt>
</StmntSeq>
</Branch>
<Branch CovItemId="B6" CovItemPrefix="SecretCode.java" Implct="false" Intrnl_Id="58">
<Cond>
<Loc EndOffset="3015" SrcFileId="1" StartOffset="3011"/>
</Cond>
<LocList>
<Loc EndOffset="3040" SrcFileId="1" StartOffset="3016"/>
</LocList>
<StmntSeq Intrnl_Id="59">
<LocList>
<Loc EndOffset="3034" SrcFileId="1" StartOffset="3023"/>
</LocList>
<BasicStmnt CovItemId="S24" CovItemPrefix="SecretCode.java" Intrnl_Id="60">
<LocList>
<Loc EndOffset="3034" SrcFileId="1" StartOffset="3023"/>
</LocList>
</BasicStmnt>
</StmntSeq>
</Branch>
<Keyword EndOffset="2922" SrcFileId="1" StartOffset="2920"/>
<LocList>
<Loc EndOffset="3040" SrcFileId="1" StartOffset="2920"/>
</LocList>
<RootTerm CovItemId="C5" CovItemPrefix="SecretCode.java" Intrnl_Id="61">
<OpTerm BooleanOpId="2" Intrnl_Id="62">
<BasicBoolTerm Intrnl_Id="63">
<LocList>
<Loc EndOffset="2950" SrcFileId="1" StartOffset="2923"/>
</LocList>
</BasicBoolTerm>
<BasicBoolTerm Intrnl_Id="64">
<LocList>
<Loc EndOffset="2971" SrcFileId="1" StartOffset="2954"/>
</LocList>
</BasicBoolTerm>
<LocList>
<Loc EndOffset="2953" SrcFileId="1" StartOffset="2951"/>
</LocList>
</OpTerm>
</RootTerm>
</CondStmnt>
</StmntSeq>
<Keyword EndOffset="2883" SrcFileId="1" StartOffset="2880"/>
<LocList>
<Loc EndOffset="3046" SrcFileId="1" StartOffset="2880"/>
</LocList>
<RootTerm CovItemId="C4" CovItemPrefix="SecretCode.java" Intrnl_Id="65">
<BasicBoolTerm Intrnl_Id="66">
<LocList>
<Loc EndOffset="2907" SrcFileId="1" StartOffset="2893"/>
</LocList>
</BasicBoolTerm>
</RootTerm>
</LoopStmnt>
<BasicStmnt CovItemId="S25" CovItemPrefix="SecretCode.java" Intrnl_Id="67">
<LocList>
<Loc EndOffset="3068" SrcFileId="1" StartOffset="3056"/>
</LocList>
</BasicStmnt>
</StmntSeq>
</HierarchyLvl>
<HierarchyLvl HierarchyLvlId="616" HierarchyLvlTypeId="3" Intrnl_Id="68" Name="guessPoints">
<Header>
<Loc EndOffset="3703" SrcFileId="1" StartOffset="3643"/>
</Header>
<LocList>
<Loc EndOffset="4106" SrcFileId="1" StartOffset="3643"/>
</LocList>
<StmntSeq Intrnl_Id="69">
<LocList>
<Loc EndOffset="3723" SrcFileId="1" StartOffset="3713"/>
<Loc EndOffset="4089" SrcFileId="1" StartOffset="3768"/>
<Loc EndOffset="4102" SrcFileId="1" StartOffset="4093"/>
</LocList>
<BasicStmnt CovItemId="S26" CovItemPrefix="SecretCode.java" Intrnl_Id="70">
<LocList>
<Loc EndOffset="3723" SrcFileId="1" StartOffset="3713"/>
</LocList>
</BasicStmnt>
<LoopStmnt CovItemId="S27" CovItemPrefix="SecretCode.java" Intrnl_Id="71" MltplExecId="L3-2" MltplExecPrefix="SecretCode.java" NvrExecId="L3-0" NvrExecPrefix="SecretCode.java" OnceExecutedId="L3-1" OnceExecutedPrefix="SecretCode.java" OptBodyExec="true">
<StmntSeq Intrnl_Id="72">
<LocList>
<Loc EndOffset="4084" SrcFileId="1" StartOffset="3808"/>
</LocList>
<CondStmnt CovItemId="S28" CovItemPrefix="SecretCode.java" Intrnl_Id="73">
<Branch CovItemId="B7" CovItemPrefix="SecretCode.java" Implct="false" Intrnl_Id="74">
<Cond/>
<LocList>
<Loc EndOffset="3904" SrcFileId="1" StartOffset="3833"/>
</LocList>
<StmntSeq Intrnl_Id="75">
<LocList>
<Loc EndOffset="3859" SrcFileId="1" StartOffset="3840"/>
<Loc EndOffset="3877" SrcFileId="1" StartOffset="3865"/>
<Loc EndOffset="3898" SrcFileId="1" StartOffset="3883"/>
</LocList>
<BasicStmnt CovItemId="S29" CovItemPrefix="SecretCode.java" Intrnl_Id="76">
<LocList>
<Loc EndOffset="3859" SrcFileId="1" StartOffset="3840"/>
</LocList>
</BasicStmnt>
<BasicStmnt CovItemId="S30" CovItemPrefix="SecretCode.java" Intrnl_Id="77">
<LocList>
<Loc EndOffset="3877" SrcFileId="1" StartOffset="3865"/>
</LocList>
</BasicStmnt>
<BasicStmnt CovItemId="S31" CovItemPrefix="SecretCode.java" Intrnl_Id="78">
<LocList>
<Loc EndOffset="3898" SrcFileId="1" StartOffset="3883"/>
</LocList>
</BasicStmnt>
</StmntSeq>
</Branch>
<Branch CovItemId="B8" CovItemPrefix="SecretCode.java" Implct="false" Intrnl_Id="79">
<Cond>
<Loc EndOffset="3908" SrcFileId="1" StartOffset="3904"/>
</Cond>
<LocList>
<Loc EndOffset="4084" SrcFileId="1" StartOffset="3909"/>
</LocList>
<StmntSeq Intrnl_Id="80">
<LocList>
<Loc EndOffset="4084" SrcFileId="1" StartOffset="3909"/>
</LocList>
<CondStmnt CovItemId="S32" CovItemPrefix="SecretCode.java" Intrnl_Id="81">
<Branch CovItemId="B9" CovItemPrefix="SecretCode.java" Implct="false" Intrnl_Id="82">
<Cond/>
<LocList>
<Loc EndOffset="4006" SrcFileId="1" StartOffset="3934"/>
</LocList>
<StmntSeq Intrnl_Id="83">
<LocList>
<Loc EndOffset="3961" SrcFileId="1" StartOffset="3941"/>
<Loc EndOffset="3979" SrcFileId="1" StartOffset="3967"/>
<Loc EndOffset="4000" SrcFileId="1" StartOffset="3985"/>
</LocList>
<BasicStmnt CovItemId="S33" CovItemPrefix="SecretCode.java" Intrnl_Id="84">
<LocList>
<Loc EndOffset="3961" SrcFileId="1" StartOffset="3941"/>
</LocList>
</BasicStmnt>
<BasicStmnt CovItemId="S34" CovItemPrefix="SecretCode.java" Intrnl_Id="85">
<LocList>
<Loc EndOffset="3979" SrcFileId="1" StartOffset="3967"/>
</LocList>
</BasicStmnt>
<BasicStmnt CovItemId="S35" CovItemPrefix="SecretCode.java" Intrnl_Id="86">
<LocList>
<Loc EndOffset="4000" SrcFileId="1" StartOffset="3985"/>
</LocList>
</BasicStmnt>
</StmntSeq>
</Branch>
<Branch CovItemId="B10" CovItemPrefix="SecretCode.java" Implct="false" Intrnl_Id="87">
<Cond>
<Loc EndOffset="4010" SrcFileId="1" StartOffset="4006"/>
</Cond>
<LocList>
<Loc EndOffset="4084" SrcFileId="1" StartOffset="4011"/>
</LocList>
<StmntSeq Intrnl_Id="88">
<LocList>
<Loc EndOffset="4038" SrcFileId="1" StartOffset="4018"/>
<Loc EndOffset="4056" SrcFileId="1" StartOffset="4044"/>
<Loc EndOffset="4078" SrcFileId="1" StartOffset="4062"/>
</LocList>
<BasicStmnt CovItemId="S36" CovItemPrefix="SecretCode.java" Intrnl_Id="89">
<LocList>
<Loc EndOffset="4038" SrcFileId="1" StartOffset="4018"/>
</LocList>
</BasicStmnt>
<BasicStmnt CovItemId="S37" CovItemPrefix="SecretCode.java" Intrnl_Id="90">
<LocList>
<Loc EndOffset="4056" SrcFileId="1" StartOffset="4044"/>
</LocList>
</BasicStmnt>
<BasicStmnt CovItemId="S38" CovItemPrefix="SecretCode.java" Intrnl_Id="91">
<LocList>
<Loc EndOffset="4078" SrcFileId="1" StartOffset="4062"/>
</LocList>
</BasicStmnt>
</StmntSeq>
</Branch>
<Keyword EndOffset="3911" SrcFileId="1" StartOffset="3909"/>
<LocList>
<Loc EndOffset="4084" SrcFileId="1" StartOffset="3909"/>
</LocList>
<RootTerm CovItemId="C8" CovItemPrefix="SecretCode.java" Intrnl_Id="92">
<BasicBoolTerm Intrnl_Id="93">
<LocList>
<Loc EndOffset="3933" SrcFileId="1" StartOffset="3913"/>
</LocList>
</BasicBoolTerm>
</RootTerm>
</CondStmnt>
</StmntSeq>
</Branch>
<Keyword EndOffset="3810" SrcFileId="1" StartOffset="3808"/>
<LocList>
<Loc EndOffset="4084" SrcFileId="1" StartOffset="3808"/>
</LocList>
<RootTerm CovItemId="C7" CovItemPrefix="SecretCode.java" Intrnl_Id="94">
<BasicBoolTerm Intrnl_Id="95">
<LocList>
<Loc EndOffset="3831" SrcFileId="1" StartOffset="3811"/>
</LocList>
</BasicBoolTerm>
</RootTerm>
</CondStmnt>
</StmntSeq>
<Keyword EndOffset="3771" SrcFileId="1" StartOffset="3768"/>
<LocList>
<Loc EndOffset="4089" SrcFileId="1" StartOffset="3768"/>
</LocList>
<RootTerm CovItemId="C6" CovItemPrefix="SecretCode.java" Intrnl_Id="96">
<BasicBoolTerm Intrnl_Id="97">
<LocList>
<Loc EndOffset="3795" SrcFileId="1" StartOffset="3781"/>
</LocList>
</BasicBoolTerm>
</RootTerm>
</LoopStmnt>
<BasicStmnt CovItemId="S39" CovItemPrefix="SecretCode.java" Intrnl_Id="98">
<LocList>
<Loc EndOffset="4102" SrcFileId="1" StartOffset="4093"/>
</LocList>
</BasicStmnt>
</StmntSeq>
</HierarchyLvl>
<HierarchyLvl HierarchyLvlId="617" HierarchyLvlTypeId="3" Intrnl_Id="99" Name="isLetterinCode">
<Header>
<Loc EndOffset="4564" SrcFileId="1" StartOffset="4524"/>
</Header>
<LocList>
<Loc EndOffset="4788" SrcFileId="1" StartOffset="4524"/>
</LocList>
<StmntSeq Intrnl_Id="100">
<LocList>
<Loc EndOffset="4595" SrcFileId="1" StartOffset="4574"/>
<Loc EndOffset="4768" SrcFileId="1" StartOffset="4640"/>
<Loc EndOffset="4784" SrcFileId="1" StartOffset="4772"/>
</LocList>
<BasicStmnt CovItemId="S40" CovItemPrefix="SecretCode.java" Intrnl_Id="101">
<LocList>
<Loc EndOffset="4595" SrcFileId="1" StartOffset="4574"/>
</LocList>
</BasicStmnt>
<LoopStmnt CovItemId="S41" CovItemPrefix="SecretCode.java" Intrnl_Id="102" MltplExecId="L4-2" MltplExecPrefix="SecretCode.java" NvrExecId="L4-0" NvrExecPrefix="SecretCode.java" OnceExecutedId="L4-1" OnceExecutedPrefix="SecretCode.java" OptBodyExec="true">
<StmntSeq Intrnl_Id="103">
<LocList>
<Loc EndOffset="4762" SrcFileId="1" StartOffset="4680"/>
</LocList>
<CondStmnt CovItemId="S42" CovItemPrefix="SecretCode.java" Intrnl_Id="104">
<Branch CovItemId="B11" CovItemPrefix="SecretCode.java" Implct="false" Intrnl_Id="105">
<Cond/>
<LocList>
<Loc EndOffset="4732" SrcFileId="1" StartOffset="4695"/>
</LocList>
<StmntSeq Intrnl_Id="106">
<LocList>
<Loc EndOffset="4714" SrcFileId="1" StartOffset="4702"/>
<Loc EndOffset="4726" SrcFileId="1" StartOffset="4720"/>
</LocList>
<BasicStmnt CovItemId="S43" CovItemPrefix="SecretCode.java" Intrnl_Id="107">
<LocList>
<Loc EndOffset="4714" SrcFileId="1" StartOffset="4702"/>
</LocList>
</BasicStmnt>
<BasicStmnt CovItemId="S44" CovItemPrefix="SecretCode.java" Intrnl_Id="108">
<LocList>
<Loc EndOffset="4726" SrcFileId="1" StartOffset="4720"/>
</LocList>
</BasicStmnt>
</StmntSeq>
</Branch>
<Branch CovItemId="B12" CovItemPrefix="SecretCode.java" Implct="false" Intrnl_Id="109">
<Cond>
<Loc EndOffset="4736" SrcFileId="1" StartOffset="4732"/>
</Cond>
<LocList>
<Loc EndOffset="4762" SrcFileId="1" StartOffset="4737"/>
</LocList>
<StmntSeq Intrnl_Id="110">
<LocList>
<Loc EndOffset="4756" SrcFileId="1" StartOffset="4744"/>
</LocList>
<BasicStmnt CovItemId="S45" CovItemPrefix="SecretCode.java" Intrnl_Id="111">
<LocList>
<Loc EndOffset="4756" SrcFileId="1" StartOffset="4744"/>
</LocList>
</BasicStmnt>
</StmntSeq>
</Branch>
<Keyword EndOffset="4682" SrcFileId="1" StartOffset="4680"/>
<LocList>
<Loc EndOffset="4762" SrcFileId="1" StartOffset="4680"/>
</LocList>
<RootTerm CovItemId="C10" CovItemPrefix="SecretCode.java" Intrnl_Id="112">
<BasicBoolTerm Intrnl_Id="113">
<LocList>
<Loc EndOffset="4693" SrcFileId="1" StartOffset="4683"/>
</LocList>
</BasicBoolTerm>
</RootTerm>
</CondStmnt>
</StmntSeq>
<Keyword EndOffset="4643" SrcFileId="1" StartOffset="4640"/>
<LocList>
<Loc EndOffset="4768" SrcFileId="1" StartOffset="4640"/>
</LocList>
<RootTerm CovItemId="C9" CovItemPrefix="SecretCode.java" Intrnl_Id="114">
<BasicBoolTerm Intrnl_Id="115">
<LocList>
<Loc EndOffset="4667" SrcFileId="1" StartOffset="4653"/>
</LocList>
</BasicBoolTerm>
</RootTerm>
</LoopStmnt>
<BasicStmnt CovItemId="S46" CovItemPrefix="SecretCode.java" Intrnl_Id="116">
<LocList>
<Loc EndOffset="4784" SrcFileId="1" StartOffset="4772"/>
</LocList>
</BasicStmnt>
</StmntSeq>
</HierarchyLvl>
<HierarchyLvl HierarchyLvlId="618" HierarchyLvlTypeId="3" Intrnl_Id="117" Name="getPoints">
<Header>
<Loc EndOffset="4872" SrcFileId="1" StartOffset="4850"/>
</Header>
<LocList>
<Loc EndOffset="4896" SrcFileId="1" StartOffset="4850"/>
</LocList>
<StmntSeq Intrnl_Id="118">
<LocList>
<Loc EndOffset="4892" SrcFileId="1" StartOffset="4878"/>
</LocList>
<BasicStmnt CovItemId="S47" CovItemPrefix="SecretCode.java" Intrnl_Id="119">
<LocList>
<Loc EndOffset="4892" SrcFileId="1" StartOffset="4878"/>
</LocList>
</BasicStmnt>
</StmntSeq>
</HierarchyLvl>
<HierarchyLvl HierarchyLvlId="619" HierarchyLvlTypeId="3" Intrnl_Id="120" Name="getResults">
<Header>
<Loc EndOffset="5072" SrcFileId="1" StartOffset="5044"/>
</Header>
<LocList>
<Loc EndOffset="5279" SrcFileId="1" StartOffset="5044"/>
</LocList>
<StmntSeq Intrnl_Id="121">
<LocList>
<Loc EndOffset="5105" SrcFileId="1" StartOffset="5078"/>
<Loc EndOffset="5262" SrcFileId="1" StartOffset="5138"/>
<Loc EndOffset="5275" SrcFileId="1" StartOffset="5266"/>
</LocList>
<BasicStmnt CovItemId="S48" CovItemPrefix="SecretCode.java" Intrnl_Id="122">
<LocList>
<Loc EndOffset="5105" SrcFileId="1" StartOffset="5078"/>
</LocList>
</BasicStmnt>
<LoopStmnt CovItemId="S49" CovItemPrefix="SecretCode.java" Intrnl_Id="123" MltplExecId="L5-2" MltplExecPrefix="SecretCode.java" NvrExecId="L5-0" NvrExecPrefix="SecretCode.java" OnceExecutedId="L5-1" OnceExecutedPrefix="SecretCode.java" OptBodyExec="true">
<StmntSeq Intrnl_Id="124">
<LocList>
<Loc EndOffset="5257" SrcFileId="1" StartOffset="5165"/>
</LocList>
<CondStmnt CovItemId="S50" CovItemPrefix="SecretCode.java" Intrnl_Id="125">
<Branch CovItemId="B13" CovItemPrefix="SecretCode.java" Implct="false" Intrnl_Id="126">
<Cond/>
<LocList>
<Loc EndOffset="5194" SrcFileId="1" StartOffset="5183"/>
</LocList>
<StmntSeq Intrnl_Id="127">
<LocList>
<Loc EndOffset="5194" SrcFileId="1" StartOffset="5183"/>
</LocList>
<BasicStmnt CovItemId="S51" CovItemPrefix="SecretCode.java" Intrnl_Id="128">
<LocList>
<Loc EndOffset="5194" SrcFileId="1" StartOffset="5183"/>
</LocList>
</BasicStmnt>
</StmntSeq>
</Branch>
<Branch CovItemId="B14" CovItemPrefix="SecretCode.java" Implct="false" Intrnl_Id="129">
<Cond>
<Loc EndOffset="5203" SrcFileId="1" StartOffset="5199"/>
</Cond>
<LocList>
<Loc EndOffset="5257" SrcFileId="1" StartOffset="5204"/>
</LocList>
<StmntSeq Intrnl_Id="130">
<LocList>
<Loc EndOffset="5257" SrcFileId="1" StartOffset="5204"/>
</LocList>
<CondStmnt CovItemId="S52" CovItemPrefix="SecretCode.java" Intrnl_Id="131">
<Branch CovItemId="B15" CovItemPrefix="SecretCode.java" Implct="false" Intrnl_Id="132">
<Cond/>
<LocList>
<Loc EndOffset="5235" SrcFileId="1" StartOffset="5222"/>
</LocList>
<StmntSeq Intrnl_Id="133">
<LocList>
<Loc EndOffset="5235" SrcFileId="1" StartOffset="5222"/>
</LocList>
<BasicStmnt CovItemId="S53" CovItemPrefix="SecretCode.java" Intrnl_Id="134">
<LocList>
<Loc EndOffset="5235" SrcFileId="1" StartOffset="5222"/>
</LocList>
</BasicStmnt>
</StmntSeq>
</Branch>
<Branch CovItemId="B16" CovItemPrefix="SecretCode.java" Implct="false" Intrnl_Id="135">
<Cond>
<Loc EndOffset="5244" SrcFileId="1" StartOffset="5240"/>
</Cond>
<LocList>
<Loc EndOffset="5257" SrcFileId="1" StartOffset="5245"/>
</LocList>
<StmntSeq Intrnl_Id="136">
<LocList>
<Loc EndOffset="5257" SrcFileId="1" StartOffset="5245"/>
</LocList>
<BasicStmnt CovItemId="S54" CovItemPrefix="SecretCode.java" Intrnl_Id="137">
<LocList>
<Loc EndOffset="5257" SrcFileId="1" StartOffset="5245"/>
</LocList>
</BasicStmnt>
</StmntSeq>
</Branch>
<Keyword EndOffset="5206" SrcFileId="1" StartOffset="5204"/>
<LocList>
<Loc EndOffset="5257" SrcFileId="1" StartOffset="5204"/>
</LocList>
<RootTerm CovItemId="C13" CovItemPrefix="SecretCode.java" Intrnl_Id="138">
<BasicBoolTerm Intrnl_Id="139">
<LocList>
<Loc EndOffset="5220" SrcFileId="1" StartOffset="5207"/>
</LocList>
</BasicBoolTerm>
</RootTerm>
</CondStmnt>
</StmntSeq>
</Branch>
<Keyword EndOffset="5167" SrcFileId="1" StartOffset="5165"/>
<LocList>
<Loc EndOffset="5257" SrcFileId="1" StartOffset="5165"/>
</LocList>
<RootTerm CovItemId="C12" CovItemPrefix="SecretCode.java" Intrnl_Id="140">
<BasicBoolTerm Intrnl_Id="141">
<LocList>
<Loc EndOffset="5181" SrcFileId="1" StartOffset="5168"/>
</LocList>
</BasicBoolTerm>
</RootTerm>
</CondStmnt>
</StmntSeq>
<Keyword EndOffset="5141" SrcFileId="1" StartOffset="5138"/>
<LocList>
<Loc EndOffset="5262" SrcFileId="1" StartOffset="5138"/>
</LocList>
<RootTerm CovItemId="C11" CovItemPrefix="SecretCode.java" Intrnl_Id="142">
<BasicBoolTerm Intrnl_Id="143">
<LocList>
<Loc EndOffset="5153" SrcFileId="1" StartOffset="5150"/>
</LocList>
</BasicBoolTerm>
</RootTerm>
</LoopStmnt>
<BasicStmnt CovItemId="S55" CovItemPrefix="SecretCode.java" Intrnl_Id="144">
<LocList>
<Loc EndOffset="5275" SrcFileId="1" StartOffset="5266"/>
</LocList>
</BasicStmnt>
</StmntSeq>
</HierarchyLvl>
</HierarchyLvl>
</HierarchyLvl>
</MASTRoot>
</TestSessionContainer>
