<?xml version="1.0" encoding="UTF-8"?><TestSessionContainer xmlns="http://www.codecover.org/xml/testsession-container" Date="1687698098935" TestSessionContainerId="a423d2dc-7226-4b45-be66-03e279f17382" version="1.0">
<SrcFileList>
<SrcFile Content="&#13;&#10;public class SecretCode {&#13;&#10;&#9;private /*@spec_public@*/ String code[] = new String[5];&#13;&#10;&#9;private /*@spec_public@*/ int points;&#13;&#10;&#9;private /*@spec_public@*/ int turn;&#13;&#10;&#9;private /*@spec_public@*/ boolean previous[]; &#13;&#10;&#9;private /*@spec_public@*/ int results[] = new int[5]; //-1 miss, 0 close, 1 hit &#13;&#10;&#9;public boolean endGame = false;&#13;&#10;&#9;&#13;&#10;&#9;//i turni devono essere compresi tra 0 e 10&#13;&#10;&#9;//@ public invariant turn &gt;=0 &amp;&amp; turn &lt;=10;&#13;&#10;&#9;&#13;&#10;&#9;//ogni pezzo di codice è composto da una e una sola lettera&#13;&#10;&#9;//@ public invariant (\forall int x; x&lt;5 &amp;&amp; x&gt;=0; (code[x].length())== 1); &#13;&#10;&#9;&#13;&#10;&#9;&#13;&#10;&#9;&#13;&#10;&#9;//il codice non può essere vuoto&#13;&#10;&#9;//@ requires c!=null;&#13;&#10;&#9;// il codice deve essere lungo 5&#13;&#10;&#9;//@ requires c.length == 5;&#13;&#10;&#9;// inizialmente i controlli sono settati a falso&#13;&#10;&#9;//@ ensures (\forall int x; x&lt;5 &amp;&amp; x&gt;=0; previous[x]==false);&#13;&#10;&#9;//il codice segreto viene impostato uguale all'input&#13;&#10;&#9;//@ ensures code == c;&#13;&#10;&#9;public SecretCode(String c[]) {&#13;&#10;&#9;&#9;previous = new boolean[]{false,false,false,false,false};&#13;&#10;&#9;&#9;code = c;&#13;&#10;&#9;&#9;points = 0;&#13;&#10;&#9;&#9;turn = 1;&#13;&#10;&#9;}&#13;&#10;&#9;&#13;&#10;&#9;&#13;&#10;&#9;// la lunghezza del tentativo deve essere 5&#13;&#10;&#9;//@ requires c.length == 5;&#13;&#10;&#9;// ogni parte di codice non deve essere nulla e lunga 1&#13;&#10;&#9;//@ requires (\forall int x; x&lt;5 &amp;&amp; x&gt;=0; (c[x].length())== 1 &amp;&amp; c[x]!=null);&#13;&#10;&#9;// se al turno precedente ho indovinato un pezzo, devo mantenere quel risultato&#13;&#10;&#9;//@ requires isCodeValid(c);&#13;&#10;&#9;// se ho indovinato il codice, ritorna vero, altrimenti, ritorna falso&#13;&#10;&#9;//@ ensures (code==c &amp;&amp; turn&lt;10 &amp;&amp; isCodeValid(c)) &lt;==&gt; \result;&#13;&#10;&#9;//@ ensures (code!=c) &lt;==&gt; !\result;&#13;&#10;&#9;// se il turno è maggiore o uguale a 10 torna falso, ma se è falso non vuol dire che il turno sia &gt;=10&#13;&#10;&#9;//@ ensures (turn&gt;=10) ==&gt; !\result;&#13;&#10;&#9;// i punti vengono assegnati correttamente&#13;&#10;&#9;//@ ensures (turn&lt;10 &amp;&amp; isCodeValid(c)) ==&gt; (points == \old(points) + guessPoints(c));&#13;&#10;&#9;//@ diverges true;&#13;&#10;&#9;public boolean guessCode(String c[]) {&#13;&#10;&#9;&#9;&#13;&#10;&#9;&#9;boolean end = endGame;&#13;&#10;&#9;&#9;if(turn &lt; 10 &amp;&amp; isCodeValid(c) &amp;&amp; !endGame) {&#13;&#10;&#9;&#9;&#9;&#13;&#10;&#9;&#9;&#9;//@ loop_invariant code[i]!=null;&#13;&#10;&#9;&#9;&#9;for(int i=0; i&lt; code.length ;i++) {&#13;&#10;&#9;&#9;&#9;&#9;if(code[i].equals(c[i])==false) {&#13;&#10;&#9;&#9;&#9;&#9;&#9;end = false;&#13;&#10;&#9;&#9;&#9;&#9;&#9;break;&#13;&#10;&#9;&#9;&#9;&#9;}else {&#13;&#10;&#9;&#9;&#9;&#9;&#9;end= true;&#9;&#13;&#10;&#9;&#9;&#9;&#9;}&#9;&#13;&#10;&#9;&#9;&#9;}&#13;&#10;&#9;&#9;&#9;&#13;&#10;&#9;&#9;&#9;if(end) endGame = true;&#13;&#10;&#9;&#9;&#9;points += guessPoints(c);&#13;&#10;&#9;&#9;&#9;turn++;&#13;&#10;&#9;&#9;&#9;//@ assert turn &lt;= 10;&#13;&#10;&#9;&#9;}&#13;&#10;&#9;&#13;&#10;&#9;&#9;return end;&#13;&#10;&#9;&#9;&#13;&#10;&#9;}&#13;&#10;&#9;&#13;&#10;&#9;// la lunghezza del tentativo deve essere 5&#13;&#10;&#9;//@ requires c.length == 5;&#13;&#10;&#9;// ogni parte di codice non deve essere nulla e lunga 1&#13;&#10;&#9;//@ requires (\forall int x; x&lt;5 &amp;&amp; x&gt;=0; (c[x].length())== 1 &amp;&amp; c[x]!=null);&#13;&#10;&#9;// controllo che il risultato rispecchi la regola di correttezza&#13;&#10;&#9;//@ ensures \result &lt;==&gt; (\forall int x; x&lt;5 &amp;&amp; x&gt;=0; code[x].equals(c[x]) || !previous[x]);&#13;&#10;&#9;//@ ensures !\result &lt;==&gt; (\exists int x; x&lt;5 &amp;&amp; x&gt;=0; !(code[x].equals(c[x])) || previous[x]);&#13;&#10;&#9;//@ diverges true;&#13;&#10;&#9;private /*@ pure spec_public @*/boolean isCodeValid(String c[]) {&#13;&#10;&#9;&#9;&#13;&#10;&#9;&#9;boolean flag = false;&#13;&#10;&#9;&#9;&#13;&#10;&#9;&#9;//@ loop_invariant code[i]!=null;&#13;&#10;&#9;&#9;for(int i=0; i&lt; code.length ;i++) {&#13;&#10;&#9;&#9;&#9;if(code[i].equals(c[i])==false &amp;&amp; previous[i]==true) {&#13;&#10;&#9;&#9;&#9;&#9;flag = false;&#13;&#10;&#9;&#9;&#9;&#9;break;&#13;&#10;&#9;&#9;&#9;}else {&#13;&#10;&#9;&#9;&#9;&#9;flag= true;&#13;&#10;&#9;&#9;&#9;}&#9;&#13;&#10;&#9;&#9;}&#9;&#9;&#13;&#10;&#9;&#9;&#13;&#10;&#9;&#9;return flag;&#13;&#10;&#9;}&#13;&#10;&#9;&#13;&#10;&#9;// la lunghezza del tentativo deve essere 5&#13;&#10;&#9;//@ requires c.length == 5;&#13;&#10;&#9;// ogni parte di codice non deve essere nulla e lunga 1&#13;&#10;&#9;//@ requires (\forall int x; x&lt;5 &amp;&amp; x&gt;=0; (c[x].length())== 1 &amp;&amp; c[x]!=null);&#13;&#10;&#9;// se ho fatto tutto giusto, devo aver guadagnato 10*turn punti&#13;&#10;&#9;//@ ensures  (\forall int x; x&lt;5 &amp;&amp; x&gt;=0; code[x].equals(c[x])) &lt;==&gt; \result==10*turn;&#13;&#10;&#9;// se ho fatto qualcosa di sbagliato, devo aver guadagnato meno di 10*turn punti&#13;&#10;&#9;//@ ensures  (\exists int x; x&lt;5 &amp;&amp; x&gt;=0; !(code[x].equals(c[x]))) &lt;==&gt; \result&lt;=10*turn;&#13;&#10;&#9;//@ diverges true;&#13;&#10;&#9;private /*@ pure spec_public @*/ int guessPoints(String c[]) {&#13;&#10;&#9;&#9;&#13;&#10;&#9;&#9;int p = 0;&#13;&#10;&#9;&#9;&#13;&#10;&#9;&#9;//@ loop_invariant code[i]!=null;&#13;&#10;&#9;&#9;for(int i=0; i&lt; code.length ;i++) {&#13;&#10;&#9;&#9;&#9;if(code[i].equals(c[i])) {&#13;&#10;&#9;&#9;&#9;&#9;previous[i] = true;&#13;&#10;&#9;&#9;&#9;&#9;p += 2*turn;&#13;&#10;&#9;&#9;&#9;&#9;results[i] = 1;&#13;&#10;&#9;&#9;&#9;}else if( isLetterinCode(c[i])){&#13;&#10;&#9;&#9;&#9;&#9;previous[i] = false;&#13;&#10;&#9;&#9;&#9;&#9;p += 1*turn;&#13;&#10;&#9;&#9;&#9;&#9;results[i] = 0;&#13;&#10;&#9;&#9;&#9;}else {&#13;&#10;&#9;&#9;&#9;&#9;previous[i] = false;&#13;&#10;&#9;&#9;&#9;&#9;p -= 2*turn;&#13;&#10;&#9;&#9;&#9;&#9;results[i] = -1;&#13;&#10;&#9;&#9;&#9;}&#13;&#10;&#9;&#9;}&#13;&#10;&#9;&#9;return p;&#13;&#10;&#9;}&#13;&#10;&#9;&#13;&#10;&#9;//puoi prendere solo una lettera come input&#13;&#10;&#9;//@ requires l!=null &amp;&amp; l.length() == 1 ;&#13;&#10;&#9;// se esiste una pezzo di codice uguale alla lettera, ritorna vero&#13;&#10;&#9;//@ ensures  (\exists int x; x&lt;5 &amp;&amp; x&gt;=0; code[x].equals(l)) &lt;==&gt; \result;&#13;&#10;&#9;// se non esiste una pezzo di codice uguale alla lettera, ritorna falso&#13;&#10;&#9;//@ ensures  (\forall int x; x&lt;5 &amp;&amp; x&gt;=0; !(code[x].equals(l))) &lt;==&gt; !\result;&#13;&#10;&#9;//@ diverges true;&#13;&#10;&#9;private boolean isLetterinCode(String l) {&#13;&#10;&#9;&#9;&#13;&#10;&#9;&#9;boolean flag = false;&#13;&#10;&#9;&#9;&#13;&#10;&#9;&#9;//@ loop_invariant code[i]!=null;&#13;&#10;&#9;&#9;for(int i=0; i&lt; code.length ;i++) {&#13;&#10;&#9;&#9;&#9;if(code[i]==l) {&#13;&#10;&#9;&#9;&#9;&#9;flag = true;&#13;&#10;&#9;&#9;&#9;&#9;break;&#13;&#10;&#9;&#9;&#9;}else {&#13;&#10;&#9;&#9;&#9;&#9;flag= false;&#13;&#10;&#9;&#9;&#9;}&#9;&#13;&#10;&#9;&#9;}&#13;&#10;&#9;&#9;return flag;&#13;&#10;&#9;}&#13;&#10;&#9;&#13;&#10;&#9;//@ requires true;&#13;&#10;&#9;//@ ensures  \result == points ;&#13;&#10;&#9;public int getPoints() {&#13;&#10;&#9;&#9;return points;&#13;&#10;&#9;}&#13;&#10;&#9;&#13;&#10;&#9;// non lo posso lanciare prima del primo turno perchè non avrei nessuna risposta&#13;&#10;&#9;//@ requires turn&gt;=2;&#13;&#10;&#9;//@ ensures \result.length == 5;&#13;&#10;&#9;public String[] getResults() {&#13;&#10;&#9;&#9;String[] s = new String[5];&#13;&#10;&#9;&#9;// @ loop_writes i, a[*];&#13;&#10;&#9;&#9;for(int i=0;i&lt;5;i++) {&#13;&#10;&#9;&#9;&#9;if(results[i]==1) s[i]=&quot;Hit&quot;;&#13;&#10;&#9;&#9;&#9;else if(results[i]==0) s[i]=&quot;Close&quot;;&#13;&#10;&#9;&#9;&#9;else s[i]=&quot;Miss&quot;;&#13;&#10;&#9;&#9;}&#13;&#10;&#9;&#9;return s;&#13;&#10;&#9;}&#13;&#10;&#9;&#13;&#10;}&#13;&#10;" Filename="SecretCode.java" Intrnl_Id="1"/>
</SrcFileList>
<CritList>
<CritListEntry Name="org.codecover.model.utils.criteria.ConditionCoverage" PluginName="org.codecover"/>
<CritListEntry Name="org.codecover.model.utils.criteria.BranchCoverage" PluginName="org.codecover"/>
<CritListEntry Name="org.codecover.model.utils.criteria.StatementCoverage" PluginName="org.codecover"/>
</CritList>
<BoolOpList>
<BoolOp Arity="2" Intrnl_Id="2" Name="conditional and (&amp;&amp;)">
<BoolAssgnmntBoolMapList>
<MapEntry BoolAssgnmnt="02" Value="false"/>
<MapEntry BoolAssgnmnt="10" Value="false"/>
<MapEntry BoolAssgnmnt="11" Value="true"/>
</BoolAssgnmntBoolMapList>
</BoolOp>
<BoolOp Arity="1" Intrnl_Id="3" Name="not (!)">
<BoolAssgnmntBoolMapList>
<MapEntry BoolAssgnmnt="1" Value="false"/>
<MapEntry BoolAssgnmnt="0" Value="true"/>
</BoolAssgnmntBoolMapList>
</BoolOp>
</BoolOpList>
<HierarchyLvlTypeList>
<HierarchyLvlType EnglishName="method" IntrnlName="method" Intrnl_Id="4"/>
<HierarchyLvlType EnglishName="class" IntrnlName="class" Intrnl_Id="5"/>
<HierarchyLvlType EnglishName="default package" IntrnlName="default package" Intrnl_Id="6"/>
</HierarchyLvlTypeList>
<MASTRoot>
<HierarchyLvl HierarchyLvlId="186" HierarchyLvlTypeId="6" Intrnl_Id="7" Name="default package">
<Header/>
<LocList/>
<HierarchyLvl HierarchyLvlId="185" HierarchyLvlTypeId="5" Intrnl_Id="8" Name="SecretCode">
<Header>
<Loc EndOffset="25" SrcFileId="1" StartOffset="2"/>
</Header>
<LocList>
<Loc EndOffset="5343" SrcFileId="1" StartOffset="2"/>
</LocList>
<StmntSeq Intrnl_Id="9">
<LocList>
<Loc EndOffset="86" SrcFileId="1" StartOffset="30"/>
<Loc EndOffset="269" SrcFileId="1" StartOffset="216"/>
<Loc EndOffset="330" SrcFileId="1" StartOffset="299"/>
</LocList>
<BasicStmnt CovItemId="S1" CovItemPrefix="SecretCode.java" Intrnl_Id="10">
<LocList>
<Loc EndOffset="86" SrcFileId="1" StartOffset="30"/>
</LocList>
</BasicStmnt>
<BasicStmnt CovItemId="S2" CovItemPrefix="SecretCode.java" Intrnl_Id="11">
<LocList>
<Loc EndOffset="269" SrcFileId="1" StartOffset="216"/>
</LocList>
</BasicStmnt>
<BasicStmnt CovItemId="S3" CovItemPrefix="SecretCode.java" Intrnl_Id="12">
<LocList>
<Loc EndOffset="330" SrcFileId="1" StartOffset="299"/>
</LocList>
</BasicStmnt>
</StmntSeq>
<HierarchyLvl HierarchyLvlId="178" HierarchyLvlTypeId="4" Intrnl_Id="13" Name="SecretCode">
<Header>
<Loc EndOffset="928" SrcFileId="1" StartOffset="899"/>
</Header>
<LocList>
<Loc EndOffset="1035" SrcFileId="1" StartOffset="899"/>
</LocList>
<StmntSeq Intrnl_Id="14">
<LocList>
<Loc EndOffset="990" SrcFileId="1" StartOffset="934"/>
<Loc EndOffset="1003" SrcFileId="1" StartOffset="994"/>
<Loc EndOffset="1018" SrcFileId="1" StartOffset="1007"/>
<Loc EndOffset="1031" SrcFileId="1" StartOffset="1022"/>
</LocList>
<BasicStmnt CovItemId="S4" CovItemPrefix="SecretCode.java" Intrnl_Id="15">
<LocList>
<Loc EndOffset="990" SrcFileId="1" StartOffset="934"/>
</LocList>
</BasicStmnt>
<BasicStmnt CovItemId="S5" CovItemPrefix="SecretCode.java" Intrnl_Id="16">
<LocList>
<Loc EndOffset="1003" SrcFileId="1" StartOffset="994"/>
</LocList>
</BasicStmnt>
<BasicStmnt CovItemId="S6" CovItemPrefix="SecretCode.java" Intrnl_Id="17">
<LocList>
<Loc EndOffset="1018" SrcFileId="1" StartOffset="1007"/>
</LocList>
</BasicStmnt>
<BasicStmnt CovItemId="S7" CovItemPrefix="SecretCode.java" Intrnl_Id="18">
<LocList>
<Loc EndOffset="1031" SrcFileId="1" StartOffset="1022"/>
</LocList>
</BasicStmnt>
</StmntSeq>
</HierarchyLvl>
<HierarchyLvl HierarchyLvlId="179" HierarchyLvlTypeId="4" Intrnl_Id="19" Name="guessCode">
<Header>
<Loc EndOffset="1885" SrcFileId="1" StartOffset="1849"/>
</Header>
<LocList>
<Loc EndOffset="2298" SrcFileId="1" StartOffset="1849"/>
</LocList>
<StmntSeq Intrnl_Id="20">
<LocList>
<Loc EndOffset="1917" SrcFileId="1" StartOffset="1895"/>
<Loc EndOffset="2272" SrcFileId="1" StartOffset="1921"/>
<Loc EndOffset="2290" SrcFileId="1" StartOffset="2279"/>
</LocList>
<BasicStmnt CovItemId="S8" CovItemPrefix="SecretCode.java" Intrnl_Id="21">
<LocList>
<Loc EndOffset="1917" SrcFileId="1" StartOffset="1895"/>
</LocList>
</BasicStmnt>
<CondStmnt CovItemId="S9" CovItemPrefix="SecretCode.java" Intrnl_Id="22">
<Branch CovItemId="B1" CovItemPrefix="SecretCode.java" Implct="false" Intrnl_Id="23">
<Cond/>
<LocList>
<Loc EndOffset="2272" SrcFileId="1" StartOffset="1965"/>
</LocList>
<StmntSeq Intrnl_Id="24">
<LocList>
<Loc EndOffset="2165" SrcFileId="1" StartOffset="2014"/>
<Loc EndOffset="2198" SrcFileId="1" StartOffset="2175"/>
<Loc EndOffset="2228" SrcFileId="1" StartOffset="2203"/>
<Loc EndOffset="2240" SrcFileId="1" StartOffset="2233"/>
</LocList>
<LoopStmnt CovItemId="S10" CovItemPrefix="SecretCode.java" Intrnl_Id="25" MltplExecId="L1-2" MltplExecPrefix="SecretCode.java" NvrExecId="L1-0" NvrExecPrefix="SecretCode.java" OnceExecutedId="L1-1" OnceExecutedPrefix="SecretCode.java" OptBodyExec="true">
<StmntSeq Intrnl_Id="26">
<LocList>
<Loc EndOffset="2158" SrcFileId="1" StartOffset="2055"/>
</LocList>
<CondStmnt CovItemId="S11" CovItemPrefix="SecretCode.java" Intrnl_Id="27">
<Branch CovItemId="B3" CovItemPrefix="SecretCode.java" Implct="false" Intrnl_Id="28">
<Cond/>
<LocList>
<Loc EndOffset="2127" SrcFileId="1" StartOffset="2087"/>
</LocList>
<StmntSeq Intrnl_Id="29">
<LocList>
<Loc EndOffset="2107" SrcFileId="1" StartOffset="2095"/>
<Loc EndOffset="2120" SrcFileId="1" StartOffset="2114"/>
</LocList>
<BasicStmnt CovItemId="S12" CovItemPrefix="SecretCode.java" Intrnl_Id="30">
<LocList>
<Loc EndOffset="2107" SrcFileId="1" StartOffset="2095"/>
</LocList>
</BasicStmnt>
<BasicStmnt CovItemId="S13" CovItemPrefix="SecretCode.java" Intrnl_Id="31">
<LocList>
<Loc EndOffset="2120" SrcFileId="1" StartOffset="2114"/>
</LocList>
</BasicStmnt>
</StmntSeq>
</Branch>
<Branch CovItemId="B4" CovItemPrefix="SecretCode.java" Implct="false" Intrnl_Id="32">
<Cond>
<Loc EndOffset="2131" SrcFileId="1" StartOffset="2127"/>
</Cond>
<LocList>
<Loc EndOffset="2158" SrcFileId="1" StartOffset="2132"/>
</LocList>
<StmntSeq Intrnl_Id="33">
<LocList>
<Loc EndOffset="2150" SrcFileId="1" StartOffset="2140"/>
</LocList>
<BasicStmnt CovItemId="S14" CovItemPrefix="SecretCode.java" Intrnl_Id="34">
<LocList>
<Loc EndOffset="2150" SrcFileId="1" StartOffset="2140"/>
</LocList>
</BasicStmnt>
</StmntSeq>
</Branch>
<Keyword EndOffset="2057" SrcFileId="1" StartOffset="2055"/>
<LocList>
<Loc EndOffset="2158" SrcFileId="1" StartOffset="2055"/>
</LocList>
<RootTerm CovItemId="C3" CovItemPrefix="SecretCode.java" Intrnl_Id="35">
<BasicBoolTerm Intrnl_Id="36">
<LocList>
<Loc EndOffset="2085" SrcFileId="1" StartOffset="2058"/>
</LocList>
</BasicBoolTerm>
</RootTerm>
</CondStmnt>
</StmntSeq>
<Keyword EndOffset="2017" SrcFileId="1" StartOffset="2014"/>
<LocList>
<Loc EndOffset="2165" SrcFileId="1" StartOffset="2014"/>
</LocList>
<RootTerm CovItemId="C2" CovItemPrefix="SecretCode.java" Intrnl_Id="37">
<BasicBoolTerm Intrnl_Id="38">
<LocList>
<Loc EndOffset="2041" SrcFileId="1" StartOffset="2027"/>
</LocList>
</BasicBoolTerm>
</RootTerm>
</LoopStmnt>
<CondStmnt CovItemId="S15" CovItemPrefix="SecretCode.java" Intrnl_Id="39">
<Branch CovItemId="B5" CovItemPrefix="SecretCode.java" Implct="false" Intrnl_Id="40">
<Cond/>
<LocList>
<Loc EndOffset="2198" SrcFileId="1" StartOffset="2183"/>
</LocList>
<StmntSeq Intrnl_Id="41">
<LocList>
<Loc EndOffset="2198" SrcFileId="1" StartOffset="2183"/>
</LocList>
<BasicStmnt CovItemId="S16" CovItemPrefix="SecretCode.java" Intrnl_Id="42">
<LocList>
<Loc EndOffset="2198" SrcFileId="1" StartOffset="2183"/>
</LocList>
</BasicStmnt>
</StmntSeq>
</Branch>
<Branch CovItemId="B6" CovItemPrefix="SecretCode.java" Implct="true" Intrnl_Id="43">
<Cond/>
<LocList/>
<StmntSeq Intrnl_Id="44">
<LocList/>
</StmntSeq>
</Branch>
<Keyword EndOffset="2177" SrcFileId="1" StartOffset="2175"/>
<LocList>
<Loc EndOffset="2198" SrcFileId="1" StartOffset="2175"/>
</LocList>
<RootTerm CovItemId="C4" CovItemPrefix="SecretCode.java" Intrnl_Id="45">
<BasicBoolTerm Intrnl_Id="46">
<LocList>
<Loc EndOffset="2181" SrcFileId="1" StartOffset="2178"/>
</LocList>
</BasicBoolTerm>
</RootTerm>
</CondStmnt>
<BasicStmnt CovItemId="S17" CovItemPrefix="SecretCode.java" Intrnl_Id="47">
<LocList>
<Loc EndOffset="2228" SrcFileId="1" StartOffset="2203"/>
</LocList>
</BasicStmnt>
<BasicStmnt CovItemId="S18" CovItemPrefix="SecretCode.java" Intrnl_Id="48">
<LocList>
<Loc EndOffset="2240" SrcFileId="1" StartOffset="2233"/>
</LocList>
</BasicStmnt>
</StmntSeq>
</Branch>
<Branch CovItemId="B2" CovItemPrefix="SecretCode.java" Implct="true" Intrnl_Id="49">
<Cond/>
<LocList/>
<StmntSeq Intrnl_Id="50">
<LocList/>
</StmntSeq>
</Branch>
<Keyword EndOffset="1923" SrcFileId="1" StartOffset="1921"/>
<LocList>
<Loc EndOffset="2272" SrcFileId="1" StartOffset="1921"/>
</LocList>
<RootTerm CovItemId="C1" CovItemPrefix="SecretCode.java" Intrnl_Id="51">
<OpTerm BooleanOpId="2" Intrnl_Id="52">
<OpTerm BooleanOpId="2" Intrnl_Id="53">
<BasicBoolTerm Intrnl_Id="54">
<LocList>
<Loc EndOffset="1933" SrcFileId="1" StartOffset="1924"/>
</LocList>
</BasicBoolTerm>
<BasicBoolTerm Intrnl_Id="55">
<LocList>
<Loc EndOffset="1951" SrcFileId="1" StartOffset="1937"/>
</LocList>
</BasicBoolTerm>
<LocList>
<Loc EndOffset="1936" SrcFileId="1" StartOffset="1934"/>
</LocList>
</OpTerm>
<OpTerm BooleanOpId="3" Intrnl_Id="56">
<BasicBoolTerm Intrnl_Id="57">
<LocList>
<Loc EndOffset="1963" SrcFileId="1" StartOffset="1956"/>
</LocList>
</BasicBoolTerm>
<LocList>
<Loc EndOffset="1956" SrcFileId="1" StartOffset="1955"/>
</LocList>
</OpTerm>
<LocList>
<Loc EndOffset="1954" SrcFileId="1" StartOffset="1952"/>
</LocList>
</OpTerm>
</RootTerm>
</CondStmnt>
<BasicStmnt CovItemId="S19" CovItemPrefix="SecretCode.java" Intrnl_Id="58">
<LocList>
<Loc EndOffset="2290" SrcFileId="1" StartOffset="2279"/>
</LocList>
</BasicStmnt>
</StmntSeq>
</HierarchyLvl>
<HierarchyLvl HierarchyLvlId="180" HierarchyLvlTypeId="4" Intrnl_Id="59" Name="isCodeValid">
<Header>
<Loc EndOffset="2862" SrcFileId="1" StartOffset="2799"/>
</Header>
<LocList>
<Loc EndOffset="3130" SrcFileId="1" StartOffset="2799"/>
</LocList>
<StmntSeq Intrnl_Id="60">
<LocList>
<Loc EndOffset="2893" SrcFileId="1" StartOffset="2872"/>
<Loc EndOffset="3104" SrcFileId="1" StartOffset="2938"/>
<Loc EndOffset="3126" SrcFileId="1" StartOffset="3114"/>
</LocList>
<BasicStmnt CovItemId="S20" CovItemPrefix="SecretCode.java" Intrnl_Id="61">
<LocList>
<Loc EndOffset="2893" SrcFileId="1" StartOffset="2872"/>
</LocList>
</BasicStmnt>
<LoopStmnt CovItemId="S21" CovItemPrefix="SecretCode.java" Intrnl_Id="62" MltplExecId="L2-2" MltplExecPrefix="SecretCode.java" NvrExecId="L2-0" NvrExecPrefix="SecretCode.java" OnceExecutedId="L2-1" OnceExecutedPrefix="SecretCode.java" OptBodyExec="true">
<StmntSeq Intrnl_Id="63">
<LocList>
<Loc EndOffset="3098" SrcFileId="1" StartOffset="2978"/>
</LocList>
<CondStmnt CovItemId="S22" CovItemPrefix="SecretCode.java" Intrnl_Id="64">
<Branch CovItemId="B7" CovItemPrefix="SecretCode.java" Implct="false" Intrnl_Id="65">
<Cond/>
<LocList>
<Loc EndOffset="3069" SrcFileId="1" StartOffset="3031"/>
</LocList>
<StmntSeq Intrnl_Id="66">
<LocList>
<Loc EndOffset="3051" SrcFileId="1" StartOffset="3038"/>
<Loc EndOffset="3063" SrcFileId="1" StartOffset="3057"/>
</LocList>
<BasicStmnt CovItemId="S23" CovItemPrefix="SecretCode.java" Intrnl_Id="67">
<LocList>
<Loc EndOffset="3051" SrcFileId="1" StartOffset="3038"/>
</LocList>
</BasicStmnt>
<BasicStmnt CovItemId="S24" CovItemPrefix="SecretCode.java" Intrnl_Id="68">
<LocList>
<Loc EndOffset="3063" SrcFileId="1" StartOffset="3057"/>
</LocList>
</BasicStmnt>
</StmntSeq>
</Branch>
<Branch CovItemId="B8" CovItemPrefix="SecretCode.java" Implct="false" Intrnl_Id="69">
<Cond>
<Loc EndOffset="3073" SrcFileId="1" StartOffset="3069"/>
</Cond>
<LocList>
<Loc EndOffset="3098" SrcFileId="1" StartOffset="3074"/>
</LocList>
<StmntSeq Intrnl_Id="70">
<LocList>
<Loc EndOffset="3092" SrcFileId="1" StartOffset="3081"/>
</LocList>
<BasicStmnt CovItemId="S25" CovItemPrefix="SecretCode.java" Intrnl_Id="71">
<LocList>
<Loc EndOffset="3092" SrcFileId="1" StartOffset="3081"/>
</LocList>
</BasicStmnt>
</StmntSeq>
</Branch>
<Keyword EndOffset="2980" SrcFileId="1" StartOffset="2978"/>
<LocList>
<Loc EndOffset="3098" SrcFileId="1" StartOffset="2978"/>
</LocList>
<RootTerm CovItemId="C6" CovItemPrefix="SecretCode.java" Intrnl_Id="72">
<OpTerm BooleanOpId="2" Intrnl_Id="73">
<BasicBoolTerm Intrnl_Id="74">
<LocList>
<Loc EndOffset="3008" SrcFileId="1" StartOffset="2981"/>
</LocList>
</BasicBoolTerm>
<BasicBoolTerm Intrnl_Id="75">
<LocList>
<Loc EndOffset="3029" SrcFileId="1" StartOffset="3012"/>
</LocList>
</BasicBoolTerm>
<LocList>
<Loc EndOffset="3011" SrcFileId="1" StartOffset="3009"/>
</LocList>
</OpTerm>
</RootTerm>
</CondStmnt>
</StmntSeq>
<Keyword EndOffset="2941" SrcFileId="1" StartOffset="2938"/>
<LocList>
<Loc EndOffset="3104" SrcFileId="1" StartOffset="2938"/>
</LocList>
<RootTerm CovItemId="C5" CovItemPrefix="SecretCode.java" Intrnl_Id="76">
<BasicBoolTerm Intrnl_Id="77">
<LocList>
<Loc EndOffset="2965" SrcFileId="1" StartOffset="2951"/>
</LocList>
</BasicBoolTerm>
</RootTerm>
</LoopStmnt>
<BasicStmnt CovItemId="S26" CovItemPrefix="SecretCode.java" Intrnl_Id="78">
<LocList>
<Loc EndOffset="3126" SrcFileId="1" StartOffset="3114"/>
</LocList>
</BasicStmnt>
</StmntSeq>
</HierarchyLvl>
<HierarchyLvl HierarchyLvlId="181" HierarchyLvlTypeId="4" Intrnl_Id="79" Name="guessPoints">
<Header>
<Loc EndOffset="3761" SrcFileId="1" StartOffset="3701"/>
</Header>
<LocList>
<Loc EndOffset="4164" SrcFileId="1" StartOffset="3701"/>
</LocList>
<StmntSeq Intrnl_Id="80">
<LocList>
<Loc EndOffset="3781" SrcFileId="1" StartOffset="3771"/>
<Loc EndOffset="4147" SrcFileId="1" StartOffset="3826"/>
<Loc EndOffset="4160" SrcFileId="1" StartOffset="4151"/>
</LocList>
<BasicStmnt CovItemId="S27" CovItemPrefix="SecretCode.java" Intrnl_Id="81">
<LocList>
<Loc EndOffset="3781" SrcFileId="1" StartOffset="3771"/>
</LocList>
</BasicStmnt>
<LoopStmnt CovItemId="S28" CovItemPrefix="SecretCode.java" Intrnl_Id="82" MltplExecId="L3-2" MltplExecPrefix="SecretCode.java" NvrExecId="L3-0" NvrExecPrefix="SecretCode.java" OnceExecutedId="L3-1" OnceExecutedPrefix="SecretCode.java" OptBodyExec="true">
<StmntSeq Intrnl_Id="83">
<LocList>
<Loc EndOffset="4142" SrcFileId="1" StartOffset="3866"/>
</LocList>
<CondStmnt CovItemId="S29" CovItemPrefix="SecretCode.java" Intrnl_Id="84">
<Branch CovItemId="B9" CovItemPrefix="SecretCode.java" Implct="false" Intrnl_Id="85">
<Cond/>
<LocList>
<Loc EndOffset="3962" SrcFileId="1" StartOffset="3891"/>
</LocList>
<StmntSeq Intrnl_Id="86">
<LocList>
<Loc EndOffset="3917" SrcFileId="1" StartOffset="3898"/>
<Loc EndOffset="3935" SrcFileId="1" StartOffset="3923"/>
<Loc EndOffset="3956" SrcFileId="1" StartOffset="3941"/>
</LocList>
<BasicStmnt CovItemId="S30" CovItemPrefix="SecretCode.java" Intrnl_Id="87">
<LocList>
<Loc EndOffset="3917" SrcFileId="1" StartOffset="3898"/>
</LocList>
</BasicStmnt>
<BasicStmnt CovItemId="S31" CovItemPrefix="SecretCode.java" Intrnl_Id="88">
<LocList>
<Loc EndOffset="3935" SrcFileId="1" StartOffset="3923"/>
</LocList>
</BasicStmnt>
<BasicStmnt CovItemId="S32" CovItemPrefix="SecretCode.java" Intrnl_Id="89">
<LocList>
<Loc EndOffset="3956" SrcFileId="1" StartOffset="3941"/>
</LocList>
</BasicStmnt>
</StmntSeq>
</Branch>
<Branch CovItemId="B10" CovItemPrefix="SecretCode.java" Implct="false" Intrnl_Id="90">
<Cond>
<Loc EndOffset="3966" SrcFileId="1" StartOffset="3962"/>
</Cond>
<LocList>
<Loc EndOffset="4142" SrcFileId="1" StartOffset="3967"/>
</LocList>
<StmntSeq Intrnl_Id="91">
<LocList>
<Loc EndOffset="4142" SrcFileId="1" StartOffset="3967"/>
</LocList>
<CondStmnt CovItemId="S33" CovItemPrefix="SecretCode.java" Intrnl_Id="92">
<Branch CovItemId="B11" CovItemPrefix="SecretCode.java" Implct="false" Intrnl_Id="93">
<Cond/>
<LocList>
<Loc EndOffset="4064" SrcFileId="1" StartOffset="3992"/>
</LocList>
<StmntSeq Intrnl_Id="94">
<LocList>
<Loc EndOffset="4019" SrcFileId="1" StartOffset="3999"/>
<Loc EndOffset="4037" SrcFileId="1" StartOffset="4025"/>
<Loc EndOffset="4058" SrcFileId="1" StartOffset="4043"/>
</LocList>
<BasicStmnt CovItemId="S34" CovItemPrefix="SecretCode.java" Intrnl_Id="95">
<LocList>
<Loc EndOffset="4019" SrcFileId="1" StartOffset="3999"/>
</LocList>
</BasicStmnt>
<BasicStmnt CovItemId="S35" CovItemPrefix="SecretCode.java" Intrnl_Id="96">
<LocList>
<Loc EndOffset="4037" SrcFileId="1" StartOffset="4025"/>
</LocList>
</BasicStmnt>
<BasicStmnt CovItemId="S36" CovItemPrefix="SecretCode.java" Intrnl_Id="97">
<LocList>
<Loc EndOffset="4058" SrcFileId="1" StartOffset="4043"/>
</LocList>
</BasicStmnt>
</StmntSeq>
</Branch>
<Branch CovItemId="B12" CovItemPrefix="SecretCode.java" Implct="false" Intrnl_Id="98">
<Cond>
<Loc EndOffset="4068" SrcFileId="1" StartOffset="4064"/>
</Cond>
<LocList>
<Loc EndOffset="4142" SrcFileId="1" StartOffset="4069"/>
</LocList>
<StmntSeq Intrnl_Id="99">
<LocList>
<Loc EndOffset="4096" SrcFileId="1" StartOffset="4076"/>
<Loc EndOffset="4114" SrcFileId="1" StartOffset="4102"/>
<Loc EndOffset="4136" SrcFileId="1" StartOffset="4120"/>
</LocList>
<BasicStmnt CovItemId="S37" CovItemPrefix="SecretCode.java" Intrnl_Id="100">
<LocList>
<Loc EndOffset="4096" SrcFileId="1" StartOffset="4076"/>
</LocList>
</BasicStmnt>
<BasicStmnt CovItemId="S38" CovItemPrefix="SecretCode.java" Intrnl_Id="101">
<LocList>
<Loc EndOffset="4114" SrcFileId="1" StartOffset="4102"/>
</LocList>
</BasicStmnt>
<BasicStmnt CovItemId="S39" CovItemPrefix="SecretCode.java" Intrnl_Id="102">
<LocList>
<Loc EndOffset="4136" SrcFileId="1" StartOffset="4120"/>
</LocList>
</BasicStmnt>
</StmntSeq>
</Branch>
<Keyword EndOffset="3969" SrcFileId="1" StartOffset="3967"/>
<LocList>
<Loc EndOffset="4142" SrcFileId="1" StartOffset="3967"/>
</LocList>
<RootTerm CovItemId="C9" CovItemPrefix="SecretCode.java" Intrnl_Id="103">
<BasicBoolTerm Intrnl_Id="104">
<LocList>
<Loc EndOffset="3991" SrcFileId="1" StartOffset="3971"/>
</LocList>
</BasicBoolTerm>
</RootTerm>
</CondStmnt>
</StmntSeq>
</Branch>
<Keyword EndOffset="3868" SrcFileId="1" StartOffset="3866"/>
<LocList>
<Loc EndOffset="4142" SrcFileId="1" StartOffset="3866"/>
</LocList>
<RootTerm CovItemId="C8" CovItemPrefix="SecretCode.java" Intrnl_Id="105">
<BasicBoolTerm Intrnl_Id="106">
<LocList>
<Loc EndOffset="3889" SrcFileId="1" StartOffset="3869"/>
</LocList>
</BasicBoolTerm>
</RootTerm>
</CondStmnt>
</StmntSeq>
<Keyword EndOffset="3829" SrcFileId="1" StartOffset="3826"/>
<LocList>
<Loc EndOffset="4147" SrcFileId="1" StartOffset="3826"/>
</LocList>
<RootTerm CovItemId="C7" CovItemPrefix="SecretCode.java" Intrnl_Id="107">
<BasicBoolTerm Intrnl_Id="108">
<LocList>
<Loc EndOffset="3853" SrcFileId="1" StartOffset="3839"/>
</LocList>
</BasicBoolTerm>
</RootTerm>
</LoopStmnt>
<BasicStmnt CovItemId="S40" CovItemPrefix="SecretCode.java" Intrnl_Id="109">
<LocList>
<Loc EndOffset="4160" SrcFileId="1" StartOffset="4151"/>
</LocList>
</BasicStmnt>
</StmntSeq>
</HierarchyLvl>
<HierarchyLvl HierarchyLvlId="182" HierarchyLvlTypeId="4" Intrnl_Id="110" Name="isLetterinCode">
<Header>
<Loc EndOffset="4622" SrcFileId="1" StartOffset="4582"/>
</Header>
<LocList>
<Loc EndOffset="4846" SrcFileId="1" StartOffset="4582"/>
</LocList>
<StmntSeq Intrnl_Id="111">
<LocList>
<Loc EndOffset="4653" SrcFileId="1" StartOffset="4632"/>
<Loc EndOffset="4826" SrcFileId="1" StartOffset="4698"/>
<Loc EndOffset="4842" SrcFileId="1" StartOffset="4830"/>
</LocList>
<BasicStmnt CovItemId="S41" CovItemPrefix="SecretCode.java" Intrnl_Id="112">
<LocList>
<Loc EndOffset="4653" SrcFileId="1" StartOffset="4632"/>
</LocList>
</BasicStmnt>
<LoopStmnt CovItemId="S42" CovItemPrefix="SecretCode.java" Intrnl_Id="113" MltplExecId="L4-2" MltplExecPrefix="SecretCode.java" NvrExecId="L4-0" NvrExecPrefix="SecretCode.java" OnceExecutedId="L4-1" OnceExecutedPrefix="SecretCode.java" OptBodyExec="true">
<StmntSeq Intrnl_Id="114">
<LocList>
<Loc EndOffset="4820" SrcFileId="1" StartOffset="4738"/>
</LocList>
<CondStmnt CovItemId="S43" CovItemPrefix="SecretCode.java" Intrnl_Id="115">
<Branch CovItemId="B13" CovItemPrefix="SecretCode.java" Implct="false" Intrnl_Id="116">
<Cond/>
<LocList>
<Loc EndOffset="4790" SrcFileId="1" StartOffset="4753"/>
</LocList>
<StmntSeq Intrnl_Id="117">
<LocList>
<Loc EndOffset="4772" SrcFileId="1" StartOffset="4760"/>
<Loc EndOffset="4784" SrcFileId="1" StartOffset="4778"/>
</LocList>
<BasicStmnt CovItemId="S44" CovItemPrefix="SecretCode.java" Intrnl_Id="118">
<LocList>
<Loc EndOffset="4772" SrcFileId="1" StartOffset="4760"/>
</LocList>
</BasicStmnt>
<BasicStmnt CovItemId="S45" CovItemPrefix="SecretCode.java" Intrnl_Id="119">
<LocList>
<Loc EndOffset="4784" SrcFileId="1" StartOffset="4778"/>
</LocList>
</BasicStmnt>
</StmntSeq>
</Branch>
<Branch CovItemId="B14" CovItemPrefix="SecretCode.java" Implct="false" Intrnl_Id="120">
<Cond>
<Loc EndOffset="4794" SrcFileId="1" StartOffset="4790"/>
</Cond>
<LocList>
<Loc EndOffset="4820" SrcFileId="1" StartOffset="4795"/>
</LocList>
<StmntSeq Intrnl_Id="121">
<LocList>
<Loc EndOffset="4814" SrcFileId="1" StartOffset="4802"/>
</LocList>
<BasicStmnt CovItemId="S46" CovItemPrefix="SecretCode.java" Intrnl_Id="122">
<LocList>
<Loc EndOffset="4814" SrcFileId="1" StartOffset="4802"/>
</LocList>
</BasicStmnt>
</StmntSeq>
</Branch>
<Keyword EndOffset="4740" SrcFileId="1" StartOffset="4738"/>
<LocList>
<Loc EndOffset="4820" SrcFileId="1" StartOffset="4738"/>
</LocList>
<RootTerm CovItemId="C11" CovItemPrefix="SecretCode.java" Intrnl_Id="123">
<BasicBoolTerm Intrnl_Id="124">
<LocList>
<Loc EndOffset="4751" SrcFileId="1" StartOffset="4741"/>
</LocList>
</BasicBoolTerm>
</RootTerm>
</CondStmnt>
</StmntSeq>
<Keyword EndOffset="4701" SrcFileId="1" StartOffset="4698"/>
<LocList>
<Loc EndOffset="4826" SrcFileId="1" StartOffset="4698"/>
</LocList>
<RootTerm CovItemId="C10" CovItemPrefix="SecretCode.java" Intrnl_Id="125">
<BasicBoolTerm Intrnl_Id="126">
<LocList>
<Loc EndOffset="4725" SrcFileId="1" StartOffset="4711"/>
</LocList>
</BasicBoolTerm>
</RootTerm>
</LoopStmnt>
<BasicStmnt CovItemId="S47" CovItemPrefix="SecretCode.java" Intrnl_Id="127">
<LocList>
<Loc EndOffset="4842" SrcFileId="1" StartOffset="4830"/>
</LocList>
</BasicStmnt>
</StmntSeq>
</HierarchyLvl>
<HierarchyLvl HierarchyLvlId="183" HierarchyLvlTypeId="4" Intrnl_Id="128" Name="getPoints">
<Header>
<Loc EndOffset="4930" SrcFileId="1" StartOffset="4908"/>
</Header>
<LocList>
<Loc EndOffset="4954" SrcFileId="1" StartOffset="4908"/>
</LocList>
<StmntSeq Intrnl_Id="129">
<LocList>
<Loc EndOffset="4950" SrcFileId="1" StartOffset="4936"/>
</LocList>
<BasicStmnt CovItemId="S48" CovItemPrefix="SecretCode.java" Intrnl_Id="130">
<LocList>
<Loc EndOffset="4950" SrcFileId="1" StartOffset="4936"/>
</LocList>
</BasicStmnt>
</StmntSeq>
</HierarchyLvl>
<HierarchyLvl HierarchyLvlId="184" HierarchyLvlTypeId="4" Intrnl_Id="131" Name="getResults">
<Header>
<Loc EndOffset="5130" SrcFileId="1" StartOffset="5102"/>
</Header>
<LocList>
<Loc EndOffset="5337" SrcFileId="1" StartOffset="5102"/>
</LocList>
<StmntSeq Intrnl_Id="132">
<LocList>
<Loc EndOffset="5163" SrcFileId="1" StartOffset="5136"/>
<Loc EndOffset="5320" SrcFileId="1" StartOffset="5196"/>
<Loc EndOffset="5333" SrcFileId="1" StartOffset="5324"/>
</LocList>
<BasicStmnt CovItemId="S49" CovItemPrefix="SecretCode.java" Intrnl_Id="133">
<LocList>
<Loc EndOffset="5163" SrcFileId="1" StartOffset="5136"/>
</LocList>
</BasicStmnt>
<LoopStmnt CovItemId="S50" CovItemPrefix="SecretCode.java" Intrnl_Id="134" MltplExecId="L5-2" MltplExecPrefix="SecretCode.java" NvrExecId="L5-0" NvrExecPrefix="SecretCode.java" OnceExecutedId="L5-1" OnceExecutedPrefix="SecretCode.java" OptBodyExec="true">
<StmntSeq Intrnl_Id="135">
<LocList>
<Loc EndOffset="5315" SrcFileId="1" StartOffset="5223"/>
</LocList>
<CondStmnt CovItemId="S51" CovItemPrefix="SecretCode.java" Intrnl_Id="136">
<Branch CovItemId="B15" CovItemPrefix="SecretCode.java" Implct="false" Intrnl_Id="137">
<Cond/>
<LocList>
<Loc EndOffset="5252" SrcFileId="1" StartOffset="5241"/>
</LocList>
<StmntSeq Intrnl_Id="138">
<LocList>
<Loc EndOffset="5252" SrcFileId="1" StartOffset="5241"/>
</LocList>
<BasicStmnt CovItemId="S52" CovItemPrefix="SecretCode.java" Intrnl_Id="139">
<LocList>
<Loc EndOffset="5252" SrcFileId="1" StartOffset="5241"/>
</LocList>
</BasicStmnt>
</StmntSeq>
</Branch>
<Branch CovItemId="B16" CovItemPrefix="SecretCode.java" Implct="false" Intrnl_Id="140">
<Cond>
<Loc EndOffset="5261" SrcFileId="1" StartOffset="5257"/>
</Cond>
<LocList>
<Loc EndOffset="5315" SrcFileId="1" StartOffset="5262"/>
</LocList>
<StmntSeq Intrnl_Id="141">
<LocList>
<Loc EndOffset="5315" SrcFileId="1" StartOffset="5262"/>
</LocList>
<CondStmnt CovItemId="S53" CovItemPrefix="SecretCode.java" Intrnl_Id="142">
<Branch CovItemId="B17" CovItemPrefix="SecretCode.java" Implct="false" Intrnl_Id="143">
<Cond/>
<LocList>
<Loc EndOffset="5293" SrcFileId="1" StartOffset="5280"/>
</LocList>
<StmntSeq Intrnl_Id="144">
<LocList>
<Loc EndOffset="5293" SrcFileId="1" StartOffset="5280"/>
</LocList>
<BasicStmnt CovItemId="S54" CovItemPrefix="SecretCode.java" Intrnl_Id="145">
<LocList>
<Loc EndOffset="5293" SrcFileId="1" StartOffset="5280"/>
</LocList>
</BasicStmnt>
</StmntSeq>
</Branch>
<Branch CovItemId="B18" CovItemPrefix="SecretCode.java" Implct="false" Intrnl_Id="146">
<Cond>
<Loc EndOffset="5302" SrcFileId="1" StartOffset="5298"/>
</Cond>
<LocList>
<Loc EndOffset="5315" SrcFileId="1" StartOffset="5303"/>
</LocList>
<StmntSeq Intrnl_Id="147">
<LocList>
<Loc EndOffset="5315" SrcFileId="1" StartOffset="5303"/>
</LocList>
<BasicStmnt CovItemId="S55" CovItemPrefix="SecretCode.java" Intrnl_Id="148">
<LocList>
<Loc EndOffset="5315" SrcFileId="1" StartOffset="5303"/>
</LocList>
</BasicStmnt>
</StmntSeq>
</Branch>
<Keyword EndOffset="5264" SrcFileId="1" StartOffset="5262"/>
<LocList>
<Loc EndOffset="5315" SrcFileId="1" StartOffset="5262"/>
</LocList>
<RootTerm CovItemId="C14" CovItemPrefix="SecretCode.java" Intrnl_Id="149">
<BasicBoolTerm Intrnl_Id="150">
<LocList>
<Loc EndOffset="5278" SrcFileId="1" StartOffset="5265"/>
</LocList>
</BasicBoolTerm>
</RootTerm>
</CondStmnt>
</StmntSeq>
</Branch>
<Keyword EndOffset="5225" SrcFileId="1" StartOffset="5223"/>
<LocList>
<Loc EndOffset="5315" SrcFileId="1" StartOffset="5223"/>
</LocList>
<RootTerm CovItemId="C13" CovItemPrefix="SecretCode.java" Intrnl_Id="151">
<BasicBoolTerm Intrnl_Id="152">
<LocList>
<Loc EndOffset="5239" SrcFileId="1" StartOffset="5226"/>
</LocList>
</BasicBoolTerm>
</RootTerm>
</CondStmnt>
</StmntSeq>
<Keyword EndOffset="5199" SrcFileId="1" StartOffset="5196"/>
<LocList>
<Loc EndOffset="5320" SrcFileId="1" StartOffset="5196"/>
</LocList>
<RootTerm CovItemId="C12" CovItemPrefix="SecretCode.java" Intrnl_Id="153">
<BasicBoolTerm Intrnl_Id="154">
<LocList>
<Loc EndOffset="5211" SrcFileId="1" StartOffset="5208"/>
</LocList>
</BasicBoolTerm>
</RootTerm>
</LoopStmnt>
<BasicStmnt CovItemId="S56" CovItemPrefix="SecretCode.java" Intrnl_Id="155">
<LocList>
<Loc EndOffset="5333" SrcFileId="1" StartOffset="5324"/>
</LocList>
</BasicStmnt>
</StmntSeq>
</HierarchyLvl>
</HierarchyLvl>
</HierarchyLvl>
</MASTRoot>
</TestSessionContainer>
