<?xml version="1.0" encoding="UTF-8"?><TestSessionContainer xmlns="http://www.codecover.org/xml/testsession-container" Date="1687623851496" TestSessionContainerId="6973d5d7-7d1d-4561-b31b-baa16edc9b24" version="1.0">
<SrcFileList>
<SrcFile Content="&#13;&#10;public class SecretCode {&#13;&#10;&#9;private /*@spec_public@*/ String code[] = new String[5];&#13;&#10;&#9;private /*@spec_public@*/ int points;&#13;&#10;&#9;private /*@spec_public@*/ int turn;&#13;&#10;&#9;private /*@spec_public@*/ boolean previous[]; &#13;&#10;&#9;private /*@spec_public@*/ int results[] = new int[5]; //-1 miss, 0 close, 1 hit &#13;&#10;&#9;public boolean EndGame = false;&#13;&#10;&#9;&#13;&#10;&#9;//i turni devono essere compresi tra 0 e 10&#13;&#10;&#9;//@ public invariant turn &gt;=0 &amp;&amp; turn &lt;=10;&#13;&#10;&#9;&#13;&#10;&#9;//ogni pezzo di codice è composto da una e una sola lettera&#13;&#10;&#9;//@ public invariant (\forall int x; x&lt;5 &amp;&amp; x&gt;=0; (code[x].length())== 1); &#13;&#10;&#9;&#13;&#10;&#9;&#13;&#10;&#9;&#13;&#10;&#9;//il codice non può essere vuoto&#13;&#10;&#9;//@ requires c!=null;&#13;&#10;&#9;// il codice deve essere lungo 5&#13;&#10;&#9;//@ requires c.length == 5;&#13;&#10;&#9;// inizialmente i controlli sono settati a falso&#13;&#10;&#9;//@ ensures (\forall int x; x&lt;5 &amp;&amp; x&gt;=0; previous[x]==false);&#13;&#10;&#9;//il codice segreto viene impostato uguale all'input&#13;&#10;&#9;//@ ensures code == c;&#13;&#10;&#9;public SecretCode(String c[]) {&#13;&#10;&#9;&#9;previous = new boolean[]{false,false,false,false,false};&#13;&#10;&#9;&#9;code = c;&#13;&#10;&#9;&#9;points = 0;&#13;&#10;&#9;&#9;turn = 1;&#13;&#10;&#9;}&#13;&#10;&#9;&#13;&#10;&#9;&#13;&#10;&#9;// la lunghezza del tentativo deve essere 5&#13;&#10;&#9;//@ requires c.length == 5;&#13;&#10;&#9;// ogni parte di codice non deve essere nulla e lunga 1&#13;&#10;&#9;//@ requires (\forall int x; x&lt;5 &amp;&amp; x&gt;=0; (c[x].length())== 1 &amp;&amp; c[x]!=null);&#13;&#10;&#9;// se al turno precedente ho indovinato un pezzo, devo mantenere quel risultato&#13;&#10;&#9;//@ requires isCodeValid(c);&#13;&#10;&#9;// se ho indovinato il codice, ritorna vero, altrimenti, ritorna falso&#13;&#10;&#9;//@ ensures (code==c) &lt;==&gt; \result;&#13;&#10;&#9;//@ ensures (code!=c) &lt;==&gt; !\result;&#13;&#10;&#9;// se il turno è maggiore o uguale a 10 torna falso, ma se è falso non vuol dire che il turno sia &gt;=10&#13;&#10;&#9;//@ ensures (turn&gt;=10) ==&gt; !\result;&#13;&#10;&#9;// i punti vengono assegnati correttamente&#13;&#10;&#9;//@ ensures (turn&lt;10 &amp;&amp; isCodeValid(c)) ==&gt; (points == \old(points) + guessPoints(c));&#13;&#10;&#9;//@ diverges true;&#13;&#10;&#9;public boolean guessCode(String c[]) {&#13;&#10;&#9;&#9;&#13;&#10;&#9;&#9;boolean end = EndGame;&#13;&#10;&#9;&#9;if(turn &lt; 10 &amp;&amp; isCodeValid(c)) {&#13;&#10;&#9;&#9;&#9;&#13;&#10;&#9;&#9;&#9;//@ loop_invariant code[i]!=null;&#13;&#10;&#9;&#9;&#9;for(int i=0; i&lt; code.length ;i++) {&#13;&#10;&#9;&#9;&#9;&#9;if(code[i].equals(c[i])==false) {&#13;&#10;&#9;&#9;&#9;&#9;&#9;end = false;&#13;&#10;&#9;&#9;&#9;&#9;&#9;break;&#13;&#10;&#9;&#9;&#9;&#9;}else {&#13;&#10;&#9;&#9;&#9;&#9;&#9;end= true;&#13;&#10;&#9;&#9;&#9;&#9;}&#9;&#13;&#10;&#9;&#9;&#9;}&#13;&#10;&#9;&#9;&#9;points += guessPoints(c);&#13;&#10;&#9;&#9;&#9;turn++;&#13;&#10;&#9;&#9;&#9;//@ assert turn &lt;= 10;&#13;&#10;&#9;&#9;}&#13;&#10;&#9;&#9;&#13;&#10;&#9;&#13;&#10;&#9;&#9;return end;&#13;&#10;&#9;&#9;&#13;&#10;&#9;}&#13;&#10;&#9;&#13;&#10;&#9;// la lunghezza del tentativo deve essere 5&#13;&#10;&#9;//@ requires c.length == 5;&#13;&#10;&#9;// ogni parte di codice non deve essere nulla e lunga 1&#13;&#10;&#9;//@ requires (\forall int x; x&lt;5 &amp;&amp; x&gt;=0; (c[x].length())== 1 &amp;&amp; c[x]!=null);&#13;&#10;&#9;// controllo che il risultato rispecchi la regola di correttezza&#13;&#10;&#9;//@ ensures \result &lt;==&gt; (\forall int x; x&lt;5 &amp;&amp; x&gt;=0; code[x].equals(c[x]) || !previous[x]);&#13;&#10;&#9;//@ ensures !\result &lt;==&gt; (\exists int x; x&lt;5 &amp;&amp; x&gt;=0; !(code[x].equals(c[x])) || previous[x]);&#13;&#10;&#9;//@ diverges true;&#13;&#10;&#9;private /*@ pure spec_public @*/boolean isCodeValid(String c[]) {&#13;&#10;&#9;&#9;&#13;&#10;&#9;&#9;boolean flag = false;&#13;&#10;&#9;&#9;&#13;&#10;&#9;&#9;//@ loop_invariant code[i]!=null;&#13;&#10;&#9;&#9;for(int i=0; i&lt; code.length ;i++) {&#13;&#10;&#9;&#9;&#9;if(code[i].equals(c[i])==false &amp;&amp; previous[i]==true) {&#13;&#10;&#9;&#9;&#9;&#9;flag = false;&#13;&#10;&#9;&#9;&#9;&#9;break;&#13;&#10;&#9;&#9;&#9;}else {&#13;&#10;&#9;&#9;&#9;&#9;flag= true;&#13;&#10;&#9;&#9;&#9;}&#9;&#13;&#10;&#9;&#9;}&#9;&#9;&#13;&#10;&#9;&#9;&#13;&#10;&#9;&#9;return flag;&#13;&#10;&#9;}&#13;&#10;&#9;&#13;&#10;&#9;// la lunghezza del tentativo deve essere 5&#13;&#10;&#9;//@ requires c.length == 5;&#13;&#10;&#9;// ogni parte di codice non deve essere nulla e lunga 1&#13;&#10;&#9;//@ requires (\forall int x; x&lt;5 &amp;&amp; x&gt;=0; (c[x].length())== 1 &amp;&amp; c[x]!=null);&#13;&#10;&#9;// se ho fatto tutto giusto, devo aver guadagnato 10*turn punti&#13;&#10;&#9;//@ ensures  (\forall int x; x&lt;5 &amp;&amp; x&gt;=0; code[x].equals(c[x])) &lt;==&gt; \result==10*turn;&#13;&#10;&#9;// se ho fatto qualcosa di sbagliato, devo aver guadagnato meno di 10*turn punti&#13;&#10;&#9;//@ ensures  (\exists int x; x&lt;5 &amp;&amp; x&gt;=0; !(code[x].equals(c[x]))) &lt;==&gt; \result&lt;=10*turn;&#13;&#10;&#9;//@ diverges true;&#13;&#10;&#9;private /*@ pure spec_public @*/ int guessPoints(String c[]) {&#13;&#10;&#9;&#9;&#13;&#10;&#9;&#9;int p = 0;&#13;&#10;&#9;&#9;&#13;&#10;&#9;&#9;//@ loop_invariant code[i]!=null;&#13;&#10;&#9;&#9;for(int i=0; i&lt; code.length ;i++) {&#13;&#10;&#9;&#9;&#9;if(code[i].equals(c[i])) {&#13;&#10;&#9;&#9;&#9;&#9;previous[i] = true;&#13;&#10;&#9;&#9;&#9;&#9;p += 2*turn;&#13;&#10;&#9;&#9;&#9;&#9;results[i] = 1;&#13;&#10;&#9;&#9;&#9;}else if( isLetterinCode(c[i])){&#13;&#10;&#9;&#9;&#9;&#9;previous[i] = false;&#13;&#10;&#9;&#9;&#9;&#9;p += 1*turn;&#13;&#10;&#9;&#9;&#9;&#9;results[i] = 0;&#13;&#10;&#9;&#9;&#9;}else {&#13;&#10;&#9;&#9;&#9;&#9;previous[i] = false;&#13;&#10;&#9;&#9;&#9;&#9;p -= 2*turn;&#13;&#10;&#9;&#9;&#9;&#9;results[i] = -1;&#13;&#10;&#9;&#9;&#9;}&#13;&#10;&#9;&#9;}&#13;&#10;&#9;&#9;return p;&#13;&#10;&#9;}&#13;&#10;&#9;&#13;&#10;&#9;//puoi prendere solo una lettera come input&#13;&#10;&#9;//@ requires l!=null &amp;&amp; l.length() == 1 ;&#13;&#10;&#9;// se esiste una pezzo di codice uguale alla lettera, ritorna vero&#13;&#10;&#9;//@ ensures  (\exists int x; x&lt;5 &amp;&amp; x&gt;=0; code[x].equals(l)) &lt;==&gt; \result;&#13;&#10;&#9;// se non esiste una pezzo di codice uguale alla lettera, ritorna falso&#13;&#10;&#9;//@ ensures  (\forall int x; x&lt;5 &amp;&amp; x&gt;=0; !(code[x].equals(l))) &lt;==&gt; !\result;&#13;&#10;&#9;//@ diverges true;&#13;&#10;&#9;private boolean isLetterinCode(String l) {&#13;&#10;&#9;&#9;&#13;&#10;&#9;&#9;boolean flag = false;&#13;&#10;&#9;&#9;&#13;&#10;&#9;&#9;//@ loop_invariant code[i]!=null;&#13;&#10;&#9;&#9;for(int i=0; i&lt; code.length ;i++) {&#13;&#10;&#9;&#9;&#9;if(code[i]==l) {&#13;&#10;&#9;&#9;&#9;&#9;flag = true;&#13;&#10;&#9;&#9;&#9;&#9;break;&#13;&#10;&#9;&#9;&#9;}else {&#13;&#10;&#9;&#9;&#9;&#9;flag= false;&#13;&#10;&#9;&#9;&#9;}&#9;&#13;&#10;&#9;&#9;}&#13;&#10;&#9;&#9;return flag;&#13;&#10;&#9;}&#13;&#10;&#9;&#13;&#10;&#9;//@ requires true;&#13;&#10;&#9;//@ ensures  \result == points ;&#13;&#10;&#9;public int getPoints() {&#13;&#10;&#9;&#9;return points;&#13;&#10;&#9;}&#13;&#10;&#9;&#13;&#10;&#9;// non lo posso lanciare prima del primo turno perchè non avrei nessuna risposta&#13;&#10;&#9;//@ requires turn&gt;=2;&#13;&#10;&#9;//@ ensures \result.length == 5;&#13;&#10;&#9;public String[] getResults() {&#13;&#10;&#9;&#9;String[] s = new String[5];&#13;&#10;&#9;&#9;// @ loop_writes i, a[*];&#13;&#10;&#9;&#9;for(int i=0;i&lt;5;i++) {&#13;&#10;&#9;&#9;&#9;if(results[i]==1) s[i]=&quot;Hit&quot;;&#13;&#10;&#9;&#9;&#9;else if(results[i]==0) s[i]=&quot;Close&quot;;&#13;&#10;&#9;&#9;&#9;else s[i]=&quot;Miss&quot;;&#13;&#10;&#9;&#9;}&#13;&#10;&#9;&#9;return s;&#13;&#10;&#9;}&#13;&#10;&#9;&#13;&#10;}&#13;&#10;" Filename="SecretCode.java" Intrnl_Id="1"/>
</SrcFileList>
<CritList>
<CritListEntry Name="org.codecover.model.utils.criteria.ConditionCoverage" PluginName="org.codecover"/>
<CritListEntry Name="org.codecover.model.utils.criteria.BranchCoverage" PluginName="org.codecover"/>
<CritListEntry Name="org.codecover.model.utils.criteria.StatementCoverage" PluginName="org.codecover"/>
</CritList>
<BoolOpList>
<BoolOp Arity="2" Intrnl_Id="2" Name="conditional and (&amp;&amp;)">
<BoolAssgnmntBoolMapList>
<MapEntry BoolAssgnmnt="02" Value="false"/>
<MapEntry BoolAssgnmnt="10" Value="false"/>
<MapEntry BoolAssgnmnt="11" Value="true"/>
</BoolAssgnmntBoolMapList>
</BoolOp>
</BoolOpList>
<HierarchyLvlTypeList>
<HierarchyLvlType EnglishName="method" IntrnlName="method" Intrnl_Id="3"/>
<HierarchyLvlType EnglishName="class" IntrnlName="class" Intrnl_Id="4"/>
<HierarchyLvlType EnglishName="default package" IntrnlName="default package" Intrnl_Id="5"/>
</HierarchyLvlTypeList>
<MASTRoot>
<HierarchyLvl HierarchyLvlId="639" HierarchyLvlTypeId="5" Intrnl_Id="6" Name="default package">
<Header/>
<LocList/>
<HierarchyLvl HierarchyLvlId="638" HierarchyLvlTypeId="4" Intrnl_Id="7" Name="SecretCode">
<Header>
<Loc EndOffset="25" SrcFileId="1" StartOffset="2"/>
</Header>
<LocList>
<Loc EndOffset="5272" SrcFileId="1" StartOffset="2"/>
</LocList>
<StmntSeq Intrnl_Id="8">
<LocList>
<Loc EndOffset="86" SrcFileId="1" StartOffset="30"/>
<Loc EndOffset="269" SrcFileId="1" StartOffset="216"/>
<Loc EndOffset="330" SrcFileId="1" StartOffset="299"/>
</LocList>
<BasicStmnt CovItemId="S1" CovItemPrefix="SecretCode.java" Intrnl_Id="9">
<LocList>
<Loc EndOffset="86" SrcFileId="1" StartOffset="30"/>
</LocList>
</BasicStmnt>
<BasicStmnt CovItemId="S2" CovItemPrefix="SecretCode.java" Intrnl_Id="10">
<LocList>
<Loc EndOffset="269" SrcFileId="1" StartOffset="216"/>
</LocList>
</BasicStmnt>
<BasicStmnt CovItemId="S3" CovItemPrefix="SecretCode.java" Intrnl_Id="11">
<LocList>
<Loc EndOffset="330" SrcFileId="1" StartOffset="299"/>
</LocList>
</BasicStmnt>
</StmntSeq>
<HierarchyLvl HierarchyLvlId="631" HierarchyLvlTypeId="3" Intrnl_Id="12" Name="SecretCode">
<Header>
<Loc EndOffset="928" SrcFileId="1" StartOffset="899"/>
</Header>
<LocList>
<Loc EndOffset="1035" SrcFileId="1" StartOffset="899"/>
</LocList>
<StmntSeq Intrnl_Id="13">
<LocList>
<Loc EndOffset="990" SrcFileId="1" StartOffset="934"/>
<Loc EndOffset="1003" SrcFileId="1" StartOffset="994"/>
<Loc EndOffset="1018" SrcFileId="1" StartOffset="1007"/>
<Loc EndOffset="1031" SrcFileId="1" StartOffset="1022"/>
</LocList>
<BasicStmnt CovItemId="S4" CovItemPrefix="SecretCode.java" Intrnl_Id="14">
<LocList>
<Loc EndOffset="990" SrcFileId="1" StartOffset="934"/>
</LocList>
</BasicStmnt>
<BasicStmnt CovItemId="S5" CovItemPrefix="SecretCode.java" Intrnl_Id="15">
<LocList>
<Loc EndOffset="1003" SrcFileId="1" StartOffset="994"/>
</LocList>
</BasicStmnt>
<BasicStmnt CovItemId="S6" CovItemPrefix="SecretCode.java" Intrnl_Id="16">
<LocList>
<Loc EndOffset="1018" SrcFileId="1" StartOffset="1007"/>
</LocList>
</BasicStmnt>
<BasicStmnt CovItemId="S7" CovItemPrefix="SecretCode.java" Intrnl_Id="17">
<LocList>
<Loc EndOffset="1031" SrcFileId="1" StartOffset="1022"/>
</LocList>
</BasicStmnt>
</StmntSeq>
</HierarchyLvl>
<HierarchyLvl HierarchyLvlId="632" HierarchyLvlTypeId="3" Intrnl_Id="18" Name="guessCode">
<Header>
<Loc EndOffset="1856" SrcFileId="1" StartOffset="1820"/>
</Header>
<LocList>
<Loc EndOffset="2227" SrcFileId="1" StartOffset="1820"/>
</LocList>
<StmntSeq Intrnl_Id="19">
<LocList>
<Loc EndOffset="1888" SrcFileId="1" StartOffset="1866"/>
<Loc EndOffset="2197" SrcFileId="1" StartOffset="1892"/>
<Loc EndOffset="2219" SrcFileId="1" StartOffset="2208"/>
</LocList>
<BasicStmnt CovItemId="S8" CovItemPrefix="SecretCode.java" Intrnl_Id="20">
<LocList>
<Loc EndOffset="1888" SrcFileId="1" StartOffset="1866"/>
</LocList>
</BasicStmnt>
<CondStmnt CovItemId="S9" CovItemPrefix="SecretCode.java" Intrnl_Id="21">
<Branch CovItemId="B1" CovItemPrefix="SecretCode.java" Implct="false" Intrnl_Id="22">
<Cond/>
<LocList>
<Loc EndOffset="2197" SrcFileId="1" StartOffset="1924"/>
</LocList>
<StmntSeq Intrnl_Id="23">
<LocList>
<Loc EndOffset="2123" SrcFileId="1" StartOffset="1973"/>
<Loc EndOffset="2153" SrcFileId="1" StartOffset="2128"/>
<Loc EndOffset="2165" SrcFileId="1" StartOffset="2158"/>
</LocList>
<LoopStmnt CovItemId="S10" CovItemPrefix="SecretCode.java" Intrnl_Id="24" MltplExecId="L1-2" MltplExecPrefix="SecretCode.java" NvrExecId="L1-0" NvrExecPrefix="SecretCode.java" OnceExecutedId="L1-1" OnceExecutedPrefix="SecretCode.java" OptBodyExec="true">
<StmntSeq Intrnl_Id="25">
<LocList>
<Loc EndOffset="2116" SrcFileId="1" StartOffset="2014"/>
</LocList>
<CondStmnt CovItemId="S11" CovItemPrefix="SecretCode.java" Intrnl_Id="26">
<Branch CovItemId="B3" CovItemPrefix="SecretCode.java" Implct="false" Intrnl_Id="27">
<Cond/>
<LocList>
<Loc EndOffset="2086" SrcFileId="1" StartOffset="2046"/>
</LocList>
<StmntSeq Intrnl_Id="28">
<LocList>
<Loc EndOffset="2066" SrcFileId="1" StartOffset="2054"/>
<Loc EndOffset="2079" SrcFileId="1" StartOffset="2073"/>
</LocList>
<BasicStmnt CovItemId="S12" CovItemPrefix="SecretCode.java" Intrnl_Id="29">
<LocList>
<Loc EndOffset="2066" SrcFileId="1" StartOffset="2054"/>
</LocList>
</BasicStmnt>
<BasicStmnt CovItemId="S13" CovItemPrefix="SecretCode.java" Intrnl_Id="30">
<LocList>
<Loc EndOffset="2079" SrcFileId="1" StartOffset="2073"/>
</LocList>
</BasicStmnt>
</StmntSeq>
</Branch>
<Branch CovItemId="B4" CovItemPrefix="SecretCode.java" Implct="false" Intrnl_Id="31">
<Cond>
<Loc EndOffset="2090" SrcFileId="1" StartOffset="2086"/>
</Cond>
<LocList>
<Loc EndOffset="2116" SrcFileId="1" StartOffset="2091"/>
</LocList>
<StmntSeq Intrnl_Id="32">
<LocList>
<Loc EndOffset="2109" SrcFileId="1" StartOffset="2099"/>
</LocList>
<BasicStmnt CovItemId="S14" CovItemPrefix="SecretCode.java" Intrnl_Id="33">
<LocList>
<Loc EndOffset="2109" SrcFileId="1" StartOffset="2099"/>
</LocList>
</BasicStmnt>
</StmntSeq>
</Branch>
<Keyword EndOffset="2016" SrcFileId="1" StartOffset="2014"/>
<LocList>
<Loc EndOffset="2116" SrcFileId="1" StartOffset="2014"/>
</LocList>
<RootTerm CovItemId="C3" CovItemPrefix="SecretCode.java" Intrnl_Id="34">
<BasicBoolTerm Intrnl_Id="35">
<LocList>
<Loc EndOffset="2044" SrcFileId="1" StartOffset="2017"/>
</LocList>
</BasicBoolTerm>
</RootTerm>
</CondStmnt>
</StmntSeq>
<Keyword EndOffset="1976" SrcFileId="1" StartOffset="1973"/>
<LocList>
<Loc EndOffset="2123" SrcFileId="1" StartOffset="1973"/>
</LocList>
<RootTerm CovItemId="C2" CovItemPrefix="SecretCode.java" Intrnl_Id="36">
<BasicBoolTerm Intrnl_Id="37">
<LocList>
<Loc EndOffset="2000" SrcFileId="1" StartOffset="1986"/>
</LocList>
</BasicBoolTerm>
</RootTerm>
</LoopStmnt>
<BasicStmnt CovItemId="S15" CovItemPrefix="SecretCode.java" Intrnl_Id="38">
<LocList>
<Loc EndOffset="2153" SrcFileId="1" StartOffset="2128"/>
</LocList>
</BasicStmnt>
<BasicStmnt CovItemId="S16" CovItemPrefix="SecretCode.java" Intrnl_Id="39">
<LocList>
<Loc EndOffset="2165" SrcFileId="1" StartOffset="2158"/>
</LocList>
</BasicStmnt>
</StmntSeq>
</Branch>
<Branch CovItemId="B2" CovItemPrefix="SecretCode.java" Implct="true" Intrnl_Id="40">
<Cond/>
<LocList/>
<StmntSeq Intrnl_Id="41">
<LocList/>
</StmntSeq>
</Branch>
<Keyword EndOffset="1894" SrcFileId="1" StartOffset="1892"/>
<LocList>
<Loc EndOffset="2197" SrcFileId="1" StartOffset="1892"/>
</LocList>
<RootTerm CovItemId="C1" CovItemPrefix="SecretCode.java" Intrnl_Id="42">
<OpTerm BooleanOpId="2" Intrnl_Id="43">
<BasicBoolTerm Intrnl_Id="44">
<LocList>
<Loc EndOffset="1904" SrcFileId="1" StartOffset="1895"/>
</LocList>
</BasicBoolTerm>
<BasicBoolTerm Intrnl_Id="45">
<LocList>
<Loc EndOffset="1922" SrcFileId="1" StartOffset="1908"/>
</LocList>
</BasicBoolTerm>
<LocList>
<Loc EndOffset="1907" SrcFileId="1" StartOffset="1905"/>
</LocList>
</OpTerm>
</RootTerm>
</CondStmnt>
<BasicStmnt CovItemId="S17" CovItemPrefix="SecretCode.java" Intrnl_Id="46">
<LocList>
<Loc EndOffset="2219" SrcFileId="1" StartOffset="2208"/>
</LocList>
</BasicStmnt>
</StmntSeq>
</HierarchyLvl>
<HierarchyLvl HierarchyLvlId="633" HierarchyLvlTypeId="3" Intrnl_Id="47" Name="isCodeValid">
<Header>
<Loc EndOffset="2791" SrcFileId="1" StartOffset="2728"/>
</Header>
<LocList>
<Loc EndOffset="3059" SrcFileId="1" StartOffset="2728"/>
</LocList>
<StmntSeq Intrnl_Id="48">
<LocList>
<Loc EndOffset="2822" SrcFileId="1" StartOffset="2801"/>
<Loc EndOffset="3033" SrcFileId="1" StartOffset="2867"/>
<Loc EndOffset="3055" SrcFileId="1" StartOffset="3043"/>
</LocList>
<BasicStmnt CovItemId="S18" CovItemPrefix="SecretCode.java" Intrnl_Id="49">
<LocList>
<Loc EndOffset="2822" SrcFileId="1" StartOffset="2801"/>
</LocList>
</BasicStmnt>
<LoopStmnt CovItemId="S19" CovItemPrefix="SecretCode.java" Intrnl_Id="50" MltplExecId="L2-2" MltplExecPrefix="SecretCode.java" NvrExecId="L2-0" NvrExecPrefix="SecretCode.java" OnceExecutedId="L2-1" OnceExecutedPrefix="SecretCode.java" OptBodyExec="true">
<StmntSeq Intrnl_Id="51">
<LocList>
<Loc EndOffset="3027" SrcFileId="1" StartOffset="2907"/>
</LocList>
<CondStmnt CovItemId="S20" CovItemPrefix="SecretCode.java" Intrnl_Id="52">
<Branch CovItemId="B5" CovItemPrefix="SecretCode.java" Implct="false" Intrnl_Id="53">
<Cond/>
<LocList>
<Loc EndOffset="2998" SrcFileId="1" StartOffset="2960"/>
</LocList>
<StmntSeq Intrnl_Id="54">
<LocList>
<Loc EndOffset="2980" SrcFileId="1" StartOffset="2967"/>
<Loc EndOffset="2992" SrcFileId="1" StartOffset="2986"/>
</LocList>
<BasicStmnt CovItemId="S21" CovItemPrefix="SecretCode.java" Intrnl_Id="55">
<LocList>
<Loc EndOffset="2980" SrcFileId="1" StartOffset="2967"/>
</LocList>
</BasicStmnt>
<BasicStmnt CovItemId="S22" CovItemPrefix="SecretCode.java" Intrnl_Id="56">
<LocList>
<Loc EndOffset="2992" SrcFileId="1" StartOffset="2986"/>
</LocList>
</BasicStmnt>
</StmntSeq>
</Branch>
<Branch CovItemId="B6" CovItemPrefix="SecretCode.java" Implct="false" Intrnl_Id="57">
<Cond>
<Loc EndOffset="3002" SrcFileId="1" StartOffset="2998"/>
</Cond>
<LocList>
<Loc EndOffset="3027" SrcFileId="1" StartOffset="3003"/>
</LocList>
<StmntSeq Intrnl_Id="58">
<LocList>
<Loc EndOffset="3021" SrcFileId="1" StartOffset="3010"/>
</LocList>
<BasicStmnt CovItemId="S23" CovItemPrefix="SecretCode.java" Intrnl_Id="59">
<LocList>
<Loc EndOffset="3021" SrcFileId="1" StartOffset="3010"/>
</LocList>
</BasicStmnt>
</StmntSeq>
</Branch>
<Keyword EndOffset="2909" SrcFileId="1" StartOffset="2907"/>
<LocList>
<Loc EndOffset="3027" SrcFileId="1" StartOffset="2907"/>
</LocList>
<RootTerm CovItemId="C5" CovItemPrefix="SecretCode.java" Intrnl_Id="60">
<OpTerm BooleanOpId="2" Intrnl_Id="61">
<BasicBoolTerm Intrnl_Id="62">
<LocList>
<Loc EndOffset="2937" SrcFileId="1" StartOffset="2910"/>
</LocList>
</BasicBoolTerm>
<BasicBoolTerm Intrnl_Id="63">
<LocList>
<Loc EndOffset="2958" SrcFileId="1" StartOffset="2941"/>
</LocList>
</BasicBoolTerm>
<LocList>
<Loc EndOffset="2940" SrcFileId="1" StartOffset="2938"/>
</LocList>
</OpTerm>
</RootTerm>
</CondStmnt>
</StmntSeq>
<Keyword EndOffset="2870" SrcFileId="1" StartOffset="2867"/>
<LocList>
<Loc EndOffset="3033" SrcFileId="1" StartOffset="2867"/>
</LocList>
<RootTerm CovItemId="C4" CovItemPrefix="SecretCode.java" Intrnl_Id="64">
<BasicBoolTerm Intrnl_Id="65">
<LocList>
<Loc EndOffset="2894" SrcFileId="1" StartOffset="2880"/>
</LocList>
</BasicBoolTerm>
</RootTerm>
</LoopStmnt>
<BasicStmnt CovItemId="S24" CovItemPrefix="SecretCode.java" Intrnl_Id="66">
<LocList>
<Loc EndOffset="3055" SrcFileId="1" StartOffset="3043"/>
</LocList>
</BasicStmnt>
</StmntSeq>
</HierarchyLvl>
<HierarchyLvl HierarchyLvlId="634" HierarchyLvlTypeId="3" Intrnl_Id="67" Name="guessPoints">
<Header>
<Loc EndOffset="3690" SrcFileId="1" StartOffset="3630"/>
</Header>
<LocList>
<Loc EndOffset="4093" SrcFileId="1" StartOffset="3630"/>
</LocList>
<StmntSeq Intrnl_Id="68">
<LocList>
<Loc EndOffset="3710" SrcFileId="1" StartOffset="3700"/>
<Loc EndOffset="4076" SrcFileId="1" StartOffset="3755"/>
<Loc EndOffset="4089" SrcFileId="1" StartOffset="4080"/>
</LocList>
<BasicStmnt CovItemId="S25" CovItemPrefix="SecretCode.java" Intrnl_Id="69">
<LocList>
<Loc EndOffset="3710" SrcFileId="1" StartOffset="3700"/>
</LocList>
</BasicStmnt>
<LoopStmnt CovItemId="S26" CovItemPrefix="SecretCode.java" Intrnl_Id="70" MltplExecId="L3-2" MltplExecPrefix="SecretCode.java" NvrExecId="L3-0" NvrExecPrefix="SecretCode.java" OnceExecutedId="L3-1" OnceExecutedPrefix="SecretCode.java" OptBodyExec="true">
<StmntSeq Intrnl_Id="71">
<LocList>
<Loc EndOffset="4071" SrcFileId="1" StartOffset="3795"/>
</LocList>
<CondStmnt CovItemId="S27" CovItemPrefix="SecretCode.java" Intrnl_Id="72">
<Branch CovItemId="B7" CovItemPrefix="SecretCode.java" Implct="false" Intrnl_Id="73">
<Cond/>
<LocList>
<Loc EndOffset="3891" SrcFileId="1" StartOffset="3820"/>
</LocList>
<StmntSeq Intrnl_Id="74">
<LocList>
<Loc EndOffset="3846" SrcFileId="1" StartOffset="3827"/>
<Loc EndOffset="3864" SrcFileId="1" StartOffset="3852"/>
<Loc EndOffset="3885" SrcFileId="1" StartOffset="3870"/>
</LocList>
<BasicStmnt CovItemId="S28" CovItemPrefix="SecretCode.java" Intrnl_Id="75">
<LocList>
<Loc EndOffset="3846" SrcFileId="1" StartOffset="3827"/>
</LocList>
</BasicStmnt>
<BasicStmnt CovItemId="S29" CovItemPrefix="SecretCode.java" Intrnl_Id="76">
<LocList>
<Loc EndOffset="3864" SrcFileId="1" StartOffset="3852"/>
</LocList>
</BasicStmnt>
<BasicStmnt CovItemId="S30" CovItemPrefix="SecretCode.java" Intrnl_Id="77">
<LocList>
<Loc EndOffset="3885" SrcFileId="1" StartOffset="3870"/>
</LocList>
</BasicStmnt>
</StmntSeq>
</Branch>
<Branch CovItemId="B8" CovItemPrefix="SecretCode.java" Implct="false" Intrnl_Id="78">
<Cond>
<Loc EndOffset="3895" SrcFileId="1" StartOffset="3891"/>
</Cond>
<LocList>
<Loc EndOffset="4071" SrcFileId="1" StartOffset="3896"/>
</LocList>
<StmntSeq Intrnl_Id="79">
<LocList>
<Loc EndOffset="4071" SrcFileId="1" StartOffset="3896"/>
</LocList>
<CondStmnt CovItemId="S31" CovItemPrefix="SecretCode.java" Intrnl_Id="80">
<Branch CovItemId="B9" CovItemPrefix="SecretCode.java" Implct="false" Intrnl_Id="81">
<Cond/>
<LocList>
<Loc EndOffset="3993" SrcFileId="1" StartOffset="3921"/>
</LocList>
<StmntSeq Intrnl_Id="82">
<LocList>
<Loc EndOffset="3948" SrcFileId="1" StartOffset="3928"/>
<Loc EndOffset="3966" SrcFileId="1" StartOffset="3954"/>
<Loc EndOffset="3987" SrcFileId="1" StartOffset="3972"/>
</LocList>
<BasicStmnt CovItemId="S32" CovItemPrefix="SecretCode.java" Intrnl_Id="83">
<LocList>
<Loc EndOffset="3948" SrcFileId="1" StartOffset="3928"/>
</LocList>
</BasicStmnt>
<BasicStmnt CovItemId="S33" CovItemPrefix="SecretCode.java" Intrnl_Id="84">
<LocList>
<Loc EndOffset="3966" SrcFileId="1" StartOffset="3954"/>
</LocList>
</BasicStmnt>
<BasicStmnt CovItemId="S34" CovItemPrefix="SecretCode.java" Intrnl_Id="85">
<LocList>
<Loc EndOffset="3987" SrcFileId="1" StartOffset="3972"/>
</LocList>
</BasicStmnt>
</StmntSeq>
</Branch>
<Branch CovItemId="B10" CovItemPrefix="SecretCode.java" Implct="false" Intrnl_Id="86">
<Cond>
<Loc EndOffset="3997" SrcFileId="1" StartOffset="3993"/>
</Cond>
<LocList>
<Loc EndOffset="4071" SrcFileId="1" StartOffset="3998"/>
</LocList>
<StmntSeq Intrnl_Id="87">
<LocList>
<Loc EndOffset="4025" SrcFileId="1" StartOffset="4005"/>
<Loc EndOffset="4043" SrcFileId="1" StartOffset="4031"/>
<Loc EndOffset="4065" SrcFileId="1" StartOffset="4049"/>
</LocList>
<BasicStmnt CovItemId="S35" CovItemPrefix="SecretCode.java" Intrnl_Id="88">
<LocList>
<Loc EndOffset="4025" SrcFileId="1" StartOffset="4005"/>
</LocList>
</BasicStmnt>
<BasicStmnt CovItemId="S36" CovItemPrefix="SecretCode.java" Intrnl_Id="89">
<LocList>
<Loc EndOffset="4043" SrcFileId="1" StartOffset="4031"/>
</LocList>
</BasicStmnt>
<BasicStmnt CovItemId="S37" CovItemPrefix="SecretCode.java" Intrnl_Id="90">
<LocList>
<Loc EndOffset="4065" SrcFileId="1" StartOffset="4049"/>
</LocList>
</BasicStmnt>
</StmntSeq>
</Branch>
<Keyword EndOffset="3898" SrcFileId="1" StartOffset="3896"/>
<LocList>
<Loc EndOffset="4071" SrcFileId="1" StartOffset="3896"/>
</LocList>
<RootTerm CovItemId="C8" CovItemPrefix="SecretCode.java" Intrnl_Id="91">
<BasicBoolTerm Intrnl_Id="92">
<LocList>
<Loc EndOffset="3920" SrcFileId="1" StartOffset="3900"/>
</LocList>
</BasicBoolTerm>
</RootTerm>
</CondStmnt>
</StmntSeq>
</Branch>
<Keyword EndOffset="3797" SrcFileId="1" StartOffset="3795"/>
<LocList>
<Loc EndOffset="4071" SrcFileId="1" StartOffset="3795"/>
</LocList>
<RootTerm CovItemId="C7" CovItemPrefix="SecretCode.java" Intrnl_Id="93">
<BasicBoolTerm Intrnl_Id="94">
<LocList>
<Loc EndOffset="3818" SrcFileId="1" StartOffset="3798"/>
</LocList>
</BasicBoolTerm>
</RootTerm>
</CondStmnt>
</StmntSeq>
<Keyword EndOffset="3758" SrcFileId="1" StartOffset="3755"/>
<LocList>
<Loc EndOffset="4076" SrcFileId="1" StartOffset="3755"/>
</LocList>
<RootTerm CovItemId="C6" CovItemPrefix="SecretCode.java" Intrnl_Id="95">
<BasicBoolTerm Intrnl_Id="96">
<LocList>
<Loc EndOffset="3782" SrcFileId="1" StartOffset="3768"/>
</LocList>
</BasicBoolTerm>
</RootTerm>
</LoopStmnt>
<BasicStmnt CovItemId="S38" CovItemPrefix="SecretCode.java" Intrnl_Id="97">
<LocList>
<Loc EndOffset="4089" SrcFileId="1" StartOffset="4080"/>
</LocList>
</BasicStmnt>
</StmntSeq>
</HierarchyLvl>
<HierarchyLvl HierarchyLvlId="635" HierarchyLvlTypeId="3" Intrnl_Id="98" Name="isLetterinCode">
<Header>
<Loc EndOffset="4551" SrcFileId="1" StartOffset="4511"/>
</Header>
<LocList>
<Loc EndOffset="4775" SrcFileId="1" StartOffset="4511"/>
</LocList>
<StmntSeq Intrnl_Id="99">
<LocList>
<Loc EndOffset="4582" SrcFileId="1" StartOffset="4561"/>
<Loc EndOffset="4755" SrcFileId="1" StartOffset="4627"/>
<Loc EndOffset="4771" SrcFileId="1" StartOffset="4759"/>
</LocList>
<BasicStmnt CovItemId="S39" CovItemPrefix="SecretCode.java" Intrnl_Id="100">
<LocList>
<Loc EndOffset="4582" SrcFileId="1" StartOffset="4561"/>
</LocList>
</BasicStmnt>
<LoopStmnt CovItemId="S40" CovItemPrefix="SecretCode.java" Intrnl_Id="101" MltplExecId="L4-2" MltplExecPrefix="SecretCode.java" NvrExecId="L4-0" NvrExecPrefix="SecretCode.java" OnceExecutedId="L4-1" OnceExecutedPrefix="SecretCode.java" OptBodyExec="true">
<StmntSeq Intrnl_Id="102">
<LocList>
<Loc EndOffset="4749" SrcFileId="1" StartOffset="4667"/>
</LocList>
<CondStmnt CovItemId="S41" CovItemPrefix="SecretCode.java" Intrnl_Id="103">
<Branch CovItemId="B11" CovItemPrefix="SecretCode.java" Implct="false" Intrnl_Id="104">
<Cond/>
<LocList>
<Loc EndOffset="4719" SrcFileId="1" StartOffset="4682"/>
</LocList>
<StmntSeq Intrnl_Id="105">
<LocList>
<Loc EndOffset="4701" SrcFileId="1" StartOffset="4689"/>
<Loc EndOffset="4713" SrcFileId="1" StartOffset="4707"/>
</LocList>
<BasicStmnt CovItemId="S42" CovItemPrefix="SecretCode.java" Intrnl_Id="106">
<LocList>
<Loc EndOffset="4701" SrcFileId="1" StartOffset="4689"/>
</LocList>
</BasicStmnt>
<BasicStmnt CovItemId="S43" CovItemPrefix="SecretCode.java" Intrnl_Id="107">
<LocList>
<Loc EndOffset="4713" SrcFileId="1" StartOffset="4707"/>
</LocList>
</BasicStmnt>
</StmntSeq>
</Branch>
<Branch CovItemId="B12" CovItemPrefix="SecretCode.java" Implct="false" Intrnl_Id="108">
<Cond>
<Loc EndOffset="4723" SrcFileId="1" StartOffset="4719"/>
</Cond>
<LocList>
<Loc EndOffset="4749" SrcFileId="1" StartOffset="4724"/>
</LocList>
<StmntSeq Intrnl_Id="109">
<LocList>
<Loc EndOffset="4743" SrcFileId="1" StartOffset="4731"/>
</LocList>
<BasicStmnt CovItemId="S44" CovItemPrefix="SecretCode.java" Intrnl_Id="110">
<LocList>
<Loc EndOffset="4743" SrcFileId="1" StartOffset="4731"/>
</LocList>
</BasicStmnt>
</StmntSeq>
</Branch>
<Keyword EndOffset="4669" SrcFileId="1" StartOffset="4667"/>
<LocList>
<Loc EndOffset="4749" SrcFileId="1" StartOffset="4667"/>
</LocList>
<RootTerm CovItemId="C10" CovItemPrefix="SecretCode.java" Intrnl_Id="111">
<BasicBoolTerm Intrnl_Id="112">
<LocList>
<Loc EndOffset="4680" SrcFileId="1" StartOffset="4670"/>
</LocList>
</BasicBoolTerm>
</RootTerm>
</CondStmnt>
</StmntSeq>
<Keyword EndOffset="4630" SrcFileId="1" StartOffset="4627"/>
<LocList>
<Loc EndOffset="4755" SrcFileId="1" StartOffset="4627"/>
</LocList>
<RootTerm CovItemId="C9" CovItemPrefix="SecretCode.java" Intrnl_Id="113">
<BasicBoolTerm Intrnl_Id="114">
<LocList>
<Loc EndOffset="4654" SrcFileId="1" StartOffset="4640"/>
</LocList>
</BasicBoolTerm>
</RootTerm>
</LoopStmnt>
<BasicStmnt CovItemId="S45" CovItemPrefix="SecretCode.java" Intrnl_Id="115">
<LocList>
<Loc EndOffset="4771" SrcFileId="1" StartOffset="4759"/>
</LocList>
</BasicStmnt>
</StmntSeq>
</HierarchyLvl>
<HierarchyLvl HierarchyLvlId="636" HierarchyLvlTypeId="3" Intrnl_Id="116" Name="getPoints">
<Header>
<Loc EndOffset="4859" SrcFileId="1" StartOffset="4837"/>
</Header>
<LocList>
<Loc EndOffset="4883" SrcFileId="1" StartOffset="4837"/>
</LocList>
<StmntSeq Intrnl_Id="117">
<LocList>
<Loc EndOffset="4879" SrcFileId="1" StartOffset="4865"/>
</LocList>
<BasicStmnt CovItemId="S46" CovItemPrefix="SecretCode.java" Intrnl_Id="118">
<LocList>
<Loc EndOffset="4879" SrcFileId="1" StartOffset="4865"/>
</LocList>
</BasicStmnt>
</StmntSeq>
</HierarchyLvl>
<HierarchyLvl HierarchyLvlId="637" HierarchyLvlTypeId="3" Intrnl_Id="119" Name="getResults">
<Header>
<Loc EndOffset="5059" SrcFileId="1" StartOffset="5031"/>
</Header>
<LocList>
<Loc EndOffset="5266" SrcFileId="1" StartOffset="5031"/>
</LocList>
<StmntSeq Intrnl_Id="120">
<LocList>
<Loc EndOffset="5092" SrcFileId="1" StartOffset="5065"/>
<Loc EndOffset="5249" SrcFileId="1" StartOffset="5125"/>
<Loc EndOffset="5262" SrcFileId="1" StartOffset="5253"/>
</LocList>
<BasicStmnt CovItemId="S47" CovItemPrefix="SecretCode.java" Intrnl_Id="121">
<LocList>
<Loc EndOffset="5092" SrcFileId="1" StartOffset="5065"/>
</LocList>
</BasicStmnt>
<LoopStmnt CovItemId="S48" CovItemPrefix="SecretCode.java" Intrnl_Id="122" MltplExecId="L5-2" MltplExecPrefix="SecretCode.java" NvrExecId="L5-0" NvrExecPrefix="SecretCode.java" OnceExecutedId="L5-1" OnceExecutedPrefix="SecretCode.java" OptBodyExec="true">
<StmntSeq Intrnl_Id="123">
<LocList>
<Loc EndOffset="5244" SrcFileId="1" StartOffset="5152"/>
</LocList>
<CondStmnt CovItemId="S49" CovItemPrefix="SecretCode.java" Intrnl_Id="124">
<Branch CovItemId="B13" CovItemPrefix="SecretCode.java" Implct="false" Intrnl_Id="125">
<Cond/>
<LocList>
<Loc EndOffset="5181" SrcFileId="1" StartOffset="5170"/>
</LocList>
<StmntSeq Intrnl_Id="126">
<LocList>
<Loc EndOffset="5181" SrcFileId="1" StartOffset="5170"/>
</LocList>
<BasicStmnt CovItemId="S50" CovItemPrefix="SecretCode.java" Intrnl_Id="127">
<LocList>
<Loc EndOffset="5181" SrcFileId="1" StartOffset="5170"/>
</LocList>
</BasicStmnt>
</StmntSeq>
</Branch>
<Branch CovItemId="B14" CovItemPrefix="SecretCode.java" Implct="false" Intrnl_Id="128">
<Cond>
<Loc EndOffset="5190" SrcFileId="1" StartOffset="5186"/>
</Cond>
<LocList>
<Loc EndOffset="5244" SrcFileId="1" StartOffset="5191"/>
</LocList>
<StmntSeq Intrnl_Id="129">
<LocList>
<Loc EndOffset="5244" SrcFileId="1" StartOffset="5191"/>
</LocList>
<CondStmnt CovItemId="S51" CovItemPrefix="SecretCode.java" Intrnl_Id="130">
<Branch CovItemId="B15" CovItemPrefix="SecretCode.java" Implct="false" Intrnl_Id="131">
<Cond/>
<LocList>
<Loc EndOffset="5222" SrcFileId="1" StartOffset="5209"/>
</LocList>
<StmntSeq Intrnl_Id="132">
<LocList>
<Loc EndOffset="5222" SrcFileId="1" StartOffset="5209"/>
</LocList>
<BasicStmnt CovItemId="S52" CovItemPrefix="SecretCode.java" Intrnl_Id="133">
<LocList>
<Loc EndOffset="5222" SrcFileId="1" StartOffset="5209"/>
</LocList>
</BasicStmnt>
</StmntSeq>
</Branch>
<Branch CovItemId="B16" CovItemPrefix="SecretCode.java" Implct="false" Intrnl_Id="134">
<Cond>
<Loc EndOffset="5231" SrcFileId="1" StartOffset="5227"/>
</Cond>
<LocList>
<Loc EndOffset="5244" SrcFileId="1" StartOffset="5232"/>
</LocList>
<StmntSeq Intrnl_Id="135">
<LocList>
<Loc EndOffset="5244" SrcFileId="1" StartOffset="5232"/>
</LocList>
<BasicStmnt CovItemId="S53" CovItemPrefix="SecretCode.java" Intrnl_Id="136">
<LocList>
<Loc EndOffset="5244" SrcFileId="1" StartOffset="5232"/>
</LocList>
</BasicStmnt>
</StmntSeq>
</Branch>
<Keyword EndOffset="5193" SrcFileId="1" StartOffset="5191"/>
<LocList>
<Loc EndOffset="5244" SrcFileId="1" StartOffset="5191"/>
</LocList>
<RootTerm CovItemId="C13" CovItemPrefix="SecretCode.java" Intrnl_Id="137">
<BasicBoolTerm Intrnl_Id="138">
<LocList>
<Loc EndOffset="5207" SrcFileId="1" StartOffset="5194"/>
</LocList>
</BasicBoolTerm>
</RootTerm>
</CondStmnt>
</StmntSeq>
</Branch>
<Keyword EndOffset="5154" SrcFileId="1" StartOffset="5152"/>
<LocList>
<Loc EndOffset="5244" SrcFileId="1" StartOffset="5152"/>
</LocList>
<RootTerm CovItemId="C12" CovItemPrefix="SecretCode.java" Intrnl_Id="139">
<BasicBoolTerm Intrnl_Id="140">
<LocList>
<Loc EndOffset="5168" SrcFileId="1" StartOffset="5155"/>
</LocList>
</BasicBoolTerm>
</RootTerm>
</CondStmnt>
</StmntSeq>
<Keyword EndOffset="5128" SrcFileId="1" StartOffset="5125"/>
<LocList>
<Loc EndOffset="5249" SrcFileId="1" StartOffset="5125"/>
</LocList>
<RootTerm CovItemId="C11" CovItemPrefix="SecretCode.java" Intrnl_Id="141">
<BasicBoolTerm Intrnl_Id="142">
<LocList>
<Loc EndOffset="5140" SrcFileId="1" StartOffset="5137"/>
</LocList>
</BasicBoolTerm>
</RootTerm>
</LoopStmnt>
<BasicStmnt CovItemId="S54" CovItemPrefix="SecretCode.java" Intrnl_Id="143">
<LocList>
<Loc EndOffset="5262" SrcFileId="1" StartOffset="5253"/>
</LocList>
</BasicStmnt>
</StmntSeq>
</HierarchyLvl>
</HierarchyLvl>
</HierarchyLvl>
</MASTRoot>
</TestSessionContainer>
