<?xml version="1.0" encoding="UTF-8"?><TestSessionContainer xmlns="http://www.codecover.org/xml/testsession-container" Date="1687621941957" TestSessionContainerId="e1bd5bd6-a09d-405a-83f8-26853be295bc" version="1.0">
<SrcFileList>
<SrcFile Content="&#13;&#10;public class SecretCode {&#13;&#10;&#9;private /*@spec_public@*/ String code[] = new String[5];&#13;&#10;&#9;private /*@spec_public@*/ int points;&#13;&#10;&#9;private /*@spec_public@*/ int turn;&#13;&#10;&#9;private /*@spec_public@*/ boolean previous[]; &#13;&#10;&#9;private /*@spec_public@*/ int results[] = new int[5]; //-1 miss, 0 close, 1 hit &#13;&#10;&#9;&#13;&#10;&#9;//i turni devono essere compresi tra 0 e 10&#13;&#10;&#9;//@ public invariant turn &gt;=0 &amp;&amp; turn &lt;=10;&#13;&#10;&#9;&#13;&#10;&#9;//ogni pezzo di codice è composto da una e una sola lettera&#13;&#10;&#9;//@ public invariant (\forall int x; x&lt;5 &amp;&amp; x&gt;=0; (code[x].length())== 1); &#13;&#10;&#9;&#13;&#10;&#9;&#13;&#10;&#9;&#13;&#10;&#9;//il codice non può essere vuoto&#13;&#10;&#9;//@ requires c!=null;&#13;&#10;&#9;// il codice deve essere lungo 5&#13;&#10;&#9;//@ requires c.length == 5;&#13;&#10;&#9;// inizialmente i controlli sono settati a falso&#13;&#10;&#9;//@ ensures (\forall int x; x&lt;5 &amp;&amp; x&gt;=0; previous[x]==false);&#13;&#10;&#9;//il codice segreto viene impostato uguale all'input&#13;&#10;&#9;//@ ensures code == c;&#13;&#10;&#9;public SecretCode(String c[]) {&#13;&#10;&#9;&#9;previous = new boolean[]{false,false,false,false,false};&#13;&#10;&#9;&#9;code = c;&#13;&#10;&#9;&#9;points = 0;&#13;&#10;&#9;&#9;turn = 1;&#13;&#10;&#9;}&#13;&#10;&#9;&#13;&#10;&#9;&#13;&#10;&#9;// la lunghezza del tentativo deve essere 5&#13;&#10;&#9;//@ requires c.length == 5;&#13;&#10;&#9;// ogni parte di codice non deve essere nulla e lunga 1&#13;&#10;&#9;//@ requires (\forall int x; x&lt;5 &amp;&amp; x&gt;=0; (c[x].length())== 1 &amp;&amp; c[x]!=null);&#13;&#10;&#9;// se al turno precedente ho indovinato un pezzo, devo mantenere quel risultato&#13;&#10;&#9;//@ requires isCodeValid(c);&#13;&#10;&#9;// se ho indovinato il codice, ritorna vero, altrimenti, ritorna falso&#13;&#10;&#9;//@ ensures (code==c) &lt;==&gt; \result;&#13;&#10;&#9;//@ ensures (code!=c) &lt;==&gt; !\result;&#13;&#10;&#9;// se il turno è maggiore o uguale a 10 torna falso, ma se è falso non vuol dire che il turno sia &gt;=10&#13;&#10;&#9;//@ ensures (turn&gt;=10) ==&gt; !\result;&#13;&#10;&#9;// i punti vengono assegnati correttamente&#13;&#10;&#9;//@ ensures (turn&lt;10 &amp;&amp; isCodeValid(c)) ==&gt; (points == \old(points) + guessPoints(c));&#13;&#10;&#9;//@ diverges true;&#13;&#10;&#9;public boolean guessCode(String c[]) {&#13;&#10;&#9;&#9;&#13;&#10;&#9;&#9;boolean end = false;&#13;&#10;&#9;&#9;if(turn &lt; 10 &amp;&amp; isCodeValid(c)) {&#13;&#10;&#9;&#9;&#9;&#13;&#10;&#9;&#9;&#9;//@ loop_invariant code[i]!=null;&#13;&#10;&#9;&#9;&#9;for(int i=0; i&lt; code.length ;i++) {&#13;&#10;&#9;&#9;&#9;&#9;if(code[i].equals(c[i])==false) {&#13;&#10;&#9;&#9;&#9;&#9;&#9;end = false;&#13;&#10;&#9;&#9;&#9;&#9;&#9;break;&#13;&#10;&#9;&#9;&#9;&#9;}else {&#13;&#10;&#9;&#9;&#9;&#9;&#9;end= true;&#13;&#10;&#9;&#9;&#9;&#9;}&#9;&#13;&#10;&#9;&#9;&#9;}&#13;&#10;&#9;&#9;&#9;points += guessPoints(c);&#13;&#10;&#9;&#9;&#9;turn++;&#13;&#10;&#9;&#9;&#9;//@ assert turn &lt;= 10;&#13;&#10;&#9;&#9;}&#13;&#10;&#9;&#9;return end;&#13;&#10;&#9;&#9;&#13;&#10;&#9;}&#13;&#10;&#9;&#13;&#10;&#9;// la lunghezza del tentativo deve essere 5&#13;&#10;&#9;//@ requires c.length == 5;&#13;&#10;&#9;// ogni parte di codice non deve essere nulla e lunga 1&#13;&#10;&#9;//@ requires (\forall int x; x&lt;5 &amp;&amp; x&gt;=0; (c[x].length())== 1 &amp;&amp; c[x]!=null);&#13;&#10;&#9;// controllo che il risultato rispecchi la regola di correttezza&#13;&#10;&#9;//@ ensures \result &lt;==&gt; (\forall int x; x&lt;5 &amp;&amp; x&gt;=0; code[x].equals(c[x]) || !previous[x]);&#13;&#10;&#9;//@ ensures !\result &lt;==&gt; (\exists int x; x&lt;5 &amp;&amp; x&gt;=0; !(code[x].equals(c[x])) || previous[x]);&#13;&#10;&#9;//@ diverges true;&#13;&#10;&#9;private /*@ pure spec_public @*/boolean isCodeValid(String c[]) {&#13;&#10;&#9;&#9;&#13;&#10;&#9;&#9;boolean flag = false;&#13;&#10;&#9;&#9;&#13;&#10;&#9;&#9;//@ loop_invariant code[i]!=null;&#13;&#10;&#9;&#9;for(int i=0; i&lt; code.length ;i++) {&#13;&#10;&#9;&#9;&#9;if(code[i].equals(c[i])==false &amp;&amp; previous[i]==true) {&#13;&#10;&#9;&#9;&#9;&#9;flag = false;&#13;&#10;&#9;&#9;&#9;&#9;break;&#13;&#10;&#9;&#9;&#9;}else {&#13;&#10;&#9;&#9;&#9;&#9;flag= true;&#13;&#10;&#9;&#9;&#9;}&#9;&#13;&#10;&#9;&#9;}&#9;&#9;&#13;&#10;&#9;&#9;&#13;&#10;&#9;&#9;return flag;&#13;&#10;&#9;}&#13;&#10;&#9;&#13;&#10;&#9;// la lunghezza del tentativo deve essere 5&#13;&#10;&#9;//@ requires c.length == 5;&#13;&#10;&#9;// ogni parte di codice non deve essere nulla e lunga 1&#13;&#10;&#9;//@ requires (\forall int x; x&lt;5 &amp;&amp; x&gt;=0; (c[x].length())== 1 &amp;&amp; c[x]!=null);&#13;&#10;&#9;// se ho fatto tutto giusto, devo aver guadagnato 10*turn punti&#13;&#10;&#9;//@ ensures  (\forall int x; x&lt;5 &amp;&amp; x&gt;=0; code[x].equals(c[x])) &lt;==&gt; \result==10*turn;&#13;&#10;&#9;// se ho fatto qualcosa di sbagliato, devo aver guadagnato meno di 10*turn punti&#13;&#10;&#9;//@ ensures  (\exists int x; x&lt;5 &amp;&amp; x&gt;=0; !(code[x].equals(c[x]))) &lt;==&gt; \result&lt;=10*turn;&#13;&#10;&#9;//@ diverges true;&#13;&#10;&#9;private /*@ pure spec_public @*/ int guessPoints(String c[]) {&#13;&#10;&#9;&#9;&#13;&#10;&#9;&#9;int p = 0;&#13;&#10;&#9;&#9;&#13;&#10;&#9;&#9;//@ loop_invariant code[i]!=null;&#13;&#10;&#9;&#9;for(int i=0; i&lt; code.length ;i++) {&#13;&#10;&#9;&#9;&#9;if(code[i].equals(c[i])) {&#13;&#10;&#9;&#9;&#9;&#9;previous[i] = true;&#13;&#10;&#9;&#9;&#9;&#9;p += 2*turn;&#13;&#10;&#9;&#9;&#9;&#9;results[i] = 1;&#13;&#10;&#9;&#9;&#9;}else if( isLetterinCode(c[i])){&#13;&#10;&#9;&#9;&#9;&#9;previous[i] = false;&#13;&#10;&#9;&#9;&#9;&#9;p += 1*turn;&#13;&#10;&#9;&#9;&#9;&#9;results[i] = 0;&#13;&#10;&#9;&#9;&#9;}else {&#13;&#10;&#9;&#9;&#9;&#9;previous[i] = false;&#13;&#10;&#9;&#9;&#9;&#9;p -= 2*turn;&#13;&#10;&#9;&#9;&#9;&#9;results[i] = -1;&#13;&#10;&#9;&#9;&#9;}&#13;&#10;&#9;&#9;}&#13;&#10;&#9;&#9;return p;&#13;&#10;&#9;}&#13;&#10;&#9;&#13;&#10;&#9;//puoi prendere solo una lettera come input&#13;&#10;&#9;//@ requires l!=null &amp;&amp; l.length() == 1 ;&#13;&#10;&#9;// se esiste una pezzo di codice uguale alla lettera, ritorna vero&#13;&#10;&#9;//@ ensures  (\exists int x; x&lt;5 &amp;&amp; x&gt;=0; code[x].equals(l)) &lt;==&gt; \result;&#13;&#10;&#9;// se non esiste una pezzo di codice uguale alla lettera, ritorna falso&#13;&#10;&#9;//@ ensures  (\forall int x; x&lt;5 &amp;&amp; x&gt;=0; !(code[x].equals(l))) &lt;==&gt; !\result;&#13;&#10;&#9;//@ diverges true;&#13;&#10;&#9;private boolean isLetterinCode(String l) {&#13;&#10;&#9;&#9;&#13;&#10;&#9;&#9;boolean flag = false;&#13;&#10;&#9;&#9;&#13;&#10;&#9;&#9;//@ loop_invariant code[i]!=null;&#13;&#10;&#9;&#9;for(int i=0; i&lt; code.length ;i++) {&#13;&#10;&#9;&#9;&#9;if(code[i]==l) {&#13;&#10;&#9;&#9;&#9;&#9;flag = true;&#13;&#10;&#9;&#9;&#9;&#9;break;&#13;&#10;&#9;&#9;&#9;}else {&#13;&#10;&#9;&#9;&#9;&#9;flag= false;&#13;&#10;&#9;&#9;&#9;}&#9;&#13;&#10;&#9;&#9;}&#13;&#10;&#9;&#9;return flag;&#13;&#10;&#9;}&#13;&#10;&#9;&#13;&#10;&#9;//@ requires true;&#13;&#10;&#9;//@ ensures  \result == points ;&#13;&#10;&#9;public int getPoints() {&#13;&#10;&#9;&#9;return points;&#13;&#10;&#9;}&#13;&#10;&#9;&#13;&#10;&#9;// non lo posso lanciare prima del primo turno perchè non avrei nessuna risposta&#13;&#10;&#9;//@ requires turn&gt;=2;&#13;&#10;&#9;//@ ensures \result.length == 5;&#13;&#10;&#9;public String[] getResults() {&#13;&#10;&#9;&#9;String[] s = new String[5];&#13;&#10;&#9;&#9;// @ loop_writes i, a[*];&#13;&#10;&#9;&#9;for(int i=0;i&lt;5;i++) {&#13;&#10;&#9;&#9;&#9;System.out.println(results[i]);&#13;&#10;&#9;&#9;&#9;switch(results[i]) {&#13;&#10;&#9;&#9;&#9;&#9;case 1: s[i]=&quot;Hit&quot;;&#13;&#10;&#9;&#9;&#9;&#9;case 0:  s[i]=&quot;Close&quot;;&#13;&#10;&#9;&#9;&#9;&#9;case -1:  s[i]=&quot;Miss&quot;;&#13;&#10;&#9;&#9;&#9;}&#13;&#10;&#9;&#9;}&#13;&#10;&#9;&#9;return s;&#13;&#10;&#9;}&#13;&#10;&#9;&#13;&#10;}&#13;&#10;" Filename="SecretCode.java" Intrnl_Id="1"/>
</SrcFileList>
<CritList>
<CritListEntry Name="org.codecover.model.utils.criteria.ConditionCoverage" PluginName="org.codecover"/>
<CritListEntry Name="org.codecover.model.utils.criteria.BranchCoverage" PluginName="org.codecover"/>
<CritListEntry Name="org.codecover.model.utils.criteria.StatementCoverage" PluginName="org.codecover"/>
</CritList>
<BoolOpList>
<BoolOp Arity="2" Intrnl_Id="2" Name="conditional and (&amp;&amp;)">
<BoolAssgnmntBoolMapList>
<MapEntry BoolAssgnmnt="02" Value="false"/>
<MapEntry BoolAssgnmnt="10" Value="false"/>
<MapEntry BoolAssgnmnt="11" Value="true"/>
</BoolAssgnmntBoolMapList>
</BoolOp>
</BoolOpList>
<HierarchyLvlTypeList>
<HierarchyLvlType EnglishName="method" IntrnlName="method" Intrnl_Id="3"/>
<HierarchyLvlType EnglishName="class" IntrnlName="class" Intrnl_Id="4"/>
<HierarchyLvlType EnglishName="default package" IntrnlName="default package" Intrnl_Id="5"/>
</HierarchyLvlTypeList>
<MASTRoot>
<HierarchyLvl HierarchyLvlId="558" HierarchyLvlTypeId="5" Intrnl_Id="6" Name="default package">
<Header/>
<LocList/>
<HierarchyLvl HierarchyLvlId="557" HierarchyLvlTypeId="4" Intrnl_Id="7" Name="SecretCode">
<Header>
<Loc EndOffset="25" SrcFileId="1" StartOffset="2"/>
</Header>
<LocList>
<Loc EndOffset="5280" SrcFileId="1" StartOffset="2"/>
</LocList>
<StmntSeq Intrnl_Id="8">
<LocList>
<Loc EndOffset="86" SrcFileId="1" StartOffset="30"/>
<Loc EndOffset="269" SrcFileId="1" StartOffset="216"/>
</LocList>
<BasicStmnt CovItemId="S1" CovItemPrefix="SecretCode.java" Intrnl_Id="9">
<LocList>
<Loc EndOffset="86" SrcFileId="1" StartOffset="30"/>
</LocList>
</BasicStmnt>
<BasicStmnt CovItemId="S2" CovItemPrefix="SecretCode.java" Intrnl_Id="10">
<LocList>
<Loc EndOffset="269" SrcFileId="1" StartOffset="216"/>
</LocList>
</BasicStmnt>
</StmntSeq>
<HierarchyLvl HierarchyLvlId="550" HierarchyLvlTypeId="3" Intrnl_Id="11" Name="SecretCode">
<Header>
<Loc EndOffset="894" SrcFileId="1" StartOffset="865"/>
</Header>
<LocList>
<Loc EndOffset="1001" SrcFileId="1" StartOffset="865"/>
</LocList>
<StmntSeq Intrnl_Id="12">
<LocList>
<Loc EndOffset="956" SrcFileId="1" StartOffset="900"/>
<Loc EndOffset="969" SrcFileId="1" StartOffset="960"/>
<Loc EndOffset="984" SrcFileId="1" StartOffset="973"/>
<Loc EndOffset="997" SrcFileId="1" StartOffset="988"/>
</LocList>
<BasicStmnt CovItemId="S3" CovItemPrefix="SecretCode.java" Intrnl_Id="13">
<LocList>
<Loc EndOffset="956" SrcFileId="1" StartOffset="900"/>
</LocList>
</BasicStmnt>
<BasicStmnt CovItemId="S4" CovItemPrefix="SecretCode.java" Intrnl_Id="14">
<LocList>
<Loc EndOffset="969" SrcFileId="1" StartOffset="960"/>
</LocList>
</BasicStmnt>
<BasicStmnt CovItemId="S5" CovItemPrefix="SecretCode.java" Intrnl_Id="15">
<LocList>
<Loc EndOffset="984" SrcFileId="1" StartOffset="973"/>
</LocList>
</BasicStmnt>
<BasicStmnt CovItemId="S6" CovItemPrefix="SecretCode.java" Intrnl_Id="16">
<LocList>
<Loc EndOffset="997" SrcFileId="1" StartOffset="988"/>
</LocList>
</BasicStmnt>
</StmntSeq>
</HierarchyLvl>
<HierarchyLvl HierarchyLvlId="551" HierarchyLvlTypeId="3" Intrnl_Id="17" Name="guessCode">
<Header>
<Loc EndOffset="1822" SrcFileId="1" StartOffset="1786"/>
</Header>
<LocList>
<Loc EndOffset="2184" SrcFileId="1" StartOffset="1786"/>
</LocList>
<StmntSeq Intrnl_Id="18">
<LocList>
<Loc EndOffset="1852" SrcFileId="1" StartOffset="1832"/>
<Loc EndOffset="2161" SrcFileId="1" StartOffset="1856"/>
<Loc EndOffset="2176" SrcFileId="1" StartOffset="2165"/>
</LocList>
<BasicStmnt CovItemId="S7" CovItemPrefix="SecretCode.java" Intrnl_Id="19">
<LocList>
<Loc EndOffset="1852" SrcFileId="1" StartOffset="1832"/>
</LocList>
</BasicStmnt>
<CondStmnt CovItemId="S8" CovItemPrefix="SecretCode.java" Intrnl_Id="20">
<Branch CovItemId="B1" CovItemPrefix="SecretCode.java" Implct="false" Intrnl_Id="21">
<Cond/>
<LocList>
<Loc EndOffset="2161" SrcFileId="1" StartOffset="1888"/>
</LocList>
<StmntSeq Intrnl_Id="22">
<LocList>
<Loc EndOffset="2087" SrcFileId="1" StartOffset="1937"/>
<Loc EndOffset="2117" SrcFileId="1" StartOffset="2092"/>
<Loc EndOffset="2129" SrcFileId="1" StartOffset="2122"/>
</LocList>
<LoopStmnt CovItemId="S9" CovItemPrefix="SecretCode.java" Intrnl_Id="23" MltplExecId="L1-2" MltplExecPrefix="SecretCode.java" NvrExecId="L1-0" NvrExecPrefix="SecretCode.java" OnceExecutedId="L1-1" OnceExecutedPrefix="SecretCode.java" OptBodyExec="true">
<StmntSeq Intrnl_Id="24">
<LocList>
<Loc EndOffset="2080" SrcFileId="1" StartOffset="1978"/>
</LocList>
<CondStmnt CovItemId="S10" CovItemPrefix="SecretCode.java" Intrnl_Id="25">
<Branch CovItemId="B3" CovItemPrefix="SecretCode.java" Implct="false" Intrnl_Id="26">
<Cond/>
<LocList>
<Loc EndOffset="2050" SrcFileId="1" StartOffset="2010"/>
</LocList>
<StmntSeq Intrnl_Id="27">
<LocList>
<Loc EndOffset="2030" SrcFileId="1" StartOffset="2018"/>
<Loc EndOffset="2043" SrcFileId="1" StartOffset="2037"/>
</LocList>
<BasicStmnt CovItemId="S11" CovItemPrefix="SecretCode.java" Intrnl_Id="28">
<LocList>
<Loc EndOffset="2030" SrcFileId="1" StartOffset="2018"/>
</LocList>
</BasicStmnt>
<BasicStmnt CovItemId="S12" CovItemPrefix="SecretCode.java" Intrnl_Id="29">
<LocList>
<Loc EndOffset="2043" SrcFileId="1" StartOffset="2037"/>
</LocList>
</BasicStmnt>
</StmntSeq>
</Branch>
<Branch CovItemId="B4" CovItemPrefix="SecretCode.java" Implct="false" Intrnl_Id="30">
<Cond>
<Loc EndOffset="2054" SrcFileId="1" StartOffset="2050"/>
</Cond>
<LocList>
<Loc EndOffset="2080" SrcFileId="1" StartOffset="2055"/>
</LocList>
<StmntSeq Intrnl_Id="31">
<LocList>
<Loc EndOffset="2073" SrcFileId="1" StartOffset="2063"/>
</LocList>
<BasicStmnt CovItemId="S13" CovItemPrefix="SecretCode.java" Intrnl_Id="32">
<LocList>
<Loc EndOffset="2073" SrcFileId="1" StartOffset="2063"/>
</LocList>
</BasicStmnt>
</StmntSeq>
</Branch>
<Keyword EndOffset="1980" SrcFileId="1" StartOffset="1978"/>
<LocList>
<Loc EndOffset="2080" SrcFileId="1" StartOffset="1978"/>
</LocList>
<RootTerm CovItemId="C3" CovItemPrefix="SecretCode.java" Intrnl_Id="33">
<BasicBoolTerm Intrnl_Id="34">
<LocList>
<Loc EndOffset="2008" SrcFileId="1" StartOffset="1981"/>
</LocList>
</BasicBoolTerm>
</RootTerm>
</CondStmnt>
</StmntSeq>
<Keyword EndOffset="1940" SrcFileId="1" StartOffset="1937"/>
<LocList>
<Loc EndOffset="2087" SrcFileId="1" StartOffset="1937"/>
</LocList>
<RootTerm CovItemId="C2" CovItemPrefix="SecretCode.java" Intrnl_Id="35">
<BasicBoolTerm Intrnl_Id="36">
<LocList>
<Loc EndOffset="1964" SrcFileId="1" StartOffset="1950"/>
</LocList>
</BasicBoolTerm>
</RootTerm>
</LoopStmnt>
<BasicStmnt CovItemId="S14" CovItemPrefix="SecretCode.java" Intrnl_Id="37">
<LocList>
<Loc EndOffset="2117" SrcFileId="1" StartOffset="2092"/>
</LocList>
</BasicStmnt>
<BasicStmnt CovItemId="S15" CovItemPrefix="SecretCode.java" Intrnl_Id="38">
<LocList>
<Loc EndOffset="2129" SrcFileId="1" StartOffset="2122"/>
</LocList>
</BasicStmnt>
</StmntSeq>
</Branch>
<Branch CovItemId="B2" CovItemPrefix="SecretCode.java" Implct="true" Intrnl_Id="39">
<Cond/>
<LocList/>
<StmntSeq Intrnl_Id="40">
<LocList/>
</StmntSeq>
</Branch>
<Keyword EndOffset="1858" SrcFileId="1" StartOffset="1856"/>
<LocList>
<Loc EndOffset="2161" SrcFileId="1" StartOffset="1856"/>
</LocList>
<RootTerm CovItemId="C1" CovItemPrefix="SecretCode.java" Intrnl_Id="41">
<OpTerm BooleanOpId="2" Intrnl_Id="42">
<BasicBoolTerm Intrnl_Id="43">
<LocList>
<Loc EndOffset="1868" SrcFileId="1" StartOffset="1859"/>
</LocList>
</BasicBoolTerm>
<BasicBoolTerm Intrnl_Id="44">
<LocList>
<Loc EndOffset="1886" SrcFileId="1" StartOffset="1872"/>
</LocList>
</BasicBoolTerm>
<LocList>
<Loc EndOffset="1871" SrcFileId="1" StartOffset="1869"/>
</LocList>
</OpTerm>
</RootTerm>
</CondStmnt>
<BasicStmnt CovItemId="S16" CovItemPrefix="SecretCode.java" Intrnl_Id="45">
<LocList>
<Loc EndOffset="2176" SrcFileId="1" StartOffset="2165"/>
</LocList>
</BasicStmnt>
</StmntSeq>
</HierarchyLvl>
<HierarchyLvl HierarchyLvlId="552" HierarchyLvlTypeId="3" Intrnl_Id="46" Name="isCodeValid">
<Header>
<Loc EndOffset="2748" SrcFileId="1" StartOffset="2685"/>
</Header>
<LocList>
<Loc EndOffset="3016" SrcFileId="1" StartOffset="2685"/>
</LocList>
<StmntSeq Intrnl_Id="47">
<LocList>
<Loc EndOffset="2779" SrcFileId="1" StartOffset="2758"/>
<Loc EndOffset="2990" SrcFileId="1" StartOffset="2824"/>
<Loc EndOffset="3012" SrcFileId="1" StartOffset="3000"/>
</LocList>
<BasicStmnt CovItemId="S17" CovItemPrefix="SecretCode.java" Intrnl_Id="48">
<LocList>
<Loc EndOffset="2779" SrcFileId="1" StartOffset="2758"/>
</LocList>
</BasicStmnt>
<LoopStmnt CovItemId="S18" CovItemPrefix="SecretCode.java" Intrnl_Id="49" MltplExecId="L2-2" MltplExecPrefix="SecretCode.java" NvrExecId="L2-0" NvrExecPrefix="SecretCode.java" OnceExecutedId="L2-1" OnceExecutedPrefix="SecretCode.java" OptBodyExec="true">
<StmntSeq Intrnl_Id="50">
<LocList>
<Loc EndOffset="2984" SrcFileId="1" StartOffset="2864"/>
</LocList>
<CondStmnt CovItemId="S19" CovItemPrefix="SecretCode.java" Intrnl_Id="51">
<Branch CovItemId="B5" CovItemPrefix="SecretCode.java" Implct="false" Intrnl_Id="52">
<Cond/>
<LocList>
<Loc EndOffset="2955" SrcFileId="1" StartOffset="2917"/>
</LocList>
<StmntSeq Intrnl_Id="53">
<LocList>
<Loc EndOffset="2937" SrcFileId="1" StartOffset="2924"/>
<Loc EndOffset="2949" SrcFileId="1" StartOffset="2943"/>
</LocList>
<BasicStmnt CovItemId="S20" CovItemPrefix="SecretCode.java" Intrnl_Id="54">
<LocList>
<Loc EndOffset="2937" SrcFileId="1" StartOffset="2924"/>
</LocList>
</BasicStmnt>
<BasicStmnt CovItemId="S21" CovItemPrefix="SecretCode.java" Intrnl_Id="55">
<LocList>
<Loc EndOffset="2949" SrcFileId="1" StartOffset="2943"/>
</LocList>
</BasicStmnt>
</StmntSeq>
</Branch>
<Branch CovItemId="B6" CovItemPrefix="SecretCode.java" Implct="false" Intrnl_Id="56">
<Cond>
<Loc EndOffset="2959" SrcFileId="1" StartOffset="2955"/>
</Cond>
<LocList>
<Loc EndOffset="2984" SrcFileId="1" StartOffset="2960"/>
</LocList>
<StmntSeq Intrnl_Id="57">
<LocList>
<Loc EndOffset="2978" SrcFileId="1" StartOffset="2967"/>
</LocList>
<BasicStmnt CovItemId="S22" CovItemPrefix="SecretCode.java" Intrnl_Id="58">
<LocList>
<Loc EndOffset="2978" SrcFileId="1" StartOffset="2967"/>
</LocList>
</BasicStmnt>
</StmntSeq>
</Branch>
<Keyword EndOffset="2866" SrcFileId="1" StartOffset="2864"/>
<LocList>
<Loc EndOffset="2984" SrcFileId="1" StartOffset="2864"/>
</LocList>
<RootTerm CovItemId="C5" CovItemPrefix="SecretCode.java" Intrnl_Id="59">
<OpTerm BooleanOpId="2" Intrnl_Id="60">
<BasicBoolTerm Intrnl_Id="61">
<LocList>
<Loc EndOffset="2894" SrcFileId="1" StartOffset="2867"/>
</LocList>
</BasicBoolTerm>
<BasicBoolTerm Intrnl_Id="62">
<LocList>
<Loc EndOffset="2915" SrcFileId="1" StartOffset="2898"/>
</LocList>
</BasicBoolTerm>
<LocList>
<Loc EndOffset="2897" SrcFileId="1" StartOffset="2895"/>
</LocList>
</OpTerm>
</RootTerm>
</CondStmnt>
</StmntSeq>
<Keyword EndOffset="2827" SrcFileId="1" StartOffset="2824"/>
<LocList>
<Loc EndOffset="2990" SrcFileId="1" StartOffset="2824"/>
</LocList>
<RootTerm CovItemId="C4" CovItemPrefix="SecretCode.java" Intrnl_Id="63">
<BasicBoolTerm Intrnl_Id="64">
<LocList>
<Loc EndOffset="2851" SrcFileId="1" StartOffset="2837"/>
</LocList>
</BasicBoolTerm>
</RootTerm>
</LoopStmnt>
<BasicStmnt CovItemId="S23" CovItemPrefix="SecretCode.java" Intrnl_Id="65">
<LocList>
<Loc EndOffset="3012" SrcFileId="1" StartOffset="3000"/>
</LocList>
</BasicStmnt>
</StmntSeq>
</HierarchyLvl>
<HierarchyLvl HierarchyLvlId="553" HierarchyLvlTypeId="3" Intrnl_Id="66" Name="guessPoints">
<Header>
<Loc EndOffset="3647" SrcFileId="1" StartOffset="3587"/>
</Header>
<LocList>
<Loc EndOffset="4050" SrcFileId="1" StartOffset="3587"/>
</LocList>
<StmntSeq Intrnl_Id="67">
<LocList>
<Loc EndOffset="3667" SrcFileId="1" StartOffset="3657"/>
<Loc EndOffset="4033" SrcFileId="1" StartOffset="3712"/>
<Loc EndOffset="4046" SrcFileId="1" StartOffset="4037"/>
</LocList>
<BasicStmnt CovItemId="S24" CovItemPrefix="SecretCode.java" Intrnl_Id="68">
<LocList>
<Loc EndOffset="3667" SrcFileId="1" StartOffset="3657"/>
</LocList>
</BasicStmnt>
<LoopStmnt CovItemId="S25" CovItemPrefix="SecretCode.java" Intrnl_Id="69" MltplExecId="L3-2" MltplExecPrefix="SecretCode.java" NvrExecId="L3-0" NvrExecPrefix="SecretCode.java" OnceExecutedId="L3-1" OnceExecutedPrefix="SecretCode.java" OptBodyExec="true">
<StmntSeq Intrnl_Id="70">
<LocList>
<Loc EndOffset="4028" SrcFileId="1" StartOffset="3752"/>
</LocList>
<CondStmnt CovItemId="S26" CovItemPrefix="SecretCode.java" Intrnl_Id="71">
<Branch CovItemId="B7" CovItemPrefix="SecretCode.java" Implct="false" Intrnl_Id="72">
<Cond/>
<LocList>
<Loc EndOffset="3848" SrcFileId="1" StartOffset="3777"/>
</LocList>
<StmntSeq Intrnl_Id="73">
<LocList>
<Loc EndOffset="3803" SrcFileId="1" StartOffset="3784"/>
<Loc EndOffset="3821" SrcFileId="1" StartOffset="3809"/>
<Loc EndOffset="3842" SrcFileId="1" StartOffset="3827"/>
</LocList>
<BasicStmnt CovItemId="S27" CovItemPrefix="SecretCode.java" Intrnl_Id="74">
<LocList>
<Loc EndOffset="3803" SrcFileId="1" StartOffset="3784"/>
</LocList>
</BasicStmnt>
<BasicStmnt CovItemId="S28" CovItemPrefix="SecretCode.java" Intrnl_Id="75">
<LocList>
<Loc EndOffset="3821" SrcFileId="1" StartOffset="3809"/>
</LocList>
</BasicStmnt>
<BasicStmnt CovItemId="S29" CovItemPrefix="SecretCode.java" Intrnl_Id="76">
<LocList>
<Loc EndOffset="3842" SrcFileId="1" StartOffset="3827"/>
</LocList>
</BasicStmnt>
</StmntSeq>
</Branch>
<Branch CovItemId="B8" CovItemPrefix="SecretCode.java" Implct="false" Intrnl_Id="77">
<Cond>
<Loc EndOffset="3852" SrcFileId="1" StartOffset="3848"/>
</Cond>
<LocList>
<Loc EndOffset="4028" SrcFileId="1" StartOffset="3853"/>
</LocList>
<StmntSeq Intrnl_Id="78">
<LocList>
<Loc EndOffset="4028" SrcFileId="1" StartOffset="3853"/>
</LocList>
<CondStmnt CovItemId="S30" CovItemPrefix="SecretCode.java" Intrnl_Id="79">
<Branch CovItemId="B9" CovItemPrefix="SecretCode.java" Implct="false" Intrnl_Id="80">
<Cond/>
<LocList>
<Loc EndOffset="3950" SrcFileId="1" StartOffset="3878"/>
</LocList>
<StmntSeq Intrnl_Id="81">
<LocList>
<Loc EndOffset="3905" SrcFileId="1" StartOffset="3885"/>
<Loc EndOffset="3923" SrcFileId="1" StartOffset="3911"/>
<Loc EndOffset="3944" SrcFileId="1" StartOffset="3929"/>
</LocList>
<BasicStmnt CovItemId="S31" CovItemPrefix="SecretCode.java" Intrnl_Id="82">
<LocList>
<Loc EndOffset="3905" SrcFileId="1" StartOffset="3885"/>
</LocList>
</BasicStmnt>
<BasicStmnt CovItemId="S32" CovItemPrefix="SecretCode.java" Intrnl_Id="83">
<LocList>
<Loc EndOffset="3923" SrcFileId="1" StartOffset="3911"/>
</LocList>
</BasicStmnt>
<BasicStmnt CovItemId="S33" CovItemPrefix="SecretCode.java" Intrnl_Id="84">
<LocList>
<Loc EndOffset="3944" SrcFileId="1" StartOffset="3929"/>
</LocList>
</BasicStmnt>
</StmntSeq>
</Branch>
<Branch CovItemId="B10" CovItemPrefix="SecretCode.java" Implct="false" Intrnl_Id="85">
<Cond>
<Loc EndOffset="3954" SrcFileId="1" StartOffset="3950"/>
</Cond>
<LocList>
<Loc EndOffset="4028" SrcFileId="1" StartOffset="3955"/>
</LocList>
<StmntSeq Intrnl_Id="86">
<LocList>
<Loc EndOffset="3982" SrcFileId="1" StartOffset="3962"/>
<Loc EndOffset="4000" SrcFileId="1" StartOffset="3988"/>
<Loc EndOffset="4022" SrcFileId="1" StartOffset="4006"/>
</LocList>
<BasicStmnt CovItemId="S34" CovItemPrefix="SecretCode.java" Intrnl_Id="87">
<LocList>
<Loc EndOffset="3982" SrcFileId="1" StartOffset="3962"/>
</LocList>
</BasicStmnt>
<BasicStmnt CovItemId="S35" CovItemPrefix="SecretCode.java" Intrnl_Id="88">
<LocList>
<Loc EndOffset="4000" SrcFileId="1" StartOffset="3988"/>
</LocList>
</BasicStmnt>
<BasicStmnt CovItemId="S36" CovItemPrefix="SecretCode.java" Intrnl_Id="89">
<LocList>
<Loc EndOffset="4022" SrcFileId="1" StartOffset="4006"/>
</LocList>
</BasicStmnt>
</StmntSeq>
</Branch>
<Keyword EndOffset="3855" SrcFileId="1" StartOffset="3853"/>
<LocList>
<Loc EndOffset="4028" SrcFileId="1" StartOffset="3853"/>
</LocList>
<RootTerm CovItemId="C8" CovItemPrefix="SecretCode.java" Intrnl_Id="90">
<BasicBoolTerm Intrnl_Id="91">
<LocList>
<Loc EndOffset="3877" SrcFileId="1" StartOffset="3857"/>
</LocList>
</BasicBoolTerm>
</RootTerm>
</CondStmnt>
</StmntSeq>
</Branch>
<Keyword EndOffset="3754" SrcFileId="1" StartOffset="3752"/>
<LocList>
<Loc EndOffset="4028" SrcFileId="1" StartOffset="3752"/>
</LocList>
<RootTerm CovItemId="C7" CovItemPrefix="SecretCode.java" Intrnl_Id="92">
<BasicBoolTerm Intrnl_Id="93">
<LocList>
<Loc EndOffset="3775" SrcFileId="1" StartOffset="3755"/>
</LocList>
</BasicBoolTerm>
</RootTerm>
</CondStmnt>
</StmntSeq>
<Keyword EndOffset="3715" SrcFileId="1" StartOffset="3712"/>
<LocList>
<Loc EndOffset="4033" SrcFileId="1" StartOffset="3712"/>
</LocList>
<RootTerm CovItemId="C6" CovItemPrefix="SecretCode.java" Intrnl_Id="94">
<BasicBoolTerm Intrnl_Id="95">
<LocList>
<Loc EndOffset="3739" SrcFileId="1" StartOffset="3725"/>
</LocList>
</BasicBoolTerm>
</RootTerm>
</LoopStmnt>
<BasicStmnt CovItemId="S37" CovItemPrefix="SecretCode.java" Intrnl_Id="96">
<LocList>
<Loc EndOffset="4046" SrcFileId="1" StartOffset="4037"/>
</LocList>
</BasicStmnt>
</StmntSeq>
</HierarchyLvl>
<HierarchyLvl HierarchyLvlId="554" HierarchyLvlTypeId="3" Intrnl_Id="97" Name="isLetterinCode">
<Header>
<Loc EndOffset="4508" SrcFileId="1" StartOffset="4468"/>
</Header>
<LocList>
<Loc EndOffset="4732" SrcFileId="1" StartOffset="4468"/>
</LocList>
<StmntSeq Intrnl_Id="98">
<LocList>
<Loc EndOffset="4539" SrcFileId="1" StartOffset="4518"/>
<Loc EndOffset="4712" SrcFileId="1" StartOffset="4584"/>
<Loc EndOffset="4728" SrcFileId="1" StartOffset="4716"/>
</LocList>
<BasicStmnt CovItemId="S38" CovItemPrefix="SecretCode.java" Intrnl_Id="99">
<LocList>
<Loc EndOffset="4539" SrcFileId="1" StartOffset="4518"/>
</LocList>
</BasicStmnt>
<LoopStmnt CovItemId="S39" CovItemPrefix="SecretCode.java" Intrnl_Id="100" MltplExecId="L4-2" MltplExecPrefix="SecretCode.java" NvrExecId="L4-0" NvrExecPrefix="SecretCode.java" OnceExecutedId="L4-1" OnceExecutedPrefix="SecretCode.java" OptBodyExec="true">
<StmntSeq Intrnl_Id="101">
<LocList>
<Loc EndOffset="4706" SrcFileId="1" StartOffset="4624"/>
</LocList>
<CondStmnt CovItemId="S40" CovItemPrefix="SecretCode.java" Intrnl_Id="102">
<Branch CovItemId="B11" CovItemPrefix="SecretCode.java" Implct="false" Intrnl_Id="103">
<Cond/>
<LocList>
<Loc EndOffset="4676" SrcFileId="1" StartOffset="4639"/>
</LocList>
<StmntSeq Intrnl_Id="104">
<LocList>
<Loc EndOffset="4658" SrcFileId="1" StartOffset="4646"/>
<Loc EndOffset="4670" SrcFileId="1" StartOffset="4664"/>
</LocList>
<BasicStmnt CovItemId="S41" CovItemPrefix="SecretCode.java" Intrnl_Id="105">
<LocList>
<Loc EndOffset="4658" SrcFileId="1" StartOffset="4646"/>
</LocList>
</BasicStmnt>
<BasicStmnt CovItemId="S42" CovItemPrefix="SecretCode.java" Intrnl_Id="106">
<LocList>
<Loc EndOffset="4670" SrcFileId="1" StartOffset="4664"/>
</LocList>
</BasicStmnt>
</StmntSeq>
</Branch>
<Branch CovItemId="B12" CovItemPrefix="SecretCode.java" Implct="false" Intrnl_Id="107">
<Cond>
<Loc EndOffset="4680" SrcFileId="1" StartOffset="4676"/>
</Cond>
<LocList>
<Loc EndOffset="4706" SrcFileId="1" StartOffset="4681"/>
</LocList>
<StmntSeq Intrnl_Id="108">
<LocList>
<Loc EndOffset="4700" SrcFileId="1" StartOffset="4688"/>
</LocList>
<BasicStmnt CovItemId="S43" CovItemPrefix="SecretCode.java" Intrnl_Id="109">
<LocList>
<Loc EndOffset="4700" SrcFileId="1" StartOffset="4688"/>
</LocList>
</BasicStmnt>
</StmntSeq>
</Branch>
<Keyword EndOffset="4626" SrcFileId="1" StartOffset="4624"/>
<LocList>
<Loc EndOffset="4706" SrcFileId="1" StartOffset="4624"/>
</LocList>
<RootTerm CovItemId="C10" CovItemPrefix="SecretCode.java" Intrnl_Id="110">
<BasicBoolTerm Intrnl_Id="111">
<LocList>
<Loc EndOffset="4637" SrcFileId="1" StartOffset="4627"/>
</LocList>
</BasicBoolTerm>
</RootTerm>
</CondStmnt>
</StmntSeq>
<Keyword EndOffset="4587" SrcFileId="1" StartOffset="4584"/>
<LocList>
<Loc EndOffset="4712" SrcFileId="1" StartOffset="4584"/>
</LocList>
<RootTerm CovItemId="C9" CovItemPrefix="SecretCode.java" Intrnl_Id="112">
<BasicBoolTerm Intrnl_Id="113">
<LocList>
<Loc EndOffset="4611" SrcFileId="1" StartOffset="4597"/>
</LocList>
</BasicBoolTerm>
</RootTerm>
</LoopStmnt>
<BasicStmnt CovItemId="S44" CovItemPrefix="SecretCode.java" Intrnl_Id="114">
<LocList>
<Loc EndOffset="4728" SrcFileId="1" StartOffset="4716"/>
</LocList>
</BasicStmnt>
</StmntSeq>
</HierarchyLvl>
<HierarchyLvl HierarchyLvlId="555" HierarchyLvlTypeId="3" Intrnl_Id="115" Name="getPoints">
<Header>
<Loc EndOffset="4816" SrcFileId="1" StartOffset="4794"/>
</Header>
<LocList>
<Loc EndOffset="4840" SrcFileId="1" StartOffset="4794"/>
</LocList>
<StmntSeq Intrnl_Id="116">
<LocList>
<Loc EndOffset="4836" SrcFileId="1" StartOffset="4822"/>
</LocList>
<BasicStmnt CovItemId="S45" CovItemPrefix="SecretCode.java" Intrnl_Id="117">
<LocList>
<Loc EndOffset="4836" SrcFileId="1" StartOffset="4822"/>
</LocList>
</BasicStmnt>
</StmntSeq>
</HierarchyLvl>
<HierarchyLvl HierarchyLvlId="556" HierarchyLvlTypeId="3" Intrnl_Id="118" Name="getResults">
<Header>
<Loc EndOffset="5016" SrcFileId="1" StartOffset="4988"/>
</Header>
<LocList>
<Loc EndOffset="5274" SrcFileId="1" StartOffset="4988"/>
</LocList>
<StmntSeq Intrnl_Id="119">
<LocList>
<Loc EndOffset="5049" SrcFileId="1" StartOffset="5022"/>
<Loc EndOffset="5257" SrcFileId="1" StartOffset="5082"/>
<Loc EndOffset="5270" SrcFileId="1" StartOffset="5261"/>
</LocList>
<BasicStmnt CovItemId="S46" CovItemPrefix="SecretCode.java" Intrnl_Id="120">
<LocList>
<Loc EndOffset="5049" SrcFileId="1" StartOffset="5022"/>
</LocList>
</BasicStmnt>
<LoopStmnt CovItemId="S47" CovItemPrefix="SecretCode.java" Intrnl_Id="121" MltplExecId="L5-2" MltplExecPrefix="SecretCode.java" NvrExecId="L5-0" NvrExecPrefix="SecretCode.java" OnceExecutedId="L5-1" OnceExecutedPrefix="SecretCode.java" OptBodyExec="true">
<StmntSeq Intrnl_Id="122">
<LocList>
<Loc EndOffset="5140" SrcFileId="1" StartOffset="5109"/>
<Loc EndOffset="5252" SrcFileId="1" StartOffset="5145"/>
</LocList>
<BasicStmnt CovItemId="S48" CovItemPrefix="SecretCode.java" Intrnl_Id="123">
<LocList>
<Loc EndOffset="5140" SrcFileId="1" StartOffset="5109"/>
</LocList>
</BasicStmnt>
<CondStmnt CovItemId="S49" CovItemPrefix="SecretCode.java" Intrnl_Id="124">
<Branch CovItemId="B13" CovItemPrefix="SecretCode.java" Implct="false" Intrnl_Id="125">
<Cond>
<Loc EndOffset="5177" SrcFileId="1" StartOffset="5171"/>
</Cond>
<LocList>
<Loc EndOffset="5190" SrcFileId="1" StartOffset="5179"/>
</LocList>
<StmntSeq Intrnl_Id="126">
<LocList>
<Loc EndOffset="5190" SrcFileId="1" StartOffset="5179"/>
</LocList>
<BasicStmnt CovItemId="S50" CovItemPrefix="SecretCode.java" Intrnl_Id="127">
<LocList>
<Loc EndOffset="5190" SrcFileId="1" StartOffset="5179"/>
</LocList>
</BasicStmnt>
</StmntSeq>
</Branch>
<Branch CovItemId="B14" CovItemPrefix="SecretCode.java" Implct="false" Intrnl_Id="128">
<Cond>
<Loc EndOffset="5202" SrcFileId="1" StartOffset="5196"/>
</Cond>
<LocList>
<Loc EndOffset="5218" SrcFileId="1" StartOffset="5205"/>
</LocList>
<StmntSeq Intrnl_Id="129">
<LocList>
<Loc EndOffset="5218" SrcFileId="1" StartOffset="5205"/>
</LocList>
<BasicStmnt CovItemId="S51" CovItemPrefix="SecretCode.java" Intrnl_Id="130">
<LocList>
<Loc EndOffset="5218" SrcFileId="1" StartOffset="5205"/>
</LocList>
</BasicStmnt>
</StmntSeq>
</Branch>
<Branch CovItemId="B15" CovItemPrefix="SecretCode.java" Implct="false" Intrnl_Id="131">
<Cond>
<Loc EndOffset="5231" SrcFileId="1" StartOffset="5224"/>
</Cond>
<LocList>
<Loc EndOffset="5246" SrcFileId="1" StartOffset="5234"/>
</LocList>
<StmntSeq Intrnl_Id="132">
<LocList>
<Loc EndOffset="5246" SrcFileId="1" StartOffset="5234"/>
</LocList>
<BasicStmnt CovItemId="S52" CovItemPrefix="SecretCode.java" Intrnl_Id="133">
<LocList>
<Loc EndOffset="5246" SrcFileId="1" StartOffset="5234"/>
</LocList>
</BasicStmnt>
</StmntSeq>
</Branch>
<Branch CovItemId="B16" CovItemPrefix="SecretCode.java" Implct="true" Intrnl_Id="134">
<Cond/>
<LocList/>
<StmntSeq Intrnl_Id="135">
<LocList/>
</StmntSeq>
</Branch>
<Keyword EndOffset="5151" SrcFileId="1" StartOffset="5145"/>
<LocList>
<Loc EndOffset="5252" SrcFileId="1" StartOffset="5145"/>
</LocList>
</CondStmnt>
</StmntSeq>
<Keyword EndOffset="5085" SrcFileId="1" StartOffset="5082"/>
<LocList>
<Loc EndOffset="5257" SrcFileId="1" StartOffset="5082"/>
</LocList>
<RootTerm CovItemId="C11" CovItemPrefix="SecretCode.java" Intrnl_Id="136">
<BasicBoolTerm Intrnl_Id="137">
<LocList>
<Loc EndOffset="5097" SrcFileId="1" StartOffset="5094"/>
</LocList>
</BasicBoolTerm>
</RootTerm>
</LoopStmnt>
<BasicStmnt CovItemId="S53" CovItemPrefix="SecretCode.java" Intrnl_Id="138">
<LocList>
<Loc EndOffset="5270" SrcFileId="1" StartOffset="5261"/>
</LocList>
</BasicStmnt>
</StmntSeq>
</HierarchyLvl>
</HierarchyLvl>
</HierarchyLvl>
</MASTRoot>
</TestSessionContainer>
