<?xml version="1.0" encoding="UTF-8"?><TestSessionContainer xmlns="http://www.codecover.org/xml/testsession-container" Date="1687621635706" TestSessionContainerId="923c2a14-3e35-44b5-8936-6a231defa434" version="1.0">
<SrcFileList>
<SrcFile Content="&#13;&#10;public class SecretCode {&#13;&#10;&#9;private /*@spec_public@*/ String code[] = new String[5];&#13;&#10;&#9;private /*@spec_public@*/ int points;&#13;&#10;&#9;private /*@spec_public@*/ int turn;&#13;&#10;&#9;private /*@spec_public@*/ boolean previous[]; &#13;&#10;&#9;private /*@spec_public@*/ int results[] = new int[5]; //-1 miss, 0 close, 1 hit &#13;&#10;&#9;&#13;&#10;&#9;//i turni devono essere compresi tra 0 e 10&#13;&#10;&#9;//@ public invariant turn &gt;=0 &amp;&amp; turn &lt;=10;&#13;&#10;&#9;&#13;&#10;&#9;//ogni pezzo di codice è composto da una e una sola lettera&#13;&#10;&#9;//@ public invariant (\forall int x; x&lt;5 &amp;&amp; x&gt;=0; (code[x].length())== 1); &#13;&#10;&#9;&#13;&#10;&#9;&#13;&#10;&#9;&#13;&#10;&#9;//il codice non può essere vuoto&#13;&#10;&#9;//@ requires c!=null;&#13;&#10;&#9;// il codice deve essere lungo 5&#13;&#10;&#9;//@ requires c.length == 5;&#13;&#10;&#9;// inizialmente i controlli sono settati a falso&#13;&#10;&#9;//@ ensures (\forall int x; x&lt;5 &amp;&amp; x&gt;=0; previous[x]==false);&#13;&#10;&#9;//il codice segreto viene impostato uguale all'input&#13;&#10;&#9;//@ ensures code == c;&#13;&#10;&#9;public SecretCode(String c[]) {&#13;&#10;&#9;&#9;previous = new boolean[]{false,false,false,false,false};&#13;&#10;&#9;&#9;code = c;&#13;&#10;&#9;&#9;points = 0;&#13;&#10;&#9;&#9;turn = 1;&#13;&#10;&#9;}&#13;&#10;&#9;&#13;&#10;&#9;&#13;&#10;&#9;// la lunghezza del tentativo deve essere 5&#13;&#10;&#9;//@ requires c.length == 5;&#13;&#10;&#9;// ogni parte di codice non deve essere nulla e lunga 1&#13;&#10;&#9;//@ requires (\forall int x; x&lt;5 &amp;&amp; x&gt;=0; (c[x].length())== 1 &amp;&amp; c[x]!=null);&#13;&#10;&#9;// se al turno precedente ho indovinato un pezzo, devo mantenere quel risultato&#13;&#10;&#9;//@ requires isCodeValid(c);&#13;&#10;&#9;// se ho indovinato il codice, ritorna vero, altrimenti, ritorna falso&#13;&#10;&#9;//@ ensures (code[i].equals(c[i])) &lt;==&gt; \result;&#13;&#10;&#9;//@ ensures !(code[i].equals(c[i])) &lt;==&gt; !\result;&#13;&#10;&#9;// se il turno è maggiore o uguale a 10 torna falso, ma se è falso non vuol dire che il turno sia &gt;=10&#13;&#10;&#9;//@ ensures (turn&gt;=10) ==&gt; !\result;&#13;&#10;&#9;// i punti vengono assegnati correttamente&#13;&#10;&#9;//@ ensures (turn&lt;10 &amp;&amp; isCodeValid(c)) ==&gt; (points == \old(points) + guessPoints(c));&#13;&#10;&#9;//@ diverges true;&#13;&#10;&#9;public boolean guessCode(String c[]) {&#13;&#10;&#9;&#9;&#13;&#10;&#9;&#9;boolean end = false;&#13;&#10;&#9;&#9;if(turn &lt; 10 &amp;&amp; isCodeValid(c)) {&#13;&#10;&#9;&#9;&#9;&#13;&#10;&#9;&#9;&#9;//@ loop_invariant code[i]!=null;&#13;&#10;&#9;&#9;&#9;for(int i=0; i&lt; code.length ;i++) {&#13;&#10;&#9;&#9;&#9;&#9;if(code[i].equals(c[i])==false) {&#13;&#10;&#9;&#9;&#9;&#9;&#9;end = false;&#13;&#10;&#9;&#9;&#9;&#9;&#9;break;&#13;&#10;&#9;&#9;&#9;&#9;}else {&#13;&#10;&#9;&#9;&#9;&#9;&#9;end= true;&#13;&#10;&#9;&#9;&#9;&#9;}&#9;&#13;&#10;&#9;&#9;&#9;}&#13;&#10;&#9;&#9;&#9;points += guessPoints(c);&#13;&#10;&#9;&#9;&#9;turn++;&#13;&#10;&#9;&#9;&#9;//@ assert turn &lt;= 10;&#13;&#10;&#9;&#9;}&#13;&#10;&#9;&#9;return end;&#13;&#10;&#9;&#9;&#13;&#10;&#9;}&#13;&#10;&#9;&#13;&#10;&#9;// la lunghezza del tentativo deve essere 5&#13;&#10;&#9;//@ requires c.length == 5;&#13;&#10;&#9;// ogni parte di codice non deve essere nulla e lunga 1&#13;&#10;&#9;//@ requires (\forall int x; x&lt;5 &amp;&amp; x&gt;=0; (c[x].length())== 1 &amp;&amp; c[x]!=null);&#13;&#10;&#9;// controllo che il risultato rispecchi la regola di correttezza&#13;&#10;&#9;//@ ensures \result &lt;==&gt; (\forall int x; x&lt;5 &amp;&amp; x&gt;=0; code[x].equals(c[x]) || !previous[x]);&#13;&#10;&#9;//@ ensures !\result &lt;==&gt; (\exists int x; x&lt;5 &amp;&amp; x&gt;=0; !(code[x].equals(c[x])) || previous[x]);&#13;&#10;&#9;//@ diverges true;&#13;&#10;&#9;private /*@ pure spec_public @*/boolean isCodeValid(String c[]) {&#13;&#10;&#9;&#9;&#13;&#10;&#9;&#9;boolean flag = false;&#13;&#10;&#9;&#9;&#13;&#10;&#9;&#9;//@ loop_invariant code[i]!=null;&#13;&#10;&#9;&#9;for(int i=0; i&lt; code.length ;i++) {&#13;&#10;&#9;&#9;&#9;if(code[i].equals(c[i])==false &amp;&amp; previous[i]==true) {&#13;&#10;&#9;&#9;&#9;&#9;flag = false;&#13;&#10;&#9;&#9;&#9;&#9;break;&#13;&#10;&#9;&#9;&#9;}else {&#13;&#10;&#9;&#9;&#9;&#9;flag= true;&#13;&#10;&#9;&#9;&#9;}&#9;&#13;&#10;&#9;&#9;}&#9;&#9;&#13;&#10;&#9;&#9;&#13;&#10;&#9;&#9;return flag;&#13;&#10;&#9;}&#13;&#10;&#9;&#13;&#10;&#9;// la lunghezza del tentativo deve essere 5&#13;&#10;&#9;//@ requires c.length == 5;&#13;&#10;&#9;// ogni parte di codice non deve essere nulla e lunga 1&#13;&#10;&#9;//@ requires (\forall int x; x&lt;5 &amp;&amp; x&gt;=0; (c[x].length())== 1 &amp;&amp; c[x]!=null);&#13;&#10;&#9;// se ho fatto tutto giusto, devo aver guadagnato 10*turn punti&#13;&#10;&#9;//@ ensures  (\forall int x; x&lt;5 &amp;&amp; x&gt;=0; code[x]==c[x]) &lt;==&gt; \result==10*turn;&#13;&#10;&#9;// se ho fatto qualcosa di sbagliato, devo aver guadagnato meno di 10*turn punti&#13;&#10;&#9;//@ ensures  (\exists int x; x&lt;5 &amp;&amp; x&gt;=0; code[x]!=c[x]) &lt;==&gt; \result&lt;=10*turn;&#13;&#10;&#9;//@ diverges true;&#13;&#10;&#9;private /*@ pure spec_public @*/ int guessPoints(String c[]) {&#13;&#10;&#9;&#9;&#13;&#10;&#9;&#9;int p = 0;&#13;&#10;&#9;&#9;&#13;&#10;&#9;&#9;//@ loop_invariant code[i]!=null;&#13;&#10;&#9;&#9;for(int i=0; i&lt; code.length ;i++) {&#13;&#10;&#9;&#9;&#9;if(code[i].equals(c[i])) {&#13;&#10;&#9;&#9;&#9;&#9;previous[i] = true;&#13;&#10;&#9;&#9;&#9;&#9;p += 2*turn;&#13;&#10;&#9;&#9;&#9;&#9;results[i] = 1;&#13;&#10;&#9;&#9;&#9;}else if( isLetterinCode(c[i])){&#13;&#10;&#9;&#9;&#9;&#9;previous[i] = false;&#13;&#10;&#9;&#9;&#9;&#9;p += 1*turn;&#13;&#10;&#9;&#9;&#9;&#9;results[i] = 0;&#13;&#10;&#9;&#9;&#9;}else {&#13;&#10;&#9;&#9;&#9;&#9;previous[i] = false;&#13;&#10;&#9;&#9;&#9;&#9;p -= 2*turn;&#13;&#10;&#9;&#9;&#9;&#9;results[i] = -1;&#13;&#10;&#9;&#9;&#9;}&#13;&#10;&#9;&#9;}&#13;&#10;&#9;&#9;return p;&#13;&#10;&#9;}&#13;&#10;&#9;&#13;&#10;&#9;//puoi prendere solo una lettera come input&#13;&#10;&#9;//@ requires l!=null &amp;&amp; l.length() == 1 ;&#13;&#10;&#9;// se esiste una pezzo di codice uguale alla lettera, ritorna vero&#13;&#10;&#9;//@ ensures  (\exists int x; x&lt;5 &amp;&amp; x&gt;=0; code[x]==l) &lt;==&gt; \result;&#13;&#10;&#9;// se non esiste una pezzo di codice uguale alla lettera, ritorna falso&#13;&#10;&#9;//@ ensures  (\forall int x; x&lt;5 &amp;&amp; x&gt;=0; code[x]!=l) &lt;==&gt; !\result;&#13;&#10;&#9;//@ diverges true;&#13;&#10;&#9;private boolean isLetterinCode(String l) {&#13;&#10;&#9;&#9;&#13;&#10;&#9;&#9;boolean flag = false;&#13;&#10;&#9;&#9;&#13;&#10;&#9;&#9;//@ loop_invariant code[i]!=null;&#13;&#10;&#9;&#9;for(int i=0; i&lt; code.length ;i++) {&#13;&#10;&#9;&#9;&#9;if(code[i]==l) {&#13;&#10;&#9;&#9;&#9;&#9;flag = true;&#13;&#10;&#9;&#9;&#9;&#9;break;&#13;&#10;&#9;&#9;&#9;}else {&#13;&#10;&#9;&#9;&#9;&#9;flag= false;&#13;&#10;&#9;&#9;&#9;}&#9;&#13;&#10;&#9;&#9;}&#13;&#10;&#9;&#9;return flag;&#13;&#10;&#9;}&#13;&#10;&#9;&#13;&#10;&#9;//@ requires true;&#13;&#10;&#9;//@ ensures  \result == points ;&#13;&#10;&#9;public int getPoints() {&#13;&#10;&#9;&#9;return points;&#13;&#10;&#9;}&#13;&#10;&#9;&#13;&#10;&#9;// non lo posso lanciare prima del primo turno perchè non avrei nessuna risposta&#13;&#10;&#9;//@ requires turn&gt;=2;&#13;&#10;&#9;//@ ensures \result.length == 5;&#13;&#10;&#9;public String[] getResults() {&#13;&#10;&#9;&#9;String[] s = new String[5];&#13;&#10;&#9;&#9;// @ loop_writes i, a[*];&#13;&#10;&#9;&#9;for(int i=0;i&lt;5;i++) &#13;&#10;&#9;&#9;&#9;switch(results[i]) {&#13;&#10;&#9;&#9;&#9;&#9;case 1: s[i]=&quot;Hit&quot;;&#13;&#10;&#9;&#9;&#9;&#9;case 0:  s[i]=&quot;Close&quot;;&#13;&#10;&#9;&#9;&#9;&#9;case -1:  s[i]=&quot;Miss&quot;;&#13;&#10;&#9;&#9;&#9;}&#13;&#10;&#9;&#9;return s;&#13;&#10;&#9;}&#13;&#10;&#9;&#13;&#10;}&#13;&#10;" Filename="SecretCode.java" Intrnl_Id="1"/>
</SrcFileList>
<CritList>
<CritListEntry Name="org.codecover.model.utils.criteria.ConditionCoverage" PluginName="org.codecover"/>
<CritListEntry Name="org.codecover.model.utils.criteria.BranchCoverage" PluginName="org.codecover"/>
<CritListEntry Name="org.codecover.model.utils.criteria.StatementCoverage" PluginName="org.codecover"/>
</CritList>
<BoolOpList>
<BoolOp Arity="2" Intrnl_Id="2" Name="conditional and (&amp;&amp;)">
<BoolAssgnmntBoolMapList>
<MapEntry BoolAssgnmnt="02" Value="false"/>
<MapEntry BoolAssgnmnt="10" Value="false"/>
<MapEntry BoolAssgnmnt="11" Value="true"/>
</BoolAssgnmntBoolMapList>
</BoolOp>
</BoolOpList>
<HierarchyLvlTypeList>
<HierarchyLvlType EnglishName="method" IntrnlName="method" Intrnl_Id="3"/>
<HierarchyLvlType EnglishName="class" IntrnlName="class" Intrnl_Id="4"/>
<HierarchyLvlType EnglishName="default package" IntrnlName="default package" Intrnl_Id="5"/>
</HierarchyLvlTypeList>
<MASTRoot>
<HierarchyLvl HierarchyLvlId="459" HierarchyLvlTypeId="5" Intrnl_Id="6" Name="default package">
<Header/>
<LocList/>
<HierarchyLvl HierarchyLvlId="458" HierarchyLvlTypeId="4" Intrnl_Id="7" Name="SecretCode">
<Header>
<Loc EndOffset="25" SrcFileId="1" StartOffset="2"/>
</Header>
<LocList>
<Loc EndOffset="5231" SrcFileId="1" StartOffset="2"/>
</LocList>
<StmntSeq Intrnl_Id="8">
<LocList>
<Loc EndOffset="86" SrcFileId="1" StartOffset="30"/>
<Loc EndOffset="269" SrcFileId="1" StartOffset="216"/>
</LocList>
<BasicStmnt CovItemId="S1" CovItemPrefix="SecretCode.java" Intrnl_Id="9">
<LocList>
<Loc EndOffset="86" SrcFileId="1" StartOffset="30"/>
</LocList>
</BasicStmnt>
<BasicStmnt CovItemId="S2" CovItemPrefix="SecretCode.java" Intrnl_Id="10">
<LocList>
<Loc EndOffset="269" SrcFileId="1" StartOffset="216"/>
</LocList>
</BasicStmnt>
</StmntSeq>
<HierarchyLvl HierarchyLvlId="451" HierarchyLvlTypeId="3" Intrnl_Id="11" Name="SecretCode">
<Header>
<Loc EndOffset="894" SrcFileId="1" StartOffset="865"/>
</Header>
<LocList>
<Loc EndOffset="1001" SrcFileId="1" StartOffset="865"/>
</LocList>
<StmntSeq Intrnl_Id="12">
<LocList>
<Loc EndOffset="956" SrcFileId="1" StartOffset="900"/>
<Loc EndOffset="969" SrcFileId="1" StartOffset="960"/>
<Loc EndOffset="984" SrcFileId="1" StartOffset="973"/>
<Loc EndOffset="997" SrcFileId="1" StartOffset="988"/>
</LocList>
<BasicStmnt CovItemId="S3" CovItemPrefix="SecretCode.java" Intrnl_Id="13">
<LocList>
<Loc EndOffset="956" SrcFileId="1" StartOffset="900"/>
</LocList>
</BasicStmnt>
<BasicStmnt CovItemId="S4" CovItemPrefix="SecretCode.java" Intrnl_Id="14">
<LocList>
<Loc EndOffset="969" SrcFileId="1" StartOffset="960"/>
</LocList>
</BasicStmnt>
<BasicStmnt CovItemId="S5" CovItemPrefix="SecretCode.java" Intrnl_Id="15">
<LocList>
<Loc EndOffset="984" SrcFileId="1" StartOffset="973"/>
</LocList>
</BasicStmnt>
<BasicStmnt CovItemId="S6" CovItemPrefix="SecretCode.java" Intrnl_Id="16">
<LocList>
<Loc EndOffset="997" SrcFileId="1" StartOffset="988"/>
</LocList>
</BasicStmnt>
</StmntSeq>
</HierarchyLvl>
<HierarchyLvl HierarchyLvlId="452" HierarchyLvlTypeId="3" Intrnl_Id="17" Name="guessCode">
<Header>
<Loc EndOffset="1849" SrcFileId="1" StartOffset="1813"/>
</Header>
<LocList>
<Loc EndOffset="2211" SrcFileId="1" StartOffset="1813"/>
</LocList>
<StmntSeq Intrnl_Id="18">
<LocList>
<Loc EndOffset="1879" SrcFileId="1" StartOffset="1859"/>
<Loc EndOffset="2188" SrcFileId="1" StartOffset="1883"/>
<Loc EndOffset="2203" SrcFileId="1" StartOffset="2192"/>
</LocList>
<BasicStmnt CovItemId="S7" CovItemPrefix="SecretCode.java" Intrnl_Id="19">
<LocList>
<Loc EndOffset="1879" SrcFileId="1" StartOffset="1859"/>
</LocList>
</BasicStmnt>
<CondStmnt CovItemId="S8" CovItemPrefix="SecretCode.java" Intrnl_Id="20">
<Branch CovItemId="B1" CovItemPrefix="SecretCode.java" Implct="false" Intrnl_Id="21">
<Cond/>
<LocList>
<Loc EndOffset="2188" SrcFileId="1" StartOffset="1915"/>
</LocList>
<StmntSeq Intrnl_Id="22">
<LocList>
<Loc EndOffset="2114" SrcFileId="1" StartOffset="1964"/>
<Loc EndOffset="2144" SrcFileId="1" StartOffset="2119"/>
<Loc EndOffset="2156" SrcFileId="1" StartOffset="2149"/>
</LocList>
<LoopStmnt CovItemId="S9" CovItemPrefix="SecretCode.java" Intrnl_Id="23" MltplExecId="L1-2" MltplExecPrefix="SecretCode.java" NvrExecId="L1-0" NvrExecPrefix="SecretCode.java" OnceExecutedId="L1-1" OnceExecutedPrefix="SecretCode.java" OptBodyExec="true">
<StmntSeq Intrnl_Id="24">
<LocList>
<Loc EndOffset="2107" SrcFileId="1" StartOffset="2005"/>
</LocList>
<CondStmnt CovItemId="S10" CovItemPrefix="SecretCode.java" Intrnl_Id="25">
<Branch CovItemId="B3" CovItemPrefix="SecretCode.java" Implct="false" Intrnl_Id="26">
<Cond/>
<LocList>
<Loc EndOffset="2077" SrcFileId="1" StartOffset="2037"/>
</LocList>
<StmntSeq Intrnl_Id="27">
<LocList>
<Loc EndOffset="2057" SrcFileId="1" StartOffset="2045"/>
<Loc EndOffset="2070" SrcFileId="1" StartOffset="2064"/>
</LocList>
<BasicStmnt CovItemId="S11" CovItemPrefix="SecretCode.java" Intrnl_Id="28">
<LocList>
<Loc EndOffset="2057" SrcFileId="1" StartOffset="2045"/>
</LocList>
</BasicStmnt>
<BasicStmnt CovItemId="S12" CovItemPrefix="SecretCode.java" Intrnl_Id="29">
<LocList>
<Loc EndOffset="2070" SrcFileId="1" StartOffset="2064"/>
</LocList>
</BasicStmnt>
</StmntSeq>
</Branch>
<Branch CovItemId="B4" CovItemPrefix="SecretCode.java" Implct="false" Intrnl_Id="30">
<Cond>
<Loc EndOffset="2081" SrcFileId="1" StartOffset="2077"/>
</Cond>
<LocList>
<Loc EndOffset="2107" SrcFileId="1" StartOffset="2082"/>
</LocList>
<StmntSeq Intrnl_Id="31">
<LocList>
<Loc EndOffset="2100" SrcFileId="1" StartOffset="2090"/>
</LocList>
<BasicStmnt CovItemId="S13" CovItemPrefix="SecretCode.java" Intrnl_Id="32">
<LocList>
<Loc EndOffset="2100" SrcFileId="1" StartOffset="2090"/>
</LocList>
</BasicStmnt>
</StmntSeq>
</Branch>
<Keyword EndOffset="2007" SrcFileId="1" StartOffset="2005"/>
<LocList>
<Loc EndOffset="2107" SrcFileId="1" StartOffset="2005"/>
</LocList>
<RootTerm CovItemId="C3" CovItemPrefix="SecretCode.java" Intrnl_Id="33">
<BasicBoolTerm Intrnl_Id="34">
<LocList>
<Loc EndOffset="2035" SrcFileId="1" StartOffset="2008"/>
</LocList>
</BasicBoolTerm>
</RootTerm>
</CondStmnt>
</StmntSeq>
<Keyword EndOffset="1967" SrcFileId="1" StartOffset="1964"/>
<LocList>
<Loc EndOffset="2114" SrcFileId="1" StartOffset="1964"/>
</LocList>
<RootTerm CovItemId="C2" CovItemPrefix="SecretCode.java" Intrnl_Id="35">
<BasicBoolTerm Intrnl_Id="36">
<LocList>
<Loc EndOffset="1991" SrcFileId="1" StartOffset="1977"/>
</LocList>
</BasicBoolTerm>
</RootTerm>
</LoopStmnt>
<BasicStmnt CovItemId="S14" CovItemPrefix="SecretCode.java" Intrnl_Id="37">
<LocList>
<Loc EndOffset="2144" SrcFileId="1" StartOffset="2119"/>
</LocList>
</BasicStmnt>
<BasicStmnt CovItemId="S15" CovItemPrefix="SecretCode.java" Intrnl_Id="38">
<LocList>
<Loc EndOffset="2156" SrcFileId="1" StartOffset="2149"/>
</LocList>
</BasicStmnt>
</StmntSeq>
</Branch>
<Branch CovItemId="B2" CovItemPrefix="SecretCode.java" Implct="true" Intrnl_Id="39">
<Cond/>
<LocList/>
<StmntSeq Intrnl_Id="40">
<LocList/>
</StmntSeq>
</Branch>
<Keyword EndOffset="1885" SrcFileId="1" StartOffset="1883"/>
<LocList>
<Loc EndOffset="2188" SrcFileId="1" StartOffset="1883"/>
</LocList>
<RootTerm CovItemId="C1" CovItemPrefix="SecretCode.java" Intrnl_Id="41">
<OpTerm BooleanOpId="2" Intrnl_Id="42">
<BasicBoolTerm Intrnl_Id="43">
<LocList>
<Loc EndOffset="1895" SrcFileId="1" StartOffset="1886"/>
</LocList>
</BasicBoolTerm>
<BasicBoolTerm Intrnl_Id="44">
<LocList>
<Loc EndOffset="1913" SrcFileId="1" StartOffset="1899"/>
</LocList>
</BasicBoolTerm>
<LocList>
<Loc EndOffset="1898" SrcFileId="1" StartOffset="1896"/>
</LocList>
</OpTerm>
</RootTerm>
</CondStmnt>
<BasicStmnt CovItemId="S16" CovItemPrefix="SecretCode.java" Intrnl_Id="45">
<LocList>
<Loc EndOffset="2203" SrcFileId="1" StartOffset="2192"/>
</LocList>
</BasicStmnt>
</StmntSeq>
</HierarchyLvl>
<HierarchyLvl HierarchyLvlId="453" HierarchyLvlTypeId="3" Intrnl_Id="46" Name="isCodeValid">
<Header>
<Loc EndOffset="2775" SrcFileId="1" StartOffset="2712"/>
</Header>
<LocList>
<Loc EndOffset="3043" SrcFileId="1" StartOffset="2712"/>
</LocList>
<StmntSeq Intrnl_Id="47">
<LocList>
<Loc EndOffset="2806" SrcFileId="1" StartOffset="2785"/>
<Loc EndOffset="3017" SrcFileId="1" StartOffset="2851"/>
<Loc EndOffset="3039" SrcFileId="1" StartOffset="3027"/>
</LocList>
<BasicStmnt CovItemId="S17" CovItemPrefix="SecretCode.java" Intrnl_Id="48">
<LocList>
<Loc EndOffset="2806" SrcFileId="1" StartOffset="2785"/>
</LocList>
</BasicStmnt>
<LoopStmnt CovItemId="S18" CovItemPrefix="SecretCode.java" Intrnl_Id="49" MltplExecId="L2-2" MltplExecPrefix="SecretCode.java" NvrExecId="L2-0" NvrExecPrefix="SecretCode.java" OnceExecutedId="L2-1" OnceExecutedPrefix="SecretCode.java" OptBodyExec="true">
<StmntSeq Intrnl_Id="50">
<LocList>
<Loc EndOffset="3011" SrcFileId="1" StartOffset="2891"/>
</LocList>
<CondStmnt CovItemId="S19" CovItemPrefix="SecretCode.java" Intrnl_Id="51">
<Branch CovItemId="B5" CovItemPrefix="SecretCode.java" Implct="false" Intrnl_Id="52">
<Cond/>
<LocList>
<Loc EndOffset="2982" SrcFileId="1" StartOffset="2944"/>
</LocList>
<StmntSeq Intrnl_Id="53">
<LocList>
<Loc EndOffset="2964" SrcFileId="1" StartOffset="2951"/>
<Loc EndOffset="2976" SrcFileId="1" StartOffset="2970"/>
</LocList>
<BasicStmnt CovItemId="S20" CovItemPrefix="SecretCode.java" Intrnl_Id="54">
<LocList>
<Loc EndOffset="2964" SrcFileId="1" StartOffset="2951"/>
</LocList>
</BasicStmnt>
<BasicStmnt CovItemId="S21" CovItemPrefix="SecretCode.java" Intrnl_Id="55">
<LocList>
<Loc EndOffset="2976" SrcFileId="1" StartOffset="2970"/>
</LocList>
</BasicStmnt>
</StmntSeq>
</Branch>
<Branch CovItemId="B6" CovItemPrefix="SecretCode.java" Implct="false" Intrnl_Id="56">
<Cond>
<Loc EndOffset="2986" SrcFileId="1" StartOffset="2982"/>
</Cond>
<LocList>
<Loc EndOffset="3011" SrcFileId="1" StartOffset="2987"/>
</LocList>
<StmntSeq Intrnl_Id="57">
<LocList>
<Loc EndOffset="3005" SrcFileId="1" StartOffset="2994"/>
</LocList>
<BasicStmnt CovItemId="S22" CovItemPrefix="SecretCode.java" Intrnl_Id="58">
<LocList>
<Loc EndOffset="3005" SrcFileId="1" StartOffset="2994"/>
</LocList>
</BasicStmnt>
</StmntSeq>
</Branch>
<Keyword EndOffset="2893" SrcFileId="1" StartOffset="2891"/>
<LocList>
<Loc EndOffset="3011" SrcFileId="1" StartOffset="2891"/>
</LocList>
<RootTerm CovItemId="C5" CovItemPrefix="SecretCode.java" Intrnl_Id="59">
<OpTerm BooleanOpId="2" Intrnl_Id="60">
<BasicBoolTerm Intrnl_Id="61">
<LocList>
<Loc EndOffset="2921" SrcFileId="1" StartOffset="2894"/>
</LocList>
</BasicBoolTerm>
<BasicBoolTerm Intrnl_Id="62">
<LocList>
<Loc EndOffset="2942" SrcFileId="1" StartOffset="2925"/>
</LocList>
</BasicBoolTerm>
<LocList>
<Loc EndOffset="2924" SrcFileId="1" StartOffset="2922"/>
</LocList>
</OpTerm>
</RootTerm>
</CondStmnt>
</StmntSeq>
<Keyword EndOffset="2854" SrcFileId="1" StartOffset="2851"/>
<LocList>
<Loc EndOffset="3017" SrcFileId="1" StartOffset="2851"/>
</LocList>
<RootTerm CovItemId="C4" CovItemPrefix="SecretCode.java" Intrnl_Id="63">
<BasicBoolTerm Intrnl_Id="64">
<LocList>
<Loc EndOffset="2878" SrcFileId="1" StartOffset="2864"/>
</LocList>
</BasicBoolTerm>
</RootTerm>
</LoopStmnt>
<BasicStmnt CovItemId="S23" CovItemPrefix="SecretCode.java" Intrnl_Id="65">
<LocList>
<Loc EndOffset="3039" SrcFileId="1" StartOffset="3027"/>
</LocList>
</BasicStmnt>
</StmntSeq>
</HierarchyLvl>
<HierarchyLvl HierarchyLvlId="454" HierarchyLvlTypeId="3" Intrnl_Id="66" Name="guessPoints">
<Header>
<Loc EndOffset="3657" SrcFileId="1" StartOffset="3597"/>
</Header>
<LocList>
<Loc EndOffset="4060" SrcFileId="1" StartOffset="3597"/>
</LocList>
<StmntSeq Intrnl_Id="67">
<LocList>
<Loc EndOffset="3677" SrcFileId="1" StartOffset="3667"/>
<Loc EndOffset="4043" SrcFileId="1" StartOffset="3722"/>
<Loc EndOffset="4056" SrcFileId="1" StartOffset="4047"/>
</LocList>
<BasicStmnt CovItemId="S24" CovItemPrefix="SecretCode.java" Intrnl_Id="68">
<LocList>
<Loc EndOffset="3677" SrcFileId="1" StartOffset="3667"/>
</LocList>
</BasicStmnt>
<LoopStmnt CovItemId="S25" CovItemPrefix="SecretCode.java" Intrnl_Id="69" MltplExecId="L3-2" MltplExecPrefix="SecretCode.java" NvrExecId="L3-0" NvrExecPrefix="SecretCode.java" OnceExecutedId="L3-1" OnceExecutedPrefix="SecretCode.java" OptBodyExec="true">
<StmntSeq Intrnl_Id="70">
<LocList>
<Loc EndOffset="4038" SrcFileId="1" StartOffset="3762"/>
</LocList>
<CondStmnt CovItemId="S26" CovItemPrefix="SecretCode.java" Intrnl_Id="71">
<Branch CovItemId="B7" CovItemPrefix="SecretCode.java" Implct="false" Intrnl_Id="72">
<Cond/>
<LocList>
<Loc EndOffset="3858" SrcFileId="1" StartOffset="3787"/>
</LocList>
<StmntSeq Intrnl_Id="73">
<LocList>
<Loc EndOffset="3813" SrcFileId="1" StartOffset="3794"/>
<Loc EndOffset="3831" SrcFileId="1" StartOffset="3819"/>
<Loc EndOffset="3852" SrcFileId="1" StartOffset="3837"/>
</LocList>
<BasicStmnt CovItemId="S27" CovItemPrefix="SecretCode.java" Intrnl_Id="74">
<LocList>
<Loc EndOffset="3813" SrcFileId="1" StartOffset="3794"/>
</LocList>
</BasicStmnt>
<BasicStmnt CovItemId="S28" CovItemPrefix="SecretCode.java" Intrnl_Id="75">
<LocList>
<Loc EndOffset="3831" SrcFileId="1" StartOffset="3819"/>
</LocList>
</BasicStmnt>
<BasicStmnt CovItemId="S29" CovItemPrefix="SecretCode.java" Intrnl_Id="76">
<LocList>
<Loc EndOffset="3852" SrcFileId="1" StartOffset="3837"/>
</LocList>
</BasicStmnt>
</StmntSeq>
</Branch>
<Branch CovItemId="B8" CovItemPrefix="SecretCode.java" Implct="false" Intrnl_Id="77">
<Cond>
<Loc EndOffset="3862" SrcFileId="1" StartOffset="3858"/>
</Cond>
<LocList>
<Loc EndOffset="4038" SrcFileId="1" StartOffset="3863"/>
</LocList>
<StmntSeq Intrnl_Id="78">
<LocList>
<Loc EndOffset="4038" SrcFileId="1" StartOffset="3863"/>
</LocList>
<CondStmnt CovItemId="S30" CovItemPrefix="SecretCode.java" Intrnl_Id="79">
<Branch CovItemId="B9" CovItemPrefix="SecretCode.java" Implct="false" Intrnl_Id="80">
<Cond/>
<LocList>
<Loc EndOffset="3960" SrcFileId="1" StartOffset="3888"/>
</LocList>
<StmntSeq Intrnl_Id="81">
<LocList>
<Loc EndOffset="3915" SrcFileId="1" StartOffset="3895"/>
<Loc EndOffset="3933" SrcFileId="1" StartOffset="3921"/>
<Loc EndOffset="3954" SrcFileId="1" StartOffset="3939"/>
</LocList>
<BasicStmnt CovItemId="S31" CovItemPrefix="SecretCode.java" Intrnl_Id="82">
<LocList>
<Loc EndOffset="3915" SrcFileId="1" StartOffset="3895"/>
</LocList>
</BasicStmnt>
<BasicStmnt CovItemId="S32" CovItemPrefix="SecretCode.java" Intrnl_Id="83">
<LocList>
<Loc EndOffset="3933" SrcFileId="1" StartOffset="3921"/>
</LocList>
</BasicStmnt>
<BasicStmnt CovItemId="S33" CovItemPrefix="SecretCode.java" Intrnl_Id="84">
<LocList>
<Loc EndOffset="3954" SrcFileId="1" StartOffset="3939"/>
</LocList>
</BasicStmnt>
</StmntSeq>
</Branch>
<Branch CovItemId="B10" CovItemPrefix="SecretCode.java" Implct="false" Intrnl_Id="85">
<Cond>
<Loc EndOffset="3964" SrcFileId="1" StartOffset="3960"/>
</Cond>
<LocList>
<Loc EndOffset="4038" SrcFileId="1" StartOffset="3965"/>
</LocList>
<StmntSeq Intrnl_Id="86">
<LocList>
<Loc EndOffset="3992" SrcFileId="1" StartOffset="3972"/>
<Loc EndOffset="4010" SrcFileId="1" StartOffset="3998"/>
<Loc EndOffset="4032" SrcFileId="1" StartOffset="4016"/>
</LocList>
<BasicStmnt CovItemId="S34" CovItemPrefix="SecretCode.java" Intrnl_Id="87">
<LocList>
<Loc EndOffset="3992" SrcFileId="1" StartOffset="3972"/>
</LocList>
</BasicStmnt>
<BasicStmnt CovItemId="S35" CovItemPrefix="SecretCode.java" Intrnl_Id="88">
<LocList>
<Loc EndOffset="4010" SrcFileId="1" StartOffset="3998"/>
</LocList>
</BasicStmnt>
<BasicStmnt CovItemId="S36" CovItemPrefix="SecretCode.java" Intrnl_Id="89">
<LocList>
<Loc EndOffset="4032" SrcFileId="1" StartOffset="4016"/>
</LocList>
</BasicStmnt>
</StmntSeq>
</Branch>
<Keyword EndOffset="3865" SrcFileId="1" StartOffset="3863"/>
<LocList>
<Loc EndOffset="4038" SrcFileId="1" StartOffset="3863"/>
</LocList>
<RootTerm CovItemId="C8" CovItemPrefix="SecretCode.java" Intrnl_Id="90">
<BasicBoolTerm Intrnl_Id="91">
<LocList>
<Loc EndOffset="3887" SrcFileId="1" StartOffset="3867"/>
</LocList>
</BasicBoolTerm>
</RootTerm>
</CondStmnt>
</StmntSeq>
</Branch>
<Keyword EndOffset="3764" SrcFileId="1" StartOffset="3762"/>
<LocList>
<Loc EndOffset="4038" SrcFileId="1" StartOffset="3762"/>
</LocList>
<RootTerm CovItemId="C7" CovItemPrefix="SecretCode.java" Intrnl_Id="92">
<BasicBoolTerm Intrnl_Id="93">
<LocList>
<Loc EndOffset="3785" SrcFileId="1" StartOffset="3765"/>
</LocList>
</BasicBoolTerm>
</RootTerm>
</CondStmnt>
</StmntSeq>
<Keyword EndOffset="3725" SrcFileId="1" StartOffset="3722"/>
<LocList>
<Loc EndOffset="4043" SrcFileId="1" StartOffset="3722"/>
</LocList>
<RootTerm CovItemId="C6" CovItemPrefix="SecretCode.java" Intrnl_Id="94">
<BasicBoolTerm Intrnl_Id="95">
<LocList>
<Loc EndOffset="3749" SrcFileId="1" StartOffset="3735"/>
</LocList>
</BasicBoolTerm>
</RootTerm>
</LoopStmnt>
<BasicStmnt CovItemId="S37" CovItemPrefix="SecretCode.java" Intrnl_Id="96">
<LocList>
<Loc EndOffset="4056" SrcFileId="1" StartOffset="4047"/>
</LocList>
</BasicStmnt>
</StmntSeq>
</HierarchyLvl>
<HierarchyLvl HierarchyLvlId="455" HierarchyLvlTypeId="3" Intrnl_Id="97" Name="isLetterinCode">
<Header>
<Loc EndOffset="4501" SrcFileId="1" StartOffset="4461"/>
</Header>
<LocList>
<Loc EndOffset="4725" SrcFileId="1" StartOffset="4461"/>
</LocList>
<StmntSeq Intrnl_Id="98">
<LocList>
<Loc EndOffset="4532" SrcFileId="1" StartOffset="4511"/>
<Loc EndOffset="4705" SrcFileId="1" StartOffset="4577"/>
<Loc EndOffset="4721" SrcFileId="1" StartOffset="4709"/>
</LocList>
<BasicStmnt CovItemId="S38" CovItemPrefix="SecretCode.java" Intrnl_Id="99">
<LocList>
<Loc EndOffset="4532" SrcFileId="1" StartOffset="4511"/>
</LocList>
</BasicStmnt>
<LoopStmnt CovItemId="S39" CovItemPrefix="SecretCode.java" Intrnl_Id="100" MltplExecId="L4-2" MltplExecPrefix="SecretCode.java" NvrExecId="L4-0" NvrExecPrefix="SecretCode.java" OnceExecutedId="L4-1" OnceExecutedPrefix="SecretCode.java" OptBodyExec="true">
<StmntSeq Intrnl_Id="101">
<LocList>
<Loc EndOffset="4699" SrcFileId="1" StartOffset="4617"/>
</LocList>
<CondStmnt CovItemId="S40" CovItemPrefix="SecretCode.java" Intrnl_Id="102">
<Branch CovItemId="B11" CovItemPrefix="SecretCode.java" Implct="false" Intrnl_Id="103">
<Cond/>
<LocList>
<Loc EndOffset="4669" SrcFileId="1" StartOffset="4632"/>
</LocList>
<StmntSeq Intrnl_Id="104">
<LocList>
<Loc EndOffset="4651" SrcFileId="1" StartOffset="4639"/>
<Loc EndOffset="4663" SrcFileId="1" StartOffset="4657"/>
</LocList>
<BasicStmnt CovItemId="S41" CovItemPrefix="SecretCode.java" Intrnl_Id="105">
<LocList>
<Loc EndOffset="4651" SrcFileId="1" StartOffset="4639"/>
</LocList>
</BasicStmnt>
<BasicStmnt CovItemId="S42" CovItemPrefix="SecretCode.java" Intrnl_Id="106">
<LocList>
<Loc EndOffset="4663" SrcFileId="1" StartOffset="4657"/>
</LocList>
</BasicStmnt>
</StmntSeq>
</Branch>
<Branch CovItemId="B12" CovItemPrefix="SecretCode.java" Implct="false" Intrnl_Id="107">
<Cond>
<Loc EndOffset="4673" SrcFileId="1" StartOffset="4669"/>
</Cond>
<LocList>
<Loc EndOffset="4699" SrcFileId="1" StartOffset="4674"/>
</LocList>
<StmntSeq Intrnl_Id="108">
<LocList>
<Loc EndOffset="4693" SrcFileId="1" StartOffset="4681"/>
</LocList>
<BasicStmnt CovItemId="S43" CovItemPrefix="SecretCode.java" Intrnl_Id="109">
<LocList>
<Loc EndOffset="4693" SrcFileId="1" StartOffset="4681"/>
</LocList>
</BasicStmnt>
</StmntSeq>
</Branch>
<Keyword EndOffset="4619" SrcFileId="1" StartOffset="4617"/>
<LocList>
<Loc EndOffset="4699" SrcFileId="1" StartOffset="4617"/>
</LocList>
<RootTerm CovItemId="C10" CovItemPrefix="SecretCode.java" Intrnl_Id="110">
<BasicBoolTerm Intrnl_Id="111">
<LocList>
<Loc EndOffset="4630" SrcFileId="1" StartOffset="4620"/>
</LocList>
</BasicBoolTerm>
</RootTerm>
</CondStmnt>
</StmntSeq>
<Keyword EndOffset="4580" SrcFileId="1" StartOffset="4577"/>
<LocList>
<Loc EndOffset="4705" SrcFileId="1" StartOffset="4577"/>
</LocList>
<RootTerm CovItemId="C9" CovItemPrefix="SecretCode.java" Intrnl_Id="112">
<BasicBoolTerm Intrnl_Id="113">
<LocList>
<Loc EndOffset="4604" SrcFileId="1" StartOffset="4590"/>
</LocList>
</BasicBoolTerm>
</RootTerm>
</LoopStmnt>
<BasicStmnt CovItemId="S44" CovItemPrefix="SecretCode.java" Intrnl_Id="114">
<LocList>
<Loc EndOffset="4721" SrcFileId="1" StartOffset="4709"/>
</LocList>
</BasicStmnt>
</StmntSeq>
</HierarchyLvl>
<HierarchyLvl HierarchyLvlId="456" HierarchyLvlTypeId="3" Intrnl_Id="115" Name="getPoints">
<Header>
<Loc EndOffset="4809" SrcFileId="1" StartOffset="4787"/>
</Header>
<LocList>
<Loc EndOffset="4833" SrcFileId="1" StartOffset="4787"/>
</LocList>
<StmntSeq Intrnl_Id="116">
<LocList>
<Loc EndOffset="4829" SrcFileId="1" StartOffset="4815"/>
</LocList>
<BasicStmnt CovItemId="S45" CovItemPrefix="SecretCode.java" Intrnl_Id="117">
<LocList>
<Loc EndOffset="4829" SrcFileId="1" StartOffset="4815"/>
</LocList>
</BasicStmnt>
</StmntSeq>
</HierarchyLvl>
<HierarchyLvl HierarchyLvlId="457" HierarchyLvlTypeId="3" Intrnl_Id="118" Name="getResults">
<Header>
<Loc EndOffset="5009" SrcFileId="1" StartOffset="4981"/>
</Header>
<LocList>
<Loc EndOffset="5225" SrcFileId="1" StartOffset="4981"/>
</LocList>
<StmntSeq Intrnl_Id="119">
<LocList>
<Loc EndOffset="5042" SrcFileId="1" StartOffset="5015"/>
<Loc EndOffset="5208" SrcFileId="1" StartOffset="5075"/>
<Loc EndOffset="5221" SrcFileId="1" StartOffset="5212"/>
</LocList>
<BasicStmnt CovItemId="S46" CovItemPrefix="SecretCode.java" Intrnl_Id="120">
<LocList>
<Loc EndOffset="5042" SrcFileId="1" StartOffset="5015"/>
</LocList>
</BasicStmnt>
<LoopStmnt CovItemId="S47" CovItemPrefix="SecretCode.java" Intrnl_Id="121" MltplExecId="L5-2" MltplExecPrefix="SecretCode.java" NvrExecId="L5-0" NvrExecPrefix="SecretCode.java" OnceExecutedId="L5-1" OnceExecutedPrefix="SecretCode.java" OptBodyExec="true">
<StmntSeq Intrnl_Id="122">
<LocList>
<Loc EndOffset="5208" SrcFileId="1" StartOffset="5101"/>
</LocList>
<CondStmnt CovItemId="S48" CovItemPrefix="SecretCode.java" Intrnl_Id="123">
<Branch CovItemId="B13" CovItemPrefix="SecretCode.java" Implct="false" Intrnl_Id="124">
<Cond>
<Loc EndOffset="5133" SrcFileId="1" StartOffset="5127"/>
</Cond>
<LocList>
<Loc EndOffset="5146" SrcFileId="1" StartOffset="5135"/>
</LocList>
<StmntSeq Intrnl_Id="125">
<LocList>
<Loc EndOffset="5146" SrcFileId="1" StartOffset="5135"/>
</LocList>
<BasicStmnt CovItemId="S49" CovItemPrefix="SecretCode.java" Intrnl_Id="126">
<LocList>
<Loc EndOffset="5146" SrcFileId="1" StartOffset="5135"/>
</LocList>
</BasicStmnt>
</StmntSeq>
</Branch>
<Branch CovItemId="B14" CovItemPrefix="SecretCode.java" Implct="false" Intrnl_Id="127">
<Cond>
<Loc EndOffset="5158" SrcFileId="1" StartOffset="5152"/>
</Cond>
<LocList>
<Loc EndOffset="5174" SrcFileId="1" StartOffset="5161"/>
</LocList>
<StmntSeq Intrnl_Id="128">
<LocList>
<Loc EndOffset="5174" SrcFileId="1" StartOffset="5161"/>
</LocList>
<BasicStmnt CovItemId="S50" CovItemPrefix="SecretCode.java" Intrnl_Id="129">
<LocList>
<Loc EndOffset="5174" SrcFileId="1" StartOffset="5161"/>
</LocList>
</BasicStmnt>
</StmntSeq>
</Branch>
<Branch CovItemId="B15" CovItemPrefix="SecretCode.java" Implct="false" Intrnl_Id="130">
<Cond>
<Loc EndOffset="5187" SrcFileId="1" StartOffset="5180"/>
</Cond>
<LocList>
<Loc EndOffset="5202" SrcFileId="1" StartOffset="5190"/>
</LocList>
<StmntSeq Intrnl_Id="131">
<LocList>
<Loc EndOffset="5202" SrcFileId="1" StartOffset="5190"/>
</LocList>
<BasicStmnt CovItemId="S51" CovItemPrefix="SecretCode.java" Intrnl_Id="132">
<LocList>
<Loc EndOffset="5202" SrcFileId="1" StartOffset="5190"/>
</LocList>
</BasicStmnt>
</StmntSeq>
</Branch>
<Branch CovItemId="B16" CovItemPrefix="SecretCode.java" Implct="true" Intrnl_Id="133">
<Cond/>
<LocList/>
<StmntSeq Intrnl_Id="134">
<LocList/>
</StmntSeq>
</Branch>
<Keyword EndOffset="5107" SrcFileId="1" StartOffset="5101"/>
<LocList>
<Loc EndOffset="5208" SrcFileId="1" StartOffset="5101"/>
</LocList>
</CondStmnt>
</StmntSeq>
<Keyword EndOffset="5078" SrcFileId="1" StartOffset="5075"/>
<LocList>
<Loc EndOffset="5208" SrcFileId="1" StartOffset="5075"/>
</LocList>
<RootTerm CovItemId="C11" CovItemPrefix="SecretCode.java" Intrnl_Id="135">
<BasicBoolTerm Intrnl_Id="136">
<LocList>
<Loc EndOffset="5090" SrcFileId="1" StartOffset="5087"/>
</LocList>
</BasicBoolTerm>
</RootTerm>
</LoopStmnt>
<BasicStmnt CovItemId="S52" CovItemPrefix="SecretCode.java" Intrnl_Id="137">
<LocList>
<Loc EndOffset="5221" SrcFileId="1" StartOffset="5212"/>
</LocList>
</BasicStmnt>
</StmntSeq>
</HierarchyLvl>
</HierarchyLvl>
</HierarchyLvl>
</MASTRoot>
</TestSessionContainer>
