<?xml version="1.0" encoding="UTF-8"?><TestSessionContainer xmlns="http://www.codecover.org/xml/testsession-container" Date="1687623787321" TestSessionContainerId="85174a32-0c13-4513-9119-8a2878403f2f" version="1.0">
<SrcFileList>
<SrcFile Content="&#13;&#10;public class SecretCode {&#13;&#10;&#9;private /*@spec_public@*/ String code[] = new String[5];&#13;&#10;&#9;private /*@spec_public@*/ int points;&#13;&#10;&#9;private /*@spec_public@*/ int turn;&#13;&#10;&#9;private /*@spec_public@*/ boolean previous[]; &#13;&#10;&#9;private /*@spec_public@*/ int results[] = new int[5]; //-1 miss, 0 close, 1 hit &#13;&#10;&#9;public boolean EndGame = false;&#13;&#10;&#9;&#13;&#10;&#9;//i turni devono essere compresi tra 0 e 10&#13;&#10;&#9;//@ public invariant turn &gt;=0 &amp;&amp; turn &lt;=10;&#13;&#10;&#9;&#13;&#10;&#9;//ogni pezzo di codice è composto da una e una sola lettera&#13;&#10;&#9;//@ public invariant (\forall int x; x&lt;5 &amp;&amp; x&gt;=0; (code[x].length())== 1); &#13;&#10;&#9;&#13;&#10;&#9;&#13;&#10;&#9;&#13;&#10;&#9;//il codice non può essere vuoto&#13;&#10;&#9;//@ requires c!=null;&#13;&#10;&#9;// il codice deve essere lungo 5&#13;&#10;&#9;//@ requires c.length == 5;&#13;&#10;&#9;// inizialmente i controlli sono settati a falso&#13;&#10;&#9;//@ ensures (\forall int x; x&lt;5 &amp;&amp; x&gt;=0; previous[x]==false);&#13;&#10;&#9;//il codice segreto viene impostato uguale all'input&#13;&#10;&#9;//@ ensures code == c;&#13;&#10;&#9;public SecretCode(String c[]) {&#13;&#10;&#9;&#9;previous = new boolean[]{false,false,false,false,false};&#13;&#10;&#9;&#9;code = c;&#13;&#10;&#9;&#9;points = 0;&#13;&#10;&#9;&#9;turn = 1;&#13;&#10;&#9;}&#13;&#10;&#9;&#13;&#10;&#9;&#13;&#10;&#9;// la lunghezza del tentativo deve essere 5&#13;&#10;&#9;//@ requires c.length == 5;&#13;&#10;&#9;// ogni parte di codice non deve essere nulla e lunga 1&#13;&#10;&#9;//@ requires (\forall int x; x&lt;5 &amp;&amp; x&gt;=0; (c[x].length())== 1 &amp;&amp; c[x]!=null);&#13;&#10;&#9;// se al turno precedente ho indovinato un pezzo, devo mantenere quel risultato&#13;&#10;&#9;//@ requires isCodeValid(c);&#13;&#10;&#9;// se ho indovinato il codice, ritorna vero, altrimenti, ritorna falso&#13;&#10;&#9;//@ ensures (code==c) &lt;==&gt; \result;&#13;&#10;&#9;//@ ensures (code!=c) &lt;==&gt; !\result;&#13;&#10;&#9;// se il turno è maggiore o uguale a 10 torna falso, ma se è falso non vuol dire che il turno sia &gt;=10&#13;&#10;&#9;//@ ensures (turn&gt;=10) ==&gt; !\result;&#13;&#10;&#9;// i punti vengono assegnati correttamente&#13;&#10;&#9;//@ ensures (turn&lt;10 &amp;&amp; isCodeValid(c)) ==&gt; (points == \old(points) + guessPoints(c));&#13;&#10;&#9;//@ diverges true;&#13;&#10;&#9;public boolean guessCode(String c[]) {&#13;&#10;&#9;&#9;&#13;&#10;&#9;&#9;boolean end = false;&#13;&#10;&#9;&#9;if(turn &lt; 10 &amp;&amp; isCodeValid(c)) {&#13;&#10;&#9;&#9;&#9;&#13;&#10;&#9;&#9;&#9;//@ loop_invariant code[i]!=null;&#13;&#10;&#9;&#9;&#9;for(int i=0; i&lt; code.length ;i++) {&#13;&#10;&#9;&#9;&#9;&#9;if(code[i].equals(c[i])==false) {&#13;&#10;&#9;&#9;&#9;&#9;&#9;end = false;&#13;&#10;&#9;&#9;&#9;&#9;&#9;break;&#13;&#10;&#9;&#9;&#9;&#9;}else {&#13;&#10;&#9;&#9;&#9;&#9;&#9;end= true;&#13;&#10;&#9;&#9;&#9;&#9;&#9;EndGame = true;&#13;&#10;&#9;&#9;&#9;&#9;}&#9;&#13;&#10;&#9;&#9;&#9;}&#13;&#10;&#9;&#9;&#9;points += guessPoints(c);&#13;&#10;&#9;&#9;&#9;turn++;&#13;&#10;&#9;&#9;&#9;//@ assert turn &lt;= 10;&#13;&#10;&#9;&#9;}&#13;&#10;&#9;&#9;&#13;&#10;&#9;&#9;if(EndGame) return true;&#13;&#10;&#9;&#9;return end;&#13;&#10;&#9;&#9;&#13;&#10;&#9;}&#13;&#10;&#9;&#13;&#10;&#9;// la lunghezza del tentativo deve essere 5&#13;&#10;&#9;//@ requires c.length == 5;&#13;&#10;&#9;// ogni parte di codice non deve essere nulla e lunga 1&#13;&#10;&#9;//@ requires (\forall int x; x&lt;5 &amp;&amp; x&gt;=0; (c[x].length())== 1 &amp;&amp; c[x]!=null);&#13;&#10;&#9;// controllo che il risultato rispecchi la regola di correttezza&#13;&#10;&#9;//@ ensures \result &lt;==&gt; (\forall int x; x&lt;5 &amp;&amp; x&gt;=0; code[x].equals(c[x]) || !previous[x]);&#13;&#10;&#9;//@ ensures !\result &lt;==&gt; (\exists int x; x&lt;5 &amp;&amp; x&gt;=0; !(code[x].equals(c[x])) || previous[x]);&#13;&#10;&#9;//@ diverges true;&#13;&#10;&#9;private /*@ pure spec_public @*/boolean isCodeValid(String c[]) {&#13;&#10;&#9;&#9;&#13;&#10;&#9;&#9;boolean flag = false;&#13;&#10;&#9;&#9;&#13;&#10;&#9;&#9;//@ loop_invariant code[i]!=null;&#13;&#10;&#9;&#9;for(int i=0; i&lt; code.length ;i++) {&#13;&#10;&#9;&#9;&#9;if(code[i].equals(c[i])==false &amp;&amp; previous[i]==true) {&#13;&#10;&#9;&#9;&#9;&#9;flag = false;&#13;&#10;&#9;&#9;&#9;&#9;break;&#13;&#10;&#9;&#9;&#9;}else {&#13;&#10;&#9;&#9;&#9;&#9;flag= true;&#13;&#10;&#9;&#9;&#9;}&#9;&#13;&#10;&#9;&#9;}&#9;&#9;&#13;&#10;&#9;&#9;&#13;&#10;&#9;&#9;return flag;&#13;&#10;&#9;}&#13;&#10;&#9;&#13;&#10;&#9;// la lunghezza del tentativo deve essere 5&#13;&#10;&#9;//@ requires c.length == 5;&#13;&#10;&#9;// ogni parte di codice non deve essere nulla e lunga 1&#13;&#10;&#9;//@ requires (\forall int x; x&lt;5 &amp;&amp; x&gt;=0; (c[x].length())== 1 &amp;&amp; c[x]!=null);&#13;&#10;&#9;// se ho fatto tutto giusto, devo aver guadagnato 10*turn punti&#13;&#10;&#9;//@ ensures  (\forall int x; x&lt;5 &amp;&amp; x&gt;=0; code[x].equals(c[x])) &lt;==&gt; \result==10*turn;&#13;&#10;&#9;// se ho fatto qualcosa di sbagliato, devo aver guadagnato meno di 10*turn punti&#13;&#10;&#9;//@ ensures  (\exists int x; x&lt;5 &amp;&amp; x&gt;=0; !(code[x].equals(c[x]))) &lt;==&gt; \result&lt;=10*turn;&#13;&#10;&#9;//@ diverges true;&#13;&#10;&#9;private /*@ pure spec_public @*/ int guessPoints(String c[]) {&#13;&#10;&#9;&#9;&#13;&#10;&#9;&#9;int p = 0;&#13;&#10;&#9;&#9;&#13;&#10;&#9;&#9;//@ loop_invariant code[i]!=null;&#13;&#10;&#9;&#9;for(int i=0; i&lt; code.length ;i++) {&#13;&#10;&#9;&#9;&#9;if(code[i].equals(c[i])) {&#13;&#10;&#9;&#9;&#9;&#9;previous[i] = true;&#13;&#10;&#9;&#9;&#9;&#9;p += 2*turn;&#13;&#10;&#9;&#9;&#9;&#9;results[i] = 1;&#13;&#10;&#9;&#9;&#9;}else if( isLetterinCode(c[i])){&#13;&#10;&#9;&#9;&#9;&#9;previous[i] = false;&#13;&#10;&#9;&#9;&#9;&#9;p += 1*turn;&#13;&#10;&#9;&#9;&#9;&#9;results[i] = 0;&#13;&#10;&#9;&#9;&#9;}else {&#13;&#10;&#9;&#9;&#9;&#9;previous[i] = false;&#13;&#10;&#9;&#9;&#9;&#9;p -= 2*turn;&#13;&#10;&#9;&#9;&#9;&#9;results[i] = -1;&#13;&#10;&#9;&#9;&#9;}&#13;&#10;&#9;&#9;}&#13;&#10;&#9;&#9;return p;&#13;&#10;&#9;}&#13;&#10;&#9;&#13;&#10;&#9;//puoi prendere solo una lettera come input&#13;&#10;&#9;//@ requires l!=null &amp;&amp; l.length() == 1 ;&#13;&#10;&#9;// se esiste una pezzo di codice uguale alla lettera, ritorna vero&#13;&#10;&#9;//@ ensures  (\exists int x; x&lt;5 &amp;&amp; x&gt;=0; code[x].equals(l)) &lt;==&gt; \result;&#13;&#10;&#9;// se non esiste una pezzo di codice uguale alla lettera, ritorna falso&#13;&#10;&#9;//@ ensures  (\forall int x; x&lt;5 &amp;&amp; x&gt;=0; !(code[x].equals(l))) &lt;==&gt; !\result;&#13;&#10;&#9;//@ diverges true;&#13;&#10;&#9;private boolean isLetterinCode(String l) {&#13;&#10;&#9;&#9;&#13;&#10;&#9;&#9;boolean flag = false;&#13;&#10;&#9;&#9;&#13;&#10;&#9;&#9;//@ loop_invariant code[i]!=null;&#13;&#10;&#9;&#9;for(int i=0; i&lt; code.length ;i++) {&#13;&#10;&#9;&#9;&#9;if(code[i]==l) {&#13;&#10;&#9;&#9;&#9;&#9;flag = true;&#13;&#10;&#9;&#9;&#9;&#9;break;&#13;&#10;&#9;&#9;&#9;}else {&#13;&#10;&#9;&#9;&#9;&#9;flag= false;&#13;&#10;&#9;&#9;&#9;}&#9;&#13;&#10;&#9;&#9;}&#13;&#10;&#9;&#9;return flag;&#13;&#10;&#9;}&#13;&#10;&#9;&#13;&#10;&#9;//@ requires true;&#13;&#10;&#9;//@ ensures  \result == points ;&#13;&#10;&#9;public int getPoints() {&#13;&#10;&#9;&#9;return points;&#13;&#10;&#9;}&#13;&#10;&#9;&#13;&#10;&#9;// non lo posso lanciare prima del primo turno perchè non avrei nessuna risposta&#13;&#10;&#9;//@ requires turn&gt;=2;&#13;&#10;&#9;//@ ensures \result.length == 5;&#13;&#10;&#9;public String[] getResults() {&#13;&#10;&#9;&#9;String[] s = new String[5];&#13;&#10;&#9;&#9;// @ loop_writes i, a[*];&#13;&#10;&#9;&#9;for(int i=0;i&lt;5;i++) {&#13;&#10;&#9;&#9;&#9;if(results[i]==1) s[i]=&quot;Hit&quot;;&#13;&#10;&#9;&#9;&#9;else if(results[i]==0) s[i]=&quot;Close&quot;;&#13;&#10;&#9;&#9;&#9;else s[i]=&quot;Miss&quot;;&#13;&#10;&#9;&#9;}&#13;&#10;&#9;&#9;return s;&#13;&#10;&#9;}&#13;&#10;&#9;&#13;&#10;}&#13;&#10;" Filename="SecretCode.java" Intrnl_Id="1"/>
</SrcFileList>
<CritList>
<CritListEntry Name="org.codecover.model.utils.criteria.ConditionCoverage" PluginName="org.codecover"/>
<CritListEntry Name="org.codecover.model.utils.criteria.BranchCoverage" PluginName="org.codecover"/>
<CritListEntry Name="org.codecover.model.utils.criteria.StatementCoverage" PluginName="org.codecover"/>
</CritList>
<BoolOpList>
<BoolOp Arity="2" Intrnl_Id="2" Name="conditional and (&amp;&amp;)">
<BoolAssgnmntBoolMapList>
<MapEntry BoolAssgnmnt="02" Value="false"/>
<MapEntry BoolAssgnmnt="10" Value="false"/>
<MapEntry BoolAssgnmnt="11" Value="true"/>
</BoolAssgnmntBoolMapList>
</BoolOp>
</BoolOpList>
<HierarchyLvlTypeList>
<HierarchyLvlType EnglishName="method" IntrnlName="method" Intrnl_Id="3"/>
<HierarchyLvlType EnglishName="class" IntrnlName="class" Intrnl_Id="4"/>
<HierarchyLvlType EnglishName="default package" IntrnlName="default package" Intrnl_Id="5"/>
</HierarchyLvlTypeList>
<MASTRoot>
<HierarchyLvl HierarchyLvlId="630" HierarchyLvlTypeId="5" Intrnl_Id="6" Name="default package">
<Header/>
<LocList/>
<HierarchyLvl HierarchyLvlId="629" HierarchyLvlTypeId="4" Intrnl_Id="7" Name="SecretCode">
<Header>
<Loc EndOffset="25" SrcFileId="1" StartOffset="2"/>
</Header>
<LocList>
<Loc EndOffset="5317" SrcFileId="1" StartOffset="2"/>
</LocList>
<StmntSeq Intrnl_Id="8">
<LocList>
<Loc EndOffset="86" SrcFileId="1" StartOffset="30"/>
<Loc EndOffset="269" SrcFileId="1" StartOffset="216"/>
<Loc EndOffset="330" SrcFileId="1" StartOffset="299"/>
</LocList>
<BasicStmnt CovItemId="S1" CovItemPrefix="SecretCode.java" Intrnl_Id="9">
<LocList>
<Loc EndOffset="86" SrcFileId="1" StartOffset="30"/>
</LocList>
</BasicStmnt>
<BasicStmnt CovItemId="S2" CovItemPrefix="SecretCode.java" Intrnl_Id="10">
<LocList>
<Loc EndOffset="269" SrcFileId="1" StartOffset="216"/>
</LocList>
</BasicStmnt>
<BasicStmnt CovItemId="S3" CovItemPrefix="SecretCode.java" Intrnl_Id="11">
<LocList>
<Loc EndOffset="330" SrcFileId="1" StartOffset="299"/>
</LocList>
</BasicStmnt>
</StmntSeq>
<HierarchyLvl HierarchyLvlId="622" HierarchyLvlTypeId="3" Intrnl_Id="12" Name="SecretCode">
<Header>
<Loc EndOffset="928" SrcFileId="1" StartOffset="899"/>
</Header>
<LocList>
<Loc EndOffset="1035" SrcFileId="1" StartOffset="899"/>
</LocList>
<StmntSeq Intrnl_Id="13">
<LocList>
<Loc EndOffset="990" SrcFileId="1" StartOffset="934"/>
<Loc EndOffset="1003" SrcFileId="1" StartOffset="994"/>
<Loc EndOffset="1018" SrcFileId="1" StartOffset="1007"/>
<Loc EndOffset="1031" SrcFileId="1" StartOffset="1022"/>
</LocList>
<BasicStmnt CovItemId="S4" CovItemPrefix="SecretCode.java" Intrnl_Id="14">
<LocList>
<Loc EndOffset="990" SrcFileId="1" StartOffset="934"/>
</LocList>
</BasicStmnt>
<BasicStmnt CovItemId="S5" CovItemPrefix="SecretCode.java" Intrnl_Id="15">
<LocList>
<Loc EndOffset="1003" SrcFileId="1" StartOffset="994"/>
</LocList>
</BasicStmnt>
<BasicStmnt CovItemId="S6" CovItemPrefix="SecretCode.java" Intrnl_Id="16">
<LocList>
<Loc EndOffset="1018" SrcFileId="1" StartOffset="1007"/>
</LocList>
</BasicStmnt>
<BasicStmnt CovItemId="S7" CovItemPrefix="SecretCode.java" Intrnl_Id="17">
<LocList>
<Loc EndOffset="1031" SrcFileId="1" StartOffset="1022"/>
</LocList>
</BasicStmnt>
</StmntSeq>
</HierarchyLvl>
<HierarchyLvl HierarchyLvlId="623" HierarchyLvlTypeId="3" Intrnl_Id="18" Name="guessCode">
<Header>
<Loc EndOffset="1856" SrcFileId="1" StartOffset="1820"/>
</Header>
<LocList>
<Loc EndOffset="2272" SrcFileId="1" StartOffset="1820"/>
</LocList>
<StmntSeq Intrnl_Id="19">
<LocList>
<Loc EndOffset="1886" SrcFileId="1" StartOffset="1866"/>
<Loc EndOffset="2217" SrcFileId="1" StartOffset="1890"/>
<Loc EndOffset="2249" SrcFileId="1" StartOffset="2225"/>
<Loc EndOffset="2264" SrcFileId="1" StartOffset="2253"/>
</LocList>
<BasicStmnt CovItemId="S8" CovItemPrefix="SecretCode.java" Intrnl_Id="20">
<LocList>
<Loc EndOffset="1886" SrcFileId="1" StartOffset="1866"/>
</LocList>
</BasicStmnt>
<CondStmnt CovItemId="S9" CovItemPrefix="SecretCode.java" Intrnl_Id="21">
<Branch CovItemId="B1" CovItemPrefix="SecretCode.java" Implct="false" Intrnl_Id="22">
<Cond/>
<LocList>
<Loc EndOffset="2217" SrcFileId="1" StartOffset="1922"/>
</LocList>
<StmntSeq Intrnl_Id="23">
<LocList>
<Loc EndOffset="2143" SrcFileId="1" StartOffset="1971"/>
<Loc EndOffset="2173" SrcFileId="1" StartOffset="2148"/>
<Loc EndOffset="2185" SrcFileId="1" StartOffset="2178"/>
</LocList>
<LoopStmnt CovItemId="S10" CovItemPrefix="SecretCode.java" Intrnl_Id="24" MltplExecId="L1-2" MltplExecPrefix="SecretCode.java" NvrExecId="L1-0" NvrExecPrefix="SecretCode.java" OnceExecutedId="L1-1" OnceExecutedPrefix="SecretCode.java" OptBodyExec="true">
<StmntSeq Intrnl_Id="25">
<LocList>
<Loc EndOffset="2136" SrcFileId="1" StartOffset="2012"/>
</LocList>
<CondStmnt CovItemId="S11" CovItemPrefix="SecretCode.java" Intrnl_Id="26">
<Branch CovItemId="B3" CovItemPrefix="SecretCode.java" Implct="false" Intrnl_Id="27">
<Cond/>
<LocList>
<Loc EndOffset="2084" SrcFileId="1" StartOffset="2044"/>
</LocList>
<StmntSeq Intrnl_Id="28">
<LocList>
<Loc EndOffset="2064" SrcFileId="1" StartOffset="2052"/>
<Loc EndOffset="2077" SrcFileId="1" StartOffset="2071"/>
</LocList>
<BasicStmnt CovItemId="S12" CovItemPrefix="SecretCode.java" Intrnl_Id="29">
<LocList>
<Loc EndOffset="2064" SrcFileId="1" StartOffset="2052"/>
</LocList>
</BasicStmnt>
<BasicStmnt CovItemId="S13" CovItemPrefix="SecretCode.java" Intrnl_Id="30">
<LocList>
<Loc EndOffset="2077" SrcFileId="1" StartOffset="2071"/>
</LocList>
</BasicStmnt>
</StmntSeq>
</Branch>
<Branch CovItemId="B4" CovItemPrefix="SecretCode.java" Implct="false" Intrnl_Id="31">
<Cond>
<Loc EndOffset="2088" SrcFileId="1" StartOffset="2084"/>
</Cond>
<LocList>
<Loc EndOffset="2136" SrcFileId="1" StartOffset="2089"/>
</LocList>
<StmntSeq Intrnl_Id="32">
<LocList>
<Loc EndOffset="2107" SrcFileId="1" StartOffset="2097"/>
<Loc EndOffset="2129" SrcFileId="1" StartOffset="2114"/>
</LocList>
<BasicStmnt CovItemId="S14" CovItemPrefix="SecretCode.java" Intrnl_Id="33">
<LocList>
<Loc EndOffset="2107" SrcFileId="1" StartOffset="2097"/>
</LocList>
</BasicStmnt>
<BasicStmnt CovItemId="S15" CovItemPrefix="SecretCode.java" Intrnl_Id="34">
<LocList>
<Loc EndOffset="2129" SrcFileId="1" StartOffset="2114"/>
</LocList>
</BasicStmnt>
</StmntSeq>
</Branch>
<Keyword EndOffset="2014" SrcFileId="1" StartOffset="2012"/>
<LocList>
<Loc EndOffset="2136" SrcFileId="1" StartOffset="2012"/>
</LocList>
<RootTerm CovItemId="C3" CovItemPrefix="SecretCode.java" Intrnl_Id="35">
<BasicBoolTerm Intrnl_Id="36">
<LocList>
<Loc EndOffset="2042" SrcFileId="1" StartOffset="2015"/>
</LocList>
</BasicBoolTerm>
</RootTerm>
</CondStmnt>
</StmntSeq>
<Keyword EndOffset="1974" SrcFileId="1" StartOffset="1971"/>
<LocList>
<Loc EndOffset="2143" SrcFileId="1" StartOffset="1971"/>
</LocList>
<RootTerm CovItemId="C2" CovItemPrefix="SecretCode.java" Intrnl_Id="37">
<BasicBoolTerm Intrnl_Id="38">
<LocList>
<Loc EndOffset="1998" SrcFileId="1" StartOffset="1984"/>
</LocList>
</BasicBoolTerm>
</RootTerm>
</LoopStmnt>
<BasicStmnt CovItemId="S16" CovItemPrefix="SecretCode.java" Intrnl_Id="39">
<LocList>
<Loc EndOffset="2173" SrcFileId="1" StartOffset="2148"/>
</LocList>
</BasicStmnt>
<BasicStmnt CovItemId="S17" CovItemPrefix="SecretCode.java" Intrnl_Id="40">
<LocList>
<Loc EndOffset="2185" SrcFileId="1" StartOffset="2178"/>
</LocList>
</BasicStmnt>
</StmntSeq>
</Branch>
<Branch CovItemId="B2" CovItemPrefix="SecretCode.java" Implct="true" Intrnl_Id="41">
<Cond/>
<LocList/>
<StmntSeq Intrnl_Id="42">
<LocList/>
</StmntSeq>
</Branch>
<Keyword EndOffset="1892" SrcFileId="1" StartOffset="1890"/>
<LocList>
<Loc EndOffset="2217" SrcFileId="1" StartOffset="1890"/>
</LocList>
<RootTerm CovItemId="C1" CovItemPrefix="SecretCode.java" Intrnl_Id="43">
<OpTerm BooleanOpId="2" Intrnl_Id="44">
<BasicBoolTerm Intrnl_Id="45">
<LocList>
<Loc EndOffset="1902" SrcFileId="1" StartOffset="1893"/>
</LocList>
</BasicBoolTerm>
<BasicBoolTerm Intrnl_Id="46">
<LocList>
<Loc EndOffset="1920" SrcFileId="1" StartOffset="1906"/>
</LocList>
</BasicBoolTerm>
<LocList>
<Loc EndOffset="1905" SrcFileId="1" StartOffset="1903"/>
</LocList>
</OpTerm>
</RootTerm>
</CondStmnt>
<CondStmnt CovItemId="S18" CovItemPrefix="SecretCode.java" Intrnl_Id="47">
<Branch CovItemId="B5" CovItemPrefix="SecretCode.java" Implct="false" Intrnl_Id="48">
<Cond/>
<LocList>
<Loc EndOffset="2249" SrcFileId="1" StartOffset="2237"/>
</LocList>
<StmntSeq Intrnl_Id="49">
<LocList>
<Loc EndOffset="2249" SrcFileId="1" StartOffset="2237"/>
</LocList>
<BasicStmnt CovItemId="S19" CovItemPrefix="SecretCode.java" Intrnl_Id="50">
<LocList>
<Loc EndOffset="2249" SrcFileId="1" StartOffset="2237"/>
</LocList>
</BasicStmnt>
</StmntSeq>
</Branch>
<Branch CovItemId="B6" CovItemPrefix="SecretCode.java" Implct="true" Intrnl_Id="51">
<Cond/>
<LocList/>
<StmntSeq Intrnl_Id="52">
<LocList/>
</StmntSeq>
</Branch>
<Keyword EndOffset="2227" SrcFileId="1" StartOffset="2225"/>
<LocList>
<Loc EndOffset="2249" SrcFileId="1" StartOffset="2225"/>
</LocList>
<RootTerm CovItemId="C4" CovItemPrefix="SecretCode.java" Intrnl_Id="53">
<BasicBoolTerm Intrnl_Id="54">
<LocList>
<Loc EndOffset="2235" SrcFileId="1" StartOffset="2228"/>
</LocList>
</BasicBoolTerm>
</RootTerm>
</CondStmnt>
<BasicStmnt CovItemId="S20" CovItemPrefix="SecretCode.java" Intrnl_Id="55">
<LocList>
<Loc EndOffset="2264" SrcFileId="1" StartOffset="2253"/>
</LocList>
</BasicStmnt>
</StmntSeq>
</HierarchyLvl>
<HierarchyLvl HierarchyLvlId="624" HierarchyLvlTypeId="3" Intrnl_Id="56" Name="isCodeValid">
<Header>
<Loc EndOffset="2836" SrcFileId="1" StartOffset="2773"/>
</Header>
<LocList>
<Loc EndOffset="3104" SrcFileId="1" StartOffset="2773"/>
</LocList>
<StmntSeq Intrnl_Id="57">
<LocList>
<Loc EndOffset="2867" SrcFileId="1" StartOffset="2846"/>
<Loc EndOffset="3078" SrcFileId="1" StartOffset="2912"/>
<Loc EndOffset="3100" SrcFileId="1" StartOffset="3088"/>
</LocList>
<BasicStmnt CovItemId="S21" CovItemPrefix="SecretCode.java" Intrnl_Id="58">
<LocList>
<Loc EndOffset="2867" SrcFileId="1" StartOffset="2846"/>
</LocList>
</BasicStmnt>
<LoopStmnt CovItemId="S22" CovItemPrefix="SecretCode.java" Intrnl_Id="59" MltplExecId="L2-2" MltplExecPrefix="SecretCode.java" NvrExecId="L2-0" NvrExecPrefix="SecretCode.java" OnceExecutedId="L2-1" OnceExecutedPrefix="SecretCode.java" OptBodyExec="true">
<StmntSeq Intrnl_Id="60">
<LocList>
<Loc EndOffset="3072" SrcFileId="1" StartOffset="2952"/>
</LocList>
<CondStmnt CovItemId="S23" CovItemPrefix="SecretCode.java" Intrnl_Id="61">
<Branch CovItemId="B7" CovItemPrefix="SecretCode.java" Implct="false" Intrnl_Id="62">
<Cond/>
<LocList>
<Loc EndOffset="3043" SrcFileId="1" StartOffset="3005"/>
</LocList>
<StmntSeq Intrnl_Id="63">
<LocList>
<Loc EndOffset="3025" SrcFileId="1" StartOffset="3012"/>
<Loc EndOffset="3037" SrcFileId="1" StartOffset="3031"/>
</LocList>
<BasicStmnt CovItemId="S24" CovItemPrefix="SecretCode.java" Intrnl_Id="64">
<LocList>
<Loc EndOffset="3025" SrcFileId="1" StartOffset="3012"/>
</LocList>
</BasicStmnt>
<BasicStmnt CovItemId="S25" CovItemPrefix="SecretCode.java" Intrnl_Id="65">
<LocList>
<Loc EndOffset="3037" SrcFileId="1" StartOffset="3031"/>
</LocList>
</BasicStmnt>
</StmntSeq>
</Branch>
<Branch CovItemId="B8" CovItemPrefix="SecretCode.java" Implct="false" Intrnl_Id="66">
<Cond>
<Loc EndOffset="3047" SrcFileId="1" StartOffset="3043"/>
</Cond>
<LocList>
<Loc EndOffset="3072" SrcFileId="1" StartOffset="3048"/>
</LocList>
<StmntSeq Intrnl_Id="67">
<LocList>
<Loc EndOffset="3066" SrcFileId="1" StartOffset="3055"/>
</LocList>
<BasicStmnt CovItemId="S26" CovItemPrefix="SecretCode.java" Intrnl_Id="68">
<LocList>
<Loc EndOffset="3066" SrcFileId="1" StartOffset="3055"/>
</LocList>
</BasicStmnt>
</StmntSeq>
</Branch>
<Keyword EndOffset="2954" SrcFileId="1" StartOffset="2952"/>
<LocList>
<Loc EndOffset="3072" SrcFileId="1" StartOffset="2952"/>
</LocList>
<RootTerm CovItemId="C6" CovItemPrefix="SecretCode.java" Intrnl_Id="69">
<OpTerm BooleanOpId="2" Intrnl_Id="70">
<BasicBoolTerm Intrnl_Id="71">
<LocList>
<Loc EndOffset="2982" SrcFileId="1" StartOffset="2955"/>
</LocList>
</BasicBoolTerm>
<BasicBoolTerm Intrnl_Id="72">
<LocList>
<Loc EndOffset="3003" SrcFileId="1" StartOffset="2986"/>
</LocList>
</BasicBoolTerm>
<LocList>
<Loc EndOffset="2985" SrcFileId="1" StartOffset="2983"/>
</LocList>
</OpTerm>
</RootTerm>
</CondStmnt>
</StmntSeq>
<Keyword EndOffset="2915" SrcFileId="1" StartOffset="2912"/>
<LocList>
<Loc EndOffset="3078" SrcFileId="1" StartOffset="2912"/>
</LocList>
<RootTerm CovItemId="C5" CovItemPrefix="SecretCode.java" Intrnl_Id="73">
<BasicBoolTerm Intrnl_Id="74">
<LocList>
<Loc EndOffset="2939" SrcFileId="1" StartOffset="2925"/>
</LocList>
</BasicBoolTerm>
</RootTerm>
</LoopStmnt>
<BasicStmnt CovItemId="S27" CovItemPrefix="SecretCode.java" Intrnl_Id="75">
<LocList>
<Loc EndOffset="3100" SrcFileId="1" StartOffset="3088"/>
</LocList>
</BasicStmnt>
</StmntSeq>
</HierarchyLvl>
<HierarchyLvl HierarchyLvlId="625" HierarchyLvlTypeId="3" Intrnl_Id="76" Name="guessPoints">
<Header>
<Loc EndOffset="3735" SrcFileId="1" StartOffset="3675"/>
</Header>
<LocList>
<Loc EndOffset="4138" SrcFileId="1" StartOffset="3675"/>
</LocList>
<StmntSeq Intrnl_Id="77">
<LocList>
<Loc EndOffset="3755" SrcFileId="1" StartOffset="3745"/>
<Loc EndOffset="4121" SrcFileId="1" StartOffset="3800"/>
<Loc EndOffset="4134" SrcFileId="1" StartOffset="4125"/>
</LocList>
<BasicStmnt CovItemId="S28" CovItemPrefix="SecretCode.java" Intrnl_Id="78">
<LocList>
<Loc EndOffset="3755" SrcFileId="1" StartOffset="3745"/>
</LocList>
</BasicStmnt>
<LoopStmnt CovItemId="S29" CovItemPrefix="SecretCode.java" Intrnl_Id="79" MltplExecId="L3-2" MltplExecPrefix="SecretCode.java" NvrExecId="L3-0" NvrExecPrefix="SecretCode.java" OnceExecutedId="L3-1" OnceExecutedPrefix="SecretCode.java" OptBodyExec="true">
<StmntSeq Intrnl_Id="80">
<LocList>
<Loc EndOffset="4116" SrcFileId="1" StartOffset="3840"/>
</LocList>
<CondStmnt CovItemId="S30" CovItemPrefix="SecretCode.java" Intrnl_Id="81">
<Branch CovItemId="B9" CovItemPrefix="SecretCode.java" Implct="false" Intrnl_Id="82">
<Cond/>
<LocList>
<Loc EndOffset="3936" SrcFileId="1" StartOffset="3865"/>
</LocList>
<StmntSeq Intrnl_Id="83">
<LocList>
<Loc EndOffset="3891" SrcFileId="1" StartOffset="3872"/>
<Loc EndOffset="3909" SrcFileId="1" StartOffset="3897"/>
<Loc EndOffset="3930" SrcFileId="1" StartOffset="3915"/>
</LocList>
<BasicStmnt CovItemId="S31" CovItemPrefix="SecretCode.java" Intrnl_Id="84">
<LocList>
<Loc EndOffset="3891" SrcFileId="1" StartOffset="3872"/>
</LocList>
</BasicStmnt>
<BasicStmnt CovItemId="S32" CovItemPrefix="SecretCode.java" Intrnl_Id="85">
<LocList>
<Loc EndOffset="3909" SrcFileId="1" StartOffset="3897"/>
</LocList>
</BasicStmnt>
<BasicStmnt CovItemId="S33" CovItemPrefix="SecretCode.java" Intrnl_Id="86">
<LocList>
<Loc EndOffset="3930" SrcFileId="1" StartOffset="3915"/>
</LocList>
</BasicStmnt>
</StmntSeq>
</Branch>
<Branch CovItemId="B10" CovItemPrefix="SecretCode.java" Implct="false" Intrnl_Id="87">
<Cond>
<Loc EndOffset="3940" SrcFileId="1" StartOffset="3936"/>
</Cond>
<LocList>
<Loc EndOffset="4116" SrcFileId="1" StartOffset="3941"/>
</LocList>
<StmntSeq Intrnl_Id="88">
<LocList>
<Loc EndOffset="4116" SrcFileId="1" StartOffset="3941"/>
</LocList>
<CondStmnt CovItemId="S34" CovItemPrefix="SecretCode.java" Intrnl_Id="89">
<Branch CovItemId="B11" CovItemPrefix="SecretCode.java" Implct="false" Intrnl_Id="90">
<Cond/>
<LocList>
<Loc EndOffset="4038" SrcFileId="1" StartOffset="3966"/>
</LocList>
<StmntSeq Intrnl_Id="91">
<LocList>
<Loc EndOffset="3993" SrcFileId="1" StartOffset="3973"/>
<Loc EndOffset="4011" SrcFileId="1" StartOffset="3999"/>
<Loc EndOffset="4032" SrcFileId="1" StartOffset="4017"/>
</LocList>
<BasicStmnt CovItemId="S35" CovItemPrefix="SecretCode.java" Intrnl_Id="92">
<LocList>
<Loc EndOffset="3993" SrcFileId="1" StartOffset="3973"/>
</LocList>
</BasicStmnt>
<BasicStmnt CovItemId="S36" CovItemPrefix="SecretCode.java" Intrnl_Id="93">
<LocList>
<Loc EndOffset="4011" SrcFileId="1" StartOffset="3999"/>
</LocList>
</BasicStmnt>
<BasicStmnt CovItemId="S37" CovItemPrefix="SecretCode.java" Intrnl_Id="94">
<LocList>
<Loc EndOffset="4032" SrcFileId="1" StartOffset="4017"/>
</LocList>
</BasicStmnt>
</StmntSeq>
</Branch>
<Branch CovItemId="B12" CovItemPrefix="SecretCode.java" Implct="false" Intrnl_Id="95">
<Cond>
<Loc EndOffset="4042" SrcFileId="1" StartOffset="4038"/>
</Cond>
<LocList>
<Loc EndOffset="4116" SrcFileId="1" StartOffset="4043"/>
</LocList>
<StmntSeq Intrnl_Id="96">
<LocList>
<Loc EndOffset="4070" SrcFileId="1" StartOffset="4050"/>
<Loc EndOffset="4088" SrcFileId="1" StartOffset="4076"/>
<Loc EndOffset="4110" SrcFileId="1" StartOffset="4094"/>
</LocList>
<BasicStmnt CovItemId="S38" CovItemPrefix="SecretCode.java" Intrnl_Id="97">
<LocList>
<Loc EndOffset="4070" SrcFileId="1" StartOffset="4050"/>
</LocList>
</BasicStmnt>
<BasicStmnt CovItemId="S39" CovItemPrefix="SecretCode.java" Intrnl_Id="98">
<LocList>
<Loc EndOffset="4088" SrcFileId="1" StartOffset="4076"/>
</LocList>
</BasicStmnt>
<BasicStmnt CovItemId="S40" CovItemPrefix="SecretCode.java" Intrnl_Id="99">
<LocList>
<Loc EndOffset="4110" SrcFileId="1" StartOffset="4094"/>
</LocList>
</BasicStmnt>
</StmntSeq>
</Branch>
<Keyword EndOffset="3943" SrcFileId="1" StartOffset="3941"/>
<LocList>
<Loc EndOffset="4116" SrcFileId="1" StartOffset="3941"/>
</LocList>
<RootTerm CovItemId="C9" CovItemPrefix="SecretCode.java" Intrnl_Id="100">
<BasicBoolTerm Intrnl_Id="101">
<LocList>
<Loc EndOffset="3965" SrcFileId="1" StartOffset="3945"/>
</LocList>
</BasicBoolTerm>
</RootTerm>
</CondStmnt>
</StmntSeq>
</Branch>
<Keyword EndOffset="3842" SrcFileId="1" StartOffset="3840"/>
<LocList>
<Loc EndOffset="4116" SrcFileId="1" StartOffset="3840"/>
</LocList>
<RootTerm CovItemId="C8" CovItemPrefix="SecretCode.java" Intrnl_Id="102">
<BasicBoolTerm Intrnl_Id="103">
<LocList>
<Loc EndOffset="3863" SrcFileId="1" StartOffset="3843"/>
</LocList>
</BasicBoolTerm>
</RootTerm>
</CondStmnt>
</StmntSeq>
<Keyword EndOffset="3803" SrcFileId="1" StartOffset="3800"/>
<LocList>
<Loc EndOffset="4121" SrcFileId="1" StartOffset="3800"/>
</LocList>
<RootTerm CovItemId="C7" CovItemPrefix="SecretCode.java" Intrnl_Id="104">
<BasicBoolTerm Intrnl_Id="105">
<LocList>
<Loc EndOffset="3827" SrcFileId="1" StartOffset="3813"/>
</LocList>
</BasicBoolTerm>
</RootTerm>
</LoopStmnt>
<BasicStmnt CovItemId="S41" CovItemPrefix="SecretCode.java" Intrnl_Id="106">
<LocList>
<Loc EndOffset="4134" SrcFileId="1" StartOffset="4125"/>
</LocList>
</BasicStmnt>
</StmntSeq>
</HierarchyLvl>
<HierarchyLvl HierarchyLvlId="626" HierarchyLvlTypeId="3" Intrnl_Id="107" Name="isLetterinCode">
<Header>
<Loc EndOffset="4596" SrcFileId="1" StartOffset="4556"/>
</Header>
<LocList>
<Loc EndOffset="4820" SrcFileId="1" StartOffset="4556"/>
</LocList>
<StmntSeq Intrnl_Id="108">
<LocList>
<Loc EndOffset="4627" SrcFileId="1" StartOffset="4606"/>
<Loc EndOffset="4800" SrcFileId="1" StartOffset="4672"/>
<Loc EndOffset="4816" SrcFileId="1" StartOffset="4804"/>
</LocList>
<BasicStmnt CovItemId="S42" CovItemPrefix="SecretCode.java" Intrnl_Id="109">
<LocList>
<Loc EndOffset="4627" SrcFileId="1" StartOffset="4606"/>
</LocList>
</BasicStmnt>
<LoopStmnt CovItemId="S43" CovItemPrefix="SecretCode.java" Intrnl_Id="110" MltplExecId="L4-2" MltplExecPrefix="SecretCode.java" NvrExecId="L4-0" NvrExecPrefix="SecretCode.java" OnceExecutedId="L4-1" OnceExecutedPrefix="SecretCode.java" OptBodyExec="true">
<StmntSeq Intrnl_Id="111">
<LocList>
<Loc EndOffset="4794" SrcFileId="1" StartOffset="4712"/>
</LocList>
<CondStmnt CovItemId="S44" CovItemPrefix="SecretCode.java" Intrnl_Id="112">
<Branch CovItemId="B13" CovItemPrefix="SecretCode.java" Implct="false" Intrnl_Id="113">
<Cond/>
<LocList>
<Loc EndOffset="4764" SrcFileId="1" StartOffset="4727"/>
</LocList>
<StmntSeq Intrnl_Id="114">
<LocList>
<Loc EndOffset="4746" SrcFileId="1" StartOffset="4734"/>
<Loc EndOffset="4758" SrcFileId="1" StartOffset="4752"/>
</LocList>
<BasicStmnt CovItemId="S45" CovItemPrefix="SecretCode.java" Intrnl_Id="115">
<LocList>
<Loc EndOffset="4746" SrcFileId="1" StartOffset="4734"/>
</LocList>
</BasicStmnt>
<BasicStmnt CovItemId="S46" CovItemPrefix="SecretCode.java" Intrnl_Id="116">
<LocList>
<Loc EndOffset="4758" SrcFileId="1" StartOffset="4752"/>
</LocList>
</BasicStmnt>
</StmntSeq>
</Branch>
<Branch CovItemId="B14" CovItemPrefix="SecretCode.java" Implct="false" Intrnl_Id="117">
<Cond>
<Loc EndOffset="4768" SrcFileId="1" StartOffset="4764"/>
</Cond>
<LocList>
<Loc EndOffset="4794" SrcFileId="1" StartOffset="4769"/>
</LocList>
<StmntSeq Intrnl_Id="118">
<LocList>
<Loc EndOffset="4788" SrcFileId="1" StartOffset="4776"/>
</LocList>
<BasicStmnt CovItemId="S47" CovItemPrefix="SecretCode.java" Intrnl_Id="119">
<LocList>
<Loc EndOffset="4788" SrcFileId="1" StartOffset="4776"/>
</LocList>
</BasicStmnt>
</StmntSeq>
</Branch>
<Keyword EndOffset="4714" SrcFileId="1" StartOffset="4712"/>
<LocList>
<Loc EndOffset="4794" SrcFileId="1" StartOffset="4712"/>
</LocList>
<RootTerm CovItemId="C11" CovItemPrefix="SecretCode.java" Intrnl_Id="120">
<BasicBoolTerm Intrnl_Id="121">
<LocList>
<Loc EndOffset="4725" SrcFileId="1" StartOffset="4715"/>
</LocList>
</BasicBoolTerm>
</RootTerm>
</CondStmnt>
</StmntSeq>
<Keyword EndOffset="4675" SrcFileId="1" StartOffset="4672"/>
<LocList>
<Loc EndOffset="4800" SrcFileId="1" StartOffset="4672"/>
</LocList>
<RootTerm CovItemId="C10" CovItemPrefix="SecretCode.java" Intrnl_Id="122">
<BasicBoolTerm Intrnl_Id="123">
<LocList>
<Loc EndOffset="4699" SrcFileId="1" StartOffset="4685"/>
</LocList>
</BasicBoolTerm>
</RootTerm>
</LoopStmnt>
<BasicStmnt CovItemId="S48" CovItemPrefix="SecretCode.java" Intrnl_Id="124">
<LocList>
<Loc EndOffset="4816" SrcFileId="1" StartOffset="4804"/>
</LocList>
</BasicStmnt>
</StmntSeq>
</HierarchyLvl>
<HierarchyLvl HierarchyLvlId="627" HierarchyLvlTypeId="3" Intrnl_Id="125" Name="getPoints">
<Header>
<Loc EndOffset="4904" SrcFileId="1" StartOffset="4882"/>
</Header>
<LocList>
<Loc EndOffset="4928" SrcFileId="1" StartOffset="4882"/>
</LocList>
<StmntSeq Intrnl_Id="126">
<LocList>
<Loc EndOffset="4924" SrcFileId="1" StartOffset="4910"/>
</LocList>
<BasicStmnt CovItemId="S49" CovItemPrefix="SecretCode.java" Intrnl_Id="127">
<LocList>
<Loc EndOffset="4924" SrcFileId="1" StartOffset="4910"/>
</LocList>
</BasicStmnt>
</StmntSeq>
</HierarchyLvl>
<HierarchyLvl HierarchyLvlId="628" HierarchyLvlTypeId="3" Intrnl_Id="128" Name="getResults">
<Header>
<Loc EndOffset="5104" SrcFileId="1" StartOffset="5076"/>
</Header>
<LocList>
<Loc EndOffset="5311" SrcFileId="1" StartOffset="5076"/>
</LocList>
<StmntSeq Intrnl_Id="129">
<LocList>
<Loc EndOffset="5137" SrcFileId="1" StartOffset="5110"/>
<Loc EndOffset="5294" SrcFileId="1" StartOffset="5170"/>
<Loc EndOffset="5307" SrcFileId="1" StartOffset="5298"/>
</LocList>
<BasicStmnt CovItemId="S50" CovItemPrefix="SecretCode.java" Intrnl_Id="130">
<LocList>
<Loc EndOffset="5137" SrcFileId="1" StartOffset="5110"/>
</LocList>
</BasicStmnt>
<LoopStmnt CovItemId="S51" CovItemPrefix="SecretCode.java" Intrnl_Id="131" MltplExecId="L5-2" MltplExecPrefix="SecretCode.java" NvrExecId="L5-0" NvrExecPrefix="SecretCode.java" OnceExecutedId="L5-1" OnceExecutedPrefix="SecretCode.java" OptBodyExec="true">
<StmntSeq Intrnl_Id="132">
<LocList>
<Loc EndOffset="5289" SrcFileId="1" StartOffset="5197"/>
</LocList>
<CondStmnt CovItemId="S52" CovItemPrefix="SecretCode.java" Intrnl_Id="133">
<Branch CovItemId="B15" CovItemPrefix="SecretCode.java" Implct="false" Intrnl_Id="134">
<Cond/>
<LocList>
<Loc EndOffset="5226" SrcFileId="1" StartOffset="5215"/>
</LocList>
<StmntSeq Intrnl_Id="135">
<LocList>
<Loc EndOffset="5226" SrcFileId="1" StartOffset="5215"/>
</LocList>
<BasicStmnt CovItemId="S53" CovItemPrefix="SecretCode.java" Intrnl_Id="136">
<LocList>
<Loc EndOffset="5226" SrcFileId="1" StartOffset="5215"/>
</LocList>
</BasicStmnt>
</StmntSeq>
</Branch>
<Branch CovItemId="B16" CovItemPrefix="SecretCode.java" Implct="false" Intrnl_Id="137">
<Cond>
<Loc EndOffset="5235" SrcFileId="1" StartOffset="5231"/>
</Cond>
<LocList>
<Loc EndOffset="5289" SrcFileId="1" StartOffset="5236"/>
</LocList>
<StmntSeq Intrnl_Id="138">
<LocList>
<Loc EndOffset="5289" SrcFileId="1" StartOffset="5236"/>
</LocList>
<CondStmnt CovItemId="S54" CovItemPrefix="SecretCode.java" Intrnl_Id="139">
<Branch CovItemId="B17" CovItemPrefix="SecretCode.java" Implct="false" Intrnl_Id="140">
<Cond/>
<LocList>
<Loc EndOffset="5267" SrcFileId="1" StartOffset="5254"/>
</LocList>
<StmntSeq Intrnl_Id="141">
<LocList>
<Loc EndOffset="5267" SrcFileId="1" StartOffset="5254"/>
</LocList>
<BasicStmnt CovItemId="S55" CovItemPrefix="SecretCode.java" Intrnl_Id="142">
<LocList>
<Loc EndOffset="5267" SrcFileId="1" StartOffset="5254"/>
</LocList>
</BasicStmnt>
</StmntSeq>
</Branch>
<Branch CovItemId="B18" CovItemPrefix="SecretCode.java" Implct="false" Intrnl_Id="143">
<Cond>
<Loc EndOffset="5276" SrcFileId="1" StartOffset="5272"/>
</Cond>
<LocList>
<Loc EndOffset="5289" SrcFileId="1" StartOffset="5277"/>
</LocList>
<StmntSeq Intrnl_Id="144">
<LocList>
<Loc EndOffset="5289" SrcFileId="1" StartOffset="5277"/>
</LocList>
<BasicStmnt CovItemId="S56" CovItemPrefix="SecretCode.java" Intrnl_Id="145">
<LocList>
<Loc EndOffset="5289" SrcFileId="1" StartOffset="5277"/>
</LocList>
</BasicStmnt>
</StmntSeq>
</Branch>
<Keyword EndOffset="5238" SrcFileId="1" StartOffset="5236"/>
<LocList>
<Loc EndOffset="5289" SrcFileId="1" StartOffset="5236"/>
</LocList>
<RootTerm CovItemId="C14" CovItemPrefix="SecretCode.java" Intrnl_Id="146">
<BasicBoolTerm Intrnl_Id="147">
<LocList>
<Loc EndOffset="5252" SrcFileId="1" StartOffset="5239"/>
</LocList>
</BasicBoolTerm>
</RootTerm>
</CondStmnt>
</StmntSeq>
</Branch>
<Keyword EndOffset="5199" SrcFileId="1" StartOffset="5197"/>
<LocList>
<Loc EndOffset="5289" SrcFileId="1" StartOffset="5197"/>
</LocList>
<RootTerm CovItemId="C13" CovItemPrefix="SecretCode.java" Intrnl_Id="148">
<BasicBoolTerm Intrnl_Id="149">
<LocList>
<Loc EndOffset="5213" SrcFileId="1" StartOffset="5200"/>
</LocList>
</BasicBoolTerm>
</RootTerm>
</CondStmnt>
</StmntSeq>
<Keyword EndOffset="5173" SrcFileId="1" StartOffset="5170"/>
<LocList>
<Loc EndOffset="5294" SrcFileId="1" StartOffset="5170"/>
</LocList>
<RootTerm CovItemId="C12" CovItemPrefix="SecretCode.java" Intrnl_Id="150">
<BasicBoolTerm Intrnl_Id="151">
<LocList>
<Loc EndOffset="5185" SrcFileId="1" StartOffset="5182"/>
</LocList>
</BasicBoolTerm>
</RootTerm>
</LoopStmnt>
<BasicStmnt CovItemId="S57" CovItemPrefix="SecretCode.java" Intrnl_Id="152">
<LocList>
<Loc EndOffset="5307" SrcFileId="1" StartOffset="5298"/>
</LocList>
</BasicStmnt>
</StmntSeq>
</HierarchyLvl>
</HierarchyLvl>
</HierarchyLvl>
</MASTRoot>
</TestSessionContainer>
