<?xml version="1.0" encoding="UTF-8"?><TestSessionContainer xmlns="http://www.codecover.org/xml/testsession-container" Date="1688827405441" TestSessionContainerId="a859670e-3866-4c89-af99-5b8aae170ec2" version="1.0">
<SrcFileList>
<SrcFile Content="package MBT;&#13;&#10;&#13;&#10;public class CodiceSegreto {&#13;&#10;&#9;Options[] code = new Options[3];&#13;&#10;&#9;Turn turno;&#13;&#10;&#9;Results[] results = new Results[3];&#13;&#10;&#9;&#13;&#10;&#9;public CodiceSegreto(Options[] codice) {&#13;&#10;&#9;&#9;this.code = codice;&#13;&#10;&#9;&#9;turno = Turn.INIZIO;&#13;&#10;&#9;&#9;results[0] = Results.MISS;&#13;&#10;&#9;&#9;results[1] = Results.MISS;&#13;&#10;&#9;&#9;results[2] = Results.MISS;&#13;&#10;&#9;}&#13;&#10;&#9;&#13;&#10;&#9;public void indovinaCodice(Options[] codice) {&#13;&#10;&#9;&#9;if(results[0] == Results.HIT &amp;&amp; results[1] == Results.HIT &amp;&amp; results[0] == Results.HIT) {&#13;&#10;&#9;&#9;&#9;turno = Turn.FINE;&#13;&#10;&#9;&#9;}else {&#13;&#10;&#9;&#9;&#9;turno = Turn.GIOCO;&#13;&#10;&#9;&#9;&#9;//slot uno&#13;&#10;&#9;&#9;&#9;if(codice[0] == code[0]) results[0] = Results.HIT;&#13;&#10;&#9;&#9;&#9;else if (codice[0] == code[1] || codice[0] == code[2]) results[0] = Results.CLOSE;&#13;&#10;&#9;&#9;&#9;else results[0] = Results.MISS;&#13;&#10;&#9;&#9;&#9;//slot due&#13;&#10;&#9;&#9;&#9;if(codice[1] == code[1]) results[1] = Results.HIT;&#13;&#10;&#9;&#9;&#9;else if (codice[1] == code[2] || codice[1] == code[0]) results[1] = Results.CLOSE;&#13;&#10;&#9;&#9;&#9;else results[1] = Results.MISS;&#13;&#10;&#9;&#9;&#9;//slot tre&#13;&#10;&#9;&#9;&#9;if(codice[2] == code[2]) results[2] = Results.HIT;&#13;&#10;&#9;&#9;&#9;else if (codice[2] == code[1] || codice[2] == code[0]) results[2] = Results.CLOSE;&#13;&#10;&#9;&#9;&#9;else results[2] = Results.MISS;&#13;&#10;&#9;&#9;}&#13;&#10;&#9;}&#13;&#10;}&#13;&#10;" Filename="CodiceSegreto.java" Intrnl_Id="1"/>
<SrcFile Content="&#13;&#10;public class SecretCode {&#13;&#10;&#9;//IL CODICE SEGRETO&#13;&#10;&#9;private /*@spec_public@*/ String code[] = new String[5];&#13;&#10;&#9;private /*@spec_public@*/ int points;&#13;&#10;&#9;private /*@spec_public@*/ int turn;&#13;&#10;&#9;private /*@spec_public@*/ boolean previous[]; //true se ho indovinato questo slot, false altrimenti &#13;&#10;&#9;private /*@spec_public@*/ int results[] = new int[5]; //-1 miss, 0 close, 1 hit &#13;&#10;&#9;public boolean endGame = false;&#13;&#10;&#9;&#13;&#10;&#9;//i turni devono essere compresi tra 0 e 10&#13;&#10;&#9;// @ public invariant turn &gt;=0 &amp;&amp; turn &lt;=10;&#13;&#10;&#9;&#13;&#10;&#9;//ogni pezzo di codice è composto da una e una sola lettera&#13;&#10;&#9;// @ public invariant (\forall int x;  x&gt;=0 &amp;&amp; x&lt;5; (code[x].length())== 1); &#13;&#10;&#9;&#13;&#10;&#9;//il codice non può essere vuoto&#13;&#10;&#9;// @ requires c!=null;&#13;&#10;&#9;// il codice deve essere lungo 5&#13;&#10;&#9;// @ requires c.length == 5;&#13;&#10;&#9;// posso passare solo 1 lettera&#13;&#10;&#9;// @ requires (\forall int x; x&gt;=0 &amp;&amp; x&lt;5; c[x].length()==1);&#13;&#10;&#9;// inizialmente i controlli sono settati a falso&#13;&#10;&#9;// @ ensures (\forall int x;  x&gt;=0 &amp;&amp; x&lt;5; previous[x]==false);&#13;&#10;&#9;//il codice segreto viene impostato uguale all'input&#13;&#10;&#9;// @ ensures code == c;&#13;&#10;&#9;public SecretCode(String c[]) {&#13;&#10;&#9;&#9;//inizializzo tutto come se fossero tutti gli slot sbagliati&#13;&#10;&#9;&#9;results = new int[]{-1,-1,-1,-1,-1};&#13;&#10;&#9;&#9;previous = new boolean[]{false,false,false,false,false};&#13;&#10;&#9;&#9;code = c;&#13;&#10;&#9;&#9;points = 0;&#13;&#10;&#9;&#9;turn = 1;&#13;&#10;&#9;}&#13;&#10;&#9;&#13;&#10;&#9;&#13;&#10;&#9;// la lunghezza del tentativo deve essere 5&#13;&#10;&#9;//@ requires c.length == 5;&#13;&#10;&#9;// ogni parte di codice non deve essere nulla e lunga 1&#13;&#10;&#9;//@ requires (\forall int x; x&gt;=0 &amp;&amp; x&lt;5; (c[x].length())== 1 &amp;&amp; c[x]!=null);&#13;&#10;&#9;// se al turno precedente ho indovinato un pezzo, devo mantenere quel risultato&#13;&#10;&#9;//@ requires isCodeValid(c);&#13;&#10;&#9;// se ho indovinato il codice, ritorna vero, altrimenti, ritorna falso&#13;&#10;&#9;//@ ensures (code==c &amp;&amp; turn&lt;10 &amp;&amp; isCodeValid(c)) ==&gt; \result;&#13;&#10;&#9;//@ ensures !\result ==&gt; (code!=c);&#13;&#10;&#9;// se il turno è maggiore o uguale a 10 torna falso, ma se è falso non vuol dire che il turno sia &gt;=10&#13;&#10;&#9;//@ ensures (turn&gt;=10) ==&gt; !\result;&#13;&#10;&#9;// i punti vengono assegnati correttamente&#13;&#10;&#9;//@ ensures (turn &lt;= 10 &amp;&amp; isCodeValid(c) ) ==&gt; (points == (\old(points) + guessPoints(c)));&#13;&#10;&#9;//@ diverges true;&#13;&#10;&#9;public boolean guessCode(String c[]) {&#13;&#10;&#9;&#9;&#13;&#10;&#9;&#9;boolean end = endGame; &#13;&#10;&#9;&#9;// se ho già indovinato non serve che ricontrollo visto che gli slot giusti si ripetono&#13;&#10;&#9;&#9;//se non sono trascorsi 10 turni e sto rispettando le regole&#13;&#10;&#9;&#9;if(turn &lt; 10 &amp;&amp; isCodeValid(c) &amp;&amp; !endGame) {&#13;&#10;&#9;&#9;&#9;&#13;&#10;&#9;&#9;&#9;int i = 0;&#13;&#10;&#9;&#9;&#9;//@ loop_invariant (i&lt;5 ==&gt; code[i]!=null);&#13;&#10;&#9;&#9;&#9;for(i=0; i&lt; code.length ;i++) {&#13;&#10;&#9;&#9;&#9;&#9;if(code[i].equals(c[i])==false) {&#13;&#10;&#9;&#9;&#9;&#9;&#9;end = false;&#13;&#10;&#9;&#9;&#9;&#9;&#9;break;&#13;&#10;&#9;&#9;&#9;&#9;}else {&#13;&#10;&#9;&#9;&#9;&#9;&#9;end= true;&#9;&#13;&#10;&#9;&#9;&#9;&#9;}&#9;&#13;&#10;&#9;&#9;&#9;}&#13;&#10;&#9;&#9;&#9;&#13;&#10;&#9;&#9;&#9;if(end) endGame = true;&#13;&#10;&#9;&#9;&#9;points += guessPoints(c);&#13;&#10;&#9;&#9;&#9;turn++;&#13;&#10;&#9;&#9;&#9;//@ assert turn &lt;= 10;&#13;&#10;&#9;&#9;}&#13;&#10;&#9;&#13;&#10;&#9;&#9;return end;&#13;&#10;&#9;&#9;&#13;&#10;&#9;}&#13;&#10;&#9;&#13;&#10;&#9;// la lunghezza del tentativo deve essere 5&#13;&#10;&#9;//@ requires c.length == 5;&#13;&#10;&#9;// controllo che il risultato rispecchi la regola di correttezza&#13;&#10;&#9;//@ ensures \result &lt;==&gt; (\forall int x; x&gt;=0 &amp;&amp; x&lt;5; code[x].equals(c[x]) || !previous[x]);&#13;&#10;&#9;//@ ensures (\result == false) ==&gt; !(\exists int x; x&gt;=0 &amp;&amp; x&lt;5; !(code[x].equals(c[x]) || previous[x]));&#13;&#10;&#9;//@ diverges true;&#13;&#10;&#9;private /*@ pure spec_public @*/boolean isCodeValid(String c[]) {&#13;&#10;&#9;&#9;/*Controllo che se al turno precedente ho indovinato uno slot &#13;&#10;&#9;&#9;Allora la stessa lettera deve essere indovinata anche al turno successivo*/&#13;&#10;&#9;&#9;&#13;&#10;&#9;&#9;boolean flag = false;&#13;&#10;&#9;&#9;int i = 0;&#13;&#10;&#9;&#9;//@ loop_invariant (i&lt;5 ==&gt; code[i]!=null);&#13;&#10;&#9;&#9;for(i=0; i&lt; code.length ;i++) {&#13;&#10;&#9;&#9;&#9;if(code[i].equals(c[i])==false &amp;&amp; previous[i]) {&#13;&#10;&#9;&#9;&#9;&#9;flag = false;&#13;&#10;&#9;&#9;&#9;&#9;break;&#13;&#10;&#9;&#9;&#9;}else {&#13;&#10;&#9;&#9;&#9;&#9;flag= true;&#13;&#10;&#9;&#9;&#9;}&#9;&#13;&#10;&#9;&#9;}&#9;&#9;&#13;&#10;&#9;&#9;&#13;&#10;&#9;&#9;return flag;&#13;&#10;&#9;}&#13;&#10;&#9;&#13;&#10;&#9;// la lunghezza del tentativo deve essere 5&#13;&#10;&#9;//@ requires c.length == 5;&#13;&#10;&#9;// se ho fatto tutto giusto, devo aver guadagnato 10*turn punti&#13;&#10;&#9;//@ ensures  (\forall int x;  x&gt;=0 &amp;&amp; x&lt;5; code[x].equals(c[x])) &lt;==&gt; \result==10*turn;&#13;&#10;&#9;// se ho fatto qualcosa di sbagliato, devo aver guadagnato meno di 10*turn punti&#13;&#10;&#9;//@ ensures  (\exists int x;  x&gt;=0 &amp;&amp; x&lt;5; !(code[x].equals(c[x]))) &lt;==&gt; \result&lt;=10*turn;&#13;&#10;&#9;//@ diverges true;&#13;&#10;&#9;private /*@ pure spec_public @*/ int guessPoints(String c[]) {&#13;&#10;&#9;&#9;&#13;&#10;&#9;&#9;/*&#13;&#10;&#9;&#9; * Assegno i punti in base agli slot:&#13;&#10;&#9;&#9; * CORRETTO + 2*turno&#13;&#10;&#9;&#9; * QUASI + 1*turno&#13;&#10;&#9;&#9; * SBAGLIATO -2*turno&#13;&#10;&#9;&#9; */&#13;&#10;&#9;&#9;int p = 0;&#13;&#10;&#9;&#9;int i = 0;&#13;&#10;&#9;&#9;//@ loop_invariant (i&lt;5 ==&gt; code[i]!=null);&#13;&#10;&#9;&#9;for(i=0; i&lt; code.length ;i++) {&#13;&#10;&#9;&#9;&#9;if(code[i].equals(c[i])) {&#13;&#10;&#9;&#9;&#9;&#9;previous[i] = true;&#13;&#10;&#9;&#9;&#9;&#9;p += 2*turn;&#13;&#10;&#9;&#9;&#9;&#9;results[i] = 1;&#13;&#10;&#9;&#9;&#9;}else if( isLetterinCode(c[i])){&#13;&#10;&#9;&#9;&#9;&#9;previous[i] = false;&#13;&#10;&#9;&#9;&#9;&#9;p += 1*turn;&#13;&#10;&#9;&#9;&#9;&#9;results[i] = 0;&#13;&#10;&#9;&#9;&#9;}else {&#13;&#10;&#9;&#9;&#9;&#9;previous[i] = false;&#13;&#10;&#9;&#9;&#9;&#9;p -= 2*turn;&#13;&#10;&#9;&#9;&#9;&#9;results[i] = -1;&#13;&#10;&#9;&#9;&#9;}&#13;&#10;&#9;&#9;}&#13;&#10;&#9;&#9;return p;&#13;&#10;&#9;}&#13;&#10;&#9;&#13;&#10;&#9;//puoi prendere solo una lettera come input&#13;&#10;&#9;//@ requires l!=null &amp;&amp; l.length() == 1 ;&#13;&#10;&#9;// se esiste una pezzo di codice uguale alla lettera, ritorna vero&#13;&#10;&#9;//@ ensures  (\exists int x;  x&gt;=0 &amp;&amp; x&lt;code.length; code[x].equals(l)) &lt;==&gt; \result;&#13;&#10;&#9;// se non esiste una pezzo di codice uguale alla lettera, ritorna falso&#13;&#10;&#9;//@ ensures  (\forall int x; x&gt;=0 &amp;&amp; x&lt;code.length; !(code[x].equals(l))) &lt;==&gt; !\result;&#13;&#10;&#9;//@ diverges true;&#13;&#10;&#9;private boolean isLetterinCode(String l) {&#13;&#10;&#9;&#9;/*&#13;&#10;&#9;&#9; * RITORNA&#13;&#10;&#9;&#9; * vero se è presente la lettera in un qualsiasi slot del codice segreto&#13;&#10;&#9;&#9; * falso altrimenti&#13;&#10;&#9;&#9; * &#13;&#10;&#9;&#9; */&#13;&#10;&#9;&#9;&#13;&#10;&#9;&#9;boolean flag = false;&#13;&#10;&#9;&#9;int i = 0;&#13;&#10;&#9;&#9;//@ loop_invariant (i&lt;5 ==&gt; code[i]!=null);&#13;&#10;&#9;&#9;for(i=0; i&lt; code.length ;i++) {&#13;&#10;&#9;&#9;&#9;if(code[i].equals(l)) {&#13;&#10;&#9;&#9;&#9;&#9;flag = true;&#13;&#10;&#9;&#9;&#9;&#9;break;&#13;&#10;&#9;&#9;&#9;}else {&#13;&#10;&#9;&#9;&#9;&#9;flag= false;&#13;&#10;&#9;&#9;&#9;}&#9;&#13;&#10;&#9;&#9;}&#13;&#10;&#9;&#9;return flag;&#13;&#10;&#9;}&#13;&#10;&#9;&#13;&#10;&#9;//@ requires true;&#13;&#10;&#9;//@ ensures  \result == points ;&#13;&#10;&#9;public int getPoints() {&#13;&#10;&#9;&#9;return points;&#13;&#10;&#9;}&#13;&#10;&#9;&#13;&#10;&#9;public int getTurno() {&#13;&#10;&#9;&#9;return turn;&#13;&#10;&#9;}&#13;&#10;&#9;&#13;&#10;&#9;// non lo posso lanciare prima del primo turno perchè non avrei nessuna risposta&#13;&#10;&#9;//@ requires turn&gt;=2;&#13;&#10;&#9;//@ ensures \result.length == 5;&#13;&#10;&#9;public String[] getResults() {&#13;&#10;&#9;&#9;String[] s = new String[5];&#13;&#10;&#9;&#9;int i = 0;&#13;&#10;&#9;&#9;//@ loop_writes i, s[*];&#13;&#10;&#9;&#9;for(i=0;i&lt;5;i++) {&#13;&#10;&#9;&#9;&#9;if(results[i]==1) s[i]=&quot;Hit&quot;;&#13;&#10;&#9;&#9;&#9;else if(results[i]==0) s[i]=&quot;Close&quot;;&#13;&#10;&#9;&#9;&#9;else s[i]=&quot;Miss&quot;;&#13;&#10;&#9;&#9;}&#13;&#10;&#9;&#9;return s;&#13;&#10;&#9;}&#13;&#10;&#9;&#13;&#10;}&#13;&#10;" Filename="SecretCode.java" Intrnl_Id="2"/>
</SrcFileList>
<CritList>
<CritListEntry Name="org.codecover.model.utils.criteria.ConditionCoverage" PluginName="org.codecover"/>
<CritListEntry Name="org.codecover.model.utils.criteria.BranchCoverage" PluginName="org.codecover"/>
<CritListEntry Name="org.codecover.model.utils.criteria.StatementCoverage" PluginName="org.codecover"/>
</CritList>
<BoolOpList>
<BoolOp Arity="2" Intrnl_Id="3" Name="conditional and (&amp;&amp;)">
<BoolAssgnmntBoolMapList>
<MapEntry BoolAssgnmnt="02" Value="false"/>
<MapEntry BoolAssgnmnt="10" Value="false"/>
<MapEntry BoolAssgnmnt="11" Value="true"/>
</BoolAssgnmntBoolMapList>
</BoolOp>
<BoolOp Arity="2" Intrnl_Id="4" Name="conditional or (||)">
<BoolAssgnmntBoolMapList>
<MapEntry BoolAssgnmnt="00" Value="false"/>
<MapEntry BoolAssgnmnt="01" Value="true"/>
<MapEntry BoolAssgnmnt="12" Value="true"/>
</BoolAssgnmntBoolMapList>
</BoolOp>
<BoolOp Arity="1" Intrnl_Id="5" Name="not (!)">
<BoolAssgnmntBoolMapList>
<MapEntry BoolAssgnmnt="1" Value="false"/>
<MapEntry BoolAssgnmnt="0" Value="true"/>
</BoolAssgnmntBoolMapList>
</BoolOp>
</BoolOpList>
<HierarchyLvlTypeList>
<HierarchyLvlType EnglishName="package" IntrnlName="package" Intrnl_Id="6"/>
<HierarchyLvlType EnglishName="method" IntrnlName="method" Intrnl_Id="7"/>
<HierarchyLvlType EnglishName="class" IntrnlName="class" Intrnl_Id="8"/>
<HierarchyLvlType EnglishName="default package" IntrnlName="default package" Intrnl_Id="9"/>
</HierarchyLvlTypeList>
<MASTRoot>
<HierarchyLvl HierarchyLvlId="644" HierarchyLvlTypeId="9" Intrnl_Id="10" Name="default package">
<Header/>
<LocList/>
<HierarchyLvl HierarchyLvlId="643" HierarchyLvlTypeId="6" Intrnl_Id="11" Name="MBT">
<Header/>
<LocList/>
<HierarchyLvl HierarchyLvlId="633" HierarchyLvlTypeId="8" Intrnl_Id="12" Name="CodiceSegreto">
<Header>
<Loc EndOffset="42" SrcFileId="1" StartOffset="16"/>
</Header>
<LocList>
<Loc EndOffset="1112" SrcFileId="1" StartOffset="16"/>
</LocList>
<StmntSeq Intrnl_Id="13">
<LocList>
<Loc EndOffset="79" SrcFileId="1" StartOffset="47"/>
<Loc EndOffset="131" SrcFileId="1" StartOffset="96"/>
</LocList>
<BasicStmnt CovItemId="S1" CovItemPrefix="MBT.CodiceSegreto.java" Intrnl_Id="14">
<LocList>
<Loc EndOffset="79" SrcFileId="1" StartOffset="47"/>
</LocList>
</BasicStmnt>
<BasicStmnt CovItemId="S2" CovItemPrefix="MBT.CodiceSegreto.java" Intrnl_Id="15">
<LocList>
<Loc EndOffset="131" SrcFileId="1" StartOffset="96"/>
</LocList>
</BasicStmnt>
</StmntSeq>
<HierarchyLvl HierarchyLvlId="631" HierarchyLvlTypeId="7" Intrnl_Id="16" Name="CodiceSegreto">
<Header>
<Loc EndOffset="175" SrcFileId="1" StartOffset="137"/>
</Header>
<LocList>
<Loc EndOffset="318" SrcFileId="1" StartOffset="137"/>
</LocList>
<StmntSeq Intrnl_Id="17">
<LocList>
<Loc EndOffset="200" SrcFileId="1" StartOffset="181"/>
<Loc EndOffset="224" SrcFileId="1" StartOffset="204"/>
<Loc EndOffset="254" SrcFileId="1" StartOffset="228"/>
<Loc EndOffset="284" SrcFileId="1" StartOffset="258"/>
<Loc EndOffset="314" SrcFileId="1" StartOffset="288"/>
</LocList>
<BasicStmnt CovItemId="S3" CovItemPrefix="MBT.CodiceSegreto.java" Intrnl_Id="18">
<LocList>
<Loc EndOffset="200" SrcFileId="1" StartOffset="181"/>
</LocList>
</BasicStmnt>
<BasicStmnt CovItemId="S4" CovItemPrefix="MBT.CodiceSegreto.java" Intrnl_Id="19">
<LocList>
<Loc EndOffset="224" SrcFileId="1" StartOffset="204"/>
</LocList>
</BasicStmnt>
<BasicStmnt CovItemId="S5" CovItemPrefix="MBT.CodiceSegreto.java" Intrnl_Id="20">
<LocList>
<Loc EndOffset="254" SrcFileId="1" StartOffset="228"/>
</LocList>
</BasicStmnt>
<BasicStmnt CovItemId="S6" CovItemPrefix="MBT.CodiceSegreto.java" Intrnl_Id="21">
<LocList>
<Loc EndOffset="284" SrcFileId="1" StartOffset="258"/>
</LocList>
</BasicStmnt>
<BasicStmnt CovItemId="S7" CovItemPrefix="MBT.CodiceSegreto.java" Intrnl_Id="22">
<LocList>
<Loc EndOffset="314" SrcFileId="1" StartOffset="288"/>
</LocList>
</BasicStmnt>
</StmntSeq>
</HierarchyLvl>
<HierarchyLvl HierarchyLvlId="632" HierarchyLvlTypeId="7" Intrnl_Id="23" Name="indovinaCodice">
<Header>
<Loc EndOffset="368" SrcFileId="1" StartOffset="324"/>
</Header>
<LocList>
<Loc EndOffset="1109" SrcFileId="1" StartOffset="324"/>
</LocList>
<StmntSeq Intrnl_Id="24">
<LocList>
<Loc EndOffset="1105" SrcFileId="1" StartOffset="374"/>
</LocList>
<CondStmnt CovItemId="S8" CovItemPrefix="MBT.CodiceSegreto.java" Intrnl_Id="25">
<Branch CovItemId="B1" CovItemPrefix="MBT.CodiceSegreto.java" Implct="false" Intrnl_Id="26">
<Cond/>
<LocList>
<Loc EndOffset="491" SrcFileId="1" StartOffset="462"/>
</LocList>
<StmntSeq Intrnl_Id="27">
<LocList>
<Loc EndOffset="486" SrcFileId="1" StartOffset="468"/>
</LocList>
<BasicStmnt CovItemId="S9" CovItemPrefix="MBT.CodiceSegreto.java" Intrnl_Id="28">
<LocList>
<Loc EndOffset="486" SrcFileId="1" StartOffset="468"/>
</LocList>
</BasicStmnt>
</StmntSeq>
</Branch>
<Branch CovItemId="B2" CovItemPrefix="MBT.CodiceSegreto.java" Implct="false" Intrnl_Id="29">
<Cond>
<Loc EndOffset="495" SrcFileId="1" StartOffset="491"/>
</Cond>
<LocList>
<Loc EndOffset="1105" SrcFileId="1" StartOffset="496"/>
</LocList>
<StmntSeq Intrnl_Id="30">
<LocList>
<Loc EndOffset="521" SrcFileId="1" StartOffset="502"/>
<Loc EndOffset="714" SrcFileId="1" StartOffset="541"/>
<Loc EndOffset="907" SrcFileId="1" StartOffset="734"/>
<Loc EndOffset="1100" SrcFileId="1" StartOffset="927"/>
</LocList>
<BasicStmnt CovItemId="S10" CovItemPrefix="MBT.CodiceSegreto.java" Intrnl_Id="31">
<LocList>
<Loc EndOffset="521" SrcFileId="1" StartOffset="502"/>
</LocList>
</BasicStmnt>
<CondStmnt CovItemId="S11" CovItemPrefix="MBT.CodiceSegreto.java" Intrnl_Id="32">
<Branch CovItemId="B3" CovItemPrefix="MBT.CodiceSegreto.java" Implct="false" Intrnl_Id="33">
<Cond/>
<LocList>
<Loc EndOffset="591" SrcFileId="1" StartOffset="566"/>
</LocList>
<StmntSeq Intrnl_Id="34">
<LocList>
<Loc EndOffset="591" SrcFileId="1" StartOffset="566"/>
</LocList>
<BasicStmnt CovItemId="S12" CovItemPrefix="MBT.CodiceSegreto.java" Intrnl_Id="35">
<LocList>
<Loc EndOffset="591" SrcFileId="1" StartOffset="566"/>
</LocList>
</BasicStmnt>
</StmntSeq>
</Branch>
<Branch CovItemId="B4" CovItemPrefix="MBT.CodiceSegreto.java" Implct="false" Intrnl_Id="36">
<Cond>
<Loc EndOffset="600" SrcFileId="1" StartOffset="596"/>
</Cond>
<LocList>
<Loc EndOffset="714" SrcFileId="1" StartOffset="601"/>
</LocList>
<StmntSeq Intrnl_Id="37">
<LocList>
<Loc EndOffset="714" SrcFileId="1" StartOffset="601"/>
</LocList>
<CondStmnt CovItemId="S13" CovItemPrefix="MBT.CodiceSegreto.java" Intrnl_Id="38">
<Branch CovItemId="B5" CovItemPrefix="MBT.CodiceSegreto.java" Implct="false" Intrnl_Id="39">
<Cond/>
<LocList>
<Loc EndOffset="678" SrcFileId="1" StartOffset="651"/>
</LocList>
<StmntSeq Intrnl_Id="40">
<LocList>
<Loc EndOffset="678" SrcFileId="1" StartOffset="651"/>
</LocList>
<BasicStmnt CovItemId="S14" CovItemPrefix="MBT.CodiceSegreto.java" Intrnl_Id="41">
<LocList>
<Loc EndOffset="678" SrcFileId="1" StartOffset="651"/>
</LocList>
</BasicStmnt>
</StmntSeq>
</Branch>
<Branch CovItemId="B6" CovItemPrefix="MBT.CodiceSegreto.java" Implct="false" Intrnl_Id="42">
<Cond>
<Loc EndOffset="687" SrcFileId="1" StartOffset="683"/>
</Cond>
<LocList>
<Loc EndOffset="714" SrcFileId="1" StartOffset="688"/>
</LocList>
<StmntSeq Intrnl_Id="43">
<LocList>
<Loc EndOffset="714" SrcFileId="1" StartOffset="688"/>
</LocList>
<BasicStmnt CovItemId="S15" CovItemPrefix="MBT.CodiceSegreto.java" Intrnl_Id="44">
<LocList>
<Loc EndOffset="714" SrcFileId="1" StartOffset="688"/>
</LocList>
</BasicStmnt>
</StmntSeq>
</Branch>
<Keyword EndOffset="603" SrcFileId="1" StartOffset="601"/>
<LocList>
<Loc EndOffset="714" SrcFileId="1" StartOffset="601"/>
</LocList>
<RootTerm CovItemId="C3" CovItemPrefix="MBT.CodiceSegreto.java" Intrnl_Id="45">
<OpTerm BooleanOpId="4" Intrnl_Id="46">
<BasicBoolTerm Intrnl_Id="47">
<LocList>
<Loc EndOffset="625" SrcFileId="1" StartOffset="605"/>
</LocList>
</BasicBoolTerm>
<BasicBoolTerm Intrnl_Id="48">
<LocList>
<Loc EndOffset="649" SrcFileId="1" StartOffset="629"/>
</LocList>
</BasicBoolTerm>
<LocList>
<Loc EndOffset="628" SrcFileId="1" StartOffset="626"/>
</LocList>
</OpTerm>
</RootTerm>
</CondStmnt>
</StmntSeq>
</Branch>
<Keyword EndOffset="543" SrcFileId="1" StartOffset="541"/>
<LocList>
<Loc EndOffset="714" SrcFileId="1" StartOffset="541"/>
</LocList>
<RootTerm CovItemId="C2" CovItemPrefix="MBT.CodiceSegreto.java" Intrnl_Id="49">
<BasicBoolTerm Intrnl_Id="50">
<LocList>
<Loc EndOffset="564" SrcFileId="1" StartOffset="544"/>
</LocList>
</BasicBoolTerm>
</RootTerm>
</CondStmnt>
<CondStmnt CovItemId="S16" CovItemPrefix="MBT.CodiceSegreto.java" Intrnl_Id="51">
<Branch CovItemId="B7" CovItemPrefix="MBT.CodiceSegreto.java" Implct="false" Intrnl_Id="52">
<Cond/>
<LocList>
<Loc EndOffset="784" SrcFileId="1" StartOffset="759"/>
</LocList>
<StmntSeq Intrnl_Id="53">
<LocList>
<Loc EndOffset="784" SrcFileId="1" StartOffset="759"/>
</LocList>
<BasicStmnt CovItemId="S17" CovItemPrefix="MBT.CodiceSegreto.java" Intrnl_Id="54">
<LocList>
<Loc EndOffset="784" SrcFileId="1" StartOffset="759"/>
</LocList>
</BasicStmnt>
</StmntSeq>
</Branch>
<Branch CovItemId="B8" CovItemPrefix="MBT.CodiceSegreto.java" Implct="false" Intrnl_Id="55">
<Cond>
<Loc EndOffset="793" SrcFileId="1" StartOffset="789"/>
</Cond>
<LocList>
<Loc EndOffset="907" SrcFileId="1" StartOffset="794"/>
</LocList>
<StmntSeq Intrnl_Id="56">
<LocList>
<Loc EndOffset="907" SrcFileId="1" StartOffset="794"/>
</LocList>
<CondStmnt CovItemId="S18" CovItemPrefix="MBT.CodiceSegreto.java" Intrnl_Id="57">
<Branch CovItemId="B9" CovItemPrefix="MBT.CodiceSegreto.java" Implct="false" Intrnl_Id="58">
<Cond/>
<LocList>
<Loc EndOffset="871" SrcFileId="1" StartOffset="844"/>
</LocList>
<StmntSeq Intrnl_Id="59">
<LocList>
<Loc EndOffset="871" SrcFileId="1" StartOffset="844"/>
</LocList>
<BasicStmnt CovItemId="S19" CovItemPrefix="MBT.CodiceSegreto.java" Intrnl_Id="60">
<LocList>
<Loc EndOffset="871" SrcFileId="1" StartOffset="844"/>
</LocList>
</BasicStmnt>
</StmntSeq>
</Branch>
<Branch CovItemId="B10" CovItemPrefix="MBT.CodiceSegreto.java" Implct="false" Intrnl_Id="61">
<Cond>
<Loc EndOffset="880" SrcFileId="1" StartOffset="876"/>
</Cond>
<LocList>
<Loc EndOffset="907" SrcFileId="1" StartOffset="881"/>
</LocList>
<StmntSeq Intrnl_Id="62">
<LocList>
<Loc EndOffset="907" SrcFileId="1" StartOffset="881"/>
</LocList>
<BasicStmnt CovItemId="S20" CovItemPrefix="MBT.CodiceSegreto.java" Intrnl_Id="63">
<LocList>
<Loc EndOffset="907" SrcFileId="1" StartOffset="881"/>
</LocList>
</BasicStmnt>
</StmntSeq>
</Branch>
<Keyword EndOffset="796" SrcFileId="1" StartOffset="794"/>
<LocList>
<Loc EndOffset="907" SrcFileId="1" StartOffset="794"/>
</LocList>
<RootTerm CovItemId="C5" CovItemPrefix="MBT.CodiceSegreto.java" Intrnl_Id="64">
<OpTerm BooleanOpId="4" Intrnl_Id="65">
<BasicBoolTerm Intrnl_Id="66">
<LocList>
<Loc EndOffset="818" SrcFileId="1" StartOffset="798"/>
</LocList>
</BasicBoolTerm>
<BasicBoolTerm Intrnl_Id="67">
<LocList>
<Loc EndOffset="842" SrcFileId="1" StartOffset="822"/>
</LocList>
</BasicBoolTerm>
<LocList>
<Loc EndOffset="821" SrcFileId="1" StartOffset="819"/>
</LocList>
</OpTerm>
</RootTerm>
</CondStmnt>
</StmntSeq>
</Branch>
<Keyword EndOffset="736" SrcFileId="1" StartOffset="734"/>
<LocList>
<Loc EndOffset="907" SrcFileId="1" StartOffset="734"/>
</LocList>
<RootTerm CovItemId="C4" CovItemPrefix="MBT.CodiceSegreto.java" Intrnl_Id="68">
<BasicBoolTerm Intrnl_Id="69">
<LocList>
<Loc EndOffset="757" SrcFileId="1" StartOffset="737"/>
</LocList>
</BasicBoolTerm>
</RootTerm>
</CondStmnt>
<CondStmnt CovItemId="S21" CovItemPrefix="MBT.CodiceSegreto.java" Intrnl_Id="70">
<Branch CovItemId="B11" CovItemPrefix="MBT.CodiceSegreto.java" Implct="false" Intrnl_Id="71">
<Cond/>
<LocList>
<Loc EndOffset="977" SrcFileId="1" StartOffset="952"/>
</LocList>
<StmntSeq Intrnl_Id="72">
<LocList>
<Loc EndOffset="977" SrcFileId="1" StartOffset="952"/>
</LocList>
<BasicStmnt CovItemId="S22" CovItemPrefix="MBT.CodiceSegreto.java" Intrnl_Id="73">
<LocList>
<Loc EndOffset="977" SrcFileId="1" StartOffset="952"/>
</LocList>
</BasicStmnt>
</StmntSeq>
</Branch>
<Branch CovItemId="B12" CovItemPrefix="MBT.CodiceSegreto.java" Implct="false" Intrnl_Id="74">
<Cond>
<Loc EndOffset="986" SrcFileId="1" StartOffset="982"/>
</Cond>
<LocList>
<Loc EndOffset="1100" SrcFileId="1" StartOffset="987"/>
</LocList>
<StmntSeq Intrnl_Id="75">
<LocList>
<Loc EndOffset="1100" SrcFileId="1" StartOffset="987"/>
</LocList>
<CondStmnt CovItemId="S23" CovItemPrefix="MBT.CodiceSegreto.java" Intrnl_Id="76">
<Branch CovItemId="B13" CovItemPrefix="MBT.CodiceSegreto.java" Implct="false" Intrnl_Id="77">
<Cond/>
<LocList>
<Loc EndOffset="1064" SrcFileId="1" StartOffset="1037"/>
</LocList>
<StmntSeq Intrnl_Id="78">
<LocList>
<Loc EndOffset="1064" SrcFileId="1" StartOffset="1037"/>
</LocList>
<BasicStmnt CovItemId="S24" CovItemPrefix="MBT.CodiceSegreto.java" Intrnl_Id="79">
<LocList>
<Loc EndOffset="1064" SrcFileId="1" StartOffset="1037"/>
</LocList>
</BasicStmnt>
</StmntSeq>
</Branch>
<Branch CovItemId="B14" CovItemPrefix="MBT.CodiceSegreto.java" Implct="false" Intrnl_Id="80">
<Cond>
<Loc EndOffset="1073" SrcFileId="1" StartOffset="1069"/>
</Cond>
<LocList>
<Loc EndOffset="1100" SrcFileId="1" StartOffset="1074"/>
</LocList>
<StmntSeq Intrnl_Id="81">
<LocList>
<Loc EndOffset="1100" SrcFileId="1" StartOffset="1074"/>
</LocList>
<BasicStmnt CovItemId="S25" CovItemPrefix="MBT.CodiceSegreto.java" Intrnl_Id="82">
<LocList>
<Loc EndOffset="1100" SrcFileId="1" StartOffset="1074"/>
</LocList>
</BasicStmnt>
</StmntSeq>
</Branch>
<Keyword EndOffset="989" SrcFileId="1" StartOffset="987"/>
<LocList>
<Loc EndOffset="1100" SrcFileId="1" StartOffset="987"/>
</LocList>
<RootTerm CovItemId="C7" CovItemPrefix="MBT.CodiceSegreto.java" Intrnl_Id="83">
<OpTerm BooleanOpId="4" Intrnl_Id="84">
<BasicBoolTerm Intrnl_Id="85">
<LocList>
<Loc EndOffset="1011" SrcFileId="1" StartOffset="991"/>
</LocList>
</BasicBoolTerm>
<BasicBoolTerm Intrnl_Id="86">
<LocList>
<Loc EndOffset="1035" SrcFileId="1" StartOffset="1015"/>
</LocList>
</BasicBoolTerm>
<LocList>
<Loc EndOffset="1014" SrcFileId="1" StartOffset="1012"/>
</LocList>
</OpTerm>
</RootTerm>
</CondStmnt>
</StmntSeq>
</Branch>
<Keyword EndOffset="929" SrcFileId="1" StartOffset="927"/>
<LocList>
<Loc EndOffset="1100" SrcFileId="1" StartOffset="927"/>
</LocList>
<RootTerm CovItemId="C6" CovItemPrefix="MBT.CodiceSegreto.java" Intrnl_Id="87">
<BasicBoolTerm Intrnl_Id="88">
<LocList>
<Loc EndOffset="950" SrcFileId="1" StartOffset="930"/>
</LocList>
</BasicBoolTerm>
</RootTerm>
</CondStmnt>
</StmntSeq>
</Branch>
<Keyword EndOffset="376" SrcFileId="1" StartOffset="374"/>
<LocList>
<Loc EndOffset="1105" SrcFileId="1" StartOffset="374"/>
</LocList>
<RootTerm CovItemId="C1" CovItemPrefix="MBT.CodiceSegreto.java" Intrnl_Id="89">
<OpTerm BooleanOpId="3" Intrnl_Id="90">
<OpTerm BooleanOpId="3" Intrnl_Id="91">
<BasicBoolTerm Intrnl_Id="92">
<LocList>
<Loc EndOffset="402" SrcFileId="1" StartOffset="377"/>
</LocList>
</BasicBoolTerm>
<BasicBoolTerm Intrnl_Id="93">
<LocList>
<Loc EndOffset="431" SrcFileId="1" StartOffset="406"/>
</LocList>
</BasicBoolTerm>
<LocList>
<Loc EndOffset="405" SrcFileId="1" StartOffset="403"/>
</LocList>
</OpTerm>
<BasicBoolTerm Intrnl_Id="94">
<LocList>
<Loc EndOffset="460" SrcFileId="1" StartOffset="435"/>
</LocList>
</BasicBoolTerm>
<LocList>
<Loc EndOffset="434" SrcFileId="1" StartOffset="432"/>
</LocList>
</OpTerm>
</RootTerm>
</CondStmnt>
</StmntSeq>
</HierarchyLvl>
</HierarchyLvl>
</HierarchyLvl>
<HierarchyLvl HierarchyLvlId="642" HierarchyLvlTypeId="8" Intrnl_Id="95" Name="SecretCode">
<Header>
<Loc EndOffset="25" SrcFileId="2" StartOffset="2"/>
</Header>
<LocList>
<Loc EndOffset="6072" SrcFileId="2" StartOffset="2"/>
</LocList>
<StmntSeq Intrnl_Id="96">
<LocList>
<Loc EndOffset="108" SrcFileId="2" StartOffset="52"/>
<Loc EndOffset="345" SrcFileId="2" StartOffset="292"/>
<Loc EndOffset="406" SrcFileId="2" StartOffset="375"/>
</LocList>
<BasicStmnt CovItemId="S1" CovItemPrefix="SecretCode.java" Intrnl_Id="97">
<LocList>
<Loc EndOffset="108" SrcFileId="2" StartOffset="52"/>
</LocList>
</BasicStmnt>
<BasicStmnt CovItemId="S2" CovItemPrefix="SecretCode.java" Intrnl_Id="98">
<LocList>
<Loc EndOffset="345" SrcFileId="2" StartOffset="292"/>
</LocList>
</BasicStmnt>
<BasicStmnt CovItemId="S3" CovItemPrefix="SecretCode.java" Intrnl_Id="99">
<LocList>
<Loc EndOffset="406" SrcFileId="2" StartOffset="375"/>
</LocList>
</BasicStmnt>
</StmntSeq>
<HierarchyLvl HierarchyLvlId="634" HierarchyLvlTypeId="7" Intrnl_Id="100" Name="SecretCode">
<Header>
<Loc EndOffset="1104" SrcFileId="2" StartOffset="1075"/>
</Header>
<LocList>
<Loc EndOffset="1315" SrcFileId="2" StartOffset="1075"/>
</LocList>
<StmntSeq Intrnl_Id="101">
<LocList>
<Loc EndOffset="1210" SrcFileId="2" StartOffset="1174"/>
<Loc EndOffset="1270" SrcFileId="2" StartOffset="1214"/>
<Loc EndOffset="1283" SrcFileId="2" StartOffset="1274"/>
<Loc EndOffset="1298" SrcFileId="2" StartOffset="1287"/>
<Loc EndOffset="1311" SrcFileId="2" StartOffset="1302"/>
</LocList>
<BasicStmnt CovItemId="S4" CovItemPrefix="SecretCode.java" Intrnl_Id="102">
<LocList>
<Loc EndOffset="1210" SrcFileId="2" StartOffset="1174"/>
</LocList>
</BasicStmnt>
<BasicStmnt CovItemId="S5" CovItemPrefix="SecretCode.java" Intrnl_Id="103">
<LocList>
<Loc EndOffset="1270" SrcFileId="2" StartOffset="1214"/>
</LocList>
</BasicStmnt>
<BasicStmnt CovItemId="S6" CovItemPrefix="SecretCode.java" Intrnl_Id="104">
<LocList>
<Loc EndOffset="1283" SrcFileId="2" StartOffset="1274"/>
</LocList>
</BasicStmnt>
<BasicStmnt CovItemId="S7" CovItemPrefix="SecretCode.java" Intrnl_Id="105">
<LocList>
<Loc EndOffset="1298" SrcFileId="2" StartOffset="1287"/>
</LocList>
</BasicStmnt>
<BasicStmnt CovItemId="S8" CovItemPrefix="SecretCode.java" Intrnl_Id="106">
<LocList>
<Loc EndOffset="1311" SrcFileId="2" StartOffset="1302"/>
</LocList>
</BasicStmnt>
</StmntSeq>
</HierarchyLvl>
<HierarchyLvl HierarchyLvlId="635" HierarchyLvlTypeId="7" Intrnl_Id="107" Name="guessCode">
<Header>
<Loc EndOffset="2169" SrcFileId="2" StartOffset="2133"/>
</Header>
<LocList>
<Loc EndOffset="2759" SrcFileId="2" StartOffset="2133"/>
</LocList>
<StmntSeq Intrnl_Id="108">
<LocList>
<Loc EndOffset="2201" SrcFileId="2" StartOffset="2179"/>
<Loc EndOffset="2733" SrcFileId="2" StartOffset="2361"/>
<Loc EndOffset="2751" SrcFileId="2" StartOffset="2740"/>
</LocList>
<BasicStmnt CovItemId="S9" CovItemPrefix="SecretCode.java" Intrnl_Id="109">
<LocList>
<Loc EndOffset="2201" SrcFileId="2" StartOffset="2179"/>
</LocList>
</BasicStmnt>
<CondStmnt CovItemId="S10" CovItemPrefix="SecretCode.java" Intrnl_Id="110">
<Branch CovItemId="B1" CovItemPrefix="SecretCode.java" Implct="false" Intrnl_Id="111">
<Cond/>
<LocList>
<Loc EndOffset="2733" SrcFileId="2" StartOffset="2405"/>
</LocList>
<StmntSeq Intrnl_Id="112">
<LocList>
<Loc EndOffset="2426" SrcFileId="2" StartOffset="2416"/>
<Loc EndOffset="2626" SrcFileId="2" StartOffset="2479"/>
<Loc EndOffset="2659" SrcFileId="2" StartOffset="2636"/>
<Loc EndOffset="2689" SrcFileId="2" StartOffset="2664"/>
<Loc EndOffset="2701" SrcFileId="2" StartOffset="2694"/>
</LocList>
<BasicStmnt CovItemId="S11" CovItemPrefix="SecretCode.java" Intrnl_Id="113">
<LocList>
<Loc EndOffset="2426" SrcFileId="2" StartOffset="2416"/>
</LocList>
</BasicStmnt>
<LoopStmnt CovItemId="S12" CovItemPrefix="SecretCode.java" Intrnl_Id="114" MltplExecId="L1-2" MltplExecPrefix="SecretCode.java" NvrExecId="L1-0" NvrExecPrefix="SecretCode.java" OnceExecutedId="L1-1" OnceExecutedPrefix="SecretCode.java" OptBodyExec="true">
<StmntSeq Intrnl_Id="115">
<LocList>
<Loc EndOffset="2619" SrcFileId="2" StartOffset="2516"/>
</LocList>
<CondStmnt CovItemId="S13" CovItemPrefix="SecretCode.java" Intrnl_Id="116">
<Branch CovItemId="B3" CovItemPrefix="SecretCode.java" Implct="false" Intrnl_Id="117">
<Cond/>
<LocList>
<Loc EndOffset="2588" SrcFileId="2" StartOffset="2548"/>
</LocList>
<StmntSeq Intrnl_Id="118">
<LocList>
<Loc EndOffset="2568" SrcFileId="2" StartOffset="2556"/>
<Loc EndOffset="2581" SrcFileId="2" StartOffset="2575"/>
</LocList>
<BasicStmnt CovItemId="S14" CovItemPrefix="SecretCode.java" Intrnl_Id="119">
<LocList>
<Loc EndOffset="2568" SrcFileId="2" StartOffset="2556"/>
</LocList>
</BasicStmnt>
<BasicStmnt CovItemId="S15" CovItemPrefix="SecretCode.java" Intrnl_Id="120">
<LocList>
<Loc EndOffset="2581" SrcFileId="2" StartOffset="2575"/>
</LocList>
</BasicStmnt>
</StmntSeq>
</Branch>
<Branch CovItemId="B4" CovItemPrefix="SecretCode.java" Implct="false" Intrnl_Id="121">
<Cond>
<Loc EndOffset="2592" SrcFileId="2" StartOffset="2588"/>
</Cond>
<LocList>
<Loc EndOffset="2619" SrcFileId="2" StartOffset="2593"/>
</LocList>
<StmntSeq Intrnl_Id="122">
<LocList>
<Loc EndOffset="2611" SrcFileId="2" StartOffset="2601"/>
</LocList>
<BasicStmnt CovItemId="S16" CovItemPrefix="SecretCode.java" Intrnl_Id="123">
<LocList>
<Loc EndOffset="2611" SrcFileId="2" StartOffset="2601"/>
</LocList>
</BasicStmnt>
</StmntSeq>
</Branch>
<Keyword EndOffset="2518" SrcFileId="2" StartOffset="2516"/>
<LocList>
<Loc EndOffset="2619" SrcFileId="2" StartOffset="2516"/>
</LocList>
<RootTerm CovItemId="C3" CovItemPrefix="SecretCode.java" Intrnl_Id="124">
<BasicBoolTerm Intrnl_Id="125">
<LocList>
<Loc EndOffset="2546" SrcFileId="2" StartOffset="2519"/>
</LocList>
</BasicBoolTerm>
</RootTerm>
</CondStmnt>
</StmntSeq>
<Keyword EndOffset="2482" SrcFileId="2" StartOffset="2479"/>
<LocList>
<Loc EndOffset="2626" SrcFileId="2" StartOffset="2479"/>
</LocList>
<RootTerm CovItemId="C2" CovItemPrefix="SecretCode.java" Intrnl_Id="126">
<BasicBoolTerm Intrnl_Id="127">
<LocList>
<Loc EndOffset="2502" SrcFileId="2" StartOffset="2488"/>
</LocList>
</BasicBoolTerm>
</RootTerm>
</LoopStmnt>
<CondStmnt CovItemId="S17" CovItemPrefix="SecretCode.java" Intrnl_Id="128">
<Branch CovItemId="B5" CovItemPrefix="SecretCode.java" Implct="false" Intrnl_Id="129">
<Cond/>
<LocList>
<Loc EndOffset="2659" SrcFileId="2" StartOffset="2644"/>
</LocList>
<StmntSeq Intrnl_Id="130">
<LocList>
<Loc EndOffset="2659" SrcFileId="2" StartOffset="2644"/>
</LocList>
<BasicStmnt CovItemId="S18" CovItemPrefix="SecretCode.java" Intrnl_Id="131">
<LocList>
<Loc EndOffset="2659" SrcFileId="2" StartOffset="2644"/>
</LocList>
</BasicStmnt>
</StmntSeq>
</Branch>
<Branch CovItemId="B6" CovItemPrefix="SecretCode.java" Implct="true" Intrnl_Id="132">
<Cond/>
<LocList/>
<StmntSeq Intrnl_Id="133">
<LocList/>
</StmntSeq>
</Branch>
<Keyword EndOffset="2638" SrcFileId="2" StartOffset="2636"/>
<LocList>
<Loc EndOffset="2659" SrcFileId="2" StartOffset="2636"/>
</LocList>
<RootTerm CovItemId="C4" CovItemPrefix="SecretCode.java" Intrnl_Id="134">
<BasicBoolTerm Intrnl_Id="135">
<LocList>
<Loc EndOffset="2642" SrcFileId="2" StartOffset="2639"/>
</LocList>
</BasicBoolTerm>
</RootTerm>
</CondStmnt>
<BasicStmnt CovItemId="S19" CovItemPrefix="SecretCode.java" Intrnl_Id="136">
<LocList>
<Loc EndOffset="2689" SrcFileId="2" StartOffset="2664"/>
</LocList>
</BasicStmnt>
<BasicStmnt CovItemId="S20" CovItemPrefix="SecretCode.java" Intrnl_Id="137">
<LocList>
<Loc EndOffset="2701" SrcFileId="2" StartOffset="2694"/>
</LocList>
</BasicStmnt>
</StmntSeq>
</Branch>
<Branch CovItemId="B2" CovItemPrefix="SecretCode.java" Implct="true" Intrnl_Id="138">
<Cond/>
<LocList/>
<StmntSeq Intrnl_Id="139">
<LocList/>
</StmntSeq>
</Branch>
<Keyword EndOffset="2363" SrcFileId="2" StartOffset="2361"/>
<LocList>
<Loc EndOffset="2733" SrcFileId="2" StartOffset="2361"/>
</LocList>
<RootTerm CovItemId="C1" CovItemPrefix="SecretCode.java" Intrnl_Id="140">
<OpTerm BooleanOpId="3" Intrnl_Id="141">
<OpTerm BooleanOpId="3" Intrnl_Id="142">
<BasicBoolTerm Intrnl_Id="143">
<LocList>
<Loc EndOffset="2373" SrcFileId="2" StartOffset="2364"/>
</LocList>
</BasicBoolTerm>
<BasicBoolTerm Intrnl_Id="144">
<LocList>
<Loc EndOffset="2391" SrcFileId="2" StartOffset="2377"/>
</LocList>
</BasicBoolTerm>
<LocList>
<Loc EndOffset="2376" SrcFileId="2" StartOffset="2374"/>
</LocList>
</OpTerm>
<OpTerm BooleanOpId="5" Intrnl_Id="145">
<BasicBoolTerm Intrnl_Id="146">
<LocList>
<Loc EndOffset="2403" SrcFileId="2" StartOffset="2396"/>
</LocList>
</BasicBoolTerm>
<LocList>
<Loc EndOffset="2396" SrcFileId="2" StartOffset="2395"/>
</LocList>
</OpTerm>
<LocList>
<Loc EndOffset="2394" SrcFileId="2" StartOffset="2392"/>
</LocList>
</OpTerm>
</RootTerm>
</CondStmnt>
<BasicStmnt CovItemId="S21" CovItemPrefix="SecretCode.java" Intrnl_Id="147">
<LocList>
<Loc EndOffset="2751" SrcFileId="2" StartOffset="2740"/>
</LocList>
</BasicStmnt>
</StmntSeq>
</HierarchyLvl>
<HierarchyLvl HierarchyLvlId="636" HierarchyLvlTypeId="7" Intrnl_Id="148" Name="isCodeValid">
<Header>
<Loc EndOffset="3195" SrcFileId="2" StartOffset="3132"/>
</Header>
<LocList>
<Loc EndOffset="3618" SrcFileId="2" StartOffset="3132"/>
</LocList>
<StmntSeq Intrnl_Id="149">
<LocList>
<Loc EndOffset="3371" SrcFileId="2" StartOffset="3350"/>
<Loc EndOffset="3385" SrcFileId="2" StartOffset="3375"/>
<Loc EndOffset="3592" SrcFileId="2" StartOffset="3436"/>
<Loc EndOffset="3614" SrcFileId="2" StartOffset="3602"/>
</LocList>
<BasicStmnt CovItemId="S22" CovItemPrefix="SecretCode.java" Intrnl_Id="150">
<LocList>
<Loc EndOffset="3371" SrcFileId="2" StartOffset="3350"/>
</LocList>
</BasicStmnt>
<BasicStmnt CovItemId="S23" CovItemPrefix="SecretCode.java" Intrnl_Id="151">
<LocList>
<Loc EndOffset="3385" SrcFileId="2" StartOffset="3375"/>
</LocList>
</BasicStmnt>
<LoopStmnt CovItemId="S24" CovItemPrefix="SecretCode.java" Intrnl_Id="152" MltplExecId="L2-2" MltplExecPrefix="SecretCode.java" NvrExecId="L2-0" NvrExecPrefix="SecretCode.java" OnceExecutedId="L2-1" OnceExecutedPrefix="SecretCode.java" OptBodyExec="true">
<StmntSeq Intrnl_Id="153">
<LocList>
<Loc EndOffset="3586" SrcFileId="2" StartOffset="3472"/>
</LocList>
<CondStmnt CovItemId="S25" CovItemPrefix="SecretCode.java" Intrnl_Id="154">
<Branch CovItemId="B7" CovItemPrefix="SecretCode.java" Implct="false" Intrnl_Id="155">
<Cond/>
<LocList>
<Loc EndOffset="3557" SrcFileId="2" StartOffset="3519"/>
</LocList>
<StmntSeq Intrnl_Id="156">
<LocList>
<Loc EndOffset="3539" SrcFileId="2" StartOffset="3526"/>
<Loc EndOffset="3551" SrcFileId="2" StartOffset="3545"/>
</LocList>
<BasicStmnt CovItemId="S26" CovItemPrefix="SecretCode.java" Intrnl_Id="157">
<LocList>
<Loc EndOffset="3539" SrcFileId="2" StartOffset="3526"/>
</LocList>
</BasicStmnt>
<BasicStmnt CovItemId="S27" CovItemPrefix="SecretCode.java" Intrnl_Id="158">
<LocList>
<Loc EndOffset="3551" SrcFileId="2" StartOffset="3545"/>
</LocList>
</BasicStmnt>
</StmntSeq>
</Branch>
<Branch CovItemId="B8" CovItemPrefix="SecretCode.java" Implct="false" Intrnl_Id="159">
<Cond>
<Loc EndOffset="3561" SrcFileId="2" StartOffset="3557"/>
</Cond>
<LocList>
<Loc EndOffset="3586" SrcFileId="2" StartOffset="3562"/>
</LocList>
<StmntSeq Intrnl_Id="160">
<LocList>
<Loc EndOffset="3580" SrcFileId="2" StartOffset="3569"/>
</LocList>
<BasicStmnt CovItemId="S28" CovItemPrefix="SecretCode.java" Intrnl_Id="161">
<LocList>
<Loc EndOffset="3580" SrcFileId="2" StartOffset="3569"/>
</LocList>
</BasicStmnt>
</StmntSeq>
</Branch>
<Keyword EndOffset="3474" SrcFileId="2" StartOffset="3472"/>
<LocList>
<Loc EndOffset="3586" SrcFileId="2" StartOffset="3472"/>
</LocList>
<RootTerm CovItemId="C6" CovItemPrefix="SecretCode.java" Intrnl_Id="162">
<OpTerm BooleanOpId="3" Intrnl_Id="163">
<BasicBoolTerm Intrnl_Id="164">
<LocList>
<Loc EndOffset="3502" SrcFileId="2" StartOffset="3475"/>
</LocList>
</BasicBoolTerm>
<BasicBoolTerm Intrnl_Id="165">
<LocList>
<Loc EndOffset="3517" SrcFileId="2" StartOffset="3506"/>
</LocList>
</BasicBoolTerm>
<LocList>
<Loc EndOffset="3505" SrcFileId="2" StartOffset="3503"/>
</LocList>
</OpTerm>
</RootTerm>
</CondStmnt>
</StmntSeq>
<Keyword EndOffset="3439" SrcFileId="2" StartOffset="3436"/>
<LocList>
<Loc EndOffset="3592" SrcFileId="2" StartOffset="3436"/>
</LocList>
<RootTerm CovItemId="C5" CovItemPrefix="SecretCode.java" Intrnl_Id="166">
<BasicBoolTerm Intrnl_Id="167">
<LocList>
<Loc EndOffset="3459" SrcFileId="2" StartOffset="3445"/>
</LocList>
</BasicBoolTerm>
</RootTerm>
</LoopStmnt>
<BasicStmnt CovItemId="S29" CovItemPrefix="SecretCode.java" Intrnl_Id="168">
<LocList>
<Loc EndOffset="3614" SrcFileId="2" StartOffset="3602"/>
</LocList>
</BasicStmnt>
</StmntSeq>
</HierarchyLvl>
<HierarchyLvl HierarchyLvlId="637" HierarchyLvlTypeId="7" Intrnl_Id="169" Name="guessPoints">
<Header>
<Loc EndOffset="4113" SrcFileId="2" StartOffset="4053"/>
</Header>
<LocList>
<Loc EndOffset="4658" SrcFileId="2" StartOffset="4053"/>
</LocList>
<StmntSeq Intrnl_Id="170">
<LocList>
<Loc EndOffset="4259" SrcFileId="2" StartOffset="4249"/>
<Loc EndOffset="4273" SrcFileId="2" StartOffset="4263"/>
<Loc EndOffset="4641" SrcFileId="2" StartOffset="4324"/>
<Loc EndOffset="4654" SrcFileId="2" StartOffset="4645"/>
</LocList>
<BasicStmnt CovItemId="S30" CovItemPrefix="SecretCode.java" Intrnl_Id="171">
<LocList>
<Loc EndOffset="4259" SrcFileId="2" StartOffset="4249"/>
</LocList>
</BasicStmnt>
<BasicStmnt CovItemId="S31" CovItemPrefix="SecretCode.java" Intrnl_Id="172">
<LocList>
<Loc EndOffset="4273" SrcFileId="2" StartOffset="4263"/>
</LocList>
</BasicStmnt>
<LoopStmnt CovItemId="S32" CovItemPrefix="SecretCode.java" Intrnl_Id="173" MltplExecId="L3-2" MltplExecPrefix="SecretCode.java" NvrExecId="L3-0" NvrExecPrefix="SecretCode.java" OnceExecutedId="L3-1" OnceExecutedPrefix="SecretCode.java" OptBodyExec="true">
<StmntSeq Intrnl_Id="174">
<LocList>
<Loc EndOffset="4636" SrcFileId="2" StartOffset="4360"/>
</LocList>
<CondStmnt CovItemId="S33" CovItemPrefix="SecretCode.java" Intrnl_Id="175">
<Branch CovItemId="B9" CovItemPrefix="SecretCode.java" Implct="false" Intrnl_Id="176">
<Cond/>
<LocList>
<Loc EndOffset="4456" SrcFileId="2" StartOffset="4385"/>
</LocList>
<StmntSeq Intrnl_Id="177">
<LocList>
<Loc EndOffset="4411" SrcFileId="2" StartOffset="4392"/>
<Loc EndOffset="4429" SrcFileId="2" StartOffset="4417"/>
<Loc EndOffset="4450" SrcFileId="2" StartOffset="4435"/>
</LocList>
<BasicStmnt CovItemId="S34" CovItemPrefix="SecretCode.java" Intrnl_Id="178">
<LocList>
<Loc EndOffset="4411" SrcFileId="2" StartOffset="4392"/>
</LocList>
</BasicStmnt>
<BasicStmnt CovItemId="S35" CovItemPrefix="SecretCode.java" Intrnl_Id="179">
<LocList>
<Loc EndOffset="4429" SrcFileId="2" StartOffset="4417"/>
</LocList>
</BasicStmnt>
<BasicStmnt CovItemId="S36" CovItemPrefix="SecretCode.java" Intrnl_Id="180">
<LocList>
<Loc EndOffset="4450" SrcFileId="2" StartOffset="4435"/>
</LocList>
</BasicStmnt>
</StmntSeq>
</Branch>
<Branch CovItemId="B10" CovItemPrefix="SecretCode.java" Implct="false" Intrnl_Id="181">
<Cond>
<Loc EndOffset="4460" SrcFileId="2" StartOffset="4456"/>
</Cond>
<LocList>
<Loc EndOffset="4636" SrcFileId="2" StartOffset="4461"/>
</LocList>
<StmntSeq Intrnl_Id="182">
<LocList>
<Loc EndOffset="4636" SrcFileId="2" StartOffset="4461"/>
</LocList>
<CondStmnt CovItemId="S37" CovItemPrefix="SecretCode.java" Intrnl_Id="183">
<Branch CovItemId="B11" CovItemPrefix="SecretCode.java" Implct="false" Intrnl_Id="184">
<Cond/>
<LocList>
<Loc EndOffset="4558" SrcFileId="2" StartOffset="4486"/>
</LocList>
<StmntSeq Intrnl_Id="185">
<LocList>
<Loc EndOffset="4513" SrcFileId="2" StartOffset="4493"/>
<Loc EndOffset="4531" SrcFileId="2" StartOffset="4519"/>
<Loc EndOffset="4552" SrcFileId="2" StartOffset="4537"/>
</LocList>
<BasicStmnt CovItemId="S38" CovItemPrefix="SecretCode.java" Intrnl_Id="186">
<LocList>
<Loc EndOffset="4513" SrcFileId="2" StartOffset="4493"/>
</LocList>
</BasicStmnt>
<BasicStmnt CovItemId="S39" CovItemPrefix="SecretCode.java" Intrnl_Id="187">
<LocList>
<Loc EndOffset="4531" SrcFileId="2" StartOffset="4519"/>
</LocList>
</BasicStmnt>
<BasicStmnt CovItemId="S40" CovItemPrefix="SecretCode.java" Intrnl_Id="188">
<LocList>
<Loc EndOffset="4552" SrcFileId="2" StartOffset="4537"/>
</LocList>
</BasicStmnt>
</StmntSeq>
</Branch>
<Branch CovItemId="B12" CovItemPrefix="SecretCode.java" Implct="false" Intrnl_Id="189">
<Cond>
<Loc EndOffset="4562" SrcFileId="2" StartOffset="4558"/>
</Cond>
<LocList>
<Loc EndOffset="4636" SrcFileId="2" StartOffset="4563"/>
</LocList>
<StmntSeq Intrnl_Id="190">
<LocList>
<Loc EndOffset="4590" SrcFileId="2" StartOffset="4570"/>
<Loc EndOffset="4608" SrcFileId="2" StartOffset="4596"/>
<Loc EndOffset="4630" SrcFileId="2" StartOffset="4614"/>
</LocList>
<BasicStmnt CovItemId="S41" CovItemPrefix="SecretCode.java" Intrnl_Id="191">
<LocList>
<Loc EndOffset="4590" SrcFileId="2" StartOffset="4570"/>
</LocList>
</BasicStmnt>
<BasicStmnt CovItemId="S42" CovItemPrefix="SecretCode.java" Intrnl_Id="192">
<LocList>
<Loc EndOffset="4608" SrcFileId="2" StartOffset="4596"/>
</LocList>
</BasicStmnt>
<BasicStmnt CovItemId="S43" CovItemPrefix="SecretCode.java" Intrnl_Id="193">
<LocList>
<Loc EndOffset="4630" SrcFileId="2" StartOffset="4614"/>
</LocList>
</BasicStmnt>
</StmntSeq>
</Branch>
<Keyword EndOffset="4463" SrcFileId="2" StartOffset="4461"/>
<LocList>
<Loc EndOffset="4636" SrcFileId="2" StartOffset="4461"/>
</LocList>
<RootTerm CovItemId="C9" CovItemPrefix="SecretCode.java" Intrnl_Id="194">
<BasicBoolTerm Intrnl_Id="195">
<LocList>
<Loc EndOffset="4485" SrcFileId="2" StartOffset="4465"/>
</LocList>
</BasicBoolTerm>
</RootTerm>
</CondStmnt>
</StmntSeq>
</Branch>
<Keyword EndOffset="4362" SrcFileId="2" StartOffset="4360"/>
<LocList>
<Loc EndOffset="4636" SrcFileId="2" StartOffset="4360"/>
</LocList>
<RootTerm CovItemId="C8" CovItemPrefix="SecretCode.java" Intrnl_Id="196">
<BasicBoolTerm Intrnl_Id="197">
<LocList>
<Loc EndOffset="4383" SrcFileId="2" StartOffset="4363"/>
</LocList>
</BasicBoolTerm>
</RootTerm>
</CondStmnt>
</StmntSeq>
<Keyword EndOffset="4327" SrcFileId="2" StartOffset="4324"/>
<LocList>
<Loc EndOffset="4641" SrcFileId="2" StartOffset="4324"/>
</LocList>
<RootTerm CovItemId="C7" CovItemPrefix="SecretCode.java" Intrnl_Id="198">
<BasicBoolTerm Intrnl_Id="199">
<LocList>
<Loc EndOffset="4347" SrcFileId="2" StartOffset="4333"/>
</LocList>
</BasicBoolTerm>
</RootTerm>
</LoopStmnt>
<BasicStmnt CovItemId="S44" CovItemPrefix="SecretCode.java" Intrnl_Id="200">
<LocList>
<Loc EndOffset="4654" SrcFileId="2" StartOffset="4645"/>
</LocList>
</BasicStmnt>
</StmntSeq>
</HierarchyLvl>
<HierarchyLvl HierarchyLvlId="638" HierarchyLvlTypeId="7" Intrnl_Id="201" Name="isLetterinCode">
<Header>
<Loc EndOffset="5137" SrcFileId="2" StartOffset="5097"/>
</Header>
<LocList>
<Loc EndOffset="5517" SrcFileId="2" StartOffset="5097"/>
</LocList>
<StmntSeq Intrnl_Id="202">
<LocList>
<Loc EndOffset="5301" SrcFileId="2" StartOffset="5280"/>
<Loc EndOffset="5315" SrcFileId="2" StartOffset="5305"/>
<Loc EndOffset="5497" SrcFileId="2" StartOffset="5366"/>
<Loc EndOffset="5513" SrcFileId="2" StartOffset="5501"/>
</LocList>
<BasicStmnt CovItemId="S45" CovItemPrefix="SecretCode.java" Intrnl_Id="203">
<LocList>
<Loc EndOffset="5301" SrcFileId="2" StartOffset="5280"/>
</LocList>
</BasicStmnt>
<BasicStmnt CovItemId="S46" CovItemPrefix="SecretCode.java" Intrnl_Id="204">
<LocList>
<Loc EndOffset="5315" SrcFileId="2" StartOffset="5305"/>
</LocList>
</BasicStmnt>
<LoopStmnt CovItemId="S47" CovItemPrefix="SecretCode.java" Intrnl_Id="205" MltplExecId="L4-2" MltplExecPrefix="SecretCode.java" NvrExecId="L4-0" NvrExecPrefix="SecretCode.java" OnceExecutedId="L4-1" OnceExecutedPrefix="SecretCode.java" OptBodyExec="true">
<StmntSeq Intrnl_Id="206">
<LocList>
<Loc EndOffset="5491" SrcFileId="2" StartOffset="5402"/>
</LocList>
<CondStmnt CovItemId="S48" CovItemPrefix="SecretCode.java" Intrnl_Id="207">
<Branch CovItemId="B13" CovItemPrefix="SecretCode.java" Implct="false" Intrnl_Id="208">
<Cond/>
<LocList>
<Loc EndOffset="5461" SrcFileId="2" StartOffset="5424"/>
</LocList>
<StmntSeq Intrnl_Id="209">
<LocList>
<Loc EndOffset="5443" SrcFileId="2" StartOffset="5431"/>
<Loc EndOffset="5455" SrcFileId="2" StartOffset="5449"/>
</LocList>
<BasicStmnt CovItemId="S49" CovItemPrefix="SecretCode.java" Intrnl_Id="210">
<LocList>
<Loc EndOffset="5443" SrcFileId="2" StartOffset="5431"/>
</LocList>
</BasicStmnt>
<BasicStmnt CovItemId="S50" CovItemPrefix="SecretCode.java" Intrnl_Id="211">
<LocList>
<Loc EndOffset="5455" SrcFileId="2" StartOffset="5449"/>
</LocList>
</BasicStmnt>
</StmntSeq>
</Branch>
<Branch CovItemId="B14" CovItemPrefix="SecretCode.java" Implct="false" Intrnl_Id="212">
<Cond>
<Loc EndOffset="5465" SrcFileId="2" StartOffset="5461"/>
</Cond>
<LocList>
<Loc EndOffset="5491" SrcFileId="2" StartOffset="5466"/>
</LocList>
<StmntSeq Intrnl_Id="213">
<LocList>
<Loc EndOffset="5485" SrcFileId="2" StartOffset="5473"/>
</LocList>
<BasicStmnt CovItemId="S51" CovItemPrefix="SecretCode.java" Intrnl_Id="214">
<LocList>
<Loc EndOffset="5485" SrcFileId="2" StartOffset="5473"/>
</LocList>
</BasicStmnt>
</StmntSeq>
</Branch>
<Keyword EndOffset="5404" SrcFileId="2" StartOffset="5402"/>
<LocList>
<Loc EndOffset="5491" SrcFileId="2" StartOffset="5402"/>
</LocList>
<RootTerm CovItemId="C11" CovItemPrefix="SecretCode.java" Intrnl_Id="215">
<BasicBoolTerm Intrnl_Id="216">
<LocList>
<Loc EndOffset="5422" SrcFileId="2" StartOffset="5405"/>
</LocList>
</BasicBoolTerm>
</RootTerm>
</CondStmnt>
</StmntSeq>
<Keyword EndOffset="5369" SrcFileId="2" StartOffset="5366"/>
<LocList>
<Loc EndOffset="5497" SrcFileId="2" StartOffset="5366"/>
</LocList>
<RootTerm CovItemId="C10" CovItemPrefix="SecretCode.java" Intrnl_Id="217">
<BasicBoolTerm Intrnl_Id="218">
<LocList>
<Loc EndOffset="5389" SrcFileId="2" StartOffset="5375"/>
</LocList>
</BasicBoolTerm>
</RootTerm>
</LoopStmnt>
<BasicStmnt CovItemId="S52" CovItemPrefix="SecretCode.java" Intrnl_Id="219">
<LocList>
<Loc EndOffset="5513" SrcFileId="2" StartOffset="5501"/>
</LocList>
</BasicStmnt>
</StmntSeq>
</HierarchyLvl>
<HierarchyLvl HierarchyLvlId="639" HierarchyLvlTypeId="7" Intrnl_Id="220" Name="getPoints">
<Header>
<Loc EndOffset="5601" SrcFileId="2" StartOffset="5579"/>
</Header>
<LocList>
<Loc EndOffset="5625" SrcFileId="2" StartOffset="5579"/>
</LocList>
<StmntSeq Intrnl_Id="221">
<LocList>
<Loc EndOffset="5621" SrcFileId="2" StartOffset="5607"/>
</LocList>
<BasicStmnt CovItemId="S53" CovItemPrefix="SecretCode.java" Intrnl_Id="222">
<LocList>
<Loc EndOffset="5621" SrcFileId="2" StartOffset="5607"/>
</LocList>
</BasicStmnt>
</StmntSeq>
</HierarchyLvl>
<HierarchyLvl HierarchyLvlId="640" HierarchyLvlTypeId="7" Intrnl_Id="223" Name="getTurno">
<Header>
<Loc EndOffset="5652" SrcFileId="2" StartOffset="5631"/>
</Header>
<LocList>
<Loc EndOffset="5674" SrcFileId="2" StartOffset="5631"/>
</LocList>
<StmntSeq Intrnl_Id="224">
<LocList>
<Loc EndOffset="5670" SrcFileId="2" StartOffset="5658"/>
</LocList>
<BasicStmnt CovItemId="S54" CovItemPrefix="SecretCode.java" Intrnl_Id="225">
<LocList>
<Loc EndOffset="5670" SrcFileId="2" StartOffset="5658"/>
</LocList>
</BasicStmnt>
</StmntSeq>
</HierarchyLvl>
<HierarchyLvl HierarchyLvlId="641" HierarchyLvlTypeId="7" Intrnl_Id="226" Name="getResults">
<Header>
<Loc EndOffset="5850" SrcFileId="2" StartOffset="5822"/>
</Header>
<LocList>
<Loc EndOffset="6066" SrcFileId="2" StartOffset="5822"/>
</LocList>
<StmntSeq Intrnl_Id="227">
<LocList>
<Loc EndOffset="5883" SrcFileId="2" StartOffset="5856"/>
<Loc EndOffset="5897" SrcFileId="2" StartOffset="5887"/>
<Loc EndOffset="6049" SrcFileId="2" StartOffset="5929"/>
<Loc EndOffset="6062" SrcFileId="2" StartOffset="6053"/>
</LocList>
<BasicStmnt CovItemId="S55" CovItemPrefix="SecretCode.java" Intrnl_Id="228">
<LocList>
<Loc EndOffset="5883" SrcFileId="2" StartOffset="5856"/>
</LocList>
</BasicStmnt>
<BasicStmnt CovItemId="S56" CovItemPrefix="SecretCode.java" Intrnl_Id="229">
<LocList>
<Loc EndOffset="5897" SrcFileId="2" StartOffset="5887"/>
</LocList>
</BasicStmnt>
<LoopStmnt CovItemId="S57" CovItemPrefix="SecretCode.java" Intrnl_Id="230" MltplExecId="L5-2" MltplExecPrefix="SecretCode.java" NvrExecId="L5-0" NvrExecPrefix="SecretCode.java" OnceExecutedId="L5-1" OnceExecutedPrefix="SecretCode.java" OptBodyExec="true">
<StmntSeq Intrnl_Id="231">
<LocList>
<Loc EndOffset="6044" SrcFileId="2" StartOffset="5952"/>
</LocList>
<CondStmnt CovItemId="S58" CovItemPrefix="SecretCode.java" Intrnl_Id="232">
<Branch CovItemId="B15" CovItemPrefix="SecretCode.java" Implct="false" Intrnl_Id="233">
<Cond/>
<LocList>
<Loc EndOffset="5981" SrcFileId="2" StartOffset="5970"/>
</LocList>
<StmntSeq Intrnl_Id="234">
<LocList>
<Loc EndOffset="5981" SrcFileId="2" StartOffset="5970"/>
</LocList>
<BasicStmnt CovItemId="S59" CovItemPrefix="SecretCode.java" Intrnl_Id="235">
<LocList>
<Loc EndOffset="5981" SrcFileId="2" StartOffset="5970"/>
</LocList>
</BasicStmnt>
</StmntSeq>
</Branch>
<Branch CovItemId="B16" CovItemPrefix="SecretCode.java" Implct="false" Intrnl_Id="236">
<Cond>
<Loc EndOffset="5990" SrcFileId="2" StartOffset="5986"/>
</Cond>
<LocList>
<Loc EndOffset="6044" SrcFileId="2" StartOffset="5991"/>
</LocList>
<StmntSeq Intrnl_Id="237">
<LocList>
<Loc EndOffset="6044" SrcFileId="2" StartOffset="5991"/>
</LocList>
<CondStmnt CovItemId="S60" CovItemPrefix="SecretCode.java" Intrnl_Id="238">
<Branch CovItemId="B17" CovItemPrefix="SecretCode.java" Implct="false" Intrnl_Id="239">
<Cond/>
<LocList>
<Loc EndOffset="6022" SrcFileId="2" StartOffset="6009"/>
</LocList>
<StmntSeq Intrnl_Id="240">
<LocList>
<Loc EndOffset="6022" SrcFileId="2" StartOffset="6009"/>
</LocList>
<BasicStmnt CovItemId="S61" CovItemPrefix="SecretCode.java" Intrnl_Id="241">
<LocList>
<Loc EndOffset="6022" SrcFileId="2" StartOffset="6009"/>
</LocList>
</BasicStmnt>
</StmntSeq>
</Branch>
<Branch CovItemId="B18" CovItemPrefix="SecretCode.java" Implct="false" Intrnl_Id="242">
<Cond>
<Loc EndOffset="6031" SrcFileId="2" StartOffset="6027"/>
</Cond>
<LocList>
<Loc EndOffset="6044" SrcFileId="2" StartOffset="6032"/>
</LocList>
<StmntSeq Intrnl_Id="243">
<LocList>
<Loc EndOffset="6044" SrcFileId="2" StartOffset="6032"/>
</LocList>
<BasicStmnt CovItemId="S62" CovItemPrefix="SecretCode.java" Intrnl_Id="244">
<LocList>
<Loc EndOffset="6044" SrcFileId="2" StartOffset="6032"/>
</LocList>
</BasicStmnt>
</StmntSeq>
</Branch>
<Keyword EndOffset="5993" SrcFileId="2" StartOffset="5991"/>
<LocList>
<Loc EndOffset="6044" SrcFileId="2" StartOffset="5991"/>
</LocList>
<RootTerm CovItemId="C14" CovItemPrefix="SecretCode.java" Intrnl_Id="245">
<BasicBoolTerm Intrnl_Id="246">
<LocList>
<Loc EndOffset="6007" SrcFileId="2" StartOffset="5994"/>
</LocList>
</BasicBoolTerm>
</RootTerm>
</CondStmnt>
</StmntSeq>
</Branch>
<Keyword EndOffset="5954" SrcFileId="2" StartOffset="5952"/>
<LocList>
<Loc EndOffset="6044" SrcFileId="2" StartOffset="5952"/>
</LocList>
<RootTerm CovItemId="C13" CovItemPrefix="SecretCode.java" Intrnl_Id="247">
<BasicBoolTerm Intrnl_Id="248">
<LocList>
<Loc EndOffset="5968" SrcFileId="2" StartOffset="5955"/>
</LocList>
</BasicBoolTerm>
</RootTerm>
</CondStmnt>
</StmntSeq>
<Keyword EndOffset="5932" SrcFileId="2" StartOffset="5929"/>
<LocList>
<Loc EndOffset="6049" SrcFileId="2" StartOffset="5929"/>
</LocList>
<RootTerm CovItemId="C12" CovItemPrefix="SecretCode.java" Intrnl_Id="249">
<BasicBoolTerm Intrnl_Id="250">
<LocList>
<Loc EndOffset="5940" SrcFileId="2" StartOffset="5937"/>
</LocList>
</BasicBoolTerm>
</RootTerm>
</LoopStmnt>
<BasicStmnt CovItemId="S63" CovItemPrefix="SecretCode.java" Intrnl_Id="251">
<LocList>
<Loc EndOffset="6062" SrcFileId="2" StartOffset="6053"/>
</LocList>
</BasicStmnt>
</StmntSeq>
</HierarchyLvl>
</HierarchyLvl>
</HierarchyLvl>
</MASTRoot>
</TestSessionContainer>
