<?xml version="1.0" encoding="UTF-8"?><TestSessionContainer xmlns="http://www.codecover.org/xml/testsession-container" Date="1688833445233" TestSessionContainerId="31a439f3-7c0a-470f-a30c-e4e66308c436" version="1.0">
<SrcFileList>
<SrcFile Content="package MBT;&#13;&#10;&#13;&#10;public class CodiceSegreto {&#13;&#10;&#9;Options[] code = new Options[3];&#13;&#10;&#9;Turn turno;&#13;&#10;&#9;Results[] results = new Results[3];&#13;&#10;&#9;&#13;&#10;&#9;public CodiceSegreto(Options[] codice) {&#13;&#10;&#9;&#9;this.code = codice;&#13;&#10;&#9;&#9;turno = Turn.INIZIO;&#13;&#10;&#9;&#9;results[0] = Results.MISS;&#13;&#10;&#9;&#9;results[1] = Results.MISS;&#13;&#10;&#9;&#9;results[2] = Results.MISS;&#13;&#10;&#9;}&#13;&#10;&#9;&#13;&#10;&#9;public void indovinaCodice(Options[] codice) {&#13;&#10;&#9;&#9;if(results[0] == Results.HIT &amp;&amp; results[1] == Results.HIT &amp;&amp; results[0] == Results.HIT) {&#13;&#10;&#9;&#9;&#9;turno = Turn.FINE;&#13;&#10;&#9;&#9;}else {&#13;&#10;&#9;&#9;&#9;turno = Turn.GIOCO;&#13;&#10;&#9;&#9;&#9;//slot uno&#13;&#10;&#9;&#9;&#9;if(codice[0] == code[0]) results[0] = Results.HIT;&#13;&#10;&#9;&#9;&#9;else if (codice[0] == code[1] || codice[0] == code[2]) results[0] = Results.CLOSE;&#13;&#10;&#9;&#9;&#9;else results[0] = Results.MISS;&#13;&#10;&#9;&#9;&#9;//slot due&#13;&#10;&#9;&#9;&#9;if(codice[1] == code[1]) results[1] = Results.HIT;&#13;&#10;&#9;&#9;&#9;else if (codice[1] == code[2] || codice[1] == code[0]) results[1] = Results.CLOSE;&#13;&#10;&#9;&#9;&#9;else results[1] = Results.MISS;&#13;&#10;&#9;&#9;&#9;//slot tre&#13;&#10;&#9;&#9;&#9;if(codice[2] == code[2]) results[2] = Results.HIT;&#13;&#10;&#9;&#9;&#9;else if (codice[2] == code[1] || codice[2] == code[0]) results[2] = Results.CLOSE;&#13;&#10;&#9;&#9;&#9;else results[2] = Results.MISS;&#13;&#10;&#9;&#9;}&#13;&#10;&#9;}&#13;&#10;}&#13;&#10;" Filename="CodiceSegreto.java" Intrnl_Id="1"/>
<SrcFile Content="&#13;&#10;public class SecretCode {&#13;&#10;&#9;//IL CODICE SEGRETO&#13;&#10;&#9;private /*@spec_public@*/ String code[] = new String[5];&#13;&#10;&#9;private /*@spec_public@*/ int points;&#13;&#10;&#9;private /*@spec_public@*/ int turn;&#13;&#10;&#9;private /*@spec_public@*/ boolean previous[]; //true se ho indovinato questo slot, false altrimenti &#13;&#10;&#9;private /*@spec_public@*/ int results[] = new int[5]; //-1 miss, 0 close, 1 hit &#13;&#10;&#9;public boolean endGame = false;&#13;&#10;&#9;public int tempPoints = 0;&#13;&#10;&#9;&#13;&#10;&#9;//i turni devono essere compresi tra 0 e 10&#13;&#10;&#9;//@ public invariant turn &gt;=0 &amp;&amp; turn &lt;=10;&#13;&#10;&#9;&#13;&#10;&#9;//ogni pezzo di codice è composto da una e una sola lettera&#13;&#10;&#9;//@ public invariant (\forall int x;  x&gt;=0 &amp;&amp; x&lt;5; code[x].length()== 1); &#13;&#10;&#9;&#13;&#10;&#9;//il codice non può essere vuoto&#13;&#10;&#9;//@ requires c!=null;&#13;&#10;&#9;// il codice deve essere lungo 5&#13;&#10;&#9;//@ requires c.length == 5;&#13;&#10;&#9;// posso passare solo 1 lettera&#13;&#10;&#9;//@ requires (\forall int x; x&gt;=0 &amp;&amp; x&lt;5; c[x].length()==1);&#13;&#10;&#9;// inizialmente i controlli sono settati a falso&#13;&#10;&#9;//@ ensures (\forall int x;  x&gt;=0 &amp;&amp; x&lt;5; previous[x]==false);&#13;&#10;&#9;//il codice segreto viene impostato uguale all'input&#13;&#10;&#9;//@ ensures code == c;&#13;&#10;&#9;public SecretCode(String c[]) {&#13;&#10;&#9;&#9;//inizializzo tutto come se fossero tutti gli slot sbagliati&#13;&#10;&#9;&#9;results = new int[]{-1,-1,-1,-1,-1};&#13;&#10;&#9;&#9;previous = new boolean[]{false,false,false,false,false};&#13;&#10;&#9;&#9;code = c;&#13;&#10;&#9;&#9;points = 0;&#13;&#10;&#9;&#9;turn = 1;&#13;&#10;&#9;}&#13;&#10;&#9;&#13;&#10;&#9;&#13;&#10;&#9;// la lunghezza del tentativo deve essere 5&#13;&#10;&#9;//@ requires c.length == 5;&#13;&#10;&#9;// ogni parte di codice non deve essere nulla e lunga 1&#13;&#10;&#9;//@ requires (\forall int x; x&gt;=0 &amp;&amp; x&lt;5; (c[x].length()== 1) &amp;&amp; c[x]!=null);&#13;&#10;&#9;// se al turno precedente ho indovinato un pezzo, devo mantenere quel risultato&#13;&#10;&#9;//@ requires isCodeValid(c);&#13;&#10;&#9;// se ho indovinato il codice, ritorna vero, altrimenti, ritorna falso&#13;&#10;&#9;//@ ensures (code==c &amp;&amp; turn&lt;10 &amp;&amp; isCodeValid(c)) ==&gt; \result;&#13;&#10;&#9;//@ ensures !\result ==&gt; (code!=c);&#13;&#10;&#9;// se il turno è maggiore o uguale a 10 torna falso, ma se è falso non vuol dire che il turno sia &gt;=10&#13;&#10;&#9;//@ ensures (turn&gt;=10) ==&gt; !\result;&#13;&#10;&#9;// i punti vengono assegnati correttamente&#13;&#10;&#9;//@ ensures ((turn &lt;= 10) &amp;&amp; isCodeValid(c) &amp;&amp; (\old(endGame)==false) &amp;&amp; c!=null ) ==&gt; (points == (\old(points) + tempPoints));&#13;&#10;&#9;//@ diverges true;&#13;&#10;&#9;public boolean guessCode(String c[]) {&#13;&#10;&#9;&#9;&#13;&#10;&#9;&#9;boolean end = endGame;&#13;&#10;&#9;&#9;// se ho già indovinato non serve che ricontrollo visto che gli slot giusti si ripetono&#13;&#10;&#9;&#9;//se non sono trascorsi 10 turni e sto rispettando le regole&#13;&#10;&#9;&#9;if(turn &lt; 10 &amp;&amp; isCodeValid(c) &amp;&amp; !endGame) {&#13;&#10;&#9;&#9;&#9;&#13;&#10;&#9;&#9;&#9;int i = 0;&#13;&#10;&#9;&#9;&#9;//@ loop_invariant (i&lt;5 ==&gt; code[i]!=null);&#13;&#10;&#9;&#9;&#9;for(i=0; i&lt; code.length ;i++) {&#13;&#10;&#9;&#9;&#9;&#9;if(code[i].equals(c[i])==false) {&#13;&#10;&#9;&#9;&#9;&#9;&#9;end = false;&#13;&#10;&#9;&#9;&#9;&#9;&#9;break;&#13;&#10;&#9;&#9;&#9;&#9;}else {&#13;&#10;&#9;&#9;&#9;&#9;&#9;end= true;&#9;&#13;&#10;&#9;&#9;&#9;&#9;}&#9;&#13;&#10;&#9;&#9;&#9;}&#13;&#10;&#9;&#9;&#9;&#13;&#10;&#9;&#9;&#9;if(end) endGame = true;&#13;&#10;&#9;&#9;&#9;tempPoints = guessPoints(c);&#13;&#10;&#9;&#9;&#9;points += tempPoints;&#13;&#10;&#9;&#9;&#9;turn++;&#13;&#10;&#9;&#9;&#9;//@ assert turn &lt;= 10;&#13;&#10;&#9;&#9;}&#13;&#10;&#9;&#13;&#10;&#9;&#9;return end;&#13;&#10;&#9;&#9;&#13;&#10;&#9;}&#13;&#10;&#9;&#13;&#10;&#9;// la lunghezza del tentativo deve essere 5&#13;&#10;&#9;//@ requires c.length == 5;&#13;&#10;&#9;// controllo che il risultato rispecchi la regola di correttezza&#13;&#10;&#9;//@ ensures \result &lt;==&gt; (\forall int x; x&gt;=0 &amp;&amp; x&lt;5; code[x].equals(c[x]) || !previous[x]);&#13;&#10;&#9;//@ ensures (\result == false) &lt;== !(\exists int x; x&gt;=0 &amp;&amp; x&lt;5; !(code[x].equals(c[x])) || previous[x]);&#13;&#10;&#9;//@ diverges true;&#13;&#10;&#9;private /*@ pure spec_public @*/boolean isCodeValid(String c[]) {&#13;&#10;&#9;&#9;/*Controllo che se al turno precedente ho indovinato uno slot &#13;&#10;&#9;&#9;Allora la stessa lettera deve essere indovinata anche al turno successivo*/&#13;&#10;&#9;&#9;&#13;&#10;&#9;&#9;boolean flag = false;&#13;&#10;&#9;&#9;int i = 0;&#13;&#10;&#9;&#9;//@ loop_invariant (i&lt;5 ==&gt; code[i]!=null);&#13;&#10;&#9;&#9;for(i=0; i&lt; code.length ;i++) {&#13;&#10;&#9;&#9;&#9;if(code[i].equals(c[i])==false &amp;&amp; previous[i]) {&#13;&#10;&#9;&#9;&#9;&#9;flag = false;&#13;&#10;&#9;&#9;&#9;&#9;break;&#13;&#10;&#9;&#9;&#9;}else {&#13;&#10;&#9;&#9;&#9;&#9;flag= true;&#13;&#10;&#9;&#9;&#9;}&#9;&#13;&#10;&#9;&#9;}&#9;&#9;&#13;&#10;&#9;&#9;&#13;&#10;&#9;&#9;return flag;&#13;&#10;&#9;}&#13;&#10;&#9;&#13;&#10;&#9;// la lunghezza del tentativo deve essere 5&#13;&#10;&#9;//@ requires c.length == 5;&#13;&#10;&#9;// se ho fatto tutto giusto, devo aver guadagnato 10*turn punti&#13;&#10;&#9;//@ ensures  (\forall int x;  x&gt;=0 &amp;&amp; x&lt;5; code[x].equals(c[x])) &lt;==&gt; \result==10*turn;&#13;&#10;&#9;// se ho fatto qualcosa di sbagliato, devo aver guadagnato meno di 10*turn punti&#13;&#10;&#9;//@ ensures  (\exists int x;  x&gt;=0 &amp;&amp; x&lt;5; !(code[x].equals(c[x]))) ==&gt; \result&lt;=10*turn;&#13;&#10;&#9;//@ diverges true;&#13;&#10;&#9;private /*@ pure spec_public @*/ int guessPoints(String c[]) {&#13;&#10;&#9;&#9;&#13;&#10;&#9;&#9;/*&#13;&#10;&#9;&#9; * Assegno i punti in base agli slot:&#13;&#10;&#9;&#9; * CORRETTO + 2*turno&#13;&#10;&#9;&#9; * QUASI + 1*turno&#13;&#10;&#9;&#9; * SBAGLIATO -2*turno&#13;&#10;&#9;&#9; */&#13;&#10;&#9;&#9;int p = 0;&#13;&#10;&#9;&#9;int i = 0;&#13;&#10;&#9;&#9;//@ loop_invariant (i&lt;5 ==&gt; code[i]!=null);&#13;&#10;&#9;&#9;for(i=0; i&lt; code.length ;i++) {&#13;&#10;&#9;&#9;&#9;if(code[i].equals(c[i])) {&#13;&#10;&#9;&#9;&#9;&#9;previous[i] = true;&#13;&#10;&#9;&#9;&#9;&#9;p += 2*turn;&#13;&#10;&#9;&#9;&#9;&#9;results[i] = 1;&#13;&#10;&#9;&#9;&#9;}else if( isLetterinCode(c[i])){&#13;&#10;&#9;&#9;&#9;&#9;previous[i] = false;&#13;&#10;&#9;&#9;&#9;&#9;p += 1*turn;&#13;&#10;&#9;&#9;&#9;&#9;results[i] = 0;&#13;&#10;&#9;&#9;&#9;}else {&#13;&#10;&#9;&#9;&#9;&#9;previous[i] = false;&#13;&#10;&#9;&#9;&#9;&#9;p -= 2*turn;&#13;&#10;&#9;&#9;&#9;&#9;results[i] = -1;&#13;&#10;&#9;&#9;&#9;}&#13;&#10;&#9;&#9;}&#13;&#10;&#9;&#9;return p;&#13;&#10;&#9;}&#13;&#10;&#9;&#13;&#10;&#9;//puoi prendere solo una lettera come input&#13;&#10;&#9;//@ requires l!=null &amp;&amp; l.length() == 1 ;&#13;&#10;&#9;// se esiste una pezzo di codice uguale alla lettera, ritorna vero&#13;&#10;&#9;//@ ensures  (\exists int x;  x&gt;=0 &amp;&amp; x&lt;code.length; code[x].equals(l)) &lt;==&gt; \result;&#13;&#10;&#9;// se non esiste una pezzo di codice uguale alla lettera, ritorna falso&#13;&#10;&#9;//@ ensures  (\forall int x; x&gt;=0 &amp;&amp; x&lt;code.length; !(code[x].equals(l))) &lt;==&gt; !\result;&#13;&#10;&#9;//@ diverges true;&#13;&#10;&#9;private boolean isLetterinCode(String l) {&#13;&#10;&#9;&#9;/*&#13;&#10;&#9;&#9; * RITORNA&#13;&#10;&#9;&#9; * vero se è presente la lettera in un qualsiasi slot del codice segreto&#13;&#10;&#9;&#9; * falso altrimenti&#13;&#10;&#9;&#9; * &#13;&#10;&#9;&#9; */&#13;&#10;&#9;&#9;&#13;&#10;&#9;&#9;boolean flag = false;&#13;&#10;&#9;&#9;int i = 0;&#13;&#10;&#9;&#9;//@ loop_invariant (i&lt;5 ==&gt; code[i]!=null);&#13;&#10;&#9;&#9;for(i=0; i&lt; code.length ;i++) {&#13;&#10;&#9;&#9;&#9;if(code[i].equals(l)) {&#13;&#10;&#9;&#9;&#9;&#9;flag = true;&#13;&#10;&#9;&#9;&#9;&#9;break;&#13;&#10;&#9;&#9;&#9;}else {&#13;&#10;&#9;&#9;&#9;&#9;flag= false;&#13;&#10;&#9;&#9;&#9;}&#9;&#13;&#10;&#9;&#9;}&#13;&#10;&#9;&#9;return flag;&#13;&#10;&#9;}&#13;&#10;&#9;&#13;&#10;&#9;//@ requires true;&#13;&#10;&#9;//@ ensures  \result == points ;&#13;&#10;&#9;public int getPoints() {&#13;&#10;&#9;&#9;return points;&#13;&#10;&#9;}&#13;&#10;&#9;&#13;&#10;&#9;//@ requires true;&#13;&#10;&#9;//@ ensures  \result == turn ;&#13;&#10;&#9;public int getTurno() {&#13;&#10;&#9;&#9;return turn;&#13;&#10;&#9;}&#13;&#10;&#9;&#13;&#10;&#9;// non lo posso lanciare prima del primo turno perchè non avrei nessuna risposta&#13;&#10;&#9;//@ requires turn&gt;=2;&#13;&#10;&#9;//@ requires results.length == 5;&#13;&#10;&#9;//@ ensures \result.length == 5;&#13;&#10;&#9;public String[] getResults() {&#13;&#10;&#9;&#9;String[] s = new String[5];&#13;&#10;&#9;&#9;int i = 0;&#13;&#10;&#9;&#9;//@ loop_writes i, s[*];&#13;&#10;&#9;&#9;for(i=0;i&lt;5;i++) {&#13;&#10;&#9;&#9;&#9;if(results[i]==1) s[i]=&quot;Hit&quot;;&#13;&#10;&#9;&#9;&#9;else if(results[i]==0) s[i]=&quot;Close&quot;;&#13;&#10;&#9;&#9;&#9;else s[i]=&quot;Miss&quot;;&#13;&#10;&#9;&#9;}&#13;&#10;&#9;&#9;return s;&#13;&#10;&#9;}&#13;&#10;&#9;&#13;&#10;}&#13;&#10;" Filename="SecretCode.java" Intrnl_Id="2"/>
</SrcFileList>
<CritList>
<CritListEntry Name="org.codecover.model.utils.criteria.ConditionCoverage" PluginName="org.codecover"/>
<CritListEntry Name="org.codecover.model.utils.criteria.BranchCoverage" PluginName="org.codecover"/>
<CritListEntry Name="org.codecover.model.utils.criteria.StatementCoverage" PluginName="org.codecover"/>
</CritList>
<BoolOpList>
<BoolOp Arity="2" Intrnl_Id="3" Name="conditional and (&amp;&amp;)">
<BoolAssgnmntBoolMapList>
<MapEntry BoolAssgnmnt="02" Value="false"/>
<MapEntry BoolAssgnmnt="10" Value="false"/>
<MapEntry BoolAssgnmnt="11" Value="true"/>
</BoolAssgnmntBoolMapList>
</BoolOp>
<BoolOp Arity="2" Intrnl_Id="4" Name="conditional or (||)">
<BoolAssgnmntBoolMapList>
<MapEntry BoolAssgnmnt="00" Value="false"/>
<MapEntry BoolAssgnmnt="01" Value="true"/>
<MapEntry BoolAssgnmnt="12" Value="true"/>
</BoolAssgnmntBoolMapList>
</BoolOp>
<BoolOp Arity="1" Intrnl_Id="5" Name="not (!)">
<BoolAssgnmntBoolMapList>
<MapEntry BoolAssgnmnt="1" Value="false"/>
<MapEntry BoolAssgnmnt="0" Value="true"/>
</BoolAssgnmntBoolMapList>
</BoolOp>
</BoolOpList>
<HierarchyLvlTypeList>
<HierarchyLvlType EnglishName="package" IntrnlName="package" Intrnl_Id="6"/>
<HierarchyLvlType EnglishName="method" IntrnlName="method" Intrnl_Id="7"/>
<HierarchyLvlType EnglishName="class" IntrnlName="class" Intrnl_Id="8"/>
<HierarchyLvlType EnglishName="default package" IntrnlName="default package" Intrnl_Id="9"/>
</HierarchyLvlTypeList>
<MASTRoot>
<HierarchyLvl HierarchyLvlId="1330" HierarchyLvlTypeId="9" Intrnl_Id="10" Name="default package">
<Header/>
<LocList/>
<HierarchyLvl HierarchyLvlId="1329" HierarchyLvlTypeId="6" Intrnl_Id="11" Name="MBT">
<Header/>
<LocList/>
<HierarchyLvl HierarchyLvlId="1319" HierarchyLvlTypeId="8" Intrnl_Id="12" Name="CodiceSegreto">
<Header>
<Loc EndOffset="42" SrcFileId="1" StartOffset="16"/>
</Header>
<LocList>
<Loc EndOffset="1112" SrcFileId="1" StartOffset="16"/>
</LocList>
<StmntSeq Intrnl_Id="13">
<LocList>
<Loc EndOffset="79" SrcFileId="1" StartOffset="47"/>
<Loc EndOffset="131" SrcFileId="1" StartOffset="96"/>
</LocList>
<BasicStmnt CovItemId="S1" CovItemPrefix="MBT.CodiceSegreto.java" Intrnl_Id="14">
<LocList>
<Loc EndOffset="79" SrcFileId="1" StartOffset="47"/>
</LocList>
</BasicStmnt>
<BasicStmnt CovItemId="S2" CovItemPrefix="MBT.CodiceSegreto.java" Intrnl_Id="15">
<LocList>
<Loc EndOffset="131" SrcFileId="1" StartOffset="96"/>
</LocList>
</BasicStmnt>
</StmntSeq>
<HierarchyLvl HierarchyLvlId="1317" HierarchyLvlTypeId="7" Intrnl_Id="16" Name="CodiceSegreto">
<Header>
<Loc EndOffset="175" SrcFileId="1" StartOffset="137"/>
</Header>
<LocList>
<Loc EndOffset="318" SrcFileId="1" StartOffset="137"/>
</LocList>
<StmntSeq Intrnl_Id="17">
<LocList>
<Loc EndOffset="200" SrcFileId="1" StartOffset="181"/>
<Loc EndOffset="224" SrcFileId="1" StartOffset="204"/>
<Loc EndOffset="254" SrcFileId="1" StartOffset="228"/>
<Loc EndOffset="284" SrcFileId="1" StartOffset="258"/>
<Loc EndOffset="314" SrcFileId="1" StartOffset="288"/>
</LocList>
<BasicStmnt CovItemId="S3" CovItemPrefix="MBT.CodiceSegreto.java" Intrnl_Id="18">
<LocList>
<Loc EndOffset="200" SrcFileId="1" StartOffset="181"/>
</LocList>
</BasicStmnt>
<BasicStmnt CovItemId="S4" CovItemPrefix="MBT.CodiceSegreto.java" Intrnl_Id="19">
<LocList>
<Loc EndOffset="224" SrcFileId="1" StartOffset="204"/>
</LocList>
</BasicStmnt>
<BasicStmnt CovItemId="S5" CovItemPrefix="MBT.CodiceSegreto.java" Intrnl_Id="20">
<LocList>
<Loc EndOffset="254" SrcFileId="1" StartOffset="228"/>
</LocList>
</BasicStmnt>
<BasicStmnt CovItemId="S6" CovItemPrefix="MBT.CodiceSegreto.java" Intrnl_Id="21">
<LocList>
<Loc EndOffset="284" SrcFileId="1" StartOffset="258"/>
</LocList>
</BasicStmnt>
<BasicStmnt CovItemId="S7" CovItemPrefix="MBT.CodiceSegreto.java" Intrnl_Id="22">
<LocList>
<Loc EndOffset="314" SrcFileId="1" StartOffset="288"/>
</LocList>
</BasicStmnt>
</StmntSeq>
</HierarchyLvl>
<HierarchyLvl HierarchyLvlId="1318" HierarchyLvlTypeId="7" Intrnl_Id="23" Name="indovinaCodice">
<Header>
<Loc EndOffset="368" SrcFileId="1" StartOffset="324"/>
</Header>
<LocList>
<Loc EndOffset="1109" SrcFileId="1" StartOffset="324"/>
</LocList>
<StmntSeq Intrnl_Id="24">
<LocList>
<Loc EndOffset="1105" SrcFileId="1" StartOffset="374"/>
</LocList>
<CondStmnt CovItemId="S8" CovItemPrefix="MBT.CodiceSegreto.java" Intrnl_Id="25">
<Branch CovItemId="B1" CovItemPrefix="MBT.CodiceSegreto.java" Implct="false" Intrnl_Id="26">
<Cond/>
<LocList>
<Loc EndOffset="491" SrcFileId="1" StartOffset="462"/>
</LocList>
<StmntSeq Intrnl_Id="27">
<LocList>
<Loc EndOffset="486" SrcFileId="1" StartOffset="468"/>
</LocList>
<BasicStmnt CovItemId="S9" CovItemPrefix="MBT.CodiceSegreto.java" Intrnl_Id="28">
<LocList>
<Loc EndOffset="486" SrcFileId="1" StartOffset="468"/>
</LocList>
</BasicStmnt>
</StmntSeq>
</Branch>
<Branch CovItemId="B2" CovItemPrefix="MBT.CodiceSegreto.java" Implct="false" Intrnl_Id="29">
<Cond>
<Loc EndOffset="495" SrcFileId="1" StartOffset="491"/>
</Cond>
<LocList>
<Loc EndOffset="1105" SrcFileId="1" StartOffset="496"/>
</LocList>
<StmntSeq Intrnl_Id="30">
<LocList>
<Loc EndOffset="521" SrcFileId="1" StartOffset="502"/>
<Loc EndOffset="714" SrcFileId="1" StartOffset="541"/>
<Loc EndOffset="907" SrcFileId="1" StartOffset="734"/>
<Loc EndOffset="1100" SrcFileId="1" StartOffset="927"/>
</LocList>
<BasicStmnt CovItemId="S10" CovItemPrefix="MBT.CodiceSegreto.java" Intrnl_Id="31">
<LocList>
<Loc EndOffset="521" SrcFileId="1" StartOffset="502"/>
</LocList>
</BasicStmnt>
<CondStmnt CovItemId="S11" CovItemPrefix="MBT.CodiceSegreto.java" Intrnl_Id="32">
<Branch CovItemId="B3" CovItemPrefix="MBT.CodiceSegreto.java" Implct="false" Intrnl_Id="33">
<Cond/>
<LocList>
<Loc EndOffset="591" SrcFileId="1" StartOffset="566"/>
</LocList>
<StmntSeq Intrnl_Id="34">
<LocList>
<Loc EndOffset="591" SrcFileId="1" StartOffset="566"/>
</LocList>
<BasicStmnt CovItemId="S12" CovItemPrefix="MBT.CodiceSegreto.java" Intrnl_Id="35">
<LocList>
<Loc EndOffset="591" SrcFileId="1" StartOffset="566"/>
</LocList>
</BasicStmnt>
</StmntSeq>
</Branch>
<Branch CovItemId="B4" CovItemPrefix="MBT.CodiceSegreto.java" Implct="false" Intrnl_Id="36">
<Cond>
<Loc EndOffset="600" SrcFileId="1" StartOffset="596"/>
</Cond>
<LocList>
<Loc EndOffset="714" SrcFileId="1" StartOffset="601"/>
</LocList>
<StmntSeq Intrnl_Id="37">
<LocList>
<Loc EndOffset="714" SrcFileId="1" StartOffset="601"/>
</LocList>
<CondStmnt CovItemId="S13" CovItemPrefix="MBT.CodiceSegreto.java" Intrnl_Id="38">
<Branch CovItemId="B5" CovItemPrefix="MBT.CodiceSegreto.java" Implct="false" Intrnl_Id="39">
<Cond/>
<LocList>
<Loc EndOffset="678" SrcFileId="1" StartOffset="651"/>
</LocList>
<StmntSeq Intrnl_Id="40">
<LocList>
<Loc EndOffset="678" SrcFileId="1" StartOffset="651"/>
</LocList>
<BasicStmnt CovItemId="S14" CovItemPrefix="MBT.CodiceSegreto.java" Intrnl_Id="41">
<LocList>
<Loc EndOffset="678" SrcFileId="1" StartOffset="651"/>
</LocList>
</BasicStmnt>
</StmntSeq>
</Branch>
<Branch CovItemId="B6" CovItemPrefix="MBT.CodiceSegreto.java" Implct="false" Intrnl_Id="42">
<Cond>
<Loc EndOffset="687" SrcFileId="1" StartOffset="683"/>
</Cond>
<LocList>
<Loc EndOffset="714" SrcFileId="1" StartOffset="688"/>
</LocList>
<StmntSeq Intrnl_Id="43">
<LocList>
<Loc EndOffset="714" SrcFileId="1" StartOffset="688"/>
</LocList>
<BasicStmnt CovItemId="S15" CovItemPrefix="MBT.CodiceSegreto.java" Intrnl_Id="44">
<LocList>
<Loc EndOffset="714" SrcFileId="1" StartOffset="688"/>
</LocList>
</BasicStmnt>
</StmntSeq>
</Branch>
<Keyword EndOffset="603" SrcFileId="1" StartOffset="601"/>
<LocList>
<Loc EndOffset="714" SrcFileId="1" StartOffset="601"/>
</LocList>
<RootTerm CovItemId="C3" CovItemPrefix="MBT.CodiceSegreto.java" Intrnl_Id="45">
<OpTerm BooleanOpId="4" Intrnl_Id="46">
<BasicBoolTerm Intrnl_Id="47">
<LocList>
<Loc EndOffset="625" SrcFileId="1" StartOffset="605"/>
</LocList>
</BasicBoolTerm>
<BasicBoolTerm Intrnl_Id="48">
<LocList>
<Loc EndOffset="649" SrcFileId="1" StartOffset="629"/>
</LocList>
</BasicBoolTerm>
<LocList>
<Loc EndOffset="628" SrcFileId="1" StartOffset="626"/>
</LocList>
</OpTerm>
</RootTerm>
</CondStmnt>
</StmntSeq>
</Branch>
<Keyword EndOffset="543" SrcFileId="1" StartOffset="541"/>
<LocList>
<Loc EndOffset="714" SrcFileId="1" StartOffset="541"/>
</LocList>
<RootTerm CovItemId="C2" CovItemPrefix="MBT.CodiceSegreto.java" Intrnl_Id="49">
<BasicBoolTerm Intrnl_Id="50">
<LocList>
<Loc EndOffset="564" SrcFileId="1" StartOffset="544"/>
</LocList>
</BasicBoolTerm>
</RootTerm>
</CondStmnt>
<CondStmnt CovItemId="S16" CovItemPrefix="MBT.CodiceSegreto.java" Intrnl_Id="51">
<Branch CovItemId="B7" CovItemPrefix="MBT.CodiceSegreto.java" Implct="false" Intrnl_Id="52">
<Cond/>
<LocList>
<Loc EndOffset="784" SrcFileId="1" StartOffset="759"/>
</LocList>
<StmntSeq Intrnl_Id="53">
<LocList>
<Loc EndOffset="784" SrcFileId="1" StartOffset="759"/>
</LocList>
<BasicStmnt CovItemId="S17" CovItemPrefix="MBT.CodiceSegreto.java" Intrnl_Id="54">
<LocList>
<Loc EndOffset="784" SrcFileId="1" StartOffset="759"/>
</LocList>
</BasicStmnt>
</StmntSeq>
</Branch>
<Branch CovItemId="B8" CovItemPrefix="MBT.CodiceSegreto.java" Implct="false" Intrnl_Id="55">
<Cond>
<Loc EndOffset="793" SrcFileId="1" StartOffset="789"/>
</Cond>
<LocList>
<Loc EndOffset="907" SrcFileId="1" StartOffset="794"/>
</LocList>
<StmntSeq Intrnl_Id="56">
<LocList>
<Loc EndOffset="907" SrcFileId="1" StartOffset="794"/>
</LocList>
<CondStmnt CovItemId="S18" CovItemPrefix="MBT.CodiceSegreto.java" Intrnl_Id="57">
<Branch CovItemId="B9" CovItemPrefix="MBT.CodiceSegreto.java" Implct="false" Intrnl_Id="58">
<Cond/>
<LocList>
<Loc EndOffset="871" SrcFileId="1" StartOffset="844"/>
</LocList>
<StmntSeq Intrnl_Id="59">
<LocList>
<Loc EndOffset="871" SrcFileId="1" StartOffset="844"/>
</LocList>
<BasicStmnt CovItemId="S19" CovItemPrefix="MBT.CodiceSegreto.java" Intrnl_Id="60">
<LocList>
<Loc EndOffset="871" SrcFileId="1" StartOffset="844"/>
</LocList>
</BasicStmnt>
</StmntSeq>
</Branch>
<Branch CovItemId="B10" CovItemPrefix="MBT.CodiceSegreto.java" Implct="false" Intrnl_Id="61">
<Cond>
<Loc EndOffset="880" SrcFileId="1" StartOffset="876"/>
</Cond>
<LocList>
<Loc EndOffset="907" SrcFileId="1" StartOffset="881"/>
</LocList>
<StmntSeq Intrnl_Id="62">
<LocList>
<Loc EndOffset="907" SrcFileId="1" StartOffset="881"/>
</LocList>
<BasicStmnt CovItemId="S20" CovItemPrefix="MBT.CodiceSegreto.java" Intrnl_Id="63">
<LocList>
<Loc EndOffset="907" SrcFileId="1" StartOffset="881"/>
</LocList>
</BasicStmnt>
</StmntSeq>
</Branch>
<Keyword EndOffset="796" SrcFileId="1" StartOffset="794"/>
<LocList>
<Loc EndOffset="907" SrcFileId="1" StartOffset="794"/>
</LocList>
<RootTerm CovItemId="C5" CovItemPrefix="MBT.CodiceSegreto.java" Intrnl_Id="64">
<OpTerm BooleanOpId="4" Intrnl_Id="65">
<BasicBoolTerm Intrnl_Id="66">
<LocList>
<Loc EndOffset="818" SrcFileId="1" StartOffset="798"/>
</LocList>
</BasicBoolTerm>
<BasicBoolTerm Intrnl_Id="67">
<LocList>
<Loc EndOffset="842" SrcFileId="1" StartOffset="822"/>
</LocList>
</BasicBoolTerm>
<LocList>
<Loc EndOffset="821" SrcFileId="1" StartOffset="819"/>
</LocList>
</OpTerm>
</RootTerm>
</CondStmnt>
</StmntSeq>
</Branch>
<Keyword EndOffset="736" SrcFileId="1" StartOffset="734"/>
<LocList>
<Loc EndOffset="907" SrcFileId="1" StartOffset="734"/>
</LocList>
<RootTerm CovItemId="C4" CovItemPrefix="MBT.CodiceSegreto.java" Intrnl_Id="68">
<BasicBoolTerm Intrnl_Id="69">
<LocList>
<Loc EndOffset="757" SrcFileId="1" StartOffset="737"/>
</LocList>
</BasicBoolTerm>
</RootTerm>
</CondStmnt>
<CondStmnt CovItemId="S21" CovItemPrefix="MBT.CodiceSegreto.java" Intrnl_Id="70">
<Branch CovItemId="B11" CovItemPrefix="MBT.CodiceSegreto.java" Implct="false" Intrnl_Id="71">
<Cond/>
<LocList>
<Loc EndOffset="977" SrcFileId="1" StartOffset="952"/>
</LocList>
<StmntSeq Intrnl_Id="72">
<LocList>
<Loc EndOffset="977" SrcFileId="1" StartOffset="952"/>
</LocList>
<BasicStmnt CovItemId="S22" CovItemPrefix="MBT.CodiceSegreto.java" Intrnl_Id="73">
<LocList>
<Loc EndOffset="977" SrcFileId="1" StartOffset="952"/>
</LocList>
</BasicStmnt>
</StmntSeq>
</Branch>
<Branch CovItemId="B12" CovItemPrefix="MBT.CodiceSegreto.java" Implct="false" Intrnl_Id="74">
<Cond>
<Loc EndOffset="986" SrcFileId="1" StartOffset="982"/>
</Cond>
<LocList>
<Loc EndOffset="1100" SrcFileId="1" StartOffset="987"/>
</LocList>
<StmntSeq Intrnl_Id="75">
<LocList>
<Loc EndOffset="1100" SrcFileId="1" StartOffset="987"/>
</LocList>
<CondStmnt CovItemId="S23" CovItemPrefix="MBT.CodiceSegreto.java" Intrnl_Id="76">
<Branch CovItemId="B13" CovItemPrefix="MBT.CodiceSegreto.java" Implct="false" Intrnl_Id="77">
<Cond/>
<LocList>
<Loc EndOffset="1064" SrcFileId="1" StartOffset="1037"/>
</LocList>
<StmntSeq Intrnl_Id="78">
<LocList>
<Loc EndOffset="1064" SrcFileId="1" StartOffset="1037"/>
</LocList>
<BasicStmnt CovItemId="S24" CovItemPrefix="MBT.CodiceSegreto.java" Intrnl_Id="79">
<LocList>
<Loc EndOffset="1064" SrcFileId="1" StartOffset="1037"/>
</LocList>
</BasicStmnt>
</StmntSeq>
</Branch>
<Branch CovItemId="B14" CovItemPrefix="MBT.CodiceSegreto.java" Implct="false" Intrnl_Id="80">
<Cond>
<Loc EndOffset="1073" SrcFileId="1" StartOffset="1069"/>
</Cond>
<LocList>
<Loc EndOffset="1100" SrcFileId="1" StartOffset="1074"/>
</LocList>
<StmntSeq Intrnl_Id="81">
<LocList>
<Loc EndOffset="1100" SrcFileId="1" StartOffset="1074"/>
</LocList>
<BasicStmnt CovItemId="S25" CovItemPrefix="MBT.CodiceSegreto.java" Intrnl_Id="82">
<LocList>
<Loc EndOffset="1100" SrcFileId="1" StartOffset="1074"/>
</LocList>
</BasicStmnt>
</StmntSeq>
</Branch>
<Keyword EndOffset="989" SrcFileId="1" StartOffset="987"/>
<LocList>
<Loc EndOffset="1100" SrcFileId="1" StartOffset="987"/>
</LocList>
<RootTerm CovItemId="C7" CovItemPrefix="MBT.CodiceSegreto.java" Intrnl_Id="83">
<OpTerm BooleanOpId="4" Intrnl_Id="84">
<BasicBoolTerm Intrnl_Id="85">
<LocList>
<Loc EndOffset="1011" SrcFileId="1" StartOffset="991"/>
</LocList>
</BasicBoolTerm>
<BasicBoolTerm Intrnl_Id="86">
<LocList>
<Loc EndOffset="1035" SrcFileId="1" StartOffset="1015"/>
</LocList>
</BasicBoolTerm>
<LocList>
<Loc EndOffset="1014" SrcFileId="1" StartOffset="1012"/>
</LocList>
</OpTerm>
</RootTerm>
</CondStmnt>
</StmntSeq>
</Branch>
<Keyword EndOffset="929" SrcFileId="1" StartOffset="927"/>
<LocList>
<Loc EndOffset="1100" SrcFileId="1" StartOffset="927"/>
</LocList>
<RootTerm CovItemId="C6" CovItemPrefix="MBT.CodiceSegreto.java" Intrnl_Id="87">
<BasicBoolTerm Intrnl_Id="88">
<LocList>
<Loc EndOffset="950" SrcFileId="1" StartOffset="930"/>
</LocList>
</BasicBoolTerm>
</RootTerm>
</CondStmnt>
</StmntSeq>
</Branch>
<Keyword EndOffset="376" SrcFileId="1" StartOffset="374"/>
<LocList>
<Loc EndOffset="1105" SrcFileId="1" StartOffset="374"/>
</LocList>
<RootTerm CovItemId="C1" CovItemPrefix="MBT.CodiceSegreto.java" Intrnl_Id="89">
<OpTerm BooleanOpId="3" Intrnl_Id="90">
<OpTerm BooleanOpId="3" Intrnl_Id="91">
<BasicBoolTerm Intrnl_Id="92">
<LocList>
<Loc EndOffset="402" SrcFileId="1" StartOffset="377"/>
</LocList>
</BasicBoolTerm>
<BasicBoolTerm Intrnl_Id="93">
<LocList>
<Loc EndOffset="431" SrcFileId="1" StartOffset="406"/>
</LocList>
</BasicBoolTerm>
<LocList>
<Loc EndOffset="405" SrcFileId="1" StartOffset="403"/>
</LocList>
</OpTerm>
<BasicBoolTerm Intrnl_Id="94">
<LocList>
<Loc EndOffset="460" SrcFileId="1" StartOffset="435"/>
</LocList>
</BasicBoolTerm>
<LocList>
<Loc EndOffset="434" SrcFileId="1" StartOffset="432"/>
</LocList>
</OpTerm>
</RootTerm>
</CondStmnt>
</StmntSeq>
</HierarchyLvl>
</HierarchyLvl>
</HierarchyLvl>
<HierarchyLvl HierarchyLvlId="1328" HierarchyLvlTypeId="8" Intrnl_Id="95" Name="SecretCode">
<Header>
<Loc EndOffset="25" SrcFileId="2" StartOffset="2"/>
</Header>
<LocList>
<Loc EndOffset="6244" SrcFileId="2" StartOffset="2"/>
</LocList>
<StmntSeq Intrnl_Id="96">
<LocList>
<Loc EndOffset="108" SrcFileId="2" StartOffset="52"/>
<Loc EndOffset="345" SrcFileId="2" StartOffset="292"/>
<Loc EndOffset="406" SrcFileId="2" StartOffset="375"/>
<Loc EndOffset="435" SrcFileId="2" StartOffset="409"/>
</LocList>
<BasicStmnt CovItemId="S1" CovItemPrefix="SecretCode.java" Intrnl_Id="97">
<LocList>
<Loc EndOffset="108" SrcFileId="2" StartOffset="52"/>
</LocList>
</BasicStmnt>
<BasicStmnt CovItemId="S2" CovItemPrefix="SecretCode.java" Intrnl_Id="98">
<LocList>
<Loc EndOffset="345" SrcFileId="2" StartOffset="292"/>
</LocList>
</BasicStmnt>
<BasicStmnt CovItemId="S3" CovItemPrefix="SecretCode.java" Intrnl_Id="99">
<LocList>
<Loc EndOffset="406" SrcFileId="2" StartOffset="375"/>
</LocList>
</BasicStmnt>
<BasicStmnt CovItemId="S4" CovItemPrefix="SecretCode.java" Intrnl_Id="100">
<LocList>
<Loc EndOffset="435" SrcFileId="2" StartOffset="409"/>
</LocList>
</BasicStmnt>
</StmntSeq>
<HierarchyLvl HierarchyLvlId="1320" HierarchyLvlTypeId="7" Intrnl_Id="101" Name="SecretCode">
<Header>
<Loc EndOffset="1124" SrcFileId="2" StartOffset="1095"/>
</Header>
<LocList>
<Loc EndOffset="1335" SrcFileId="2" StartOffset="1095"/>
</LocList>
<StmntSeq Intrnl_Id="102">
<LocList>
<Loc EndOffset="1230" SrcFileId="2" StartOffset="1194"/>
<Loc EndOffset="1290" SrcFileId="2" StartOffset="1234"/>
<Loc EndOffset="1303" SrcFileId="2" StartOffset="1294"/>
<Loc EndOffset="1318" SrcFileId="2" StartOffset="1307"/>
<Loc EndOffset="1331" SrcFileId="2" StartOffset="1322"/>
</LocList>
<BasicStmnt CovItemId="S5" CovItemPrefix="SecretCode.java" Intrnl_Id="103">
<LocList>
<Loc EndOffset="1230" SrcFileId="2" StartOffset="1194"/>
</LocList>
</BasicStmnt>
<BasicStmnt CovItemId="S6" CovItemPrefix="SecretCode.java" Intrnl_Id="104">
<LocList>
<Loc EndOffset="1290" SrcFileId="2" StartOffset="1234"/>
</LocList>
</BasicStmnt>
<BasicStmnt CovItemId="S7" CovItemPrefix="SecretCode.java" Intrnl_Id="105">
<LocList>
<Loc EndOffset="1303" SrcFileId="2" StartOffset="1294"/>
</LocList>
</BasicStmnt>
<BasicStmnt CovItemId="S8" CovItemPrefix="SecretCode.java" Intrnl_Id="106">
<LocList>
<Loc EndOffset="1318" SrcFileId="2" StartOffset="1307"/>
</LocList>
</BasicStmnt>
<BasicStmnt CovItemId="S9" CovItemPrefix="SecretCode.java" Intrnl_Id="107">
<LocList>
<Loc EndOffset="1331" SrcFileId="2" StartOffset="1322"/>
</LocList>
</BasicStmnt>
</StmntSeq>
</HierarchyLvl>
<HierarchyLvl HierarchyLvlId="1321" HierarchyLvlTypeId="7" Intrnl_Id="108" Name="guessCode">
<Header>
<Loc EndOffset="2224" SrcFileId="2" StartOffset="2188"/>
</Header>
<LocList>
<Loc EndOffset="2842" SrcFileId="2" StartOffset="2188"/>
</LocList>
<StmntSeq Intrnl_Id="109">
<LocList>
<Loc EndOffset="2256" SrcFileId="2" StartOffset="2234"/>
<Loc EndOffset="2816" SrcFileId="2" StartOffset="2415"/>
<Loc EndOffset="2834" SrcFileId="2" StartOffset="2823"/>
</LocList>
<BasicStmnt CovItemId="S10" CovItemPrefix="SecretCode.java" Intrnl_Id="110">
<LocList>
<Loc EndOffset="2256" SrcFileId="2" StartOffset="2234"/>
</LocList>
</BasicStmnt>
<CondStmnt CovItemId="S11" CovItemPrefix="SecretCode.java" Intrnl_Id="111">
<Branch CovItemId="B1" CovItemPrefix="SecretCode.java" Implct="false" Intrnl_Id="112">
<Cond/>
<LocList>
<Loc EndOffset="2816" SrcFileId="2" StartOffset="2459"/>
</LocList>
<StmntSeq Intrnl_Id="113">
<LocList>
<Loc EndOffset="2480" SrcFileId="2" StartOffset="2470"/>
<Loc EndOffset="2680" SrcFileId="2" StartOffset="2533"/>
<Loc EndOffset="2713" SrcFileId="2" StartOffset="2690"/>
<Loc EndOffset="2746" SrcFileId="2" StartOffset="2718"/>
<Loc EndOffset="2772" SrcFileId="2" StartOffset="2751"/>
<Loc EndOffset="2784" SrcFileId="2" StartOffset="2777"/>
</LocList>
<BasicStmnt CovItemId="S12" CovItemPrefix="SecretCode.java" Intrnl_Id="114">
<LocList>
<Loc EndOffset="2480" SrcFileId="2" StartOffset="2470"/>
</LocList>
</BasicStmnt>
<LoopStmnt CovItemId="S13" CovItemPrefix="SecretCode.java" Intrnl_Id="115" MltplExecId="L1-2" MltplExecPrefix="SecretCode.java" NvrExecId="L1-0" NvrExecPrefix="SecretCode.java" OnceExecutedId="L1-1" OnceExecutedPrefix="SecretCode.java" OptBodyExec="true">
<StmntSeq Intrnl_Id="116">
<LocList>
<Loc EndOffset="2673" SrcFileId="2" StartOffset="2570"/>
</LocList>
<CondStmnt CovItemId="S14" CovItemPrefix="SecretCode.java" Intrnl_Id="117">
<Branch CovItemId="B3" CovItemPrefix="SecretCode.java" Implct="false" Intrnl_Id="118">
<Cond/>
<LocList>
<Loc EndOffset="2642" SrcFileId="2" StartOffset="2602"/>
</LocList>
<StmntSeq Intrnl_Id="119">
<LocList>
<Loc EndOffset="2622" SrcFileId="2" StartOffset="2610"/>
<Loc EndOffset="2635" SrcFileId="2" StartOffset="2629"/>
</LocList>
<BasicStmnt CovItemId="S15" CovItemPrefix="SecretCode.java" Intrnl_Id="120">
<LocList>
<Loc EndOffset="2622" SrcFileId="2" StartOffset="2610"/>
</LocList>
</BasicStmnt>
<BasicStmnt CovItemId="S16" CovItemPrefix="SecretCode.java" Intrnl_Id="121">
<LocList>
<Loc EndOffset="2635" SrcFileId="2" StartOffset="2629"/>
</LocList>
</BasicStmnt>
</StmntSeq>
</Branch>
<Branch CovItemId="B4" CovItemPrefix="SecretCode.java" Implct="false" Intrnl_Id="122">
<Cond>
<Loc EndOffset="2646" SrcFileId="2" StartOffset="2642"/>
</Cond>
<LocList>
<Loc EndOffset="2673" SrcFileId="2" StartOffset="2647"/>
</LocList>
<StmntSeq Intrnl_Id="123">
<LocList>
<Loc EndOffset="2665" SrcFileId="2" StartOffset="2655"/>
</LocList>
<BasicStmnt CovItemId="S17" CovItemPrefix="SecretCode.java" Intrnl_Id="124">
<LocList>
<Loc EndOffset="2665" SrcFileId="2" StartOffset="2655"/>
</LocList>
</BasicStmnt>
</StmntSeq>
</Branch>
<Keyword EndOffset="2572" SrcFileId="2" StartOffset="2570"/>
<LocList>
<Loc EndOffset="2673" SrcFileId="2" StartOffset="2570"/>
</LocList>
<RootTerm CovItemId="C3" CovItemPrefix="SecretCode.java" Intrnl_Id="125">
<BasicBoolTerm Intrnl_Id="126">
<LocList>
<Loc EndOffset="2600" SrcFileId="2" StartOffset="2573"/>
</LocList>
</BasicBoolTerm>
</RootTerm>
</CondStmnt>
</StmntSeq>
<Keyword EndOffset="2536" SrcFileId="2" StartOffset="2533"/>
<LocList>
<Loc EndOffset="2680" SrcFileId="2" StartOffset="2533"/>
</LocList>
<RootTerm CovItemId="C2" CovItemPrefix="SecretCode.java" Intrnl_Id="127">
<BasicBoolTerm Intrnl_Id="128">
<LocList>
<Loc EndOffset="2556" SrcFileId="2" StartOffset="2542"/>
</LocList>
</BasicBoolTerm>
</RootTerm>
</LoopStmnt>
<CondStmnt CovItemId="S18" CovItemPrefix="SecretCode.java" Intrnl_Id="129">
<Branch CovItemId="B5" CovItemPrefix="SecretCode.java" Implct="false" Intrnl_Id="130">
<Cond/>
<LocList>
<Loc EndOffset="2713" SrcFileId="2" StartOffset="2698"/>
</LocList>
<StmntSeq Intrnl_Id="131">
<LocList>
<Loc EndOffset="2713" SrcFileId="2" StartOffset="2698"/>
</LocList>
<BasicStmnt CovItemId="S19" CovItemPrefix="SecretCode.java" Intrnl_Id="132">
<LocList>
<Loc EndOffset="2713" SrcFileId="2" StartOffset="2698"/>
</LocList>
</BasicStmnt>
</StmntSeq>
</Branch>
<Branch CovItemId="B6" CovItemPrefix="SecretCode.java" Implct="true" Intrnl_Id="133">
<Cond/>
<LocList/>
<StmntSeq Intrnl_Id="134">
<LocList/>
</StmntSeq>
</Branch>
<Keyword EndOffset="2692" SrcFileId="2" StartOffset="2690"/>
<LocList>
<Loc EndOffset="2713" SrcFileId="2" StartOffset="2690"/>
</LocList>
<RootTerm CovItemId="C4" CovItemPrefix="SecretCode.java" Intrnl_Id="135">
<BasicBoolTerm Intrnl_Id="136">
<LocList>
<Loc EndOffset="2696" SrcFileId="2" StartOffset="2693"/>
</LocList>
</BasicBoolTerm>
</RootTerm>
</CondStmnt>
<BasicStmnt CovItemId="S20" CovItemPrefix="SecretCode.java" Intrnl_Id="137">
<LocList>
<Loc EndOffset="2746" SrcFileId="2" StartOffset="2718"/>
</LocList>
</BasicStmnt>
<BasicStmnt CovItemId="S21" CovItemPrefix="SecretCode.java" Intrnl_Id="138">
<LocList>
<Loc EndOffset="2772" SrcFileId="2" StartOffset="2751"/>
</LocList>
</BasicStmnt>
<BasicStmnt CovItemId="S22" CovItemPrefix="SecretCode.java" Intrnl_Id="139">
<LocList>
<Loc EndOffset="2784" SrcFileId="2" StartOffset="2777"/>
</LocList>
</BasicStmnt>
</StmntSeq>
</Branch>
<Branch CovItemId="B2" CovItemPrefix="SecretCode.java" Implct="true" Intrnl_Id="140">
<Cond/>
<LocList/>
<StmntSeq Intrnl_Id="141">
<LocList/>
</StmntSeq>
</Branch>
<Keyword EndOffset="2417" SrcFileId="2" StartOffset="2415"/>
<LocList>
<Loc EndOffset="2816" SrcFileId="2" StartOffset="2415"/>
</LocList>
<RootTerm CovItemId="C1" CovItemPrefix="SecretCode.java" Intrnl_Id="142">
<OpTerm BooleanOpId="3" Intrnl_Id="143">
<OpTerm BooleanOpId="3" Intrnl_Id="144">
<BasicBoolTerm Intrnl_Id="145">
<LocList>
<Loc EndOffset="2427" SrcFileId="2" StartOffset="2418"/>
</LocList>
</BasicBoolTerm>
<BasicBoolTerm Intrnl_Id="146">
<LocList>
<Loc EndOffset="2445" SrcFileId="2" StartOffset="2431"/>
</LocList>
</BasicBoolTerm>
<LocList>
<Loc EndOffset="2430" SrcFileId="2" StartOffset="2428"/>
</LocList>
</OpTerm>
<OpTerm BooleanOpId="5" Intrnl_Id="147">
<BasicBoolTerm Intrnl_Id="148">
<LocList>
<Loc EndOffset="2457" SrcFileId="2" StartOffset="2450"/>
</LocList>
</BasicBoolTerm>
<LocList>
<Loc EndOffset="2450" SrcFileId="2" StartOffset="2449"/>
</LocList>
</OpTerm>
<LocList>
<Loc EndOffset="2448" SrcFileId="2" StartOffset="2446"/>
</LocList>
</OpTerm>
</RootTerm>
</CondStmnt>
<BasicStmnt CovItemId="S23" CovItemPrefix="SecretCode.java" Intrnl_Id="149">
<LocList>
<Loc EndOffset="2834" SrcFileId="2" StartOffset="2823"/>
</LocList>
</BasicStmnt>
</StmntSeq>
</HierarchyLvl>
<HierarchyLvl HierarchyLvlId="1322" HierarchyLvlTypeId="7" Intrnl_Id="150" Name="isCodeValid">
<Header>
<Loc EndOffset="3278" SrcFileId="2" StartOffset="3215"/>
</Header>
<LocList>
<Loc EndOffset="3701" SrcFileId="2" StartOffset="3215"/>
</LocList>
<StmntSeq Intrnl_Id="151">
<LocList>
<Loc EndOffset="3454" SrcFileId="2" StartOffset="3433"/>
<Loc EndOffset="3468" SrcFileId="2" StartOffset="3458"/>
<Loc EndOffset="3675" SrcFileId="2" StartOffset="3519"/>
<Loc EndOffset="3697" SrcFileId="2" StartOffset="3685"/>
</LocList>
<BasicStmnt CovItemId="S24" CovItemPrefix="SecretCode.java" Intrnl_Id="152">
<LocList>
<Loc EndOffset="3454" SrcFileId="2" StartOffset="3433"/>
</LocList>
</BasicStmnt>
<BasicStmnt CovItemId="S25" CovItemPrefix="SecretCode.java" Intrnl_Id="153">
<LocList>
<Loc EndOffset="3468" SrcFileId="2" StartOffset="3458"/>
</LocList>
</BasicStmnt>
<LoopStmnt CovItemId="S26" CovItemPrefix="SecretCode.java" Intrnl_Id="154" MltplExecId="L2-2" MltplExecPrefix="SecretCode.java" NvrExecId="L2-0" NvrExecPrefix="SecretCode.java" OnceExecutedId="L2-1" OnceExecutedPrefix="SecretCode.java" OptBodyExec="true">
<StmntSeq Intrnl_Id="155">
<LocList>
<Loc EndOffset="3669" SrcFileId="2" StartOffset="3555"/>
</LocList>
<CondStmnt CovItemId="S27" CovItemPrefix="SecretCode.java" Intrnl_Id="156">
<Branch CovItemId="B7" CovItemPrefix="SecretCode.java" Implct="false" Intrnl_Id="157">
<Cond/>
<LocList>
<Loc EndOffset="3640" SrcFileId="2" StartOffset="3602"/>
</LocList>
<StmntSeq Intrnl_Id="158">
<LocList>
<Loc EndOffset="3622" SrcFileId="2" StartOffset="3609"/>
<Loc EndOffset="3634" SrcFileId="2" StartOffset="3628"/>
</LocList>
<BasicStmnt CovItemId="S28" CovItemPrefix="SecretCode.java" Intrnl_Id="159">
<LocList>
<Loc EndOffset="3622" SrcFileId="2" StartOffset="3609"/>
</LocList>
</BasicStmnt>
<BasicStmnt CovItemId="S29" CovItemPrefix="SecretCode.java" Intrnl_Id="160">
<LocList>
<Loc EndOffset="3634" SrcFileId="2" StartOffset="3628"/>
</LocList>
</BasicStmnt>
</StmntSeq>
</Branch>
<Branch CovItemId="B8" CovItemPrefix="SecretCode.java" Implct="false" Intrnl_Id="161">
<Cond>
<Loc EndOffset="3644" SrcFileId="2" StartOffset="3640"/>
</Cond>
<LocList>
<Loc EndOffset="3669" SrcFileId="2" StartOffset="3645"/>
</LocList>
<StmntSeq Intrnl_Id="162">
<LocList>
<Loc EndOffset="3663" SrcFileId="2" StartOffset="3652"/>
</LocList>
<BasicStmnt CovItemId="S30" CovItemPrefix="SecretCode.java" Intrnl_Id="163">
<LocList>
<Loc EndOffset="3663" SrcFileId="2" StartOffset="3652"/>
</LocList>
</BasicStmnt>
</StmntSeq>
</Branch>
<Keyword EndOffset="3557" SrcFileId="2" StartOffset="3555"/>
<LocList>
<Loc EndOffset="3669" SrcFileId="2" StartOffset="3555"/>
</LocList>
<RootTerm CovItemId="C6" CovItemPrefix="SecretCode.java" Intrnl_Id="164">
<OpTerm BooleanOpId="3" Intrnl_Id="165">
<BasicBoolTerm Intrnl_Id="166">
<LocList>
<Loc EndOffset="3585" SrcFileId="2" StartOffset="3558"/>
</LocList>
</BasicBoolTerm>
<BasicBoolTerm Intrnl_Id="167">
<LocList>
<Loc EndOffset="3600" SrcFileId="2" StartOffset="3589"/>
</LocList>
</BasicBoolTerm>
<LocList>
<Loc EndOffset="3588" SrcFileId="2" StartOffset="3586"/>
</LocList>
</OpTerm>
</RootTerm>
</CondStmnt>
</StmntSeq>
<Keyword EndOffset="3522" SrcFileId="2" StartOffset="3519"/>
<LocList>
<Loc EndOffset="3675" SrcFileId="2" StartOffset="3519"/>
</LocList>
<RootTerm CovItemId="C5" CovItemPrefix="SecretCode.java" Intrnl_Id="168">
<BasicBoolTerm Intrnl_Id="169">
<LocList>
<Loc EndOffset="3542" SrcFileId="2" StartOffset="3528"/>
</LocList>
</BasicBoolTerm>
</RootTerm>
</LoopStmnt>
<BasicStmnt CovItemId="S31" CovItemPrefix="SecretCode.java" Intrnl_Id="170">
<LocList>
<Loc EndOffset="3697" SrcFileId="2" StartOffset="3685"/>
</LocList>
</BasicStmnt>
</StmntSeq>
</HierarchyLvl>
<HierarchyLvl HierarchyLvlId="1323" HierarchyLvlTypeId="7" Intrnl_Id="171" Name="guessPoints">
<Header>
<Loc EndOffset="4195" SrcFileId="2" StartOffset="4135"/>
</Header>
<LocList>
<Loc EndOffset="4740" SrcFileId="2" StartOffset="4135"/>
</LocList>
<StmntSeq Intrnl_Id="172">
<LocList>
<Loc EndOffset="4341" SrcFileId="2" StartOffset="4331"/>
<Loc EndOffset="4355" SrcFileId="2" StartOffset="4345"/>
<Loc EndOffset="4723" SrcFileId="2" StartOffset="4406"/>
<Loc EndOffset="4736" SrcFileId="2" StartOffset="4727"/>
</LocList>
<BasicStmnt CovItemId="S32" CovItemPrefix="SecretCode.java" Intrnl_Id="173">
<LocList>
<Loc EndOffset="4341" SrcFileId="2" StartOffset="4331"/>
</LocList>
</BasicStmnt>
<BasicStmnt CovItemId="S33" CovItemPrefix="SecretCode.java" Intrnl_Id="174">
<LocList>
<Loc EndOffset="4355" SrcFileId="2" StartOffset="4345"/>
</LocList>
</BasicStmnt>
<LoopStmnt CovItemId="S34" CovItemPrefix="SecretCode.java" Intrnl_Id="175" MltplExecId="L3-2" MltplExecPrefix="SecretCode.java" NvrExecId="L3-0" NvrExecPrefix="SecretCode.java" OnceExecutedId="L3-1" OnceExecutedPrefix="SecretCode.java" OptBodyExec="true">
<StmntSeq Intrnl_Id="176">
<LocList>
<Loc EndOffset="4718" SrcFileId="2" StartOffset="4442"/>
</LocList>
<CondStmnt CovItemId="S35" CovItemPrefix="SecretCode.java" Intrnl_Id="177">
<Branch CovItemId="B9" CovItemPrefix="SecretCode.java" Implct="false" Intrnl_Id="178">
<Cond/>
<LocList>
<Loc EndOffset="4538" SrcFileId="2" StartOffset="4467"/>
</LocList>
<StmntSeq Intrnl_Id="179">
<LocList>
<Loc EndOffset="4493" SrcFileId="2" StartOffset="4474"/>
<Loc EndOffset="4511" SrcFileId="2" StartOffset="4499"/>
<Loc EndOffset="4532" SrcFileId="2" StartOffset="4517"/>
</LocList>
<BasicStmnt CovItemId="S36" CovItemPrefix="SecretCode.java" Intrnl_Id="180">
<LocList>
<Loc EndOffset="4493" SrcFileId="2" StartOffset="4474"/>
</LocList>
</BasicStmnt>
<BasicStmnt CovItemId="S37" CovItemPrefix="SecretCode.java" Intrnl_Id="181">
<LocList>
<Loc EndOffset="4511" SrcFileId="2" StartOffset="4499"/>
</LocList>
</BasicStmnt>
<BasicStmnt CovItemId="S38" CovItemPrefix="SecretCode.java" Intrnl_Id="182">
<LocList>
<Loc EndOffset="4532" SrcFileId="2" StartOffset="4517"/>
</LocList>
</BasicStmnt>
</StmntSeq>
</Branch>
<Branch CovItemId="B10" CovItemPrefix="SecretCode.java" Implct="false" Intrnl_Id="183">
<Cond>
<Loc EndOffset="4542" SrcFileId="2" StartOffset="4538"/>
</Cond>
<LocList>
<Loc EndOffset="4718" SrcFileId="2" StartOffset="4543"/>
</LocList>
<StmntSeq Intrnl_Id="184">
<LocList>
<Loc EndOffset="4718" SrcFileId="2" StartOffset="4543"/>
</LocList>
<CondStmnt CovItemId="S39" CovItemPrefix="SecretCode.java" Intrnl_Id="185">
<Branch CovItemId="B11" CovItemPrefix="SecretCode.java" Implct="false" Intrnl_Id="186">
<Cond/>
<LocList>
<Loc EndOffset="4640" SrcFileId="2" StartOffset="4568"/>
</LocList>
<StmntSeq Intrnl_Id="187">
<LocList>
<Loc EndOffset="4595" SrcFileId="2" StartOffset="4575"/>
<Loc EndOffset="4613" SrcFileId="2" StartOffset="4601"/>
<Loc EndOffset="4634" SrcFileId="2" StartOffset="4619"/>
</LocList>
<BasicStmnt CovItemId="S40" CovItemPrefix="SecretCode.java" Intrnl_Id="188">
<LocList>
<Loc EndOffset="4595" SrcFileId="2" StartOffset="4575"/>
</LocList>
</BasicStmnt>
<BasicStmnt CovItemId="S41" CovItemPrefix="SecretCode.java" Intrnl_Id="189">
<LocList>
<Loc EndOffset="4613" SrcFileId="2" StartOffset="4601"/>
</LocList>
</BasicStmnt>
<BasicStmnt CovItemId="S42" CovItemPrefix="SecretCode.java" Intrnl_Id="190">
<LocList>
<Loc EndOffset="4634" SrcFileId="2" StartOffset="4619"/>
</LocList>
</BasicStmnt>
</StmntSeq>
</Branch>
<Branch CovItemId="B12" CovItemPrefix="SecretCode.java" Implct="false" Intrnl_Id="191">
<Cond>
<Loc EndOffset="4644" SrcFileId="2" StartOffset="4640"/>
</Cond>
<LocList>
<Loc EndOffset="4718" SrcFileId="2" StartOffset="4645"/>
</LocList>
<StmntSeq Intrnl_Id="192">
<LocList>
<Loc EndOffset="4672" SrcFileId="2" StartOffset="4652"/>
<Loc EndOffset="4690" SrcFileId="2" StartOffset="4678"/>
<Loc EndOffset="4712" SrcFileId="2" StartOffset="4696"/>
</LocList>
<BasicStmnt CovItemId="S43" CovItemPrefix="SecretCode.java" Intrnl_Id="193">
<LocList>
<Loc EndOffset="4672" SrcFileId="2" StartOffset="4652"/>
</LocList>
</BasicStmnt>
<BasicStmnt CovItemId="S44" CovItemPrefix="SecretCode.java" Intrnl_Id="194">
<LocList>
<Loc EndOffset="4690" SrcFileId="2" StartOffset="4678"/>
</LocList>
</BasicStmnt>
<BasicStmnt CovItemId="S45" CovItemPrefix="SecretCode.java" Intrnl_Id="195">
<LocList>
<Loc EndOffset="4712" SrcFileId="2" StartOffset="4696"/>
</LocList>
</BasicStmnt>
</StmntSeq>
</Branch>
<Keyword EndOffset="4545" SrcFileId="2" StartOffset="4543"/>
<LocList>
<Loc EndOffset="4718" SrcFileId="2" StartOffset="4543"/>
</LocList>
<RootTerm CovItemId="C9" CovItemPrefix="SecretCode.java" Intrnl_Id="196">
<BasicBoolTerm Intrnl_Id="197">
<LocList>
<Loc EndOffset="4567" SrcFileId="2" StartOffset="4547"/>
</LocList>
</BasicBoolTerm>
</RootTerm>
</CondStmnt>
</StmntSeq>
</Branch>
<Keyword EndOffset="4444" SrcFileId="2" StartOffset="4442"/>
<LocList>
<Loc EndOffset="4718" SrcFileId="2" StartOffset="4442"/>
</LocList>
<RootTerm CovItemId="C8" CovItemPrefix="SecretCode.java" Intrnl_Id="198">
<BasicBoolTerm Intrnl_Id="199">
<LocList>
<Loc EndOffset="4465" SrcFileId="2" StartOffset="4445"/>
</LocList>
</BasicBoolTerm>
</RootTerm>
</CondStmnt>
</StmntSeq>
<Keyword EndOffset="4409" SrcFileId="2" StartOffset="4406"/>
<LocList>
<Loc EndOffset="4723" SrcFileId="2" StartOffset="4406"/>
</LocList>
<RootTerm CovItemId="C7" CovItemPrefix="SecretCode.java" Intrnl_Id="200">
<BasicBoolTerm Intrnl_Id="201">
<LocList>
<Loc EndOffset="4429" SrcFileId="2" StartOffset="4415"/>
</LocList>
</BasicBoolTerm>
</RootTerm>
</LoopStmnt>
<BasicStmnt CovItemId="S46" CovItemPrefix="SecretCode.java" Intrnl_Id="202">
<LocList>
<Loc EndOffset="4736" SrcFileId="2" StartOffset="4727"/>
</LocList>
</BasicStmnt>
</StmntSeq>
</HierarchyLvl>
<HierarchyLvl HierarchyLvlId="1324" HierarchyLvlTypeId="7" Intrnl_Id="203" Name="isLetterinCode">
<Header>
<Loc EndOffset="5219" SrcFileId="2" StartOffset="5179"/>
</Header>
<LocList>
<Loc EndOffset="5599" SrcFileId="2" StartOffset="5179"/>
</LocList>
<StmntSeq Intrnl_Id="204">
<LocList>
<Loc EndOffset="5383" SrcFileId="2" StartOffset="5362"/>
<Loc EndOffset="5397" SrcFileId="2" StartOffset="5387"/>
<Loc EndOffset="5579" SrcFileId="2" StartOffset="5448"/>
<Loc EndOffset="5595" SrcFileId="2" StartOffset="5583"/>
</LocList>
<BasicStmnt CovItemId="S47" CovItemPrefix="SecretCode.java" Intrnl_Id="205">
<LocList>
<Loc EndOffset="5383" SrcFileId="2" StartOffset="5362"/>
</LocList>
</BasicStmnt>
<BasicStmnt CovItemId="S48" CovItemPrefix="SecretCode.java" Intrnl_Id="206">
<LocList>
<Loc EndOffset="5397" SrcFileId="2" StartOffset="5387"/>
</LocList>
</BasicStmnt>
<LoopStmnt CovItemId="S49" CovItemPrefix="SecretCode.java" Intrnl_Id="207" MltplExecId="L4-2" MltplExecPrefix="SecretCode.java" NvrExecId="L4-0" NvrExecPrefix="SecretCode.java" OnceExecutedId="L4-1" OnceExecutedPrefix="SecretCode.java" OptBodyExec="true">
<StmntSeq Intrnl_Id="208">
<LocList>
<Loc EndOffset="5573" SrcFileId="2" StartOffset="5484"/>
</LocList>
<CondStmnt CovItemId="S50" CovItemPrefix="SecretCode.java" Intrnl_Id="209">
<Branch CovItemId="B13" CovItemPrefix="SecretCode.java" Implct="false" Intrnl_Id="210">
<Cond/>
<LocList>
<Loc EndOffset="5543" SrcFileId="2" StartOffset="5506"/>
</LocList>
<StmntSeq Intrnl_Id="211">
<LocList>
<Loc EndOffset="5525" SrcFileId="2" StartOffset="5513"/>
<Loc EndOffset="5537" SrcFileId="2" StartOffset="5531"/>
</LocList>
<BasicStmnt CovItemId="S51" CovItemPrefix="SecretCode.java" Intrnl_Id="212">
<LocList>
<Loc EndOffset="5525" SrcFileId="2" StartOffset="5513"/>
</LocList>
</BasicStmnt>
<BasicStmnt CovItemId="S52" CovItemPrefix="SecretCode.java" Intrnl_Id="213">
<LocList>
<Loc EndOffset="5537" SrcFileId="2" StartOffset="5531"/>
</LocList>
</BasicStmnt>
</StmntSeq>
</Branch>
<Branch CovItemId="B14" CovItemPrefix="SecretCode.java" Implct="false" Intrnl_Id="214">
<Cond>
<Loc EndOffset="5547" SrcFileId="2" StartOffset="5543"/>
</Cond>
<LocList>
<Loc EndOffset="5573" SrcFileId="2" StartOffset="5548"/>
</LocList>
<StmntSeq Intrnl_Id="215">
<LocList>
<Loc EndOffset="5567" SrcFileId="2" StartOffset="5555"/>
</LocList>
<BasicStmnt CovItemId="S53" CovItemPrefix="SecretCode.java" Intrnl_Id="216">
<LocList>
<Loc EndOffset="5567" SrcFileId="2" StartOffset="5555"/>
</LocList>
</BasicStmnt>
</StmntSeq>
</Branch>
<Keyword EndOffset="5486" SrcFileId="2" StartOffset="5484"/>
<LocList>
<Loc EndOffset="5573" SrcFileId="2" StartOffset="5484"/>
</LocList>
<RootTerm CovItemId="C11" CovItemPrefix="SecretCode.java" Intrnl_Id="217">
<BasicBoolTerm Intrnl_Id="218">
<LocList>
<Loc EndOffset="5504" SrcFileId="2" StartOffset="5487"/>
</LocList>
</BasicBoolTerm>
</RootTerm>
</CondStmnt>
</StmntSeq>
<Keyword EndOffset="5451" SrcFileId="2" StartOffset="5448"/>
<LocList>
<Loc EndOffset="5579" SrcFileId="2" StartOffset="5448"/>
</LocList>
<RootTerm CovItemId="C10" CovItemPrefix="SecretCode.java" Intrnl_Id="219">
<BasicBoolTerm Intrnl_Id="220">
<LocList>
<Loc EndOffset="5471" SrcFileId="2" StartOffset="5457"/>
</LocList>
</BasicBoolTerm>
</RootTerm>
</LoopStmnt>
<BasicStmnt CovItemId="S54" CovItemPrefix="SecretCode.java" Intrnl_Id="221">
<LocList>
<Loc EndOffset="5595" SrcFileId="2" StartOffset="5583"/>
</LocList>
</BasicStmnt>
</StmntSeq>
</HierarchyLvl>
<HierarchyLvl HierarchyLvlId="1325" HierarchyLvlTypeId="7" Intrnl_Id="222" Name="getPoints">
<Header>
<Loc EndOffset="5683" SrcFileId="2" StartOffset="5661"/>
</Header>
<LocList>
<Loc EndOffset="5707" SrcFileId="2" StartOffset="5661"/>
</LocList>
<StmntSeq Intrnl_Id="223">
<LocList>
<Loc EndOffset="5703" SrcFileId="2" StartOffset="5689"/>
</LocList>
<BasicStmnt CovItemId="S55" CovItemPrefix="SecretCode.java" Intrnl_Id="224">
<LocList>
<Loc EndOffset="5703" SrcFileId="2" StartOffset="5689"/>
</LocList>
</BasicStmnt>
</StmntSeq>
</HierarchyLvl>
<HierarchyLvl HierarchyLvlId="1326" HierarchyLvlTypeId="7" Intrnl_Id="225" Name="getTurno">
<Header>
<Loc EndOffset="5788" SrcFileId="2" StartOffset="5767"/>
</Header>
<LocList>
<Loc EndOffset="5810" SrcFileId="2" StartOffset="5767"/>
</LocList>
<StmntSeq Intrnl_Id="226">
<LocList>
<Loc EndOffset="5806" SrcFileId="2" StartOffset="5794"/>
</LocList>
<BasicStmnt CovItemId="S56" CovItemPrefix="SecretCode.java" Intrnl_Id="227">
<LocList>
<Loc EndOffset="5806" SrcFileId="2" StartOffset="5794"/>
</LocList>
</BasicStmnt>
</StmntSeq>
</HierarchyLvl>
<HierarchyLvl HierarchyLvlId="1327" HierarchyLvlTypeId="7" Intrnl_Id="228" Name="getResults">
<Header>
<Loc EndOffset="6022" SrcFileId="2" StartOffset="5994"/>
</Header>
<LocList>
<Loc EndOffset="6238" SrcFileId="2" StartOffset="5994"/>
</LocList>
<StmntSeq Intrnl_Id="229">
<LocList>
<Loc EndOffset="6055" SrcFileId="2" StartOffset="6028"/>
<Loc EndOffset="6069" SrcFileId="2" StartOffset="6059"/>
<Loc EndOffset="6221" SrcFileId="2" StartOffset="6101"/>
<Loc EndOffset="6234" SrcFileId="2" StartOffset="6225"/>
</LocList>
<BasicStmnt CovItemId="S57" CovItemPrefix="SecretCode.java" Intrnl_Id="230">
<LocList>
<Loc EndOffset="6055" SrcFileId="2" StartOffset="6028"/>
</LocList>
</BasicStmnt>
<BasicStmnt CovItemId="S58" CovItemPrefix="SecretCode.java" Intrnl_Id="231">
<LocList>
<Loc EndOffset="6069" SrcFileId="2" StartOffset="6059"/>
</LocList>
</BasicStmnt>
<LoopStmnt CovItemId="S59" CovItemPrefix="SecretCode.java" Intrnl_Id="232" MltplExecId="L5-2" MltplExecPrefix="SecretCode.java" NvrExecId="L5-0" NvrExecPrefix="SecretCode.java" OnceExecutedId="L5-1" OnceExecutedPrefix="SecretCode.java" OptBodyExec="true">
<StmntSeq Intrnl_Id="233">
<LocList>
<Loc EndOffset="6216" SrcFileId="2" StartOffset="6124"/>
</LocList>
<CondStmnt CovItemId="S60" CovItemPrefix="SecretCode.java" Intrnl_Id="234">
<Branch CovItemId="B15" CovItemPrefix="SecretCode.java" Implct="false" Intrnl_Id="235">
<Cond/>
<LocList>
<Loc EndOffset="6153" SrcFileId="2" StartOffset="6142"/>
</LocList>
<StmntSeq Intrnl_Id="236">
<LocList>
<Loc EndOffset="6153" SrcFileId="2" StartOffset="6142"/>
</LocList>
<BasicStmnt CovItemId="S61" CovItemPrefix="SecretCode.java" Intrnl_Id="237">
<LocList>
<Loc EndOffset="6153" SrcFileId="2" StartOffset="6142"/>
</LocList>
</BasicStmnt>
</StmntSeq>
</Branch>
<Branch CovItemId="B16" CovItemPrefix="SecretCode.java" Implct="false" Intrnl_Id="238">
<Cond>
<Loc EndOffset="6162" SrcFileId="2" StartOffset="6158"/>
</Cond>
<LocList>
<Loc EndOffset="6216" SrcFileId="2" StartOffset="6163"/>
</LocList>
<StmntSeq Intrnl_Id="239">
<LocList>
<Loc EndOffset="6216" SrcFileId="2" StartOffset="6163"/>
</LocList>
<CondStmnt CovItemId="S62" CovItemPrefix="SecretCode.java" Intrnl_Id="240">
<Branch CovItemId="B17" CovItemPrefix="SecretCode.java" Implct="false" Intrnl_Id="241">
<Cond/>
<LocList>
<Loc EndOffset="6194" SrcFileId="2" StartOffset="6181"/>
</LocList>
<StmntSeq Intrnl_Id="242">
<LocList>
<Loc EndOffset="6194" SrcFileId="2" StartOffset="6181"/>
</LocList>
<BasicStmnt CovItemId="S63" CovItemPrefix="SecretCode.java" Intrnl_Id="243">
<LocList>
<Loc EndOffset="6194" SrcFileId="2" StartOffset="6181"/>
</LocList>
</BasicStmnt>
</StmntSeq>
</Branch>
<Branch CovItemId="B18" CovItemPrefix="SecretCode.java" Implct="false" Intrnl_Id="244">
<Cond>
<Loc EndOffset="6203" SrcFileId="2" StartOffset="6199"/>
</Cond>
<LocList>
<Loc EndOffset="6216" SrcFileId="2" StartOffset="6204"/>
</LocList>
<StmntSeq Intrnl_Id="245">
<LocList>
<Loc EndOffset="6216" SrcFileId="2" StartOffset="6204"/>
</LocList>
<BasicStmnt CovItemId="S64" CovItemPrefix="SecretCode.java" Intrnl_Id="246">
<LocList>
<Loc EndOffset="6216" SrcFileId="2" StartOffset="6204"/>
</LocList>
</BasicStmnt>
</StmntSeq>
</Branch>
<Keyword EndOffset="6165" SrcFileId="2" StartOffset="6163"/>
<LocList>
<Loc EndOffset="6216" SrcFileId="2" StartOffset="6163"/>
</LocList>
<RootTerm CovItemId="C14" CovItemPrefix="SecretCode.java" Intrnl_Id="247">
<BasicBoolTerm Intrnl_Id="248">
<LocList>
<Loc EndOffset="6179" SrcFileId="2" StartOffset="6166"/>
</LocList>
</BasicBoolTerm>
</RootTerm>
</CondStmnt>
</StmntSeq>
</Branch>
<Keyword EndOffset="6126" SrcFileId="2" StartOffset="6124"/>
<LocList>
<Loc EndOffset="6216" SrcFileId="2" StartOffset="6124"/>
</LocList>
<RootTerm CovItemId="C13" CovItemPrefix="SecretCode.java" Intrnl_Id="249">
<BasicBoolTerm Intrnl_Id="250">
<LocList>
<Loc EndOffset="6140" SrcFileId="2" StartOffset="6127"/>
</LocList>
</BasicBoolTerm>
</RootTerm>
</CondStmnt>
</StmntSeq>
<Keyword EndOffset="6104" SrcFileId="2" StartOffset="6101"/>
<LocList>
<Loc EndOffset="6221" SrcFileId="2" StartOffset="6101"/>
</LocList>
<RootTerm CovItemId="C12" CovItemPrefix="SecretCode.java" Intrnl_Id="251">
<BasicBoolTerm Intrnl_Id="252">
<LocList>
<Loc EndOffset="6112" SrcFileId="2" StartOffset="6109"/>
</LocList>
</BasicBoolTerm>
</RootTerm>
</LoopStmnt>
<BasicStmnt CovItemId="S65" CovItemPrefix="SecretCode.java" Intrnl_Id="253">
<LocList>
<Loc EndOffset="6234" SrcFileId="2" StartOffset="6225"/>
</LocList>
</BasicStmnt>
</StmntSeq>
</HierarchyLvl>
</HierarchyLvl>
</HierarchyLvl>
</MASTRoot>
</TestSessionContainer>
